[0.068s] Invoking command in '/home/hans/ros2_ws/build/ros2_control_demo_example_6': AMENT_PREFIX_PATH=/home/hans/ros2_ws/install CMAKE_PREFIX_PATH=/home/hans/ros2_ws/install LD_LIBRARY_PATH=/home/hans/ros2_ws/install/lib PYTHONPATH=/home/hans/ros2_ws/install/lib/python3.10/site-packages /usr/bin/cmake --build /home/hans/ros2_ws/build/ros2_control_demo_example_6 -- -j4 -l4
[0.332s] [100%] Built target ros2_control_demo_example_6
[0.368s] Invoked command in '/home/hans/ros2_ws/build/ros2_control_demo_example_6' returned '0': AMENT_PREFIX_PATH=/home/hans/ros2_ws/install CMAKE_PREFIX_PATH=/home/hans/ros2_ws/install LD_LIBRARY_PATH=/home/hans/ros2_ws/install/lib PYTHONPATH=/home/hans/ros2_ws/install/lib/python3.10/site-packages /usr/bin/cmake --build /home/hans/ros2_ws/build/ros2_control_demo_example_6 -- -j4 -l4
[0.469s] Invoking command in '/home/hans/ros2_ws/build/ros2_control_demo_example_6': AMENT_PREFIX_PATH=/home/hans/ros2_ws/install CMAKE_PREFIX_PATH=/home/hans/ros2_ws/install LD_LIBRARY_PATH=/home/hans/ros2_ws/install/lib PYTHONPATH=/home/hans/ros2_ws/install/lib/python3.10/site-packages /usr/bin/cmake --install /home/hans/ros2_ws/build/ros2_control_demo_example_6
[0.492s] -- Install configuration: ""
[0.494s] -- Up-to-date: /home/hans/ros2_ws/install/share/ros2_control_demo_example_6/ros2_control_demo_example_6.xml
[0.499s] -- Up-to-date: /home/hans/ros2_ws/install/include/ros2_control_demo_example_6
[0.505s] -- Up-to-date: /home/hans/ros2_ws/install/include/ros2_control_demo_example_6/ros2_control_demo_example_6
[0.505s] -- Up-to-date: /home/hans/ros2_ws/install/include/ros2_control_demo_example_6/ros2_control_demo_example_6/rrbot_actuator.hpp
[0.505s] -- Up-to-date: /home/hans/ros2_ws/install/share/ros2_control_demo_example_6/launch
[0.514s] -- Up-to-date: /home/hans/ros2_ws/install/share/ros2_control_demo_example_6/launch/view_robot.launch.py
[0.514s] -- Up-to-date: /home/hans/ros2_ws/install/share/ros2_control_demo_example_6/ros2_control
[0.514s] -- Up-to-date: /home/hans/ros2_ws/install/share/ros2_control_demo_example_6/ros2_control/rrbot_modular_actuators.ros2_control.xacro
[0.514s] -- Up-to-date: /home/hans/ros2_ws/install/share/ros2_control_demo_example_6/urdf
[0.514s] -- Up-to-date: /home/hans/ros2_ws/install/share/ros2_control_demo_example_6/urdf/rrbot_modular_actuators.urdf.xacro
[0.515s] -- Up-to-date: /home/hans/ros2_ws/install/share/ros2_control_demo_example_6/launch
[0.515s] -- Up-to-date: /home/hans/ros2_ws/install/share/ros2_control_demo_example_6/launch/rrbot_modular_actuators.launch.py
[0.515s] -- Up-to-date: /home/hans/ros2_ws/install/share/ros2_control_demo_example_6/launch/test_forward_position_controller.launch.py
[0.515s] -- Up-to-date: /home/hans/ros2_ws/install/share/ros2_control_demo_example_6/config
[0.527s] -- Up-to-date: /home/hans/ros2_ws/install/share/ros2_control_demo_example_6/config/rrbot_forward_position_publisher.yaml
[0.528s] -- Up-to-date: /home/hans/ros2_ws/install/share/ros2_control_demo_example_6/config/rrbot_modular_actuators.yaml
[0.528s] -- Up-to-date: /home/hans/ros2_ws/install/lib/libros2_control_demo_example_6.so
[0.528s] -- Up-to-date: /home/hans/ros2_ws/install/share/ros2_control_demo_example_6/environment/library_path.sh
[0.528s] -- Up-to-date: /home/hans/ros2_ws/install/share/ros2_control_demo_example_6/environment/library_path.dsv
[0.528s] -- Up-to-date: /home/hans/ros2_ws/install/share/ament_index/resource_index/package_run_dependencies/ros2_control_demo_example_6
[0.528s] -- Up-to-date: /home/hans/ros2_ws/install/share/ament_index/resource_index/parent_prefix_path/ros2_control_demo_example_6
[0.528s] -- Up-to-date: /home/hans/ros2_ws/install/share/ros2_control_demo_example_6/environment/ament_prefix_path.sh
[0.528s] -- Up-to-date: /home/hans/ros2_ws/install/share/ros2_control_demo_example_6/environment/ament_prefix_path.dsv
[0.550s] -- Up-to-date: /home/hans/ros2_ws/install/share/ros2_control_demo_example_6/environment/path.sh
[0.550s] -- Up-to-date: /home/hans/ros2_ws/install/share/ros2_control_demo_example_6/environment/path.dsv
[0.550s] -- Up-to-date: /home/hans/ros2_ws/install/share/ros2_control_demo_example_6/local_setup.bash
[0.550s] -- Up-to-date: /home/hans/ros2_ws/install/share/ros2_control_demo_example_6/local_setup.sh
[0.550s] -- Up-to-date: /home/hans/ros2_ws/install/share/ros2_control_demo_example_6/local_setup.zsh
[0.550s] -- Up-to-date: /home/hans/ros2_ws/install/share/ros2_control_demo_example_6/local_setup.dsv
[0.550s] -- Installing: /home/hans/ros2_ws/install/share/ros2_control_demo_example_6/package.dsv
[0.551s] -- Up-to-date: /home/hans/ros2_ws/install/share/ament_index/resource_index/packages/ros2_control_demo_example_6
[0.551s] -- Up-to-date: /home/hans/ros2_ws/install/share/ament_index/resource_index/hardware_interface__pluginlib__plugin/ros2_control_demo_example_6
[0.551s] -- Up-to-date: /home/hans/ros2_ws/install/share/ros2_control_demo_example_6/cmake/export_ros2_control_demo_example_6Export.cmake
[0.551s] -- Up-to-date: /home/hans/ros2_ws/install/share/ros2_control_demo_example_6/cmake/export_ros2_control_demo_example_6Export-noconfig.cmake
[0.551s] -- Up-to-date: /home/hans/ros2_ws/install/share/ros2_control_demo_example_6/cmake/ament_cmake_export_targets-extras.cmake
[0.551s] -- Up-to-date: /home/hans/ros2_ws/install/share/ros2_control_demo_example_6/cmake/ament_cmake_export_dependencies-extras.cmake
[0.551s] -- Up-to-date: /home/hans/ros2_ws/install/share/ros2_control_demo_example_6/cmake/ros2_control_demo_example_6Config.cmake
[0.551s] -- Up-to-date: /home/hans/ros2_ws/install/share/ros2_control_demo_example_6/cmake/ros2_control_demo_example_6Config-version.cmake
[0.551s] -- Up-to-date: /home/hans/ros2_ws/install/share/ros2_control_demo_example_6/package.xml
[0.614s] Invoked command in '/home/hans/ros2_ws/build/ros2_control_demo_example_6' returned '0': AMENT_PREFIX_PATH=/home/hans/ros2_ws/install CMAKE_PREFIX_PATH=/home/hans/ros2_ws/install LD_LIBRARY_PATH=/home/hans/ros2_ws/install/lib PYTHONPATH=/home/hans/ros2_ws/install/lib/python3.10/site-packages /usr/bin/cmake --install /home/hans/ros2_ws/build/ros2_control_demo_example_6
