[0.522s] Invoking command in '/home/hans/ros2_ws/build/ros2_control_demo_example_9': CMAKE_PREFIX_PATH=${CMAKE_PREFIX_PATH}:/opt/ros/iron /usr/bin/cmake --build /home/hans/ros2_ws/build/ros2_control_demo_example_9 -- -j4 -l4
[0.864s] [100%] Built target ros2_control_demo_example_9
[0.920s] Invoked command in '/home/hans/ros2_ws/build/ros2_control_demo_example_9' returned '0': CMAKE_PREFIX_PATH=${CMAKE_PREFIX_PATH}:/opt/ros/iron /usr/bin/cmake --build /home/hans/ros2_ws/build/ros2_control_demo_example_9 -- -j4 -l4
[1.049s] Invoking command in '/home/hans/ros2_ws/build/ros2_control_demo_example_9': CMAKE_PREFIX_PATH=${CMAKE_PREFIX_PATH}:/opt/ros/iron /usr/bin/cmake --install /home/hans/ros2_ws/build/ros2_control_demo_example_9
[1.103s] -- Install configuration: ""
[1.104s] -- Up-to-date: /home/hans/ros2_ws/install/share/ros2_control_demo_example_9/ros2_control_demo_example_9.xml
[1.104s] -- Up-to-date: /home/hans/ros2_ws/install/include/ros2_control_demo_example_9
[1.104s] -- Up-to-date: /home/hans/ros2_ws/install/include/ros2_control_demo_example_9/ros2_control_demo_example_9
[1.105s] -- Up-to-date: /home/hans/ros2_ws/install/include/ros2_control_demo_example_9/ros2_control_demo_example_9/rrbot.hpp
[1.105s] -- Up-to-date: /home/hans/ros2_ws/install/share/ros2_control_demo_example_9/launch
[1.105s] -- Up-to-date: /home/hans/ros2_ws/install/share/ros2_control_demo_example_9/launch/view_robot.launch.py
[1.105s] -- Up-to-date: /home/hans/ros2_ws/install/share/ros2_control_demo_example_9/ros2_control
[1.106s] -- Up-to-date: /home/hans/ros2_ws/install/share/ros2_control_demo_example_9/ros2_control/rrbot.ros2_control.xacro
[1.112s] -- Up-to-date: /home/hans/ros2_ws/install/share/ros2_control_demo_example_9/urdf
[1.116s] -- Up-to-date: /home/hans/ros2_ws/install/share/ros2_control_demo_example_9/urdf/rrbot.urdf.xacro
[1.116s] -- Up-to-date: /home/hans/ros2_ws/install/share/ros2_control_demo_example_9/gazebo
[1.116s] -- Up-to-date: /home/hans/ros2_ws/install/share/ros2_control_demo_example_9/gazebo/rrbot.gazebo.xacro
[1.117s] -- Up-to-date: /home/hans/ros2_ws/install/share/ros2_control_demo_example_9/launch
[1.117s] -- Up-to-date: /home/hans/ros2_ws/install/share/ros2_control_demo_example_9/launch/rrbot_gazebo_classic.launch.py
[1.117s] -- Up-to-date: /home/hans/ros2_ws/install/share/ros2_control_demo_example_9/launch/test_forward_position_controller.launch.py
[1.117s] -- Up-to-date: /home/hans/ros2_ws/install/share/ros2_control_demo_example_9/launch/rrbot.launch.py
[1.117s] -- Up-to-date: /home/hans/ros2_ws/install/share/ros2_control_demo_example_9/config
[1.117s] -- Up-to-date: /home/hans/ros2_ws/install/share/ros2_control_demo_example_9/config/rrbot_forward_position_publisher.yaml
[1.118s] -- Up-to-date: /home/hans/ros2_ws/install/share/ros2_control_demo_example_9/config/rrbot_controllers.yaml
[1.118s] -- Up-to-date: /home/hans/ros2_ws/install/lib/libros2_control_demo_example_9.so
[1.118s] -- Up-to-date: /home/hans/ros2_ws/install/share/ros2_control_demo_example_9/environment/library_path.sh
[1.118s] -- Up-to-date: /home/hans/ros2_ws/install/share/ros2_control_demo_example_9/environment/library_path.dsv
[1.118s] -- Up-to-date: /home/hans/ros2_ws/install/share/ament_index/resource_index/package_run_dependencies/ros2_control_demo_example_9
[1.118s] -- Up-to-date: /home/hans/ros2_ws/install/share/ament_index/resource_index/parent_prefix_path/ros2_control_demo_example_9
[1.119s] -- Up-to-date: /home/hans/ros2_ws/install/share/ros2_control_demo_example_9/environment/ament_prefix_path.sh
[1.119s] -- Up-to-date: /home/hans/ros2_ws/install/share/ros2_control_demo_example_9/environment/ament_prefix_path.dsv
[1.127s] -- Up-to-date: /home/hans/ros2_ws/install/share/ros2_control_demo_example_9/environment/path.sh
[1.127s] -- Up-to-date: /home/hans/ros2_ws/install/share/ros2_control_demo_example_9/environment/path.dsv
[1.127s] -- Up-to-date: /home/hans/ros2_ws/install/share/ros2_control_demo_example_9/local_setup.bash
[1.127s] -- Up-to-date: /home/hans/ros2_ws/install/share/ros2_control_demo_example_9/local_setup.sh
[1.127s] -- Up-to-date: /home/hans/ros2_ws/install/share/ros2_control_demo_example_9/local_setup.zsh
[1.128s] -- Up-to-date: /home/hans/ros2_ws/install/share/ros2_control_demo_example_9/local_setup.dsv
[1.129s] -- Installing: /home/hans/ros2_ws/install/share/ros2_control_demo_example_9/package.dsv
[1.130s] -- Up-to-date: /home/hans/ros2_ws/install/share/ament_index/resource_index/packages/ros2_control_demo_example_9
[1.130s] -- Up-to-date: /home/hans/ros2_ws/install/share/ament_index/resource_index/hardware_interface__pluginlib__plugin/ros2_control_demo_example_9
[1.130s] -- Up-to-date: /home/hans/ros2_ws/install/share/ros2_control_demo_example_9/cmake/export_ros2_control_demo_example_9Export.cmake
[1.133s] -- Up-to-date: /home/hans/ros2_ws/install/share/ros2_control_demo_example_9/cmake/export_ros2_control_demo_example_9Export-noconfig.cmake
[1.134s] -- Up-to-date: /home/hans/ros2_ws/install/share/ros2_control_demo_example_9/cmake/ament_cmake_export_targets-extras.cmake
[1.134s] -- Up-to-date: /home/hans/ros2_ws/install/share/ros2_control_demo_example_9/cmake/ament_cmake_export_dependencies-extras.cmake
[1.134s] -- Up-to-date: /home/hans/ros2_ws/install/share/ros2_control_demo_example_9/cmake/ros2_control_demo_example_9Config.cmake
[1.135s] -- Up-to-date: /home/hans/ros2_ws/install/share/ros2_control_demo_example_9/cmake/ros2_control_demo_example_9Config-version.cmake
[1.135s] -- Up-to-date: /home/hans/ros2_ws/install/share/ros2_control_demo_example_9/package.xml
[1.145s] Invoked command in '/home/hans/ros2_ws/build/ros2_control_demo_example_9' returned '0': CMAKE_PREFIX_PATH=${CMAKE_PREFIX_PATH}:/opt/ros/iron /usr/bin/cmake --install /home/hans/ros2_ws/build/ros2_control_demo_example_9
