[100%] Built target thur
-- Install configuration: ""
-- Installing: /home/hans/ros2_ws/install/share/thur/thur.xml
-- Up-to-date: /home/hans/ros2_ws/install/include/thur
-- Up-to-date: /home/hans/ros2_ws/install/include/thur/serial.hpp
-- Up-to-date: /home/hans/ros2_ws/install/include/thur/thur
-- Up-to-date: /home/hans/ros2_ws/install/include/thur/thur/thur_diff.hpp
-- Installing: /home/hans/ros2_ws/install/share/thur/launch
-- Installing: /home/hans/ros2_ws/install/share/thur/launch/view_robot.launch.py
-- Installing: /home/hans/ros2_ws/install/share/thur/ros2_control
-- Installing: /home/hans/ros2_ws/install/share/thur/ros2_control/thur.ros2_control.xacro
-- Installing: /home/hans/ros2_ws/install/share/thur/urdf
-- Installing: /home/hans/ros2_ws/install/share/thur/urdf/thur.urdf.xacro
-- Up-to-date: /home/hans/ros2_ws/install/share/thur/launch
-- Installing: /home/hans/ros2_ws/install/share/thur/launch/thur.launch.py
-- Installing: /home/hans/ros2_ws/install/share/thur/config
-- Installing: /home/hans/ros2_ws/install/share/thur/config/thur_controllers.yaml
-- Up-to-date: /home/hans/ros2_ws/install/lib/libthur.so
-- Installing: /home/hans/ros2_ws/install/share/thur/environment/library_path.sh
-- Installing: /home/hans/ros2_ws/install/share/thur/environment/library_path.dsv
-- Up-to-date: /home/hans/ros2_ws/install/share/ament_index/resource_index/package_run_dependencies/thur
-- Up-to-date: /home/hans/ros2_ws/install/share/ament_index/resource_index/parent_prefix_path/thur
-- Installing: /home/hans/ros2_ws/install/share/thur/environment/ament_prefix_path.sh
-- Installing: /home/hans/ros2_ws/install/share/thur/environment/ament_prefix_path.dsv
-- Installing: /home/hans/ros2_ws/install/share/thur/environment/path.sh
-- Installing: /home/hans/ros2_ws/install/share/thur/environment/path.dsv
-- Installing: /home/hans/ros2_ws/install/share/thur/local_setup.bash
-- Installing: /home/hans/ros2_ws/install/share/thur/local_setup.sh
-- Installing: /home/hans/ros2_ws/install/share/thur/local_setup.zsh
-- Installing: /home/hans/ros2_ws/install/share/thur/local_setup.dsv
-- Installing: /home/hans/ros2_ws/install/share/thur/package.dsv
-- Up-to-date: /home/hans/ros2_ws/install/share/ament_index/resource_index/packages/thur
-- Up-to-date: /home/hans/ros2_ws/install/share/ament_index/resource_index/hardware_interface__pluginlib__plugin/thur
-- Installing: /home/hans/ros2_ws/install/share/thur/cmake/export_thurExport.cmake
-- Installing: /home/hans/ros2_ws/install/share/thur/cmake/export_thurExport-noconfig.cmake
-- Installing: /home/hans/ros2_ws/install/share/thur/cmake/ament_cmake_export_targets-extras.cmake
-- Installing: /home/hans/ros2_ws/install/share/thur/cmake/ament_cmake_export_dependencies-extras.cmake
-- Installing: /home/hans/ros2_ws/install/share/thur/cmake/thurConfig.cmake
-- Installing: /home/hans/ros2_ws/install/share/thur/cmake/thurConfig-version.cmake
-- Installing: /home/hans/ros2_ws/install/share/thur/package.xml
