[0.011s] Invoking command in '/home/hans/ros2_ws/build/ros2_control_demo_example_12': AMENT_PREFIX_PATH=/home/hans/ros2_ws/install:${AMENT_PREFIX_PATH} CMAKE_PREFIX_PATH=/home/hans/ros2_ws/install:/opt/ros/iron PYTHONPATH=/home/hans/ros2_ws/install/lib/python3.10/site-packages:${PYTHONPATH} /usr/bin/cmake /home/hans/ros2_ws/src/ros2_control_demos/example_12 -DCMAKE_INSTALL_PREFIX=/home/hans/ros2_ws/install
[0.149s] -- The CXX compiler identification is GNU 11.4.0
[0.163s] -- Detecting CXX compiler ABI info
[0.266s] -- Detecting CXX compiler ABI info - done
[0.272s] -- Check for working CXX compiler: /usr/bin/c++ - skipped
[0.273s] -- Detecting CXX compile features
[0.273s] -- Detecting CXX compile features - done
[0.277s] -- Found ament_cmake: 2.0.6 (/opt/ros/iron/share/ament_cmake/cmake)
[0.469s] -- Found Python3: /usr/bin/python3.10 (found version "3.10.12") found components: Interpreter 
[0.546s] -- Found hardware_interface: 3.28.0 (/opt/ros/iron/share/hardware_interface/cmake)
[0.584s] -- Found rosidl_generator_c: 4.0.1 (/opt/ros/iron/share/rosidl_generator_c/cmake)
[0.596s] -- Found rosidl_generator_cpp: 4.0.1 (/opt/ros/iron/share/rosidl_generator_cpp/cmake)
[0.609s] -- Using all available rosidl_typesupport_c: rosidl_typesupport_fastrtps_c;rosidl_typesupport_introspection_c
[0.628s] -- Using all available rosidl_typesupport_cpp: rosidl_typesupport_fastrtps_cpp;rosidl_typesupport_introspection_cpp
[1.472s] -- Found rmw_implementation_cmake: 7.1.0 (/opt/ros/iron/share/rmw_implementation_cmake/cmake)
[1.475s] -- Found rmw_fastrtps_cpp: 7.1.4 (/opt/ros/iron/share/rmw_fastrtps_cpp/cmake)
[1.515s] -- Found TinyXML2 via Config file: TinyXML2_DIR-NOTFOUND
[1.563s] -- Found OpenSSL: /usr/lib/x86_64-linux-gnu/libcrypto.so (found version "3.0.2")  
[1.567s] -- Found TinyXML2 via Config file: TinyXML2_DIR-NOTFOUND
[1.579s] -- Found FastRTPS: /opt/ros/iron/include  
[1.585s] -- Found TinyXML2 via Config file: TinyXML2_DIR-NOTFOUND
[1.592s] -- Found TinyXML2 via Config file: TinyXML2_DIR-NOTFOUND
[1.606s] -- Using RMW implementation 'rmw_fastrtps_cpp' as default
[1.846s] -- Found generate_parameter_library: 0.3.8 (/opt/ros/iron/share/generate_parameter_library/cmake)
[1.854s] -- Found parameter_traits: 0.3.8 (/opt/ros/iron/share/parameter_traits/cmake)
[1.906s] -- Found controller_interface: 3.28.0 (/opt/ros/iron/share/controller_interface/cmake)
[1.919s] -- Found realtime_tools: 2.6.0 (/opt/ros/iron/share/realtime_tools/cmake)
[2.319s] -- Found ament_cmake_pytest: 2.0.6 (/opt/ros/iron/share/ament_cmake_pytest/cmake)
[3.564s] -- Configuring done
[3.593s] -- Generating done
[3.595s] -- Build files have been written to: /home/hans/ros2_ws/build/ros2_control_demo_example_12
[3.606s] Invoked command in '/home/hans/ros2_ws/build/ros2_control_demo_example_12' returned '0': AMENT_PREFIX_PATH=/home/hans/ros2_ws/install:${AMENT_PREFIX_PATH} CMAKE_PREFIX_PATH=/home/hans/ros2_ws/install:/opt/ros/iron PYTHONPATH=/home/hans/ros2_ws/install/lib/python3.10/site-packages:${PYTHONPATH} /usr/bin/cmake /home/hans/ros2_ws/src/ros2_control_demos/example_12 -DCMAKE_INSTALL_PREFIX=/home/hans/ros2_ws/install
[3.608s] Invoking command in '/home/hans/ros2_ws/build/ros2_control_demo_example_12': AMENT_PREFIX_PATH=/home/hans/ros2_ws/install:${AMENT_PREFIX_PATH} CMAKE_PREFIX_PATH=/home/hans/ros2_ws/install:/opt/ros/iron PYTHONPATH=/home/hans/ros2_ws/install/lib/python3.10/site-packages:${PYTHONPATH} /usr/bin/cmake --build /home/hans/ros2_ws/build/ros2_control_demo_example_12 -- -j1 -l1
[3.664s] [ 20%] [32mBuilding CXX object CMakeFiles/ros2_control_demo_example_12.dir/hardware/rrbot.cpp.o[0m
[8.695s] [ 40%] [32m[1mLinking CXX shared library libros2_control_demo_example_12.so[0m
[8.847s] [ 40%] Built target ros2_control_demo_example_12
[8.871s] [ 60%] [34m[1mRunning `/opt/ros/iron/bin/generate_parameter_library_cpp /home/hans/ros2_ws/build/ros2_control_demo_example_12/passthrough_controller_parameters/include//passthrough_controller_parameters.hpp /home/hans/ros2_ws/src/ros2_control_demos/example_12/controllers/src/passthrough_controller_parameters.yaml `[0m
[9.076s] [ 60%] Built target passthrough_controller_parameters
[9.124s] [ 80%] [32mBuilding CXX object CMakeFiles/passthrough_controller.dir/controllers/src/passthrough_controller.cpp.o[0m
[18.904s] [100%] [32m[1mLinking CXX shared library libpassthrough_controller.so[0m
[19.335s] [100%] Built target passthrough_controller
[19.346s] Invoked command in '/home/hans/ros2_ws/build/ros2_control_demo_example_12' returned '0': AMENT_PREFIX_PATH=/home/hans/ros2_ws/install:${AMENT_PREFIX_PATH} CMAKE_PREFIX_PATH=/home/hans/ros2_ws/install:/opt/ros/iron PYTHONPATH=/home/hans/ros2_ws/install/lib/python3.10/site-packages:${PYTHONPATH} /usr/bin/cmake --build /home/hans/ros2_ws/build/ros2_control_demo_example_12 -- -j1 -l1
[19.388s] Invoking command in '/home/hans/ros2_ws/build/ros2_control_demo_example_12': AMENT_PREFIX_PATH=/home/hans/ros2_ws/install:${AMENT_PREFIX_PATH} CMAKE_PREFIX_PATH=/home/hans/ros2_ws/install:/opt/ros/iron PYTHONPATH=/home/hans/ros2_ws/install/lib/python3.10/site-packages:${PYTHONPATH} /usr/bin/cmake --install /home/hans/ros2_ws/build/ros2_control_demo_example_12
[19.396s] -- Install configuration: ""
[19.396s] -- Installing: /home/hans/ros2_ws/install/share/ros2_control_demo_example_12/ros2_control_demo_example_12.xml
[19.398s] -- Installing: /home/hans/ros2_ws/install/include/passthrough_controller_parameters
[19.398s] -- Installing: /home/hans/ros2_ws/install/include/passthrough_controller_parameters/passthrough_controller_parameters.hpp
[19.398s] -- Installing: /home/hans/ros2_ws/install/share/ros2_control_demo_example_12/passthrough_controller.xml
[19.399s] -- Installing: /home/hans/ros2_ws/install/include/ros2_control_demo_example_12
[19.399s] -- Installing: /home/hans/ros2_ws/install/include/ros2_control_demo_example_12/ros2_control_demo_example_12
[19.399s] -- Installing: /home/hans/ros2_ws/install/include/ros2_control_demo_example_12/ros2_control_demo_example_12/rrbot.hpp
[19.400s] -- Installing: /home/hans/ros2_ws/install/share/ros2_control_demo_example_12/launch
[19.400s] -- Installing: /home/hans/ros2_ws/install/share/ros2_control_demo_example_12/launch/view_robot.launch.py
[19.400s] -- Installing: /home/hans/ros2_ws/install/share/ros2_control_demo_example_12/ros2_control
[19.400s] -- Installing: /home/hans/ros2_ws/install/share/ros2_control_demo_example_12/ros2_control/rrbot.ros2_control.xacro
[19.401s] -- Installing: /home/hans/ros2_ws/install/share/ros2_control_demo_example_12/urdf
[19.401s] -- Installing: /home/hans/ros2_ws/install/share/ros2_control_demo_example_12/urdf/rrbot.urdf.xacro
[19.402s] -- Up-to-date: /home/hans/ros2_ws/install/share/ros2_control_demo_example_12/launch
[19.402s] -- Installing: /home/hans/ros2_ws/install/share/ros2_control_demo_example_12/launch/launch_chained_controllers.launch.py
[19.402s] -- Installing: /home/hans/ros2_ws/install/share/ros2_control_demo_example_12/launch/rrbot.launch.py
[19.402s] -- Installing: /home/hans/ros2_ws/install/share/ros2_control_demo_example_12/config
[19.402s] -- Installing: /home/hans/ros2_ws/install/share/ros2_control_demo_example_12/config/rrbot_chained_controllers.yaml
[19.402s] -- Installing: /home/hans/ros2_ws/install/lib/libros2_control_demo_example_12.so
[19.404s] -- Set runtime path of "/home/hans/ros2_ws/install/lib/libros2_control_demo_example_12.so" to ""
[19.404s] -- Installing: /home/hans/ros2_ws/install/include/passthrough_controller
[19.404s] -- Installing: /home/hans/ros2_ws/install/include/passthrough_controller/passthrough_controller
[19.404s] -- Installing: /home/hans/ros2_ws/install/include/passthrough_controller/passthrough_controller/passthrough_controller.hpp
[19.405s] -- Installing: /home/hans/ros2_ws/install/lib/libpassthrough_controller.so
[19.411s] -- Set runtime path of "/home/hans/ros2_ws/install/lib/libpassthrough_controller.so" to ""
[19.411s] -- Installing: /home/hans/ros2_ws/install/share/ros2_control_demo_example_12/environment/library_path.sh
[19.411s] -- Installing: /home/hans/ros2_ws/install/share/ros2_control_demo_example_12/environment/library_path.dsv
[19.411s] -- Installing: /home/hans/ros2_ws/install/share/ament_index/resource_index/package_run_dependencies/ros2_control_demo_example_12
[19.412s] -- Installing: /home/hans/ros2_ws/install/share/ament_index/resource_index/parent_prefix_path/ros2_control_demo_example_12
[19.412s] -- Installing: /home/hans/ros2_ws/install/share/ros2_control_demo_example_12/environment/ament_prefix_path.sh
[19.412s] -- Installing: /home/hans/ros2_ws/install/share/ros2_control_demo_example_12/environment/ament_prefix_path.dsv
[19.413s] -- Installing: /home/hans/ros2_ws/install/share/ros2_control_demo_example_12/environment/path.sh
[19.413s] -- Installing: /home/hans/ros2_ws/install/share/ros2_control_demo_example_12/environment/path.dsv
[19.413s] -- Installing: /home/hans/ros2_ws/install/share/ros2_control_demo_example_12/local_setup.bash
[19.413s] -- Installing: /home/hans/ros2_ws/install/share/ros2_control_demo_example_12/local_setup.sh
[19.414s] -- Installing: /home/hans/ros2_ws/install/share/ros2_control_demo_example_12/local_setup.zsh
[19.414s] -- Installing: /home/hans/ros2_ws/install/share/ros2_control_demo_example_12/local_setup.dsv
[19.414s] -- Installing: /home/hans/ros2_ws/install/share/ros2_control_demo_example_12/package.dsv
[19.415s] -- Installing: /home/hans/ros2_ws/install/share/ament_index/resource_index/packages/ros2_control_demo_example_12
[19.415s] -- Installing: /home/hans/ros2_ws/install/share/ament_index/resource_index/hardware_interface__pluginlib__plugin/ros2_control_demo_example_12
[19.416s] -- Installing: /home/hans/ros2_ws/install/share/ament_index/resource_index/controller_interface__pluginlib__plugin/ros2_control_demo_example_12
[19.416s] -- Installing: /home/hans/ros2_ws/install/share/ros2_control_demo_example_12/cmake/export_passthrough_controllerExport.cmake
[19.416s] -- Installing: /home/hans/ros2_ws/install/share/ros2_control_demo_example_12/cmake/export_passthrough_controllerExport-noconfig.cmake
[19.416s] -- Installing: /home/hans/ros2_ws/install/share/ros2_control_demo_example_12/cmake/export_ros2_control_demo_example_12Export.cmake
[19.417s] -- Installing: /home/hans/ros2_ws/install/share/ros2_control_demo_example_12/cmake/export_ros2_control_demo_example_12Export-noconfig.cmake
[19.417s] -- Installing: /home/hans/ros2_ws/install/share/ros2_control_demo_example_12/cmake/ament_cmake_export_targets-extras.cmake
[19.417s] -- Installing: /home/hans/ros2_ws/install/share/ros2_control_demo_example_12/cmake/ament_cmake_export_dependencies-extras.cmake
[19.417s] -- Installing: /home/hans/ros2_ws/install/share/ros2_control_demo_example_12/cmake/ros2_control_demo_example_12Config.cmake
[19.418s] -- Installing: /home/hans/ros2_ws/install/share/ros2_control_demo_example_12/cmake/ros2_control_demo_example_12Config-version.cmake
[19.419s] -- Installing: /home/hans/ros2_ws/install/share/ros2_control_demo_example_12/package.xml
[19.420s] Invoked command in '/home/hans/ros2_ws/build/ros2_control_demo_example_12' returned '0': AMENT_PREFIX_PATH=/home/hans/ros2_ws/install:${AMENT_PREFIX_PATH} CMAKE_PREFIX_PATH=/home/hans/ros2_ws/install:/opt/ros/iron PYTHONPATH=/home/hans/ros2_ws/install/lib/python3.10/site-packages:${PYTHONPATH} /usr/bin/cmake --install /home/hans/ros2_ws/build/ros2_control_demo_example_12
