[0.209s] Invoking command in '/home/hans/ros2_ws/build/ros2_control_demo_example_12': CMAKE_PREFIX_PATH=${CMAKE_PREFIX_PATH}:/opt/ros/iron /usr/bin/cmake --build /home/hans/ros2_ws/build/ros2_control_demo_example_12 -- -j4 -l4
[0.622s] [ 40%] Built target ros2_control_demo_example_12
[0.697s] [ 60%] Built target passthrough_controller_parameters
[0.946s] [100%] Built target passthrough_controller
[1.102s] Invoked command in '/home/hans/ros2_ws/build/ros2_control_demo_example_12' returned '0': CMAKE_PREFIX_PATH=${CMAKE_PREFIX_PATH}:/opt/ros/iron /usr/bin/cmake --build /home/hans/ros2_ws/build/ros2_control_demo_example_12 -- -j4 -l4
[1.315s] Invoking command in '/home/hans/ros2_ws/build/ros2_control_demo_example_12': CMAKE_PREFIX_PATH=${CMAKE_PREFIX_PATH}:/opt/ros/iron /usr/bin/cmake --install /home/hans/ros2_ws/build/ros2_control_demo_example_12
[1.351s] -- Install configuration: ""
[1.352s] -- Up-to-date: /home/hans/ros2_ws/install/share/ros2_control_demo_example_12/ros2_control_demo_example_12.xml
[1.352s] -- Up-to-date: /home/hans/ros2_ws/install/include/passthrough_controller_parameters
[1.352s] -- Up-to-date: /home/hans/ros2_ws/install/include/passthrough_controller_parameters/passthrough_controller_parameters.hpp
[1.352s] -- Up-to-date: /home/hans/ros2_ws/install/share/ros2_control_demo_example_12/passthrough_controller.xml
[1.353s] -- Up-to-date: /home/hans/ros2_ws/install/include/ros2_control_demo_example_12
[1.354s] -- Up-to-date: /home/hans/ros2_ws/install/include/ros2_control_demo_example_12/ros2_control_demo_example_12
[1.354s] -- Up-to-date: /home/hans/ros2_ws/install/include/ros2_control_demo_example_12/ros2_control_demo_example_12/rrbot.hpp
[1.355s] -- Up-to-date: /home/hans/ros2_ws/install/share/ros2_control_demo_example_12/launch
[1.355s] -- Up-to-date: /home/hans/ros2_ws/install/share/ros2_control_demo_example_12/launch/view_robot.launch.py
[1.363s] -- Up-to-date: /home/hans/ros2_ws/install/share/ros2_control_demo_example_12/ros2_control
[1.363s] -- Up-to-date: /home/hans/ros2_ws/install/share/ros2_control_demo_example_12/ros2_control/rrbot.ros2_control.xacro
[1.363s] -- Up-to-date: /home/hans/ros2_ws/install/share/ros2_control_demo_example_12/urdf
[1.363s] -- Up-to-date: /home/hans/ros2_ws/install/share/ros2_control_demo_example_12/urdf/rrbot.urdf.xacro
[1.363s] -- Up-to-date: /home/hans/ros2_ws/install/share/ros2_control_demo_example_12/launch
[1.364s] -- Up-to-date: /home/hans/ros2_ws/install/share/ros2_control_demo_example_12/launch/launch_chained_controllers.launch.py
[1.364s] -- Up-to-date: /home/hans/ros2_ws/install/share/ros2_control_demo_example_12/launch/rrbot.launch.py
[1.364s] -- Up-to-date: /home/hans/ros2_ws/install/share/ros2_control_demo_example_12/config
[1.364s] -- Up-to-date: /home/hans/ros2_ws/install/share/ros2_control_demo_example_12/config/rrbot_chained_controllers.yaml
[1.364s] -- Up-to-date: /home/hans/ros2_ws/install/lib/libros2_control_demo_example_12.so
[1.364s] -- Up-to-date: /home/hans/ros2_ws/install/include/passthrough_controller
[1.365s] -- Up-to-date: /home/hans/ros2_ws/install/include/passthrough_controller/passthrough_controller
[1.366s] -- Up-to-date: /home/hans/ros2_ws/install/include/passthrough_controller/passthrough_controller/passthrough_controller.hpp
[1.369s] -- Up-to-date: /home/hans/ros2_ws/install/lib/libpassthrough_controller.so
[1.405s] -- Up-to-date: /home/hans/ros2_ws/install/share/ros2_control_demo_example_12/environment/library_path.sh
[1.405s] -- Up-to-date: /home/hans/ros2_ws/install/share/ros2_control_demo_example_12/environment/library_path.dsv
[1.405s] -- Up-to-date: /home/hans/ros2_ws/install/share/ament_index/resource_index/package_run_dependencies/ros2_control_demo_example_12
[1.405s] -- Up-to-date: /home/hans/ros2_ws/install/share/ament_index/resource_index/parent_prefix_path/ros2_control_demo_example_12
[1.405s] -- Up-to-date: /home/hans/ros2_ws/install/share/ros2_control_demo_example_12/environment/ament_prefix_path.sh
[1.405s] -- Up-to-date: /home/hans/ros2_ws/install/share/ros2_control_demo_example_12/environment/ament_prefix_path.dsv
[1.406s] -- Up-to-date: /home/hans/ros2_ws/install/share/ros2_control_demo_example_12/environment/path.sh
[1.406s] -- Up-to-date: /home/hans/ros2_ws/install/share/ros2_control_demo_example_12/environment/path.dsv
[1.406s] -- Up-to-date: /home/hans/ros2_ws/install/share/ros2_control_demo_example_12/local_setup.bash
[1.406s] -- Up-to-date: /home/hans/ros2_ws/install/share/ros2_control_demo_example_12/local_setup.sh
[1.406s] -- Up-to-date: /home/hans/ros2_ws/install/share/ros2_control_demo_example_12/local_setup.zsh
[1.406s] -- Up-to-date: /home/hans/ros2_ws/install/share/ros2_control_demo_example_12/local_setup.dsv
[1.407s] -- Installing: /home/hans/ros2_ws/install/share/ros2_control_demo_example_12/package.dsv
[1.409s] -- Up-to-date: /home/hans/ros2_ws/install/share/ament_index/resource_index/packages/ros2_control_demo_example_12
[1.409s] -- Up-to-date: /home/hans/ros2_ws/install/share/ament_index/resource_index/hardware_interface__pluginlib__plugin/ros2_control_demo_example_12
[1.409s] -- Up-to-date: /home/hans/ros2_ws/install/share/ament_index/resource_index/controller_interface__pluginlib__plugin/ros2_control_demo_example_12
[1.409s] -- Up-to-date: /home/hans/ros2_ws/install/share/ros2_control_demo_example_12/cmake/export_passthrough_controllerExport.cmake
[1.409s] -- Up-to-date: /home/hans/ros2_ws/install/share/ros2_control_demo_example_12/cmake/export_passthrough_controllerExport-noconfig.cmake
[1.410s] -- Up-to-date: /home/hans/ros2_ws/install/share/ros2_control_demo_example_12/cmake/export_ros2_control_demo_example_12Export.cmake
[1.410s] -- Up-to-date: /home/hans/ros2_ws/install/share/ros2_control_demo_example_12/cmake/export_ros2_control_demo_example_12Export-noconfig.cmake
[1.410s] -- Up-to-date: /home/hans/ros2_ws/install/share/ros2_control_demo_example_12/cmake/ament_cmake_export_targets-extras.cmake
[1.410s] -- Up-to-date: /home/hans/ros2_ws/install/share/ros2_control_demo_example_12/cmake/ament_cmake_export_dependencies-extras.cmake
[1.410s] -- Up-to-date: /home/hans/ros2_ws/install/share/ros2_control_demo_example_12/cmake/ros2_control_demo_example_12Config.cmake
[1.410s] -- Up-to-date: /home/hans/ros2_ws/install/share/ros2_control_demo_example_12/cmake/ros2_control_demo_example_12Config-version.cmake
[1.411s] -- Up-to-date: /home/hans/ros2_ws/install/share/ros2_control_demo_example_12/package.xml
[1.438s] Invoked command in '/home/hans/ros2_ws/build/ros2_control_demo_example_12' returned '0': CMAKE_PREFIX_PATH=${CMAKE_PREFIX_PATH}:/opt/ros/iron /usr/bin/cmake --install /home/hans/ros2_ws/build/ros2_control_demo_example_12
