[0.127s] Invoking command in '/home/hans/ros2_ws/build/ros2_control_demo_example_8': CMAKE_PREFIX_PATH=${CMAKE_PREFIX_PATH}:/opt/ros/iron /usr/bin/cmake --build /home/hans/ros2_ws/build/ros2_control_demo_example_8 -- -j4 -l4
[0.679s] [100%] Built target ros2_control_demo_example_8
[0.792s] Invoked command in '/home/hans/ros2_ws/build/ros2_control_demo_example_8' returned '0': CMAKE_PREFIX_PATH=${CMAKE_PREFIX_PATH}:/opt/ros/iron /usr/bin/cmake --build /home/hans/ros2_ws/build/ros2_control_demo_example_8 -- -j4 -l4
[1.072s] Invoking command in '/home/hans/ros2_ws/build/ros2_control_demo_example_8': CMAKE_PREFIX_PATH=${CMAKE_PREFIX_PATH}:/opt/ros/iron /usr/bin/cmake --install /home/hans/ros2_ws/build/ros2_control_demo_example_8
[1.215s] -- Install configuration: ""
[1.215s] -- Up-to-date: /home/hans/ros2_ws/install/share/ros2_control_demo_example_8/ros2_control_demo_example_8.xml
[1.215s] -- Up-to-date: /home/hans/ros2_ws/install/include/ros2_control_demo_example_8
[1.215s] -- Up-to-date: /home/hans/ros2_ws/install/include/ros2_control_demo_example_8/ros2_control_demo_example_8
[1.215s] -- Up-to-date: /home/hans/ros2_ws/install/include/ros2_control_demo_example_8/ros2_control_demo_example_8/rrbot_transmissions_system_position_only.hpp
[1.216s] -- Up-to-date: /home/hans/ros2_ws/install/include/ros2_control_demo_example_8/ros2_control_demo_example_8/rrbot.hpp
[1.216s] -- Up-to-date: /home/hans/ros2_ws/install/share/ros2_control_demo_example_8/launch
[1.216s] -- Up-to-date: /home/hans/ros2_ws/install/share/ros2_control_demo_example_8/launch/view_robot.launch.py
[1.216s] -- Up-to-date: /home/hans/ros2_ws/install/share/ros2_control_demo_example_8/ros2_control
[1.216s] -- Up-to-date: /home/hans/ros2_ws/install/share/ros2_control_demo_example_8/ros2_control/rrbot_transmissions_system_position_only.ros2_control.xacro
[1.216s] -- Up-to-date: /home/hans/ros2_ws/install/share/ros2_control_demo_example_8/urdf
[1.217s] -- Up-to-date: /home/hans/ros2_ws/install/share/ros2_control_demo_example_8/urdf/rrbot_transmissions_system_position_only.urdf.xacro
[1.221s] -- Up-to-date: /home/hans/ros2_ws/install/share/ros2_control_demo_example_8/launch
[1.221s] -- Up-to-date: /home/hans/ros2_ws/install/share/ros2_control_demo_example_8/launch/test_forward_position_controller.launch.py
[1.221s] -- Up-to-date: /home/hans/ros2_ws/install/share/ros2_control_demo_example_8/launch/rrbot_transmissions_system_position_only.launch.py
[1.222s] -- Up-to-date: /home/hans/ros2_ws/install/share/ros2_control_demo_example_8/config
[1.222s] -- Up-to-date: /home/hans/ros2_ws/install/share/ros2_control_demo_example_8/config/rrbot_forward_position_publisher.yaml
[1.222s] -- Up-to-date: /home/hans/ros2_ws/install/share/ros2_control_demo_example_8/config/rrbot_controllers.yaml
[1.223s] -- Up-to-date: /home/hans/ros2_ws/install/lib/libros2_control_demo_example_8.so
[1.223s] -- Up-to-date: /home/hans/ros2_ws/install/share/ros2_control_demo_example_8/environment/library_path.sh
[1.224s] -- Up-to-date: /home/hans/ros2_ws/install/share/ros2_control_demo_example_8/environment/library_path.dsv
[1.224s] -- Up-to-date: /home/hans/ros2_ws/install/share/ament_index/resource_index/package_run_dependencies/ros2_control_demo_example_8
[1.224s] -- Up-to-date: /home/hans/ros2_ws/install/share/ament_index/resource_index/parent_prefix_path/ros2_control_demo_example_8
[1.225s] -- Up-to-date: /home/hans/ros2_ws/install/share/ros2_control_demo_example_8/environment/ament_prefix_path.sh
[1.225s] -- Up-to-date: /home/hans/ros2_ws/install/share/ros2_control_demo_example_8/environment/ament_prefix_path.dsv
[1.225s] -- Up-to-date: /home/hans/ros2_ws/install/share/ros2_control_demo_example_8/environment/path.sh
[1.226s] -- Up-to-date: /home/hans/ros2_ws/install/share/ros2_control_demo_example_8/environment/path.dsv
[1.226s] -- Up-to-date: /home/hans/ros2_ws/install/share/ros2_control_demo_example_8/local_setup.bash
[1.236s] -- Up-to-date: /home/hans/ros2_ws/install/share/ros2_control_demo_example_8/local_setup.sh
[1.236s] -- Up-to-date: /home/hans/ros2_ws/install/share/ros2_control_demo_example_8/local_setup.zsh
[1.236s] -- Up-to-date: /home/hans/ros2_ws/install/share/ros2_control_demo_example_8/local_setup.dsv
[1.236s] -- Installing: /home/hans/ros2_ws/install/share/ros2_control_demo_example_8/package.dsv
[1.236s] -- Up-to-date: /home/hans/ros2_ws/install/share/ament_index/resource_index/packages/ros2_control_demo_example_8
[1.237s] -- Up-to-date: /home/hans/ros2_ws/install/share/ament_index/resource_index/hardware_interface__pluginlib__plugin/ros2_control_demo_example_8
[1.237s] -- Up-to-date: /home/hans/ros2_ws/install/share/ros2_control_demo_example_8/cmake/export_ros2_control_demo_example_8Export.cmake
[1.237s] -- Up-to-date: /home/hans/ros2_ws/install/share/ros2_control_demo_example_8/cmake/export_ros2_control_demo_example_8Export-noconfig.cmake
[1.237s] -- Up-to-date: /home/hans/ros2_ws/install/share/ros2_control_demo_example_8/cmake/ament_cmake_export_targets-extras.cmake
[1.237s] -- Up-to-date: /home/hans/ros2_ws/install/share/ros2_control_demo_example_8/cmake/ament_cmake_export_dependencies-extras.cmake
[1.238s] -- Up-to-date: /home/hans/ros2_ws/install/share/ros2_control_demo_example_8/cmake/ros2_control_demo_example_8Config.cmake
[1.238s] -- Up-to-date: /home/hans/ros2_ws/install/share/ros2_control_demo_example_8/cmake/ros2_control_demo_example_8Config-version.cmake
[1.238s] -- Up-to-date: /home/hans/ros2_ws/install/share/ros2_control_demo_example_8/package.xml
[1.373s] Invoked command in '/home/hans/ros2_ws/build/ros2_control_demo_example_8' returned '0': CMAKE_PREFIX_PATH=${CMAKE_PREFIX_PATH}:/opt/ros/iron /usr/bin/cmake --install /home/hans/ros2_ws/build/ros2_control_demo_example_8
