-- The CXX compiler identification is GNU 11.4.0
-- Detecting CXX compiler ABI info
-- Detecting CXX compiler ABI info - done
-- Check for working CXX compiler: /usr/bin/c++ - skipped
-- Detecting CXX compile features
-- Detecting CXX compile features - done
-- Found ament_cmake: 2.0.6 (/opt/ros/iron/share/ament_cmake/cmake)
-- Found Python3: /usr/bin/python3.10 (found version "3.10.12") found components: Interpreter 
-- Found hardware_interface: 3.28.0 (/opt/ros/iron/share/hardware_interface/cmake)
-- Found rosidl_generator_c: 4.0.1 (/opt/ros/iron/share/rosidl_generator_c/cmake)
-- Found rosidl_generator_cpp: 4.0.1 (/opt/ros/iron/share/rosidl_generator_cpp/cmake)
-- Using all available rosidl_typesupport_c: rosidl_typesupport_fastrtps_c;rosidl_typesupport_introspection_c
-- Using all available rosidl_typesupport_cpp: rosidl_typesupport_fastrtps_cpp;rosidl_typesupport_introspection_cpp
-- Found rmw_implementation_cmake: 7.1.0 (/opt/ros/iron/share/rmw_implementation_cmake/cmake)
-- Found rmw_fastrtps_cpp: 7.1.4 (/opt/ros/iron/share/rmw_fastrtps_cpp/cmake)
-- Found TinyXML2 via Config file: TinyXML2_DIR-NOTFOUND
-- Found OpenSSL: /usr/lib/x86_64-linux-gnu/libcrypto.so (found version "3.0.2")  
-- Found TinyXML2 via Config file: TinyXML2_DIR-NOTFOUND
-- Found FastRTPS: /opt/ros/iron/include  
-- Found TinyXML2 via Config file: TinyXML2_DIR-NOTFOUND
-- Found TinyXML2 via Config file: TinyXML2_DIR-NOTFOUND
-- Using RMW implementation 'rmw_fastrtps_cpp' as default
-- Found ament_cmake_pytest: 2.0.6 (/opt/ros/iron/share/ament_cmake_pytest/cmake)
-- Configuring done
-- Generating done
-- Build files have been written to: /home/hans/ros2_ws/build/ros2_control_demo_example_4
[ 50%] [32mBuilding CXX object CMakeFiles/ros2_control_demo_example_4.dir/hardware/rrbot_system_with_sensor.cpp.o[0m
[100%] [32m[1mLinking CXX shared library libros2_control_demo_example_4.so[0m
[100%] Built target ros2_control_demo_example_4
-- Install configuration: ""
-- Installing: /home/hans/ros2_ws/install/share/ros2_control_demo_example_4/ros2_control_demo_example_4.xml
-- Installing: /home/hans/ros2_ws/install/include/ros2_control_demo_example_4
-- Installing: /home/hans/ros2_ws/install/include/ros2_control_demo_example_4/ros2_control_demo_example_4
-- Installing: /home/hans/ros2_ws/install/include/ros2_control_demo_example_4/ros2_control_demo_example_4/rrbot_system_with_sensor.hpp
-- Installing: /home/hans/ros2_ws/install/share/ros2_control_demo_example_4/launch
-- Installing: /home/hans/ros2_ws/install/share/ros2_control_demo_example_4/launch/view_robot.launch.py
-- Installing: /home/hans/ros2_ws/install/share/ros2_control_demo_example_4/ros2_control
-- Installing: /home/hans/ros2_ws/install/share/ros2_control_demo_example_4/ros2_control/rrbot_system_with_sensor.ros2_control.xacro
-- Installing: /home/hans/ros2_ws/install/share/ros2_control_demo_example_4/urdf
-- Installing: /home/hans/ros2_ws/install/share/ros2_control_demo_example_4/urdf/rrbot_system_with_sensor.urdf.xacro
-- Installing: /home/hans/ros2_ws/install/share/ros2_control_demo_example_4/rviz
-- Installing: /home/hans/ros2_ws/install/share/ros2_control_demo_example_4/rviz/rrbot.rviz
-- Up-to-date: /home/hans/ros2_ws/install/share/ros2_control_demo_example_4/launch
-- Installing: /home/hans/ros2_ws/install/share/ros2_control_demo_example_4/launch/test_forward_position_controller.launch.py
-- Installing: /home/hans/ros2_ws/install/share/ros2_control_demo_example_4/launch/rrbot_system_with_sensor.launch.py
-- Installing: /home/hans/ros2_ws/install/share/ros2_control_demo_example_4/config
-- Installing: /home/hans/ros2_ws/install/share/ros2_control_demo_example_4/config/rrbot_forward_position_publisher.yaml
-- Installing: /home/hans/ros2_ws/install/share/ros2_control_demo_example_4/config/rrbot_with_sensor_controllers.yaml
-- Installing: /home/hans/ros2_ws/install/lib/libros2_control_demo_example_4.so
-- Set runtime path of "/home/hans/ros2_ws/install/lib/libros2_control_demo_example_4.so" to ""
-- Installing: /home/hans/ros2_ws/install/share/ros2_control_demo_example_4/environment/library_path.sh
-- Installing: /home/hans/ros2_ws/install/share/ros2_control_demo_example_4/environment/library_path.dsv
-- Installing: /home/hans/ros2_ws/install/share/ament_index/resource_index/package_run_dependencies/ros2_control_demo_example_4
-- Installing: /home/hans/ros2_ws/install/share/ament_index/resource_index/parent_prefix_path/ros2_control_demo_example_4
-- Installing: /home/hans/ros2_ws/install/share/ros2_control_demo_example_4/environment/ament_prefix_path.sh
-- Installing: /home/hans/ros2_ws/install/share/ros2_control_demo_example_4/environment/ament_prefix_path.dsv
-- Installing: /home/hans/ros2_ws/install/share/ros2_control_demo_example_4/environment/path.sh
-- Installing: /home/hans/ros2_ws/install/share/ros2_control_demo_example_4/environment/path.dsv
-- Installing: /home/hans/ros2_ws/install/share/ros2_control_demo_example_4/local_setup.bash
-- Installing: /home/hans/ros2_ws/install/share/ros2_control_demo_example_4/local_setup.sh
-- Installing: /home/hans/ros2_ws/install/share/ros2_control_demo_example_4/local_setup.zsh
-- Installing: /home/hans/ros2_ws/install/share/ros2_control_demo_example_4/local_setup.dsv
-- Installing: /home/hans/ros2_ws/install/share/ros2_control_demo_example_4/package.dsv
-- Installing: /home/hans/ros2_ws/install/share/ament_index/resource_index/packages/ros2_control_demo_example_4
-- Installing: /home/hans/ros2_ws/install/share/ament_index/resource_index/hardware_interface__pluginlib__plugin/ros2_control_demo_example_4
-- Installing: /home/hans/ros2_ws/install/share/ros2_control_demo_example_4/cmake/export_ros2_control_demo_example_4Export.cmake
-- Installing: /home/hans/ros2_ws/install/share/ros2_control_demo_example_4/cmake/export_ros2_control_demo_example_4Export-noconfig.cmake
-- Installing: /home/hans/ros2_ws/install/share/ros2_control_demo_example_4/cmake/ament_cmake_export_targets-extras.cmake
-- Installing: /home/hans/ros2_ws/install/share/ros2_control_demo_example_4/cmake/ament_cmake_export_dependencies-extras.cmake
-- Installing: /home/hans/ros2_ws/install/share/ros2_control_demo_example_4/cmake/ros2_control_demo_example_4Config.cmake
-- Installing: /home/hans/ros2_ws/install/share/ros2_control_demo_example_4/cmake/ros2_control_demo_example_4Config-version.cmake
-- Installing: /home/hans/ros2_ws/install/share/ros2_control_demo_example_4/package.xml
