[0.037s] Invoking command in '/home/hans/ros2_ws/build/ros2_control_demo_example_3': CMAKE_PREFIX_PATH=${CMAKE_PREFIX_PATH}:/opt/ros/iron /usr/bin/cmake --build /home/hans/ros2_ws/build/ros2_control_demo_example_3 -- -j4 -l4
[0.348s] [100%] Built target ros2_control_demo_example_3
[0.414s] Invoked command in '/home/hans/ros2_ws/build/ros2_control_demo_example_3' returned '0': CMAKE_PREFIX_PATH=${CMAKE_PREFIX_PATH}:/opt/ros/iron /usr/bin/cmake --build /home/hans/ros2_ws/build/ros2_control_demo_example_3 -- -j4 -l4
[0.536s] Invoking command in '/home/hans/ros2_ws/build/ros2_control_demo_example_3': CMAKE_PREFIX_PATH=${CMAKE_PREFIX_PATH}:/opt/ros/iron /usr/bin/cmake --install /home/hans/ros2_ws/build/ros2_control_demo_example_3
[0.604s] -- Install configuration: ""
[0.605s] -- Up-to-date: /home/hans/ros2_ws/install/share/ros2_control_demo_example_3/ros2_control_demo_example_3.xml
[0.610s] -- Up-to-date: /home/hans/ros2_ws/install/include/ros2_control_demo_example_3
[0.613s] -- Up-to-date: /home/hans/ros2_ws/install/include/ros2_control_demo_example_3/ros2_control_demo_example_3
[0.617s] -- Up-to-date: /home/hans/ros2_ws/install/include/ros2_control_demo_example_3/ros2_control_demo_example_3/rrbot_system_multi_interface.hpp
[0.617s] -- Up-to-date: /home/hans/ros2_ws/install/share/ros2_control_demo_example_3/launch
[0.617s] -- Up-to-date: /home/hans/ros2_ws/install/share/ros2_control_demo_example_3/launch/view_robot.launch.py
[0.617s] -- Up-to-date: /home/hans/ros2_ws/install/share/ros2_control_demo_example_3/ros2_control
[0.618s] -- Up-to-date: /home/hans/ros2_ws/install/share/ros2_control_demo_example_3/ros2_control/rrbot_system_multi_interface.ros2_control.xacro
[0.618s] -- Up-to-date: /home/hans/ros2_ws/install/share/ros2_control_demo_example_3/urdf
[0.618s] -- Up-to-date: /home/hans/ros2_ws/install/share/ros2_control_demo_example_3/urdf/rrbot_system_multi_interface.urdf.xacro
[0.619s] -- Up-to-date: /home/hans/ros2_ws/install/share/ros2_control_demo_example_3/launch
[0.619s] -- Up-to-date: /home/hans/ros2_ws/install/share/ros2_control_demo_example_3/launch/test_forward_position_controller.launch.py
[0.619s] -- Up-to-date: /home/hans/ros2_ws/install/share/ros2_control_demo_example_3/launch/rrbot_system_multi_interface.launch.py
[0.619s] -- Up-to-date: /home/hans/ros2_ws/install/share/ros2_control_demo_example_3/config
[0.622s] -- Up-to-date: /home/hans/ros2_ws/install/share/ros2_control_demo_example_3/config/rrbot_forward_position_publisher.yaml
[0.622s] -- Up-to-date: /home/hans/ros2_ws/install/share/ros2_control_demo_example_3/config/rrbot_multi_interface_forward_controllers.yaml
[0.630s] -- Up-to-date: /home/hans/ros2_ws/install/lib/libros2_control_demo_example_3.so
[0.636s] -- Up-to-date: /home/hans/ros2_ws/install/share/ros2_control_demo_example_3/environment/library_path.sh
[0.636s] -- Up-to-date: /home/hans/ros2_ws/install/share/ros2_control_demo_example_3/environment/library_path.dsv
[0.636s] -- Up-to-date: /home/hans/ros2_ws/install/share/ament_index/resource_index/package_run_dependencies/ros2_control_demo_example_3
[0.643s] -- Up-to-date: /home/hans/ros2_ws/install/share/ament_index/resource_index/parent_prefix_path/ros2_control_demo_example_3
[0.643s] -- Up-to-date: /home/hans/ros2_ws/install/share/ros2_control_demo_example_3/environment/ament_prefix_path.sh
[0.643s] -- Up-to-date: /home/hans/ros2_ws/install/share/ros2_control_demo_example_3/environment/ament_prefix_path.dsv
[0.643s] -- Up-to-date: /home/hans/ros2_ws/install/share/ros2_control_demo_example_3/environment/path.sh
[0.644s] -- Up-to-date: /home/hans/ros2_ws/install/share/ros2_control_demo_example_3/environment/path.dsv
[0.644s] -- Up-to-date: /home/hans/ros2_ws/install/share/ros2_control_demo_example_3/local_setup.bash
[0.644s] -- Up-to-date: /home/hans/ros2_ws/install/share/ros2_control_demo_example_3/local_setup.sh
[0.644s] -- Up-to-date: /home/hans/ros2_ws/install/share/ros2_control_demo_example_3/local_setup.zsh
[0.644s] -- Up-to-date: /home/hans/ros2_ws/install/share/ros2_control_demo_example_3/local_setup.dsv
[0.644s] -- Installing: /home/hans/ros2_ws/install/share/ros2_control_demo_example_3/package.dsv
[0.645s] -- Up-to-date: /home/hans/ros2_ws/install/share/ament_index/resource_index/packages/ros2_control_demo_example_3
[0.645s] -- Up-to-date: /home/hans/ros2_ws/install/share/ament_index/resource_index/hardware_interface__pluginlib__plugin/ros2_control_demo_example_3
[0.645s] -- Up-to-date: /home/hans/ros2_ws/install/share/ros2_control_demo_example_3/cmake/export_ros2_control_demo_example_3Export.cmake
[0.645s] -- Up-to-date: /home/hans/ros2_ws/install/share/ros2_control_demo_example_3/cmake/export_ros2_control_demo_example_3Export-noconfig.cmake
[0.645s] -- Up-to-date: /home/hans/ros2_ws/install/share/ros2_control_demo_example_3/cmake/ament_cmake_export_targets-extras.cmake
[0.646s] -- Up-to-date: /home/hans/ros2_ws/install/share/ros2_control_demo_example_3/cmake/ament_cmake_export_dependencies-extras.cmake
[0.646s] -- Up-to-date: /home/hans/ros2_ws/install/share/ros2_control_demo_example_3/cmake/ros2_control_demo_example_3Config.cmake
[0.646s] -- Up-to-date: /home/hans/ros2_ws/install/share/ros2_control_demo_example_3/cmake/ros2_control_demo_example_3Config-version.cmake
[0.646s] -- Up-to-date: /home/hans/ros2_ws/install/share/ros2_control_demo_example_3/package.xml
[0.655s] Invoked command in '/home/hans/ros2_ws/build/ros2_control_demo_example_3' returned '0': CMAKE_PREFIX_PATH=${CMAKE_PREFIX_PATH}:/opt/ros/iron /usr/bin/cmake --install /home/hans/ros2_ws/build/ros2_control_demo_example_3
