[0.087s] Invoking command in '/home/hans/ros2_ws/build/ros2_control_demo_example_1': CMAKE_PREFIX_PATH=${CMAKE_PREFIX_PATH}:/opt/ros/iron /usr/bin/cmake --build /home/hans/ros2_ws/build/ros2_control_demo_example_1 -- -j4 -l4
[0.656s] [100%] Built target ros2_control_demo_example_1
[0.760s] Invoked command in '/home/hans/ros2_ws/build/ros2_control_demo_example_1' returned '0': CMAKE_PREFIX_PATH=${CMAKE_PREFIX_PATH}:/opt/ros/iron /usr/bin/cmake --build /home/hans/ros2_ws/build/ros2_control_demo_example_1 -- -j4 -l4
[0.899s] Invoking command in '/home/hans/ros2_ws/build/ros2_control_demo_example_1': CMAKE_PREFIX_PATH=${CMAKE_PREFIX_PATH}:/opt/ros/iron /usr/bin/cmake --install /home/hans/ros2_ws/build/ros2_control_demo_example_1
[0.958s] -- Install configuration: ""
[0.959s] -- Up-to-date: /home/hans/ros2_ws/install/share/ros2_control_demo_example_1/ros2_control_demo_example_1.xml
[0.960s] -- Up-to-date: /home/hans/ros2_ws/install/include/ros2_control_demo_example_1
[0.960s] -- Up-to-date: /home/hans/ros2_ws/install/include/ros2_control_demo_example_1/ros2_control_demo_example_1
[0.960s] -- Up-to-date: /home/hans/ros2_ws/install/include/ros2_control_demo_example_1/ros2_control_demo_example_1/rrbot.hpp
[0.960s] -- Up-to-date: /home/hans/ros2_ws/install/share/ros2_control_demo_example_1/launch
[0.960s] -- Up-to-date: /home/hans/ros2_ws/install/share/ros2_control_demo_example_1/launch/view_robot.launch.py
[0.960s] -- Up-to-date: /home/hans/ros2_ws/install/share/ros2_control_demo_example_1/ros2_control
[0.961s] -- Up-to-date: /home/hans/ros2_ws/install/share/ros2_control_demo_example_1/ros2_control/rrbot.ros2_control.xacro
[0.961s] -- Up-to-date: /home/hans/ros2_ws/install/share/ros2_control_demo_example_1/urdf
[0.961s] -- Up-to-date: /home/hans/ros2_ws/install/share/ros2_control_demo_example_1/urdf/rrbot.urdf.xacro
[0.962s] -- Up-to-date: /home/hans/ros2_ws/install/share/ros2_control_demo_example_1/launch
[0.962s] -- Up-to-date: /home/hans/ros2_ws/install/share/ros2_control_demo_example_1/launch/test_forward_position_controller.launch.py
[0.963s] -- Up-to-date: /home/hans/ros2_ws/install/share/ros2_control_demo_example_1/launch/rrbot.launch.py
[0.963s] -- Up-to-date: /home/hans/ros2_ws/install/share/ros2_control_demo_example_1/launch/test_joint_trajectory_controller.launch.py
[0.963s] -- Up-to-date: /home/hans/ros2_ws/install/share/ros2_control_demo_example_1/config
[0.964s] -- Up-to-date: /home/hans/ros2_ws/install/share/ros2_control_demo_example_1/config/rrbot_forward_position_publisher.yaml
[0.964s] -- Up-to-date: /home/hans/ros2_ws/install/share/ros2_control_demo_example_1/config/rrbot_joint_trajectory_publisher.yaml
[0.964s] -- Up-to-date: /home/hans/ros2_ws/install/share/ros2_control_demo_example_1/config/rrbot_controllers.yaml
[0.980s] -- Up-to-date: /home/hans/ros2_ws/install/lib/libros2_control_demo_example_1.so
[1.045s] -- Up-to-date: /home/hans/ros2_ws/install/share/ros2_control_demo_example_1/environment/library_path.sh
[1.049s] -- Up-to-date: /home/hans/ros2_ws/install/share/ros2_control_demo_example_1/environment/library_path.dsv
[1.061s] -- Up-to-date: /home/hans/ros2_ws/install/share/ament_index/resource_index/package_run_dependencies/ros2_control_demo_example_1
[1.062s] -- Up-to-date: /home/hans/ros2_ws/install/share/ament_index/resource_index/parent_prefix_path/ros2_control_demo_example_1
[1.062s] -- Up-to-date: /home/hans/ros2_ws/install/share/ros2_control_demo_example_1/environment/ament_prefix_path.sh
[1.062s] -- Up-to-date: /home/hans/ros2_ws/install/share/ros2_control_demo_example_1/environment/ament_prefix_path.dsv
[1.072s] -- Up-to-date: /home/hans/ros2_ws/install/share/ros2_control_demo_example_1/environment/path.sh
[1.072s] -- Up-to-date: /home/hans/ros2_ws/install/share/ros2_control_demo_example_1/environment/path.dsv
[1.073s] -- Up-to-date: /home/hans/ros2_ws/install/share/ros2_control_demo_example_1/local_setup.bash
[1.073s] -- Up-to-date: /home/hans/ros2_ws/install/share/ros2_control_demo_example_1/local_setup.sh
[1.073s] -- Up-to-date: /home/hans/ros2_ws/install/share/ros2_control_demo_example_1/local_setup.zsh
[1.074s] -- Up-to-date: /home/hans/ros2_ws/install/share/ros2_control_demo_example_1/local_setup.dsv
[1.074s] -- Installing: /home/hans/ros2_ws/install/share/ros2_control_demo_example_1/package.dsv
[1.074s] -- Up-to-date: /home/hans/ros2_ws/install/share/ament_index/resource_index/packages/ros2_control_demo_example_1
[1.074s] -- Up-to-date: /home/hans/ros2_ws/install/share/ament_index/resource_index/hardware_interface__pluginlib__plugin/ros2_control_demo_example_1
[1.080s] -- Up-to-date: /home/hans/ros2_ws/install/share/ros2_control_demo_example_1/cmake/export_ros2_control_demo_example_1Export.cmake
[1.080s] -- Up-to-date: /home/hans/ros2_ws/install/share/ros2_control_demo_example_1/cmake/export_ros2_control_demo_example_1Export-noconfig.cmake
[1.081s] -- Up-to-date: /home/hans/ros2_ws/install/share/ros2_control_demo_example_1/cmake/ament_cmake_export_targets-extras.cmake
[1.081s] -- Up-to-date: /home/hans/ros2_ws/install/share/ros2_control_demo_example_1/cmake/ament_cmake_export_dependencies-extras.cmake
[1.081s] -- Up-to-date: /home/hans/ros2_ws/install/share/ros2_control_demo_example_1/cmake/ros2_control_demo_example_1Config.cmake
[1.081s] -- Up-to-date: /home/hans/ros2_ws/install/share/ros2_control_demo_example_1/cmake/ros2_control_demo_example_1Config-version.cmake
[1.081s] -- Up-to-date: /home/hans/ros2_ws/install/share/ros2_control_demo_example_1/package.xml
[1.169s] Invoked command in '/home/hans/ros2_ws/build/ros2_control_demo_example_1' returned '0': CMAKE_PREFIX_PATH=${CMAKE_PREFIX_PATH}:/opt/ros/iron /usr/bin/cmake --install /home/hans/ros2_ws/build/ros2_control_demo_example_1
