[0.068s] Invoking command in '/home/hans/ros2_ws/build/ros2_control_demo_example_8': CMAKE_PREFIX_PATH=${CMAKE_PREFIX_PATH}:/opt/ros/iron /usr/bin/cmake --build /home/hans/ros2_ws/build/ros2_control_demo_example_8 -- -j4 -l4
[0.435s] [100%] Built target ros2_control_demo_example_8
[0.520s] Invoked command in '/home/hans/ros2_ws/build/ros2_control_demo_example_8' returned '0': CMAKE_PREFIX_PATH=${CMAKE_PREFIX_PATH}:/opt/ros/iron /usr/bin/cmake --build /home/hans/ros2_ws/build/ros2_control_demo_example_8 -- -j4 -l4
[0.816s] Invoking command in '/home/hans/ros2_ws/build/ros2_control_demo_example_8': CMAKE_PREFIX_PATH=${CMAKE_PREFIX_PATH}:/opt/ros/iron /usr/bin/cmake --install /home/hans/ros2_ws/build/ros2_control_demo_example_8
[0.907s] -- Install configuration: ""
[0.908s] -- Up-to-date: /home/hans/ros2_ws/install/share/ros2_control_demo_example_8/ros2_control_demo_example_8.xml
[0.908s] -- Up-to-date: /home/hans/ros2_ws/install/include/ros2_control_demo_example_8
[0.908s] -- Up-to-date: /home/hans/ros2_ws/install/include/ros2_control_demo_example_8/ros2_control_demo_example_8
[0.908s] -- Up-to-date: /home/hans/ros2_ws/install/include/ros2_control_demo_example_8/ros2_control_demo_example_8/rrbot_transmissions_system_position_only.hpp
[0.913s] -- Up-to-date: /home/hans/ros2_ws/install/include/ros2_control_demo_example_8/ros2_control_demo_example_8/rrbot.hpp
[0.914s] -- Up-to-date: /home/hans/ros2_ws/install/share/ros2_control_demo_example_8/launch
[0.914s] -- Up-to-date: /home/hans/ros2_ws/install/share/ros2_control_demo_example_8/launch/view_robot.launch.py
[0.914s] -- Up-to-date: /home/hans/ros2_ws/install/share/ros2_control_demo_example_8/ros2_control
[0.914s] -- Up-to-date: /home/hans/ros2_ws/install/share/ros2_control_demo_example_8/ros2_control/rrbot_transmissions_system_position_only.ros2_control.xacro
[0.914s] -- Up-to-date: /home/hans/ros2_ws/install/share/ros2_control_demo_example_8/urdf
[0.915s] -- Up-to-date: /home/hans/ros2_ws/install/share/ros2_control_demo_example_8/urdf/rrbot_transmissions_system_position_only.urdf.xacro
[0.915s] -- Up-to-date: /home/hans/ros2_ws/install/share/ros2_control_demo_example_8/launch
[0.915s] -- Up-to-date: /home/hans/ros2_ws/install/share/ros2_control_demo_example_8/launch/test_forward_position_controller.launch.py
[0.915s] -- Up-to-date: /home/hans/ros2_ws/install/share/ros2_control_demo_example_8/launch/rrbot_transmissions_system_position_only.launch.py
[0.915s] -- Up-to-date: /home/hans/ros2_ws/install/share/ros2_control_demo_example_8/config
[0.915s] -- Up-to-date: /home/hans/ros2_ws/install/share/ros2_control_demo_example_8/config/rrbot_forward_position_publisher.yaml
[0.916s] -- Up-to-date: /home/hans/ros2_ws/install/share/ros2_control_demo_example_8/config/rrbot_controllers.yaml
[0.916s] -- Up-to-date: /home/hans/ros2_ws/install/lib/libros2_control_demo_example_8.so
[0.916s] -- Up-to-date: /home/hans/ros2_ws/install/share/ros2_control_demo_example_8/environment/library_path.sh
[0.916s] -- Up-to-date: /home/hans/ros2_ws/install/share/ros2_control_demo_example_8/environment/library_path.dsv
[0.926s] -- Up-to-date: /home/hans/ros2_ws/install/share/ament_index/resource_index/package_run_dependencies/ros2_control_demo_example_8
[0.926s] -- Up-to-date: /home/hans/ros2_ws/install/share/ament_index/resource_index/parent_prefix_path/ros2_control_demo_example_8
[0.926s] -- Up-to-date: /home/hans/ros2_ws/install/share/ros2_control_demo_example_8/environment/ament_prefix_path.sh
[0.927s] -- Up-to-date: /home/hans/ros2_ws/install/share/ros2_control_demo_example_8/environment/ament_prefix_path.dsv
[0.928s] -- Up-to-date: /home/hans/ros2_ws/install/share/ros2_control_demo_example_8/environment/path.sh
[0.929s] -- Up-to-date: /home/hans/ros2_ws/install/share/ros2_control_demo_example_8/environment/path.dsv
[0.931s] -- Up-to-date: /home/hans/ros2_ws/install/share/ros2_control_demo_example_8/local_setup.bash
[0.932s] -- Up-to-date: /home/hans/ros2_ws/install/share/ros2_control_demo_example_8/local_setup.sh
[0.932s] -- Up-to-date: /home/hans/ros2_ws/install/share/ros2_control_demo_example_8/local_setup.zsh
[0.932s] -- Up-to-date: /home/hans/ros2_ws/install/share/ros2_control_demo_example_8/local_setup.dsv
[0.932s] -- Installing: /home/hans/ros2_ws/install/share/ros2_control_demo_example_8/package.dsv
[0.932s] -- Up-to-date: /home/hans/ros2_ws/install/share/ament_index/resource_index/packages/ros2_control_demo_example_8
[0.966s] -- Up-to-date: /home/hans/ros2_ws/install/share/ament_index/resource_index/hardware_interface__pluginlib__plugin/ros2_control_demo_example_8
[0.990s] -- Up-to-date: /home/hans/ros2_ws/install/share/ros2_control_demo_example_8/cmake/export_ros2_control_demo_example_8Export.cmake
[0.990s] -- Up-to-date: /home/hans/ros2_ws/install/share/ros2_control_demo_example_8/cmake/export_ros2_control_demo_example_8Export-noconfig.cmake
[0.990s] -- Up-to-date: /home/hans/ros2_ws/install/share/ros2_control_demo_example_8/cmake/ament_cmake_export_targets-extras.cmake
[0.991s] -- Up-to-date: /home/hans/ros2_ws/install/share/ros2_control_demo_example_8/cmake/ament_cmake_export_dependencies-extras.cmake
[0.992s] -- Up-to-date: /home/hans/ros2_ws/install/share/ros2_control_demo_example_8/cmake/ros2_control_demo_example_8Config.cmake
[0.992s] -- Up-to-date: /home/hans/ros2_ws/install/share/ros2_control_demo_example_8/cmake/ros2_control_demo_example_8Config-version.cmake
[0.992s] -- Up-to-date: /home/hans/ros2_ws/install/share/ros2_control_demo_example_8/package.xml
[1.110s] Invoked command in '/home/hans/ros2_ws/build/ros2_control_demo_example_8' returned '0': CMAKE_PREFIX_PATH=${CMAKE_PREFIX_PATH}:/opt/ros/iron /usr/bin/cmake --install /home/hans/ros2_ws/build/ros2_control_demo_example_8
