[0.055s] Invoking command in '/home/hans/ros2_ws/build/ros2_control_demo_example_2': CMAKE_PREFIX_PATH=${CMAKE_PREFIX_PATH}:/opt/ros/iron /usr/bin/cmake --build /home/hans/ros2_ws/build/ros2_control_demo_example_2 -- -j4 -l4
[0.346s] [100%] Built target ros2_control_demo_example_2
[0.405s] Invoked command in '/home/hans/ros2_ws/build/ros2_control_demo_example_2' returned '0': CMAKE_PREFIX_PATH=${CMAKE_PREFIX_PATH}:/opt/ros/iron /usr/bin/cmake --build /home/hans/ros2_ws/build/ros2_control_demo_example_2 -- -j4 -l4
[0.534s] Invoking command in '/home/hans/ros2_ws/build/ros2_control_demo_example_2': CMAKE_PREFIX_PATH=${CMAKE_PREFIX_PATH}:/opt/ros/iron /usr/bin/cmake --install /home/hans/ros2_ws/build/ros2_control_demo_example_2
[0.559s] -- Install configuration: ""
[0.559s] -- Up-to-date: /home/hans/ros2_ws/install/share/ros2_control_demo_example_2/ros2_control_demo_example_2.xml
[0.559s] -- Up-to-date: /home/hans/ros2_ws/install/include/ros2_control_demo_example_2
[0.560s] -- Up-to-date: /home/hans/ros2_ws/install/include/ros2_control_demo_example_2/ros2_control_demo_example_2
[0.560s] -- Up-to-date: /home/hans/ros2_ws/install/include/ros2_control_demo_example_2/ros2_control_demo_example_2/diffbot_system.hpp
[0.560s] -- Up-to-date: /home/hans/ros2_ws/install/share/ros2_control_demo_example_2/launch
[0.560s] -- Up-to-date: /home/hans/ros2_ws/install/share/ros2_control_demo_example_2/launch/view_robot.launch.py
[0.560s] -- Up-to-date: /home/hans/ros2_ws/install/share/ros2_control_demo_example_2/ros2_control
[0.561s] -- Up-to-date: /home/hans/ros2_ws/install/share/ros2_control_demo_example_2/ros2_control/diffbot.ros2_control.xacro
[0.561s] -- Up-to-date: /home/hans/ros2_ws/install/share/ros2_control_demo_example_2/urdf
[0.561s] -- Up-to-date: /home/hans/ros2_ws/install/share/ros2_control_demo_example_2/urdf/diffbot.urdf.xacro
[0.561s] -- Up-to-date: /home/hans/ros2_ws/install/share/ros2_control_demo_example_2/launch
[0.561s] -- Up-to-date: /home/hans/ros2_ws/install/share/ros2_control_demo_example_2/launch/diffbot.launch.py
[0.562s] -- Up-to-date: /home/hans/ros2_ws/install/share/ros2_control_demo_example_2/config
[0.562s] -- Up-to-date: /home/hans/ros2_ws/install/share/ros2_control_demo_example_2/config/diffbot_controllers.yaml
[0.562s] -- Up-to-date: /home/hans/ros2_ws/install/lib/libros2_control_demo_example_2.so
[0.562s] -- Up-to-date: /home/hans/ros2_ws/install/share/ros2_control_demo_example_2/environment/library_path.sh
[0.562s] -- Up-to-date: /home/hans/ros2_ws/install/share/ros2_control_demo_example_2/environment/library_path.dsv
[0.563s] -- Up-to-date: /home/hans/ros2_ws/install/share/ament_index/resource_index/package_run_dependencies/ros2_control_demo_example_2
[0.563s] -- Up-to-date: /home/hans/ros2_ws/install/share/ament_index/resource_index/parent_prefix_path/ros2_control_demo_example_2
[0.563s] -- Up-to-date: /home/hans/ros2_ws/install/share/ros2_control_demo_example_2/environment/ament_prefix_path.sh
[0.563s] -- Up-to-date: /home/hans/ros2_ws/install/share/ros2_control_demo_example_2/environment/ament_prefix_path.dsv
[0.563s] -- Up-to-date: /home/hans/ros2_ws/install/share/ros2_control_demo_example_2/environment/path.sh
[0.563s] -- Up-to-date: /home/hans/ros2_ws/install/share/ros2_control_demo_example_2/environment/path.dsv
[0.564s] -- Up-to-date: /home/hans/ros2_ws/install/share/ros2_control_demo_example_2/local_setup.bash
[0.564s] -- Up-to-date: /home/hans/ros2_ws/install/share/ros2_control_demo_example_2/local_setup.sh
[0.564s] -- Up-to-date: /home/hans/ros2_ws/install/share/ros2_control_demo_example_2/local_setup.zsh
[0.564s] -- Up-to-date: /home/hans/ros2_ws/install/share/ros2_control_demo_example_2/local_setup.dsv
[0.564s] -- Installing: /home/hans/ros2_ws/install/share/ros2_control_demo_example_2/package.dsv
[0.565s] -- Up-to-date: /home/hans/ros2_ws/install/share/ament_index/resource_index/packages/ros2_control_demo_example_2
[0.565s] -- Up-to-date: /home/hans/ros2_ws/install/share/ament_index/resource_index/hardware_interface__pluginlib__plugin/ros2_control_demo_example_2
[0.565s] -- Up-to-date: /home/hans/ros2_ws/install/share/ros2_control_demo_example_2/cmake/export_ros2_control_demo_example_2Export.cmake
[0.565s] -- Up-to-date: /home/hans/ros2_ws/install/share/ros2_control_demo_example_2/cmake/export_ros2_control_demo_example_2Export-noconfig.cmake
[0.565s] -- Up-to-date: /home/hans/ros2_ws/install/share/ros2_control_demo_example_2/cmake/ament_cmake_export_targets-extras.cmake
[0.566s] -- Up-to-date: /home/hans/ros2_ws/install/share/ros2_control_demo_example_2/cmake/ament_cmake_export_dependencies-extras.cmake
[0.566s] -- Up-to-date: /home/hans/ros2_ws/install/share/ros2_control_demo_example_2/cmake/ros2_control_demo_example_2Config.cmake
[0.566s] -- Up-to-date: /home/hans/ros2_ws/install/share/ros2_control_demo_example_2/cmake/ros2_control_demo_example_2Config-version.cmake
[0.566s] -- Up-to-date: /home/hans/ros2_ws/install/share/ros2_control_demo_example_2/package.xml
[0.612s] Invoked command in '/home/hans/ros2_ws/build/ros2_control_demo_example_2' returned '0': CMAKE_PREFIX_PATH=${CMAKE_PREFIX_PATH}:/opt/ros/iron /usr/bin/cmake --install /home/hans/ros2_ws/build/ros2_control_demo_example_2
