[0.164s] Invoking command in '/home/hans/ros2_ws/build/ros2_control_demo_example_4': CMAKE_PREFIX_PATH=${CMAKE_PREFIX_PATH}:/opt/ros/iron /usr/bin/cmake --build /home/hans/ros2_ws/build/ros2_control_demo_example_4 -- -j4 -l4
[0.580s] [100%] Built target ros2_control_demo_example_4
[0.684s] Invoked command in '/home/hans/ros2_ws/build/ros2_control_demo_example_4' returned '0': CMAKE_PREFIX_PATH=${CMAKE_PREFIX_PATH}:/opt/ros/iron /usr/bin/cmake --build /home/hans/ros2_ws/build/ros2_control_demo_example_4 -- -j4 -l4
[0.862s] Invoking command in '/home/hans/ros2_ws/build/ros2_control_demo_example_4': CMAKE_PREFIX_PATH=${CMAKE_PREFIX_PATH}:/opt/ros/iron /usr/bin/cmake --install /home/hans/ros2_ws/build/ros2_control_demo_example_4
[0.911s] -- Install configuration: ""
[0.911s] -- Up-to-date: /home/hans/ros2_ws/install/share/ros2_control_demo_example_4/ros2_control_demo_example_4.xml
[0.911s] -- Up-to-date: /home/hans/ros2_ws/install/include/ros2_control_demo_example_4
[0.911s] -- Up-to-date: /home/hans/ros2_ws/install/include/ros2_control_demo_example_4/ros2_control_demo_example_4
[0.911s] -- Up-to-date: /home/hans/ros2_ws/install/include/ros2_control_demo_example_4/ros2_control_demo_example_4/rrbot_system_with_sensor.hpp
[0.912s] -- Up-to-date: /home/hans/ros2_ws/install/share/ros2_control_demo_example_4/launch
[0.912s] -- Up-to-date: /home/hans/ros2_ws/install/share/ros2_control_demo_example_4/launch/view_robot.launch.py
[0.913s] -- Up-to-date: /home/hans/ros2_ws/install/share/ros2_control_demo_example_4/ros2_control
[0.913s] -- Up-to-date: /home/hans/ros2_ws/install/share/ros2_control_demo_example_4/ros2_control/rrbot_system_with_sensor.ros2_control.xacro
[0.913s] -- Up-to-date: /home/hans/ros2_ws/install/share/ros2_control_demo_example_4/urdf
[0.915s] -- Up-to-date: /home/hans/ros2_ws/install/share/ros2_control_demo_example_4/urdf/rrbot_system_with_sensor.urdf.xacro
[0.919s] -- Up-to-date: /home/hans/ros2_ws/install/share/ros2_control_demo_example_4/rviz
[0.920s] -- Up-to-date: /home/hans/ros2_ws/install/share/ros2_control_demo_example_4/rviz/rrbot.rviz
[0.920s] -- Up-to-date: /home/hans/ros2_ws/install/share/ros2_control_demo_example_4/launch
[0.920s] -- Up-to-date: /home/hans/ros2_ws/install/share/ros2_control_demo_example_4/launch/test_forward_position_controller.launch.py
[0.920s] -- Up-to-date: /home/hans/ros2_ws/install/share/ros2_control_demo_example_4/launch/rrbot_system_with_sensor.launch.py
[0.921s] -- Up-to-date: /home/hans/ros2_ws/install/share/ros2_control_demo_example_4/config
[0.921s] -- Up-to-date: /home/hans/ros2_ws/install/share/ros2_control_demo_example_4/config/rrbot_forward_position_publisher.yaml
[0.921s] -- Up-to-date: /home/hans/ros2_ws/install/share/ros2_control_demo_example_4/config/rrbot_with_sensor_controllers.yaml
[0.921s] -- Up-to-date: /home/hans/ros2_ws/install/lib/libros2_control_demo_example_4.so
[0.921s] -- Up-to-date: /home/hans/ros2_ws/install/share/ros2_control_demo_example_4/environment/library_path.sh
[0.922s] -- Up-to-date: /home/hans/ros2_ws/install/share/ros2_control_demo_example_4/environment/library_path.dsv
[0.922s] -- Up-to-date: /home/hans/ros2_ws/install/share/ament_index/resource_index/package_run_dependencies/ros2_control_demo_example_4
[0.922s] -- Up-to-date: /home/hans/ros2_ws/install/share/ament_index/resource_index/parent_prefix_path/ros2_control_demo_example_4
[0.922s] -- Up-to-date: /home/hans/ros2_ws/install/share/ros2_control_demo_example_4/environment/ament_prefix_path.sh
[0.922s] -- Up-to-date: /home/hans/ros2_ws/install/share/ros2_control_demo_example_4/environment/ament_prefix_path.dsv
[0.923s] -- Up-to-date: /home/hans/ros2_ws/install/share/ros2_control_demo_example_4/environment/path.sh
[0.923s] -- Up-to-date: /home/hans/ros2_ws/install/share/ros2_control_demo_example_4/environment/path.dsv
[0.923s] -- Up-to-date: /home/hans/ros2_ws/install/share/ros2_control_demo_example_4/local_setup.bash
[0.923s] -- Up-to-date: /home/hans/ros2_ws/install/share/ros2_control_demo_example_4/local_setup.sh
[0.926s] -- Up-to-date: /home/hans/ros2_ws/install/share/ros2_control_demo_example_4/local_setup.zsh
[0.926s] -- Up-to-date: /home/hans/ros2_ws/install/share/ros2_control_demo_example_4/local_setup.dsv
[0.926s] -- Installing: /home/hans/ros2_ws/install/share/ros2_control_demo_example_4/package.dsv
[0.927s] -- Up-to-date: /home/hans/ros2_ws/install/share/ament_index/resource_index/packages/ros2_control_demo_example_4
[0.927s] -- Up-to-date: /home/hans/ros2_ws/install/share/ament_index/resource_index/hardware_interface__pluginlib__plugin/ros2_control_demo_example_4
[0.927s] -- Up-to-date: /home/hans/ros2_ws/install/share/ros2_control_demo_example_4/cmake/export_ros2_control_demo_example_4Export.cmake
[0.927s] -- Up-to-date: /home/hans/ros2_ws/install/share/ros2_control_demo_example_4/cmake/export_ros2_control_demo_example_4Export-noconfig.cmake
[0.927s] -- Up-to-date: /home/hans/ros2_ws/install/share/ros2_control_demo_example_4/cmake/ament_cmake_export_targets-extras.cmake
[0.928s] -- Up-to-date: /home/hans/ros2_ws/install/share/ros2_control_demo_example_4/cmake/ament_cmake_export_dependencies-extras.cmake
[0.928s] -- Up-to-date: /home/hans/ros2_ws/install/share/ros2_control_demo_example_4/cmake/ros2_control_demo_example_4Config.cmake
[0.928s] -- Up-to-date: /home/hans/ros2_ws/install/share/ros2_control_demo_example_4/cmake/ros2_control_demo_example_4Config-version.cmake
[0.928s] -- Up-to-date: /home/hans/ros2_ws/install/share/ros2_control_demo_example_4/package.xml
[0.939s] Invoked command in '/home/hans/ros2_ws/build/ros2_control_demo_example_4' returned '0': CMAKE_PREFIX_PATH=${CMAKE_PREFIX_PATH}:/opt/ros/iron /usr/bin/cmake --install /home/hans/ros2_ws/build/ros2_control_demo_example_4
