[0.075s] Invoking command in '/home/hans/ros2_ws/build/ros2_control_demo_description': CMAKE_PREFIX_PATH=${CMAKE_PREFIX_PATH}:/opt/ros/iron /usr/bin/cmake --build /home/hans/ros2_ws/build/ros2_control_demo_description -- -j4 -l4
[0.855s] Invoked command in '/home/hans/ros2_ws/build/ros2_control_demo_description' returned '0': CMAKE_PREFIX_PATH=${CMAKE_PREFIX_PATH}:/opt/ros/iron /usr/bin/cmake --build /home/hans/ros2_ws/build/ros2_control_demo_description -- -j4 -l4
[0.950s] Invoking command in '/home/hans/ros2_ws/build/ros2_control_demo_description': CMAKE_PREFIX_PATH=${CMAKE_PREFIX_PATH}:/opt/ros/iron /usr/bin/cmake --install /home/hans/ros2_ws/build/ros2_control_demo_description
[0.974s] -- Install configuration: ""
[0.976s] -- Up-to-date: /home/hans/ros2_ws/install/share/ros2_control_demo_description/rrbot/urdf
[0.976s] -- Up-to-date: /home/hans/ros2_ws/install/share/ros2_control_demo_description/rrbot/urdf/rrbot_description.urdf.xacro
[0.976s] -- Up-to-date: /home/hans/ros2_ws/install/share/ros2_control_demo_description/rrbot/urdf/rrbot.materials.xacro
[0.976s] -- Up-to-date: /home/hans/ros2_ws/install/share/ros2_control_demo_description/rrbot/rviz
[0.980s] -- Up-to-date: /home/hans/ros2_ws/install/share/ros2_control_demo_description/rrbot/rviz/rrbot.rviz
[0.981s] -- Up-to-date: /home/hans/ros2_ws/install/share/ros2_control_demo_description/diffbot/urdf
[0.981s] -- Up-to-date: /home/hans/ros2_ws/install/share/ros2_control_demo_description/diffbot/urdf/diffbot.materials.xacro
[0.981s] -- Up-to-date: /home/hans/ros2_ws/install/share/ros2_control_demo_description/diffbot/urdf/diffbot_description.urdf.xacro
[0.981s] -- Up-to-date: /home/hans/ros2_ws/install/share/ros2_control_demo_description/diffbot/rviz
[0.981s] -- Up-to-date: /home/hans/ros2_ws/install/share/ros2_control_demo_description/diffbot/rviz/diffbot.rviz
[0.981s] -- Up-to-date: /home/hans/ros2_ws/install/share/ros2_control_demo_description/diffbot/rviz/diffbot_view.rviz
[0.988s] -- Up-to-date: /home/hans/ros2_ws/install/share/ros2_control_demo_description/carlikebot/urdf
[0.988s] -- Up-to-date: /home/hans/ros2_ws/install/share/ros2_control_demo_description/carlikebot/urdf/carlikebot_description.urdf.xacro
[0.990s] -- Up-to-date: /home/hans/ros2_ws/install/share/ros2_control_demo_description/carlikebot/urdf/carlikebot.materials.xacro
[0.990s] -- Up-to-date: /home/hans/ros2_ws/install/share/ros2_control_demo_description/carlikebot/rviz
[0.990s] -- Up-to-date: /home/hans/ros2_ws/install/share/ros2_control_demo_description/carlikebot/rviz/carlikebot.rviz
[0.990s] -- Up-to-date: /home/hans/ros2_ws/install/share/ros2_control_demo_description/carlikebot/rviz/carlikebot_view.rviz
[0.991s] -- Up-to-date: /home/hans/ros2_ws/install/share/ros2_control_demo_description/r6bot/meshes
[0.992s] -- Up-to-date: /home/hans/ros2_ws/install/share/ros2_control_demo_description/r6bot/meshes/visual
[0.994s] -- Up-to-date: /home/hans/ros2_ws/install/share/ros2_control_demo_description/r6bot/meshes/visual/link_1.dae
[0.996s] -- Up-to-date: /home/hans/ros2_ws/install/share/ros2_control_demo_description/r6bot/meshes/visual/link_2.dae
[0.996s] -- Up-to-date: /home/hans/ros2_ws/install/share/ros2_control_demo_description/r6bot/meshes/visual/link_5.dae
[0.996s] -- Up-to-date: /home/hans/ros2_ws/install/share/ros2_control_demo_description/r6bot/meshes/visual/link_4.dae
[0.996s] -- Up-to-date: /home/hans/ros2_ws/install/share/ros2_control_demo_description/r6bot/meshes/visual/link_6.dae
[0.996s] -- Up-to-date: /home/hans/ros2_ws/install/share/ros2_control_demo_description/r6bot/meshes/visual/link_3.dae
[0.997s] -- Up-to-date: /home/hans/ros2_ws/install/share/ros2_control_demo_description/r6bot/meshes/visual/link_0.dae
[0.997s] -- Up-to-date: /home/hans/ros2_ws/install/share/ros2_control_demo_description/r6bot/meshes/collision
[0.997s] -- Up-to-date: /home/hans/ros2_ws/install/share/ros2_control_demo_description/r6bot/meshes/collision/link_3.stl
[0.997s] -- Up-to-date: /home/hans/ros2_ws/install/share/ros2_control_demo_description/r6bot/meshes/collision/link_5.stl
[0.997s] -- Up-to-date: /home/hans/ros2_ws/install/share/ros2_control_demo_description/r6bot/meshes/collision/link_4.stl
[0.999s] -- Up-to-date: /home/hans/ros2_ws/install/share/ros2_control_demo_description/r6bot/meshes/collision/link_0.stl
[1.000s] -- Up-to-date: /home/hans/ros2_ws/install/share/ros2_control_demo_description/r6bot/meshes/collision/link_6.stl
[1.000s] -- Up-to-date: /home/hans/ros2_ws/install/share/ros2_control_demo_description/r6bot/meshes/collision/link_2.stl
[1.000s] -- Up-to-date: /home/hans/ros2_ws/install/share/ros2_control_demo_description/r6bot/meshes/collision/link_1.stl
[1.001s] -- Up-to-date: /home/hans/ros2_ws/install/share/ros2_control_demo_description/r6bot/srdf
[1.001s] -- Up-to-date: /home/hans/ros2_ws/install/share/ros2_control_demo_description/r6bot/srdf/r6bot.srdf
[1.001s] -- Up-to-date: /home/hans/ros2_ws/install/share/ros2_control_demo_description/r6bot/urdf
[1.001s] -- Up-to-date: /home/hans/ros2_ws/install/share/ros2_control_demo_description/r6bot/urdf/inc
[1.002s] -- Up-to-date: /home/hans/ros2_ws/install/share/ros2_control_demo_description/r6bot/urdf/inc/create_link.xacro
[1.002s] -- Up-to-date: /home/hans/ros2_ws/install/share/ros2_control_demo_description/r6bot/urdf/r6bot_description.urdf.xacro
[1.002s] -- Up-to-date: /home/hans/ros2_ws/install/share/ros2_control_demo_description/r6bot/rviz
[1.002s] -- Up-to-date: /home/hans/ros2_ws/install/share/ros2_control_demo_description/r6bot/rviz/view_robot.rviz
[1.002s] -- Up-to-date: /home/hans/ros2_ws/install/share/ament_index/resource_index/package_run_dependencies/ros2_control_demo_description
[1.003s] -- Up-to-date: /home/hans/ros2_ws/install/share/ament_index/resource_index/parent_prefix_path/ros2_control_demo_description
[1.003s] -- Up-to-date: /home/hans/ros2_ws/install/share/ros2_control_demo_description/environment/ament_prefix_path.sh
[1.003s] -- Up-to-date: /home/hans/ros2_ws/install/share/ros2_control_demo_description/environment/ament_prefix_path.dsv
[1.003s] -- Up-to-date: /home/hans/ros2_ws/install/share/ros2_control_demo_description/environment/path.sh
[1.003s] -- Up-to-date: /home/hans/ros2_ws/install/share/ros2_control_demo_description/environment/path.dsv
[1.010s] -- Up-to-date: /home/hans/ros2_ws/install/share/ros2_control_demo_description/local_setup.bash
[1.010s] -- Up-to-date: /home/hans/ros2_ws/install/share/ros2_control_demo_description/local_setup.sh
[1.010s] -- Up-to-date: /home/hans/ros2_ws/install/share/ros2_control_demo_description/local_setup.zsh
[1.010s] -- Up-to-date: /home/hans/ros2_ws/install/share/ros2_control_demo_description/local_setup.dsv
[1.010s] -- Installing: /home/hans/ros2_ws/install/share/ros2_control_demo_description/package.dsv
[1.011s] -- Up-to-date: /home/hans/ros2_ws/install/share/ament_index/resource_index/packages/ros2_control_demo_description
[1.011s] -- Up-to-date: /home/hans/ros2_ws/install/share/ros2_control_demo_description/cmake/ros2_control_demo_descriptionConfig.cmake
[1.011s] -- Up-to-date: /home/hans/ros2_ws/install/share/ros2_control_demo_description/cmake/ros2_control_demo_descriptionConfig-version.cmake
[1.011s] -- Up-to-date: /home/hans/ros2_ws/install/share/ros2_control_demo_description/package.xml
[1.011s] Invoked command in '/home/hans/ros2_ws/build/ros2_control_demo_description' returned '0': CMAKE_PREFIX_PATH=${CMAKE_PREFIX_PATH}:/opt/ros/iron /usr/bin/cmake --install /home/hans/ros2_ws/build/ros2_control_demo_description
