[0.012s] Invoking command in '/home/hans/ros2_ws/build/ros2_control_demo_example_5': AMENT_PREFIX_PATH=/home/hans/ros2_ws/install:${AMENT_PREFIX_PATH} CMAKE_PREFIX_PATH=/home/hans/ros2_ws/install:/opt/ros/iron LD_LIBRARY_PATH=/home/hans/ros2_ws/install/lib:${LD_LIBRARY_PATH} PYTHONPATH=/home/hans/ros2_ws/install/lib/python3.10/site-packages:${PYTHONPATH} /usr/bin/cmake --build /home/hans/ros2_ws/build/ros2_control_demo_example_5 -- -j1 -l1
[0.105s] [35m[1mConsolidate compiler generated dependencies of target ros2_control_demo_example_5[0m
[0.126s] [100%] Built target ros2_control_demo_example_5
[0.137s] Invoked command in '/home/hans/ros2_ws/build/ros2_control_demo_example_5' returned '0': AMENT_PREFIX_PATH=/home/hans/ros2_ws/install:${AMENT_PREFIX_PATH} CMAKE_PREFIX_PATH=/home/hans/ros2_ws/install:/opt/ros/iron LD_LIBRARY_PATH=/home/hans/ros2_ws/install/lib:${LD_LIBRARY_PATH} PYTHONPATH=/home/hans/ros2_ws/install/lib/python3.10/site-packages:${PYTHONPATH} /usr/bin/cmake --build /home/hans/ros2_ws/build/ros2_control_demo_example_5 -- -j1 -l1
[0.175s] Invoking command in '/home/hans/ros2_ws/build/ros2_control_demo_example_5': AMENT_PREFIX_PATH=/home/hans/ros2_ws/install:${AMENT_PREFIX_PATH} CMAKE_PREFIX_PATH=/home/hans/ros2_ws/install:/opt/ros/iron LD_LIBRARY_PATH=/home/hans/ros2_ws/install/lib:${LD_LIBRARY_PATH} PYTHONPATH=/home/hans/ros2_ws/install/lib/python3.10/site-packages:${PYTHONPATH} /usr/bin/cmake --install /home/hans/ros2_ws/build/ros2_control_demo_example_5
[0.192s] -- Install configuration: ""
[0.193s] -- Up-to-date: /home/hans/ros2_ws/install/share/ros2_control_demo_example_5/ros2_control_demo_example_5.xml
[0.194s] -- Up-to-date: /home/hans/ros2_ws/install/include/ros2_control_demo_example_5
[0.195s] -- Up-to-date: /home/hans/ros2_ws/install/include/ros2_control_demo_example_5/ros2_control_demo_example_5
[0.195s] -- Up-to-date: /home/hans/ros2_ws/install/include/ros2_control_demo_example_5/ros2_control_demo_example_5/external_rrbot_force_torque_sensor.hpp
[0.195s] -- Up-to-date: /home/hans/ros2_ws/install/include/ros2_control_demo_example_5/ros2_control_demo_example_5/rrbot.hpp
[0.195s] -- Up-to-date: /home/hans/ros2_ws/install/share/ros2_control_demo_example_5/launch
[0.195s] -- Up-to-date: /home/hans/ros2_ws/install/share/ros2_control_demo_example_5/launch/view_robot.launch.py
[0.197s] -- Up-to-date: /home/hans/ros2_ws/install/share/ros2_control_demo_example_5/ros2_control
[0.197s] -- Up-to-date: /home/hans/ros2_ws/install/share/ros2_control_demo_example_5/ros2_control/external_rrbot_force_torque_sensor.ros2_control.xacro
[0.197s] -- Up-to-date: /home/hans/ros2_ws/install/share/ros2_control_demo_example_5/ros2_control/rrbot_system_position_only.ros2_control.xacro
[0.197s] -- Up-to-date: /home/hans/ros2_ws/install/share/ros2_control_demo_example_5/urdf
[0.199s] -- Up-to-date: /home/hans/ros2_ws/install/share/ros2_control_demo_example_5/urdf/rrbot_system_with_external_sensor.urdf.xacro
[0.199s] -- Up-to-date: /home/hans/ros2_ws/install/share/ros2_control_demo_example_5/rviz
[0.199s] -- Up-to-date: /home/hans/ros2_ws/install/share/ros2_control_demo_example_5/rviz/rrbot.rviz
[0.199s] -- Up-to-date: /home/hans/ros2_ws/install/share/ros2_control_demo_example_5/launch
[0.200s] -- Up-to-date: /home/hans/ros2_ws/install/share/ros2_control_demo_example_5/launch/test_forward_position_controller.launch.py
[0.200s] -- Up-to-date: /home/hans/ros2_ws/install/share/ros2_control_demo_example_5/launch/rrbot_system_with_external_sensor.launch.py
[0.200s] -- Up-to-date: /home/hans/ros2_ws/install/share/ros2_control_demo_example_5/config
[0.202s] -- Up-to-date: /home/hans/ros2_ws/install/share/ros2_control_demo_example_5/config/rrbot_forward_position_publisher.yaml
[0.202s] -- Up-to-date: /home/hans/ros2_ws/install/share/ros2_control_demo_example_5/config/rrbot_with_external_sensor_controllers.yaml
[0.203s] -- Up-to-date: /home/hans/ros2_ws/install/lib/libros2_control_demo_example_5.so
[0.203s] -- Up-to-date: /home/hans/ros2_ws/install/share/ros2_control_demo_example_5/environment/library_path.sh
[0.203s] -- Up-to-date: /home/hans/ros2_ws/install/share/ros2_control_demo_example_5/environment/library_path.dsv
[0.205s] -- Up-to-date: /home/hans/ros2_ws/install/share/ament_index/resource_index/package_run_dependencies/ros2_control_demo_example_5
[0.205s] -- Up-to-date: /home/hans/ros2_ws/install/share/ament_index/resource_index/parent_prefix_path/ros2_control_demo_example_5
[0.206s] -- Up-to-date: /home/hans/ros2_ws/install/share/ros2_control_demo_example_5/environment/ament_prefix_path.sh
[0.207s] -- Up-to-date: /home/hans/ros2_ws/install/share/ros2_control_demo_example_5/environment/ament_prefix_path.dsv
[0.207s] -- Up-to-date: /home/hans/ros2_ws/install/share/ros2_control_demo_example_5/environment/path.sh
[0.207s] -- Up-to-date: /home/hans/ros2_ws/install/share/ros2_control_demo_example_5/environment/path.dsv
[0.207s] -- Up-to-date: /home/hans/ros2_ws/install/share/ros2_control_demo_example_5/local_setup.bash
[0.207s] -- Up-to-date: /home/hans/ros2_ws/install/share/ros2_control_demo_example_5/local_setup.sh
[0.207s] -- Up-to-date: /home/hans/ros2_ws/install/share/ros2_control_demo_example_5/local_setup.zsh
[0.207s] -- Up-to-date: /home/hans/ros2_ws/install/share/ros2_control_demo_example_5/local_setup.dsv
[0.207s] -- Installing: /home/hans/ros2_ws/install/share/ros2_control_demo_example_5/package.dsv
[0.207s] -- Up-to-date: /home/hans/ros2_ws/install/share/ament_index/resource_index/packages/ros2_control_demo_example_5
[0.209s] -- Up-to-date: /home/hans/ros2_ws/install/share/ament_index/resource_index/hardware_interface__pluginlib__plugin/ros2_control_demo_example_5
[0.209s] -- Up-to-date: /home/hans/ros2_ws/install/share/ros2_control_demo_example_5/cmake/export_ros2_control_demo_example_5Export.cmake
[0.209s] -- Up-to-date: /home/hans/ros2_ws/install/share/ros2_control_demo_example_5/cmake/export_ros2_control_demo_example_5Export-noconfig.cmake
[0.210s] -- Up-to-date: /home/hans/ros2_ws/install/share/ros2_control_demo_example_5/cmake/ament_cmake_export_targets-extras.cmake
[0.210s] -- Up-to-date: /home/hans/ros2_ws/install/share/ros2_control_demo_example_5/cmake/ament_cmake_export_dependencies-extras.cmake
[0.210s] -- Up-to-date: /home/hans/ros2_ws/install/share/ros2_control_demo_example_5/cmake/ros2_control_demo_example_5Config.cmake
[0.211s] -- Up-to-date: /home/hans/ros2_ws/install/share/ros2_control_demo_example_5/cmake/ros2_control_demo_example_5Config-version.cmake
[0.212s] -- Up-to-date: /home/hans/ros2_ws/install/share/ros2_control_demo_example_5/package.xml
[0.215s] Invoked command in '/home/hans/ros2_ws/build/ros2_control_demo_example_5' returned '0': AMENT_PREFIX_PATH=/home/hans/ros2_ws/install:${AMENT_PREFIX_PATH} CMAKE_PREFIX_PATH=/home/hans/ros2_ws/install:/opt/ros/iron LD_LIBRARY_PATH=/home/hans/ros2_ws/install/lib:${LD_LIBRARY_PATH} PYTHONPATH=/home/hans/ros2_ws/install/lib/python3.10/site-packages:${PYTHONPATH} /usr/bin/cmake --install /home/hans/ros2_ws/build/ros2_control_demo_example_5
