[0.071s] Invoking command in '/home/hans/ros2_ws/build/ros2_control_demos': AMENT_PREFIX_PATH=/home/hans/ros2_ws/install:${AMENT_PREFIX_PATH} CMAKE_PREFIX_PATH=/home/hans/ros2_ws/install:/opt/ros/iron LD_LIBRARY_PATH=/home/hans/ros2_ws/install/lib:${LD_LIBRARY_PATH} PYTHONPATH=/home/hans/ros2_ws/install/lib/python3.10/site-packages:${PYTHONPATH} /usr/bin/cmake /home/hans/ros2_ws/src/ros2_control_demos/ros2_control_demos -DCMAKE_INSTALL_PREFIX=/home/hans/ros2_ws/install
[0.135s] -- The C compiler identification is GNU 11.4.0
[0.199s] -- The CXX compiler identification is GNU 11.4.0
[0.207s] -- Detecting C compiler ABI info
[0.289s] -- Detecting C compiler ABI info - done
[0.293s] -- Check for working C compiler: /usr/bin/cc - skipped
[0.293s] -- Detecting C compile features
[0.294s] -- Detecting C compile features - done
[0.296s] -- Detecting CXX compiler ABI info
[0.435s] -- Detecting CXX compiler ABI info - done
[0.440s] -- Check for working CXX compiler: /usr/bin/c++ - skipped
[0.441s] -- Detecting CXX compile features
[0.441s] -- Detecting CXX compile features - done
[0.444s] -- Found ament_cmake: 2.0.6 (/opt/ros/iron/share/ament_cmake/cmake)
[0.623s] -- Found Python3: /usr/bin/python3.10 (found version "3.10.12") found components: Interpreter 
[0.810s] -- Configuring done
[0.814s] -- Generating done
[0.815s] -- Build files have been written to: /home/hans/ros2_ws/build/ros2_control_demos
[0.820s] Invoked command in '/home/hans/ros2_ws/build/ros2_control_demos' returned '0': AMENT_PREFIX_PATH=/home/hans/ros2_ws/install:${AMENT_PREFIX_PATH} CMAKE_PREFIX_PATH=/home/hans/ros2_ws/install:/opt/ros/iron LD_LIBRARY_PATH=/home/hans/ros2_ws/install/lib:${LD_LIBRARY_PATH} PYTHONPATH=/home/hans/ros2_ws/install/lib/python3.10/site-packages:${PYTHONPATH} /usr/bin/cmake /home/hans/ros2_ws/src/ros2_control_demos/ros2_control_demos -DCMAKE_INSTALL_PREFIX=/home/hans/ros2_ws/install
[0.821s] Invoking command in '/home/hans/ros2_ws/build/ros2_control_demos': AMENT_PREFIX_PATH=/home/hans/ros2_ws/install:${AMENT_PREFIX_PATH} CMAKE_PREFIX_PATH=/home/hans/ros2_ws/install:/opt/ros/iron LD_LIBRARY_PATH=/home/hans/ros2_ws/install/lib:${LD_LIBRARY_PATH} PYTHONPATH=/home/hans/ros2_ws/install/lib/python3.10/site-packages:${PYTHONPATH} /usr/bin/cmake --build /home/hans/ros2_ws/build/ros2_control_demos -- -j1 -l1
[0.895s] Invoked command in '/home/hans/ros2_ws/build/ros2_control_demos' returned '0': AMENT_PREFIX_PATH=/home/hans/ros2_ws/install:${AMENT_PREFIX_PATH} CMAKE_PREFIX_PATH=/home/hans/ros2_ws/install:/opt/ros/iron LD_LIBRARY_PATH=/home/hans/ros2_ws/install/lib:${LD_LIBRARY_PATH} PYTHONPATH=/home/hans/ros2_ws/install/lib/python3.10/site-packages:${PYTHONPATH} /usr/bin/cmake --build /home/hans/ros2_ws/build/ros2_control_demos -- -j1 -l1
[0.943s] Invoking command in '/home/hans/ros2_ws/build/ros2_control_demos': AMENT_PREFIX_PATH=/home/hans/ros2_ws/install:${AMENT_PREFIX_PATH} CMAKE_PREFIX_PATH=/home/hans/ros2_ws/install:/opt/ros/iron LD_LIBRARY_PATH=/home/hans/ros2_ws/install/lib:${LD_LIBRARY_PATH} PYTHONPATH=/home/hans/ros2_ws/install/lib/python3.10/site-packages:${PYTHONPATH} /usr/bin/cmake --install /home/hans/ros2_ws/build/ros2_control_demos
[0.954s] -- Install configuration: ""
[0.954s] -- Installing: /home/hans/ros2_ws/install/share/ament_index/resource_index/package_run_dependencies/ros2_control_demos
[0.956s] -- Installing: /home/hans/ros2_ws/install/share/ament_index/resource_index/parent_prefix_path/ros2_control_demos
[0.956s] -- Installing: /home/hans/ros2_ws/install/share/ros2_control_demos/environment/ament_prefix_path.sh
[0.956s] -- Installing: /home/hans/ros2_ws/install/share/ros2_control_demos/environment/ament_prefix_path.dsv
[0.956s] -- Installing: /home/hans/ros2_ws/install/share/ros2_control_demos/environment/path.sh
[0.956s] -- Installing: /home/hans/ros2_ws/install/share/ros2_control_demos/environment/path.dsv
[0.956s] -- Installing: /home/hans/ros2_ws/install/share/ros2_control_demos/local_setup.bash
[0.957s] -- Installing: /home/hans/ros2_ws/install/share/ros2_control_demos/local_setup.sh
[0.957s] -- Installing: /home/hans/ros2_ws/install/share/ros2_control_demos/local_setup.zsh
[0.957s] -- Installing: /home/hans/ros2_ws/install/share/ros2_control_demos/local_setup.dsv
[0.958s] -- Installing: /home/hans/ros2_ws/install/share/ros2_control_demos/package.dsv
[0.958s] -- Installing: /home/hans/ros2_ws/install/share/ament_index/resource_index/packages/ros2_control_demos
[0.958s] -- Installing: /home/hans/ros2_ws/install/share/ros2_control_demos/cmake/ros2_control_demosConfig.cmake
[0.958s] -- Installing: /home/hans/ros2_ws/install/share/ros2_control_demos/cmake/ros2_control_demosConfig-version.cmake
[0.959s] -- Installing: /home/hans/ros2_ws/install/share/ros2_control_demos/package.xml
[0.961s] Invoked command in '/home/hans/ros2_ws/build/ros2_control_demos' returned '0': AMENT_PREFIX_PATH=/home/hans/ros2_ws/install:${AMENT_PREFIX_PATH} CMAKE_PREFIX_PATH=/home/hans/ros2_ws/install:/opt/ros/iron LD_LIBRARY_PATH=/home/hans/ros2_ws/install/lib:${LD_LIBRARY_PATH} PYTHONPATH=/home/hans/ros2_ws/install/lib/python3.10/site-packages:${PYTHONPATH} /usr/bin/cmake --install /home/hans/ros2_ws/build/ros2_control_demos
