[0.020s] Invoking command in '/home/hans/ros2_ws/build/ros2_control_demo_example_1': AMENT_PREFIX_PATH=/home/hans/ros2_ws/install:${AMENT_PREFIX_PATH} CMAKE_PREFIX_PATH=/home/hans/ros2_ws/install:/opt/ros/iron PYTHONPATH=/home/hans/ros2_ws/install/lib/python3.10/site-packages:${PYTHONPATH} /usr/bin/cmake /home/hans/ros2_ws/src/ros2_control_demos/example_1 -DCMAKE_INSTALL_PREFIX=/home/hans/ros2_ws/install
[0.052s] -- Found ament_cmake: 2.0.6 (/opt/ros/iron/share/ament_cmake/cmake)
[0.240s] -- Found Python3: /usr/bin/python3.10 (found version "3.10.12") found components: Interpreter 
[0.316s] -- Found hardware_interface: 3.28.0 (/opt/ros/iron/share/hardware_interface/cmake)
[0.375s] -- Found rosidl_generator_c: 4.0.1 (/opt/ros/iron/share/rosidl_generator_c/cmake)
[0.385s] -- Found rosidl_generator_cpp: 4.0.1 (/opt/ros/iron/share/rosidl_generator_cpp/cmake)
[0.399s] -- Using all available rosidl_typesupport_c: rosidl_typesupport_fastrtps_c;rosidl_typesupport_introspection_c
[0.416s] -- Using all available rosidl_typesupport_cpp: rosidl_typesupport_fastrtps_cpp;rosidl_typesupport_introspection_cpp
[1.196s] -- Found rmw_implementation_cmake: 7.1.0 (/opt/ros/iron/share/rmw_implementation_cmake/cmake)
[1.200s] -- Found rmw_fastrtps_cpp: 7.1.4 (/opt/ros/iron/share/rmw_fastrtps_cpp/cmake)
[1.246s] -- Found TinyXML2 via Config file: TinyXML2_DIR-NOTFOUND
[1.294s] -- Found OpenSSL: /usr/lib/x86_64-linux-gnu/libcrypto.so (found version "3.0.2")  
[1.298s] -- Found TinyXML2 via Config file: TinyXML2_DIR-NOTFOUND
[1.314s] -- Found FastRTPS: /opt/ros/iron/include  
[1.320s] -- Found TinyXML2 via Config file: TinyXML2_DIR-NOTFOUND
[1.335s] -- Found TinyXML2 via Config file: TinyXML2_DIR-NOTFOUND
[1.349s] -- Using RMW implementation 'rmw_fastrtps_cpp' as default
[1.574s] -- Found ament_cmake_pytest: 2.0.6 (/opt/ros/iron/share/ament_cmake_pytest/cmake)
[2.632s] -- Configuring done
[2.660s] -- Generating done
[2.661s] -- Build files have been written to: /home/hans/ros2_ws/build/ros2_control_demo_example_1
[2.670s] Invoked command in '/home/hans/ros2_ws/build/ros2_control_demo_example_1' returned '0': AMENT_PREFIX_PATH=/home/hans/ros2_ws/install:${AMENT_PREFIX_PATH} CMAKE_PREFIX_PATH=/home/hans/ros2_ws/install:/opt/ros/iron PYTHONPATH=/home/hans/ros2_ws/install/lib/python3.10/site-packages:${PYTHONPATH} /usr/bin/cmake /home/hans/ros2_ws/src/ros2_control_demos/example_1 -DCMAKE_INSTALL_PREFIX=/home/hans/ros2_ws/install
[2.672s] Invoking command in '/home/hans/ros2_ws/build/ros2_control_demo_example_1': AMENT_PREFIX_PATH=/home/hans/ros2_ws/install:${AMENT_PREFIX_PATH} CMAKE_PREFIX_PATH=/home/hans/ros2_ws/install:/opt/ros/iron PYTHONPATH=/home/hans/ros2_ws/install/lib/python3.10/site-packages:${PYTHONPATH} /usr/bin/cmake --build /home/hans/ros2_ws/build/ros2_control_demo_example_1 -- -j1 -l1
[2.723s] [ 50%] [32mBuilding CXX object CMakeFiles/ros2_control_demo_example_1.dir/hardware/rrbot.cpp.o[0m
[7.774s] [100%] [32m[1mLinking CXX shared library libros2_control_demo_example_1.so[0m
[7.952s] [100%] Built target ros2_control_demo_example_1
[7.963s] Invoked command in '/home/hans/ros2_ws/build/ros2_control_demo_example_1' returned '0': AMENT_PREFIX_PATH=/home/hans/ros2_ws/install:${AMENT_PREFIX_PATH} CMAKE_PREFIX_PATH=/home/hans/ros2_ws/install:/opt/ros/iron PYTHONPATH=/home/hans/ros2_ws/install/lib/python3.10/site-packages:${PYTHONPATH} /usr/bin/cmake --build /home/hans/ros2_ws/build/ros2_control_demo_example_1 -- -j1 -l1
[7.996s] Invoking command in '/home/hans/ros2_ws/build/ros2_control_demo_example_1': AMENT_PREFIX_PATH=/home/hans/ros2_ws/install:${AMENT_PREFIX_PATH} CMAKE_PREFIX_PATH=/home/hans/ros2_ws/install:/opt/ros/iron PYTHONPATH=/home/hans/ros2_ws/install/lib/python3.10/site-packages:${PYTHONPATH} /usr/bin/cmake --install /home/hans/ros2_ws/build/ros2_control_demo_example_1
[8.009s] -- Install configuration: ""
[8.009s] -- Installing: /home/hans/ros2_ws/install/share/ros2_control_demo_example_1/ros2_control_demo_example_1.xml
[8.009s] -- Installing: /home/hans/ros2_ws/install/include/ros2_control_demo_example_1
[8.010s] -- Installing: /home/hans/ros2_ws/install/include/ros2_control_demo_example_1/ros2_control_demo_example_1
[8.010s] -- Installing: /home/hans/ros2_ws/install/include/ros2_control_demo_example_1/ros2_control_demo_example_1/rrbot.hpp
[8.010s] -- Installing: /home/hans/ros2_ws/install/share/ros2_control_demo_example_1/launch
[8.010s] -- Installing: /home/hans/ros2_ws/install/share/ros2_control_demo_example_1/launch/view_robot.launch.py
[8.011s] -- Installing: /home/hans/ros2_ws/install/share/ros2_control_demo_example_1/ros2_control
[8.011s] -- Installing: /home/hans/ros2_ws/install/share/ros2_control_demo_example_1/ros2_control/rrbot.ros2_control.xacro
[8.011s] -- Installing: /home/hans/ros2_ws/install/share/ros2_control_demo_example_1/urdf
[8.011s] -- Installing: /home/hans/ros2_ws/install/share/ros2_control_demo_example_1/urdf/rrbot.urdf.xacro
[8.012s] -- Up-to-date: /home/hans/ros2_ws/install/share/ros2_control_demo_example_1/launch
[8.012s] -- Installing: /home/hans/ros2_ws/install/share/ros2_control_demo_example_1/launch/test_forward_position_controller.launch.py
[8.013s] -- Installing: /home/hans/ros2_ws/install/share/ros2_control_demo_example_1/launch/rrbot.launch.py
[8.013s] -- Installing: /home/hans/ros2_ws/install/share/ros2_control_demo_example_1/launch/test_joint_trajectory_controller.launch.py
[8.013s] -- Installing: /home/hans/ros2_ws/install/share/ros2_control_demo_example_1/config
[8.013s] -- Installing: /home/hans/ros2_ws/install/share/ros2_control_demo_example_1/config/rrbot_forward_position_publisher.yaml
[8.013s] -- Installing: /home/hans/ros2_ws/install/share/ros2_control_demo_example_1/config/rrbot_joint_trajectory_publisher.yaml
[8.013s] -- Installing: /home/hans/ros2_ws/install/share/ros2_control_demo_example_1/config/rrbot_controllers.yaml
[8.014s] -- Installing: /home/hans/ros2_ws/install/lib/libros2_control_demo_example_1.so
[8.015s] -- Set runtime path of "/home/hans/ros2_ws/install/lib/libros2_control_demo_example_1.so" to ""
[8.015s] -- Installing: /home/hans/ros2_ws/install/share/ros2_control_demo_example_1/environment/library_path.sh
[8.015s] -- Installing: /home/hans/ros2_ws/install/share/ros2_control_demo_example_1/environment/library_path.dsv
[8.016s] -- Installing: /home/hans/ros2_ws/install/share/ament_index/resource_index/package_run_dependencies/ros2_control_demo_example_1
[8.016s] -- Installing: /home/hans/ros2_ws/install/share/ament_index/resource_index/parent_prefix_path/ros2_control_demo_example_1
[8.016s] -- Installing: /home/hans/ros2_ws/install/share/ros2_control_demo_example_1/environment/ament_prefix_path.sh
[8.016s] -- Installing: /home/hans/ros2_ws/install/share/ros2_control_demo_example_1/environment/ament_prefix_path.dsv
[8.017s] -- Installing: /home/hans/ros2_ws/install/share/ros2_control_demo_example_1/environment/path.sh
[8.017s] -- Installing: /home/hans/ros2_ws/install/share/ros2_control_demo_example_1/environment/path.dsv
[8.017s] -- Installing: /home/hans/ros2_ws/install/share/ros2_control_demo_example_1/local_setup.bash
[8.018s] -- Installing: /home/hans/ros2_ws/install/share/ros2_control_demo_example_1/local_setup.sh
[8.018s] -- Installing: /home/hans/ros2_ws/install/share/ros2_control_demo_example_1/local_setup.zsh
[8.018s] -- Installing: /home/hans/ros2_ws/install/share/ros2_control_demo_example_1/local_setup.dsv
[8.018s] -- Installing: /home/hans/ros2_ws/install/share/ros2_control_demo_example_1/package.dsv
[8.019s] -- Installing: /home/hans/ros2_ws/install/share/ament_index/resource_index/packages/ros2_control_demo_example_1
[8.019s] -- Installing: /home/hans/ros2_ws/install/share/ament_index/resource_index/hardware_interface__pluginlib__plugin/ros2_control_demo_example_1
[8.019s] -- Installing: /home/hans/ros2_ws/install/share/ros2_control_demo_example_1/cmake/export_ros2_control_demo_example_1Export.cmake
[8.020s] -- Installing: /home/hans/ros2_ws/install/share/ros2_control_demo_example_1/cmake/export_ros2_control_demo_example_1Export-noconfig.cmake
[8.020s] -- Installing: /home/hans/ros2_ws/install/share/ros2_control_demo_example_1/cmake/ament_cmake_export_targets-extras.cmake
[8.021s] -- Installing: /home/hans/ros2_ws/install/share/ros2_control_demo_example_1/cmake/ament_cmake_export_dependencies-extras.cmake
[8.021s] -- Installing: /home/hans/ros2_ws/install/share/ros2_control_demo_example_1/cmake/ros2_control_demo_example_1Config.cmake
[8.021s] -- Installing: /home/hans/ros2_ws/install/share/ros2_control_demo_example_1/cmake/ros2_control_demo_example_1Config-version.cmake
[8.021s] -- Installing: /home/hans/ros2_ws/install/share/ros2_control_demo_example_1/package.xml
[8.024s] Invoked command in '/home/hans/ros2_ws/build/ros2_control_demo_example_1' returned '0': AMENT_PREFIX_PATH=/home/hans/ros2_ws/install:${AMENT_PREFIX_PATH} CMAKE_PREFIX_PATH=/home/hans/ros2_ws/install:/opt/ros/iron PYTHONPATH=/home/hans/ros2_ws/install/lib/python3.10/site-packages:${PYTHONPATH} /usr/bin/cmake --install /home/hans/ros2_ws/build/ros2_control_demo_example_1
