[0.068s] Invoking command in '/home/hans/ros2_ws/build/thur': AMENT_PREFIX_PATH=/home/hans/ros2_ws/install CMAKE_PREFIX_PATH=/home/hans/ros2_ws/install LD_LIBRARY_PATH=/home/hans/ros2_ws/install/lib PYTHONPATH=/home/hans/ros2_ws/install/lib/python3.10/site-packages /usr/bin/cmake --build /home/hans/ros2_ws/build/thur -- -j4 -l4
[0.170s] [35m[1mConsolidate compiler generated dependencies of target thur[0m
[0.212s] [ 33%] [32mBuilding CXX object CMakeFiles/thur.dir/hardware/thur_diff.cpp.o[0m
[4.239s] [01m[K/home/hans/ros2_ws/src/ros2_control_demos/thur/hardware/thur_diff.cpp:[m[K In member function ‘[01m[Kvirtual hardware_interface::return_type thur::ThurSystemHardware::read(const rclcpp::Time&, const rclcpp::Duration&)[m[K’:
[4.239s] [01m[K/home/hans/ros2_ws/src/ros2_control_demos/thur/hardware/thur_diff.cpp:191:59:[m[K [01;35m[Kwarning: [m[Kunused parameter ‘[01m[Kperiod[m[K’ [[01;35m[K]8;;https://gcc.gnu.org/onlinedocs/gcc/Warning-Options.html#index-Wunused-parameter-Wunused-parameter]8;;[m[K]
[4.239s]   191 |   const rclcpp::Time & /*time*/, [01;35m[Kconst rclcpp::Duration & period[m[K)
[4.239s]       |                                  [01;35m[K~~~~~~~~~~~~~~~~~~~~~~~~~^~~~~~[m[K
[6.961s] [ 66%] [32m[1mLinking CXX shared library libthur.so[0m
[7.243s] [100%] Built target thur
[7.284s] Invoked command in '/home/hans/ros2_ws/build/thur' returned '0': AMENT_PREFIX_PATH=/home/hans/ros2_ws/install CMAKE_PREFIX_PATH=/home/hans/ros2_ws/install LD_LIBRARY_PATH=/home/hans/ros2_ws/install/lib PYTHONPATH=/home/hans/ros2_ws/install/lib/python3.10/site-packages /usr/bin/cmake --build /home/hans/ros2_ws/build/thur -- -j4 -l4
[7.326s] Invoking command in '/home/hans/ros2_ws/build/thur': AMENT_PREFIX_PATH=/home/hans/ros2_ws/install CMAKE_PREFIX_PATH=/home/hans/ros2_ws/install LD_LIBRARY_PATH=/home/hans/ros2_ws/install/lib PYTHONPATH=/home/hans/ros2_ws/install/lib/python3.10/site-packages /usr/bin/cmake --install /home/hans/ros2_ws/build/thur
[7.341s] -- Install configuration: ""
[7.341s] -- Up-to-date: /home/hans/ros2_ws/install/share/thur/thur.xml
[7.342s] -- Up-to-date: /home/hans/ros2_ws/install/include/thur
[7.342s] -- Up-to-date: /home/hans/ros2_ws/install/include/thur/serial.hpp
[7.342s] -- Up-to-date: /home/hans/ros2_ws/install/include/thur/thur
[7.342s] -- Up-to-date: /home/hans/ros2_ws/install/include/thur/thur/thur_diff.hpp
[7.342s] -- Up-to-date: /home/hans/ros2_ws/install/share/thur/launch
[7.342s] -- Up-to-date: /home/hans/ros2_ws/install/share/thur/launch/view_robot.launch.py
[7.342s] -- Up-to-date: /home/hans/ros2_ws/install/share/thur/ros2_control
[7.342s] -- Up-to-date: /home/hans/ros2_ws/install/share/thur/ros2_control/thur.ros2_control.xacro
[7.342s] -- Up-to-date: /home/hans/ros2_ws/install/share/thur/urdf
[7.342s] -- Up-to-date: /home/hans/ros2_ws/install/share/thur/urdf/diffbot.urdf.xacro
[7.343s] -- Up-to-date: /home/hans/ros2_ws/install/share/thur/launch
[7.343s] -- Up-to-date: /home/hans/ros2_ws/install/share/thur/launch/diffbot.launch.py
[7.343s] -- Up-to-date: /home/hans/ros2_ws/install/share/thur/config
[7.343s] -- Up-to-date: /home/hans/ros2_ws/install/share/thur/config/diffbot_controllers.yaml
[7.343s] -- Installing: /home/hans/ros2_ws/install/lib/libthur.so
[7.350s] -- Set runtime path of "/home/hans/ros2_ws/install/lib/libthur.so" to ""
[7.350s] -- Up-to-date: /home/hans/ros2_ws/install/share/thur/environment/library_path.sh
[7.350s] -- Up-to-date: /home/hans/ros2_ws/install/share/thur/environment/library_path.dsv
[7.351s] -- Up-to-date: /home/hans/ros2_ws/install/share/ament_index/resource_index/package_run_dependencies/thur
[7.351s] -- Up-to-date: /home/hans/ros2_ws/install/share/ament_index/resource_index/parent_prefix_path/thur
[7.351s] -- Up-to-date: /home/hans/ros2_ws/install/share/thur/environment/ament_prefix_path.sh
[7.351s] -- Up-to-date: /home/hans/ros2_ws/install/share/thur/environment/ament_prefix_path.dsv
[7.351s] -- Up-to-date: /home/hans/ros2_ws/install/share/thur/environment/path.sh
[7.351s] -- Up-to-date: /home/hans/ros2_ws/install/share/thur/environment/path.dsv
[7.351s] -- Up-to-date: /home/hans/ros2_ws/install/share/thur/local_setup.bash
[7.351s] -- Up-to-date: /home/hans/ros2_ws/install/share/thur/local_setup.sh
[7.351s] -- Up-to-date: /home/hans/ros2_ws/install/share/thur/local_setup.zsh
[7.351s] -- Up-to-date: /home/hans/ros2_ws/install/share/thur/local_setup.dsv
[7.351s] -- Installing: /home/hans/ros2_ws/install/share/thur/package.dsv
[7.352s] -- Up-to-date: /home/hans/ros2_ws/install/share/ament_index/resource_index/packages/thur
[7.352s] -- Up-to-date: /home/hans/ros2_ws/install/share/ament_index/resource_index/hardware_interface__pluginlib__plugin/thur
[7.352s] -- Up-to-date: /home/hans/ros2_ws/install/share/thur/cmake/export_thurExport.cmake
[7.352s] -- Up-to-date: /home/hans/ros2_ws/install/share/thur/cmake/export_thurExport-noconfig.cmake
[7.352s] -- Up-to-date: /home/hans/ros2_ws/install/share/thur/cmake/ament_cmake_export_targets-extras.cmake
[7.352s] -- Up-to-date: /home/hans/ros2_ws/install/share/thur/cmake/ament_cmake_export_dependencies-extras.cmake
[7.352s] -- Up-to-date: /home/hans/ros2_ws/install/share/thur/cmake/thurConfig.cmake
[7.353s] -- Up-to-date: /home/hans/ros2_ws/install/share/thur/cmake/thurConfig-version.cmake
[7.353s] -- Up-to-date: /home/hans/ros2_ws/install/share/thur/package.xml
[7.354s] Invoked command in '/home/hans/ros2_ws/build/thur' returned '0': AMENT_PREFIX_PATH=/home/hans/ros2_ws/install CMAKE_PREFIX_PATH=/home/hans/ros2_ws/install LD_LIBRARY_PATH=/home/hans/ros2_ws/install/lib PYTHONPATH=/home/hans/ros2_ws/install/lib/python3.10/site-packages /usr/bin/cmake --install /home/hans/ros2_ws/build/thur
