[0.054s] Invoking command in '/home/hans/ros2_ws/build/ros2_control_demo_example_11': CMAKE_PREFIX_PATH=${CMAKE_PREFIX_PATH}:/opt/ros/iron /usr/bin/cmake --build /home/hans/ros2_ws/build/ros2_control_demo_example_11 -- -j4 -l4
[0.130s] [100%] Built target ros2_control_demo_example_11
[0.170s] Invoked command in '/home/hans/ros2_ws/build/ros2_control_demo_example_11' returned '0': CMAKE_PREFIX_PATH=${CMAKE_PREFIX_PATH}:/opt/ros/iron /usr/bin/cmake --build /home/hans/ros2_ws/build/ros2_control_demo_example_11 -- -j4 -l4
[0.289s] Invoking command in '/home/hans/ros2_ws/build/ros2_control_demo_example_11': CMAKE_PREFIX_PATH=${CMAKE_PREFIX_PATH}:/opt/ros/iron /usr/bin/cmake --install /home/hans/ros2_ws/build/ros2_control_demo_example_11
[0.314s] -- Install configuration: ""
[0.314s] -- Up-to-date: /home/hans/ros2_ws/install/share/ros2_control_demo_example_11/ros2_control_demo_example_11.xml
[0.314s] -- Up-to-date: /home/hans/ros2_ws/install/include/ros2_control_demo_example_11
[0.314s] -- Up-to-date: /home/hans/ros2_ws/install/include/ros2_control_demo_example_11/ros2_control_demo_example_11
[0.314s] -- Up-to-date: /home/hans/ros2_ws/install/include/ros2_control_demo_example_11/ros2_control_demo_example_11/carlikebot_system.hpp
[0.314s] -- Up-to-date: /home/hans/ros2_ws/install/share/ros2_control_demo_example_11/launch
[0.314s] -- Up-to-date: /home/hans/ros2_ws/install/share/ros2_control_demo_example_11/launch/view_robot.launch.py
[0.315s] -- Up-to-date: /home/hans/ros2_ws/install/share/ros2_control_demo_example_11/ros2_control
[0.316s] -- Up-to-date: /home/hans/ros2_ws/install/share/ros2_control_demo_example_11/ros2_control/carlikebot.ros2_control.xacro
[0.316s] -- Up-to-date: /home/hans/ros2_ws/install/share/ros2_control_demo_example_11/urdf
[0.317s] -- Up-to-date: /home/hans/ros2_ws/install/share/ros2_control_demo_example_11/urdf/carlikebot.urdf.xacro
[0.318s] -- Up-to-date: /home/hans/ros2_ws/install/share/ros2_control_demo_example_11/launch
[0.318s] -- Up-to-date: /home/hans/ros2_ws/install/share/ros2_control_demo_example_11/launch/carlikebot.launch.py
[0.318s] -- Up-to-date: /home/hans/ros2_ws/install/share/ros2_control_demo_example_11/config
[0.318s] -- Up-to-date: /home/hans/ros2_ws/install/share/ros2_control_demo_example_11/config/carlikebot_controllers.yaml
[0.319s] -- Up-to-date: /home/hans/ros2_ws/install/lib/libros2_control_demo_example_11.so
[0.319s] -- Up-to-date: /home/hans/ros2_ws/install/share/ros2_control_demo_example_11/environment/library_path.sh
[0.319s] -- Up-to-date: /home/hans/ros2_ws/install/share/ros2_control_demo_example_11/environment/library_path.dsv
[0.319s] -- Up-to-date: /home/hans/ros2_ws/install/share/ament_index/resource_index/package_run_dependencies/ros2_control_demo_example_11
[0.319s] -- Up-to-date: /home/hans/ros2_ws/install/share/ament_index/resource_index/parent_prefix_path/ros2_control_demo_example_11
[0.320s] -- Up-to-date: /home/hans/ros2_ws/install/share/ros2_control_demo_example_11/environment/ament_prefix_path.sh
[0.320s] -- Up-to-date: /home/hans/ros2_ws/install/share/ros2_control_demo_example_11/environment/ament_prefix_path.dsv
[0.320s] -- Up-to-date: /home/hans/ros2_ws/install/share/ros2_control_demo_example_11/environment/path.sh
[0.320s] -- Up-to-date: /home/hans/ros2_ws/install/share/ros2_control_demo_example_11/environment/path.dsv
[0.320s] -- Up-to-date: /home/hans/ros2_ws/install/share/ros2_control_demo_example_11/local_setup.bash
[0.320s] -- Up-to-date: /home/hans/ros2_ws/install/share/ros2_control_demo_example_11/local_setup.sh
[0.321s] -- Up-to-date: /home/hans/ros2_ws/install/share/ros2_control_demo_example_11/local_setup.zsh
[0.321s] -- Up-to-date: /home/hans/ros2_ws/install/share/ros2_control_demo_example_11/local_setup.dsv
[0.321s] -- Installing: /home/hans/ros2_ws/install/share/ros2_control_demo_example_11/package.dsv
[0.321s] -- Up-to-date: /home/hans/ros2_ws/install/share/ament_index/resource_index/packages/ros2_control_demo_example_11
[0.321s] -- Up-to-date: /home/hans/ros2_ws/install/share/ament_index/resource_index/hardware_interface__pluginlib__plugin/ros2_control_demo_example_11
[0.322s] -- Up-to-date: /home/hans/ros2_ws/install/share/ros2_control_demo_example_11/cmake/export_ros2_control_demo_example_11Export.cmake
[0.322s] -- Up-to-date: /home/hans/ros2_ws/install/share/ros2_control_demo_example_11/cmake/export_ros2_control_demo_example_11Export-noconfig.cmake
[0.322s] -- Up-to-date: /home/hans/ros2_ws/install/share/ros2_control_demo_example_11/cmake/ament_cmake_export_targets-extras.cmake
[0.322s] -- Up-to-date: /home/hans/ros2_ws/install/share/ros2_control_demo_example_11/cmake/ament_cmake_export_dependencies-extras.cmake
[0.322s] -- Up-to-date: /home/hans/ros2_ws/install/share/ros2_control_demo_example_11/cmake/ros2_control_demo_example_11Config.cmake
[0.323s] -- Up-to-date: /home/hans/ros2_ws/install/share/ros2_control_demo_example_11/cmake/ros2_control_demo_example_11Config-version.cmake
[0.325s] -- Up-to-date: /home/hans/ros2_ws/install/share/ros2_control_demo_example_11/package.xml
[0.410s] Invoked command in '/home/hans/ros2_ws/build/ros2_control_demo_example_11' returned '0': CMAKE_PREFIX_PATH=${CMAKE_PREFIX_PATH}:/opt/ros/iron /usr/bin/cmake --install /home/hans/ros2_ws/build/ros2_control_demo_example_11
