[0.135s] Invoking command in '/home/hans/ros2_ws/build/ros2_control_demo_example_1': CMAKE_PREFIX_PATH=${CMAKE_PREFIX_PATH}:/opt/ros/iron /usr/bin/cmake --build /home/hans/ros2_ws/build/ros2_control_demo_example_1 -- -j4 -l4
[0.569s] [100%] Built target ros2_control_demo_example_1
[0.647s] Invoked command in '/home/hans/ros2_ws/build/ros2_control_demo_example_1' returned '0': CMAKE_PREFIX_PATH=${CMAKE_PREFIX_PATH}:/opt/ros/iron /usr/bin/cmake --build /home/hans/ros2_ws/build/ros2_control_demo_example_1 -- -j4 -l4
[0.880s] Invoking command in '/home/hans/ros2_ws/build/ros2_control_demo_example_1': CMAKE_PREFIX_PATH=${CMAKE_PREFIX_PATH}:/opt/ros/iron /usr/bin/cmake --install /home/hans/ros2_ws/build/ros2_control_demo_example_1
[0.981s] -- Install configuration: ""
[0.981s] -- Up-to-date: /home/hans/ros2_ws/install/share/ros2_control_demo_example_1/ros2_control_demo_example_1.xml
[0.981s] -- Up-to-date: /home/hans/ros2_ws/install/include/ros2_control_demo_example_1
[0.981s] -- Up-to-date: /home/hans/ros2_ws/install/include/ros2_control_demo_example_1/ros2_control_demo_example_1
[0.981s] -- Up-to-date: /home/hans/ros2_ws/install/include/ros2_control_demo_example_1/ros2_control_demo_example_1/rrbot.hpp
[0.982s] -- Up-to-date: /home/hans/ros2_ws/install/share/ros2_control_demo_example_1/launch
[0.982s] -- Up-to-date: /home/hans/ros2_ws/install/share/ros2_control_demo_example_1/launch/view_robot.launch.py
[0.982s] -- Up-to-date: /home/hans/ros2_ws/install/share/ros2_control_demo_example_1/ros2_control
[0.982s] -- Up-to-date: /home/hans/ros2_ws/install/share/ros2_control_demo_example_1/ros2_control/rrbot.ros2_control.xacro
[1.003s] -- Up-to-date: /home/hans/ros2_ws/install/share/ros2_control_demo_example_1/urdf
[1.003s] -- Up-to-date: /home/hans/ros2_ws/install/share/ros2_control_demo_example_1/urdf/rrbot.urdf.xacro
[1.003s] -- Up-to-date: /home/hans/ros2_ws/install/share/ros2_control_demo_example_1/launch
[1.004s] -- Up-to-date: /home/hans/ros2_ws/install/share/ros2_control_demo_example_1/launch/test_forward_position_controller.launch.py
[1.004s] -- Up-to-date: /home/hans/ros2_ws/install/share/ros2_control_demo_example_1/launch/rrbot.launch.py
[1.004s] -- Up-to-date: /home/hans/ros2_ws/install/share/ros2_control_demo_example_1/launch/test_joint_trajectory_controller.launch.py
[1.004s] -- Up-to-date: /home/hans/ros2_ws/install/share/ros2_control_demo_example_1/config
[1.004s] -- Up-to-date: /home/hans/ros2_ws/install/share/ros2_control_demo_example_1/config/rrbot_forward_position_publisher.yaml
[1.005s] -- Up-to-date: /home/hans/ros2_ws/install/share/ros2_control_demo_example_1/config/rrbot_joint_trajectory_publisher.yaml
[1.005s] -- Up-to-date: /home/hans/ros2_ws/install/share/ros2_control_demo_example_1/config/rrbot_controllers.yaml
[1.005s] -- Up-to-date: /home/hans/ros2_ws/install/lib/libros2_control_demo_example_1.so
[1.005s] -- Up-to-date: /home/hans/ros2_ws/install/share/ros2_control_demo_example_1/environment/library_path.sh
[1.005s] -- Up-to-date: /home/hans/ros2_ws/install/share/ros2_control_demo_example_1/environment/library_path.dsv
[1.009s] -- Up-to-date: /home/hans/ros2_ws/install/share/ament_index/resource_index/package_run_dependencies/ros2_control_demo_example_1
[1.020s] -- Up-to-date: /home/hans/ros2_ws/install/share/ament_index/resource_index/parent_prefix_path/ros2_control_demo_example_1
[1.021s] -- Up-to-date: /home/hans/ros2_ws/install/share/ros2_control_demo_example_1/environment/ament_prefix_path.sh
[1.030s] -- Up-to-date: /home/hans/ros2_ws/install/share/ros2_control_demo_example_1/environment/ament_prefix_path.dsv
[1.031s] -- Up-to-date: /home/hans/ros2_ws/install/share/ros2_control_demo_example_1/environment/path.sh
[1.031s] -- Up-to-date: /home/hans/ros2_ws/install/share/ros2_control_demo_example_1/environment/path.dsv
[1.031s] -- Up-to-date: /home/hans/ros2_ws/install/share/ros2_control_demo_example_1/local_setup.bash
[1.037s] -- Up-to-date: /home/hans/ros2_ws/install/share/ros2_control_demo_example_1/local_setup.sh
[1.038s] -- Up-to-date: /home/hans/ros2_ws/install/share/ros2_control_demo_example_1/local_setup.zsh
[1.038s] -- Up-to-date: /home/hans/ros2_ws/install/share/ros2_control_demo_example_1/local_setup.dsv
[1.038s] -- Installing: /home/hans/ros2_ws/install/share/ros2_control_demo_example_1/package.dsv
[1.038s] -- Up-to-date: /home/hans/ros2_ws/install/share/ament_index/resource_index/packages/ros2_control_demo_example_1
[1.038s] -- Up-to-date: /home/hans/ros2_ws/install/share/ament_index/resource_index/hardware_interface__pluginlib__plugin/ros2_control_demo_example_1
[1.039s] -- Up-to-date: /home/hans/ros2_ws/install/share/ros2_control_demo_example_1/cmake/export_ros2_control_demo_example_1Export.cmake
[1.039s] -- Up-to-date: /home/hans/ros2_ws/install/share/ros2_control_demo_example_1/cmake/export_ros2_control_demo_example_1Export-noconfig.cmake
[1.039s] -- Up-to-date: /home/hans/ros2_ws/install/share/ros2_control_demo_example_1/cmake/ament_cmake_export_targets-extras.cmake
[1.039s] -- Up-to-date: /home/hans/ros2_ws/install/share/ros2_control_demo_example_1/cmake/ament_cmake_export_dependencies-extras.cmake
[1.046s] -- Up-to-date: /home/hans/ros2_ws/install/share/ros2_control_demo_example_1/cmake/ros2_control_demo_example_1Config.cmake
[1.046s] -- Up-to-date: /home/hans/ros2_ws/install/share/ros2_control_demo_example_1/cmake/ros2_control_demo_example_1Config-version.cmake
[1.046s] -- Up-to-date: /home/hans/ros2_ws/install/share/ros2_control_demo_example_1/package.xml
[1.124s] Invoked command in '/home/hans/ros2_ws/build/ros2_control_demo_example_1' returned '0': CMAKE_PREFIX_PATH=${CMAKE_PREFIX_PATH}:/opt/ros/iron /usr/bin/cmake --install /home/hans/ros2_ws/build/ros2_control_demo_example_1
