[0.006s] Invoking command in '/home/hans/ros2_ws/build/ros2_control_demo_example_6': AMENT_PREFIX_PATH=/home/hans/ros2_ws/install:${AMENT_PREFIX_PATH} CMAKE_PREFIX_PATH=/home/hans/ros2_ws/install:/opt/ros/iron PYTHONPATH=/home/hans/ros2_ws/install/lib/python3.10/site-packages:${PYTHONPATH} /usr/bin/cmake /home/hans/ros2_ws/src/ros2_control_demos/example_6 -DCMAKE_INSTALL_PREFIX=/home/hans/ros2_ws/install
[0.111s] -- The CXX compiler identification is GNU 11.4.0
[0.119s] -- Detecting CXX compiler ABI info
[0.220s] -- Detecting CXX compiler ABI info - done
[0.227s] -- Check for working CXX compiler: /usr/bin/c++ - skipped
[0.227s] -- Detecting CXX compile features
[0.227s] -- Detecting CXX compile features - done
[0.231s] -- Found ament_cmake: 2.0.6 (/opt/ros/iron/share/ament_cmake/cmake)
[0.400s] -- Found Python3: /usr/bin/python3.10 (found version "3.10.12") found components: Interpreter 
[0.485s] -- Found hardware_interface: 3.28.0 (/opt/ros/iron/share/hardware_interface/cmake)
[0.519s] -- Found rosidl_generator_c: 4.0.1 (/opt/ros/iron/share/rosidl_generator_c/cmake)
[0.531s] -- Found rosidl_generator_cpp: 4.0.1 (/opt/ros/iron/share/rosidl_generator_cpp/cmake)
[0.543s] -- Using all available rosidl_typesupport_c: rosidl_typesupport_fastrtps_c;rosidl_typesupport_introspection_c
[0.569s] -- Using all available rosidl_typesupport_cpp: rosidl_typesupport_fastrtps_cpp;rosidl_typesupport_introspection_cpp
[1.350s] -- Found rmw_implementation_cmake: 7.1.0 (/opt/ros/iron/share/rmw_implementation_cmake/cmake)
[1.352s] -- Found rmw_fastrtps_cpp: 7.1.4 (/opt/ros/iron/share/rmw_fastrtps_cpp/cmake)
[1.400s] -- Found TinyXML2 via Config file: TinyXML2_DIR-NOTFOUND
[1.460s] -- Found OpenSSL: /usr/lib/x86_64-linux-gnu/libcrypto.so (found version "3.0.2")  
[1.471s] -- Found TinyXML2 via Config file: TinyXML2_DIR-NOTFOUND
[1.488s] -- Found FastRTPS: /opt/ros/iron/include  
[1.494s] -- Found TinyXML2 via Config file: TinyXML2_DIR-NOTFOUND
[1.502s] -- Found TinyXML2 via Config file: TinyXML2_DIR-NOTFOUND
[1.512s] -- Using RMW implementation 'rmw_fastrtps_cpp' as default
[1.724s] -- Found ament_cmake_pytest: 2.0.6 (/opt/ros/iron/share/ament_cmake_pytest/cmake)
[2.764s] -- Configuring done
[2.791s] -- Generating done
[2.793s] -- Build files have been written to: /home/hans/ros2_ws/build/ros2_control_demo_example_6
[2.804s] Invoked command in '/home/hans/ros2_ws/build/ros2_control_demo_example_6' returned '0': AMENT_PREFIX_PATH=/home/hans/ros2_ws/install:${AMENT_PREFIX_PATH} CMAKE_PREFIX_PATH=/home/hans/ros2_ws/install:/opt/ros/iron PYTHONPATH=/home/hans/ros2_ws/install/lib/python3.10/site-packages:${PYTHONPATH} /usr/bin/cmake /home/hans/ros2_ws/src/ros2_control_demos/example_6 -DCMAKE_INSTALL_PREFIX=/home/hans/ros2_ws/install
[2.805s] Invoking command in '/home/hans/ros2_ws/build/ros2_control_demo_example_6': AMENT_PREFIX_PATH=/home/hans/ros2_ws/install:${AMENT_PREFIX_PATH} CMAKE_PREFIX_PATH=/home/hans/ros2_ws/install:/opt/ros/iron PYTHONPATH=/home/hans/ros2_ws/install/lib/python3.10/site-packages:${PYTHONPATH} /usr/bin/cmake --build /home/hans/ros2_ws/build/ros2_control_demo_example_6 -- -j1 -l1
[2.857s] [ 50%] [32mBuilding CXX object CMakeFiles/ros2_control_demo_example_6.dir/hardware/rrbot_actuator.cpp.o[0m
[7.784s] [100%] [32m[1mLinking CXX shared library libros2_control_demo_example_6.so[0m
[7.959s] [100%] Built target ros2_control_demo_example_6
[7.970s] Invoked command in '/home/hans/ros2_ws/build/ros2_control_demo_example_6' returned '0': AMENT_PREFIX_PATH=/home/hans/ros2_ws/install:${AMENT_PREFIX_PATH} CMAKE_PREFIX_PATH=/home/hans/ros2_ws/install:/opt/ros/iron PYTHONPATH=/home/hans/ros2_ws/install/lib/python3.10/site-packages:${PYTHONPATH} /usr/bin/cmake --build /home/hans/ros2_ws/build/ros2_control_demo_example_6 -- -j1 -l1
[7.996s] Invoking command in '/home/hans/ros2_ws/build/ros2_control_demo_example_6': AMENT_PREFIX_PATH=/home/hans/ros2_ws/install:${AMENT_PREFIX_PATH} CMAKE_PREFIX_PATH=/home/hans/ros2_ws/install:/opt/ros/iron PYTHONPATH=/home/hans/ros2_ws/install/lib/python3.10/site-packages:${PYTHONPATH} /usr/bin/cmake --install /home/hans/ros2_ws/build/ros2_control_demo_example_6
[8.005s] -- Install configuration: ""
[8.005s] -- Installing: /home/hans/ros2_ws/install/share/ros2_control_demo_example_6/ros2_control_demo_example_6.xml
[8.007s] -- Installing: /home/hans/ros2_ws/install/include/ros2_control_demo_example_6
[8.008s] -- Installing: /home/hans/ros2_ws/install/include/ros2_control_demo_example_6/ros2_control_demo_example_6
[8.008s] -- Installing: /home/hans/ros2_ws/install/include/ros2_control_demo_example_6/ros2_control_demo_example_6/rrbot_actuator.hpp
[8.008s] -- Installing: /home/hans/ros2_ws/install/share/ros2_control_demo_example_6/launch
[8.008s] -- Installing: /home/hans/ros2_ws/install/share/ros2_control_demo_example_6/launch/view_robot.launch.py
[8.009s] -- Installing: /home/hans/ros2_ws/install/share/ros2_control_demo_example_6/ros2_control
[8.009s] -- Installing: /home/hans/ros2_ws/install/share/ros2_control_demo_example_6/ros2_control/rrbot_modular_actuators.ros2_control.xacro
[8.010s] -- Installing: /home/hans/ros2_ws/install/share/ros2_control_demo_example_6/urdf
[8.010s] -- Installing: /home/hans/ros2_ws/install/share/ros2_control_demo_example_6/urdf/rrbot_modular_actuators.urdf.xacro
[8.010s] -- Up-to-date: /home/hans/ros2_ws/install/share/ros2_control_demo_example_6/launch
[8.010s] -- Installing: /home/hans/ros2_ws/install/share/ros2_control_demo_example_6/launch/rrbot_modular_actuators.launch.py
[8.013s] -- Installing: /home/hans/ros2_ws/install/share/ros2_control_demo_example_6/launch/test_forward_position_controller.launch.py
[8.013s] -- Installing: /home/hans/ros2_ws/install/share/ros2_control_demo_example_6/config
[8.014s] -- Installing: /home/hans/ros2_ws/install/share/ros2_control_demo_example_6/config/rrbot_forward_position_publisher.yaml
[8.015s] -- Installing: /home/hans/ros2_ws/install/share/ros2_control_demo_example_6/config/rrbot_modular_actuators.yaml
[8.016s] -- Installing: /home/hans/ros2_ws/install/lib/libros2_control_demo_example_6.so
[8.020s] -- Set runtime path of "/home/hans/ros2_ws/install/lib/libros2_control_demo_example_6.so" to ""
[8.020s] -- Installing: /home/hans/ros2_ws/install/share/ros2_control_demo_example_6/environment/library_path.sh
[8.020s] -- Installing: /home/hans/ros2_ws/install/share/ros2_control_demo_example_6/environment/library_path.dsv
[8.020s] -- Installing: /home/hans/ros2_ws/install/share/ament_index/resource_index/package_run_dependencies/ros2_control_demo_example_6
[8.020s] -- Installing: /home/hans/ros2_ws/install/share/ament_index/resource_index/parent_prefix_path/ros2_control_demo_example_6
[8.021s] -- Installing: /home/hans/ros2_ws/install/share/ros2_control_demo_example_6/environment/ament_prefix_path.sh
[8.021s] -- Installing: /home/hans/ros2_ws/install/share/ros2_control_demo_example_6/environment/ament_prefix_path.dsv
[8.024s] -- Installing: /home/hans/ros2_ws/install/share/ros2_control_demo_example_6/environment/path.sh
[8.024s] -- Installing: /home/hans/ros2_ws/install/share/ros2_control_demo_example_6/environment/path.dsv
[8.024s] -- Installing: /home/hans/ros2_ws/install/share/ros2_control_demo_example_6/local_setup.bash
[8.024s] -- Installing: /home/hans/ros2_ws/install/share/ros2_control_demo_example_6/local_setup.sh
[8.024s] -- Installing: /home/hans/ros2_ws/install/share/ros2_control_demo_example_6/local_setup.zsh
[8.024s] -- Installing: /home/hans/ros2_ws/install/share/ros2_control_demo_example_6/local_setup.dsv
[8.024s] -- Installing: /home/hans/ros2_ws/install/share/ros2_control_demo_example_6/package.dsv
[8.025s] -- Installing: /home/hans/ros2_ws/install/share/ament_index/resource_index/packages/ros2_control_demo_example_6
[8.025s] -- Installing: /home/hans/ros2_ws/install/share/ament_index/resource_index/hardware_interface__pluginlib__plugin/ros2_control_demo_example_6
[8.026s] -- Installing: /home/hans/ros2_ws/install/share/ros2_control_demo_example_6/cmake/export_ros2_control_demo_example_6Export.cmake
[8.026s] -- Installing: /home/hans/ros2_ws/install/share/ros2_control_demo_example_6/cmake/export_ros2_control_demo_example_6Export-noconfig.cmake
[8.027s] -- Installing: /home/hans/ros2_ws/install/share/ros2_control_demo_example_6/cmake/ament_cmake_export_targets-extras.cmake
[8.028s] -- Installing: /home/hans/ros2_ws/install/share/ros2_control_demo_example_6/cmake/ament_cmake_export_dependencies-extras.cmake
[8.028s] -- Installing: /home/hans/ros2_ws/install/share/ros2_control_demo_example_6/cmake/ros2_control_demo_example_6Config.cmake
[8.029s] -- Installing: /home/hans/ros2_ws/install/share/ros2_control_demo_example_6/cmake/ros2_control_demo_example_6Config-version.cmake
[8.030s] -- Installing: /home/hans/ros2_ws/install/share/ros2_control_demo_example_6/package.xml
[8.033s] Invoked command in '/home/hans/ros2_ws/build/ros2_control_demo_example_6' returned '0': AMENT_PREFIX_PATH=/home/hans/ros2_ws/install:${AMENT_PREFIX_PATH} CMAKE_PREFIX_PATH=/home/hans/ros2_ws/install:/opt/ros/iron PYTHONPATH=/home/hans/ros2_ws/install/lib/python3.10/site-packages:${PYTHONPATH} /usr/bin/cmake --install /home/hans/ros2_ws/build/ros2_control_demo_example_6
