[0.026s] Invoking command in '/home/hans/ros2_ws/build/ros2_control_demo_example_7': AMENT_PREFIX_PATH=/home/hans/ros2_ws/install:${AMENT_PREFIX_PATH} CMAKE_PREFIX_PATH=/home/hans/ros2_ws/install:/opt/ros/iron LD_LIBRARY_PATH=/home/hans/ros2_ws/install/lib:${LD_LIBRARY_PATH} PYTHONPATH=/home/hans/ros2_ws/install/lib/python3.10/site-packages:${PYTHONPATH} /usr/bin/cmake --build /home/hans/ros2_ws/build/ros2_control_demo_example_7 -- -j1 -l1
[0.092s] [35m[1mConsolidate compiler generated dependencies of target send_trajectory[0m
[0.138s] [ 40%] Built target send_trajectory
[0.156s] [35m[1mConsolidate compiler generated dependencies of target ros2_control_demo_example_7[0m
[0.181s] [100%] Built target ros2_control_demo_example_7
[0.193s] Invoked command in '/home/hans/ros2_ws/build/ros2_control_demo_example_7' returned '0': AMENT_PREFIX_PATH=/home/hans/ros2_ws/install:${AMENT_PREFIX_PATH} CMAKE_PREFIX_PATH=/home/hans/ros2_ws/install:/opt/ros/iron LD_LIBRARY_PATH=/home/hans/ros2_ws/install/lib:${LD_LIBRARY_PATH} PYTHONPATH=/home/hans/ros2_ws/install/lib/python3.10/site-packages:${PYTHONPATH} /usr/bin/cmake --build /home/hans/ros2_ws/build/ros2_control_demo_example_7 -- -j1 -l1
[0.237s] Invoking command in '/home/hans/ros2_ws/build/ros2_control_demo_example_7': AMENT_PREFIX_PATH=/home/hans/ros2_ws/install:${AMENT_PREFIX_PATH} CMAKE_PREFIX_PATH=/home/hans/ros2_ws/install:/opt/ros/iron LD_LIBRARY_PATH=/home/hans/ros2_ws/install/lib:${LD_LIBRARY_PATH} PYTHONPATH=/home/hans/ros2_ws/install/lib/python3.10/site-packages:${PYTHONPATH} /usr/bin/cmake --install /home/hans/ros2_ws/build/ros2_control_demo_example_7
[0.254s] -- Install configuration: ""
[0.255s] -- Up-to-date: /home/hans/ros2_ws/install/share/ros2_control_demo_example_7/ros2_control_demo_example_7.xml
[0.255s] -- Up-to-date: /home/hans/ros2_ws/install/share/ros2_control_demo_example_7/ros2_control_demo_example_7.xml
[0.255s] -- Up-to-date: /home/hans/ros2_ws/install/include/ros2_control_demo_example_7
[0.255s] -- Up-to-date: /home/hans/ros2_ws/install/include/ros2_control_demo_example_7/ros2_control_demo_example_7
[0.255s] -- Up-to-date: /home/hans/ros2_ws/install/include/ros2_control_demo_example_7/ros2_control_demo_example_7/r6bot_hardware.hpp
[0.256s] -- Up-to-date: /home/hans/ros2_ws/install/share/ros2_control_demo_example_7/launch
[0.257s] -- Up-to-date: /home/hans/ros2_ws/install/share/ros2_control_demo_example_7/launch/view_r6bot.launch.py
[0.257s] -- Up-to-date: /home/hans/ros2_ws/install/share/ros2_control_demo_example_7/ros2_control
[0.257s] -- Up-to-date: /home/hans/ros2_ws/install/share/ros2_control_demo_example_7/ros2_control/r6bot.ros2_control.xacro
[0.257s] -- Up-to-date: /home/hans/ros2_ws/install/share/ros2_control_demo_example_7/urdf
[0.259s] -- Up-to-date: /home/hans/ros2_ws/install/share/ros2_control_demo_example_7/urdf/r6bot.urdf.xacro
[0.259s] -- Up-to-date: /home/hans/ros2_ws/install/share/ros2_control_demo_example_7/launch
[0.259s] -- Up-to-date: /home/hans/ros2_ws/install/share/ros2_control_demo_example_7/launch/send_trajectory.launch.py
[0.260s] -- Up-to-date: /home/hans/ros2_ws/install/share/ros2_control_demo_example_7/launch/r6bot_controller.launch.py
[0.260s] -- Up-to-date: /home/hans/ros2_ws/install/share/ros2_control_demo_example_7/config
[0.261s] -- Up-to-date: /home/hans/ros2_ws/install/share/ros2_control_demo_example_7/config/r6bot_controller.yaml
[0.262s] -- Up-to-date: /home/hans/ros2_ws/install/lib/ros2_control_demo_example_7/send_trajectory
[0.263s] -- Up-to-date: /home/hans/ros2_ws/install/lib/libros2_control_demo_example_7.so
[0.266s] -- Up-to-date: /home/hans/ros2_ws/install/share/ros2_control_demo_example_7/environment/library_path.sh
[0.266s] -- Up-to-date: /home/hans/ros2_ws/install/share/ros2_control_demo_example_7/environment/library_path.dsv
[0.266s] -- Up-to-date: /home/hans/ros2_ws/install/share/ament_index/resource_index/package_run_dependencies/ros2_control_demo_example_7
[0.266s] -- Up-to-date: /home/hans/ros2_ws/install/share/ament_index/resource_index/parent_prefix_path/ros2_control_demo_example_7
[0.266s] -- Up-to-date: /home/hans/ros2_ws/install/share/ros2_control_demo_example_7/environment/ament_prefix_path.sh
[0.266s] -- Up-to-date: /home/hans/ros2_ws/install/share/ros2_control_demo_example_7/environment/ament_prefix_path.dsv
[0.266s] -- Up-to-date: /home/hans/ros2_ws/install/share/ros2_control_demo_example_7/environment/path.sh
[0.266s] -- Up-to-date: /home/hans/ros2_ws/install/share/ros2_control_demo_example_7/environment/path.dsv
[0.266s] -- Up-to-date: /home/hans/ros2_ws/install/share/ros2_control_demo_example_7/local_setup.bash
[0.266s] -- Up-to-date: /home/hans/ros2_ws/install/share/ros2_control_demo_example_7/local_setup.sh
[0.266s] -- Up-to-date: /home/hans/ros2_ws/install/share/ros2_control_demo_example_7/local_setup.zsh
[0.266s] -- Up-to-date: /home/hans/ros2_ws/install/share/ros2_control_demo_example_7/local_setup.dsv
[0.266s] -- Installing: /home/hans/ros2_ws/install/share/ros2_control_demo_example_7/package.dsv
[0.268s] -- Up-to-date: /home/hans/ros2_ws/install/share/ament_index/resource_index/packages/ros2_control_demo_example_7
[0.268s] -- Up-to-date: /home/hans/ros2_ws/install/share/ament_index/resource_index/hardware_interface__pluginlib__plugin/ros2_control_demo_example_7
[0.268s] -- Up-to-date: /home/hans/ros2_ws/install/share/ament_index/resource_index/controller_interface__pluginlib__plugin/ros2_control_demo_example_7
[0.270s] -- Up-to-date: /home/hans/ros2_ws/install/share/ros2_control_demo_example_7/cmake/export_ros2_control_demo_example_7Export.cmake
[0.270s] -- Up-to-date: /home/hans/ros2_ws/install/share/ros2_control_demo_example_7/cmake/export_ros2_control_demo_example_7Export-noconfig.cmake
[0.270s] -- Up-to-date: /home/hans/ros2_ws/install/share/ros2_control_demo_example_7/cmake/ament_cmake_export_targets-extras.cmake
[0.271s] -- Up-to-date: /home/hans/ros2_ws/install/share/ros2_control_demo_example_7/cmake/ament_cmake_export_dependencies-extras.cmake
[0.271s] -- Up-to-date: /home/hans/ros2_ws/install/share/ros2_control_demo_example_7/cmake/ros2_control_demo_example_7Config.cmake
[0.272s] -- Up-to-date: /home/hans/ros2_ws/install/share/ros2_control_demo_example_7/cmake/ros2_control_demo_example_7Config-version.cmake
[0.273s] -- Up-to-date: /home/hans/ros2_ws/install/share/ros2_control_demo_example_7/package.xml
[0.276s] Invoked command in '/home/hans/ros2_ws/build/ros2_control_demo_example_7' returned '0': AMENT_PREFIX_PATH=/home/hans/ros2_ws/install:${AMENT_PREFIX_PATH} CMAKE_PREFIX_PATH=/home/hans/ros2_ws/install:/opt/ros/iron LD_LIBRARY_PATH=/home/hans/ros2_ws/install/lib:${LD_LIBRARY_PATH} PYTHONPATH=/home/hans/ros2_ws/install/lib/python3.10/site-packages:${PYTHONPATH} /usr/bin/cmake --install /home/hans/ros2_ws/build/ros2_control_demo_example_7
