[0.065s] Invoking command in '/home/hans/ros2_ws/build/ros2_control_demo_example_11': CMAKE_PREFIX_PATH=${CMAKE_PREFIX_PATH}:/opt/ros/iron /usr/bin/cmake --build /home/hans/ros2_ws/build/ros2_control_demo_example_11 -- -j4 -l4
[0.409s] [100%] Built target ros2_control_demo_example_11
[0.459s] Invoked command in '/home/hans/ros2_ws/build/ros2_control_demo_example_11' returned '0': CMAKE_PREFIX_PATH=${CMAKE_PREFIX_PATH}:/opt/ros/iron /usr/bin/cmake --build /home/hans/ros2_ws/build/ros2_control_demo_example_11 -- -j4 -l4
[0.593s] Invoking command in '/home/hans/ros2_ws/build/ros2_control_demo_example_11': CMAKE_PREFIX_PATH=${CMAKE_PREFIX_PATH}:/opt/ros/iron /usr/bin/cmake --install /home/hans/ros2_ws/build/ros2_control_demo_example_11
[0.628s] -- Install configuration: ""
[0.628s] -- Up-to-date: /home/hans/ros2_ws/install/share/ros2_control_demo_example_11/ros2_control_demo_example_11.xml
[0.628s] -- Up-to-date: /home/hans/ros2_ws/install/include/ros2_control_demo_example_11
[0.628s] -- Up-to-date: /home/hans/ros2_ws/install/include/ros2_control_demo_example_11/ros2_control_demo_example_11
[0.628s] -- Up-to-date: /home/hans/ros2_ws/install/include/ros2_control_demo_example_11/ros2_control_demo_example_11/carlikebot_system.hpp
[0.629s] -- Up-to-date: /home/hans/ros2_ws/install/share/ros2_control_demo_example_11/launch
[0.630s] -- Up-to-date: /home/hans/ros2_ws/install/share/ros2_control_demo_example_11/launch/view_robot.launch.py
[0.630s] -- Up-to-date: /home/hans/ros2_ws/install/share/ros2_control_demo_example_11/ros2_control
[0.631s] -- Up-to-date: /home/hans/ros2_ws/install/share/ros2_control_demo_example_11/ros2_control/carlikebot.ros2_control.xacro
[0.647s] -- Up-to-date: /home/hans/ros2_ws/install/share/ros2_control_demo_example_11/urdf
[0.654s] -- Up-to-date: /home/hans/ros2_ws/install/share/ros2_control_demo_example_11/urdf/carlikebot.urdf.xacro
[0.656s] -- Up-to-date: /home/hans/ros2_ws/install/share/ros2_control_demo_example_11/launch
[0.656s] -- Up-to-date: /home/hans/ros2_ws/install/share/ros2_control_demo_example_11/launch/carlikebot.launch.py
[0.656s] -- Up-to-date: /home/hans/ros2_ws/install/share/ros2_control_demo_example_11/config
[0.657s] -- Up-to-date: /home/hans/ros2_ws/install/share/ros2_control_demo_example_11/config/carlikebot_controllers.yaml
[0.657s] -- Up-to-date: /home/hans/ros2_ws/install/lib/libros2_control_demo_example_11.so
[0.657s] -- Up-to-date: /home/hans/ros2_ws/install/share/ros2_control_demo_example_11/environment/library_path.sh
[0.657s] -- Up-to-date: /home/hans/ros2_ws/install/share/ros2_control_demo_example_11/environment/library_path.dsv
[0.657s] -- Up-to-date: /home/hans/ros2_ws/install/share/ament_index/resource_index/package_run_dependencies/ros2_control_demo_example_11
[0.658s] -- Up-to-date: /home/hans/ros2_ws/install/share/ament_index/resource_index/parent_prefix_path/ros2_control_demo_example_11
[0.658s] -- Up-to-date: /home/hans/ros2_ws/install/share/ros2_control_demo_example_11/environment/ament_prefix_path.sh
[0.658s] -- Up-to-date: /home/hans/ros2_ws/install/share/ros2_control_demo_example_11/environment/ament_prefix_path.dsv
[0.658s] -- Up-to-date: /home/hans/ros2_ws/install/share/ros2_control_demo_example_11/environment/path.sh
[0.658s] -- Up-to-date: /home/hans/ros2_ws/install/share/ros2_control_demo_example_11/environment/path.dsv
[0.658s] -- Up-to-date: /home/hans/ros2_ws/install/share/ros2_control_demo_example_11/local_setup.bash
[0.659s] -- Up-to-date: /home/hans/ros2_ws/install/share/ros2_control_demo_example_11/local_setup.sh
[0.662s] -- Up-to-date: /home/hans/ros2_ws/install/share/ros2_control_demo_example_11/local_setup.zsh
[0.662s] -- Up-to-date: /home/hans/ros2_ws/install/share/ros2_control_demo_example_11/local_setup.dsv
[0.663s] -- Installing: /home/hans/ros2_ws/install/share/ros2_control_demo_example_11/package.dsv
[0.664s] -- Up-to-date: /home/hans/ros2_ws/install/share/ament_index/resource_index/packages/ros2_control_demo_example_11
[0.665s] -- Up-to-date: /home/hans/ros2_ws/install/share/ament_index/resource_index/hardware_interface__pluginlib__plugin/ros2_control_demo_example_11
[0.665s] -- Up-to-date: /home/hans/ros2_ws/install/share/ros2_control_demo_example_11/cmake/export_ros2_control_demo_example_11Export.cmake
[0.668s] -- Up-to-date: /home/hans/ros2_ws/install/share/ros2_control_demo_example_11/cmake/export_ros2_control_demo_example_11Export-noconfig.cmake
[0.668s] -- Up-to-date: /home/hans/ros2_ws/install/share/ros2_control_demo_example_11/cmake/ament_cmake_export_targets-extras.cmake
[0.669s] -- Up-to-date: /home/hans/ros2_ws/install/share/ros2_control_demo_example_11/cmake/ament_cmake_export_dependencies-extras.cmake
[0.669s] -- Up-to-date: /home/hans/ros2_ws/install/share/ros2_control_demo_example_11/cmake/ros2_control_demo_example_11Config.cmake
[0.669s] -- Up-to-date: /home/hans/ros2_ws/install/share/ros2_control_demo_example_11/cmake/ros2_control_demo_example_11Config-version.cmake
[0.669s] -- Up-to-date: /home/hans/ros2_ws/install/share/ros2_control_demo_example_11/package.xml
[0.673s] Invoked command in '/home/hans/ros2_ws/build/ros2_control_demo_example_11' returned '0': CMAKE_PREFIX_PATH=${CMAKE_PREFIX_PATH}:/opt/ros/iron /usr/bin/cmake --install /home/hans/ros2_ws/build/ros2_control_demo_example_11
