[0.095s] Invoking command in '/home/hans/ros2_ws/build/thur': CMAKE_PREFIX_PATH=${CMAKE_PREFIX_PATH}:/opt/ros/iron /usr/bin/cmake --build /home/hans/ros2_ws/build/thur -- -j4 -l4
[0.282s] [35m[1mConsolidate compiler generated dependencies of target thur[0m
[0.409s] [ 33%] [32mBuilding CXX object CMakeFiles/thur.dir/hardware/serial.cpp.o[0m
[8.925s] [ 66%] [32m[1mLinking CXX shared library libthur.so[0m
[9.474s] [100%] Built target thur
[9.506s] Invoked command in '/home/hans/ros2_ws/build/thur' returned '0': CMAKE_PREFIX_PATH=${CMAKE_PREFIX_PATH}:/opt/ros/iron /usr/bin/cmake --build /home/hans/ros2_ws/build/thur -- -j4 -l4
[9.582s] Invoking command in '/home/hans/ros2_ws/build/thur': CMAKE_PREFIX_PATH=${CMAKE_PREFIX_PATH}:/opt/ros/iron /usr/bin/cmake --install /home/hans/ros2_ws/build/thur
[9.597s] -- Install configuration: ""
[9.598s] -- Up-to-date: /home/hans/ros2_ws/install/share/thur/thur.xml
[9.598s] -- Up-to-date: /home/hans/ros2_ws/install/include/thur
[9.598s] -- Up-to-date: /home/hans/ros2_ws/install/include/thur/serial.hpp
[9.598s] -- Up-to-date: /home/hans/ros2_ws/install/include/thur/thur
[9.600s] -- Up-to-date: /home/hans/ros2_ws/install/include/thur/thur/thur_diff.hpp
[9.600s] -- Up-to-date: /home/hans/ros2_ws/install/share/thur/launch
[9.600s] -- Up-to-date: /home/hans/ros2_ws/install/share/thur/launch/view_robot.launch.py
[9.600s] -- Up-to-date: /home/hans/ros2_ws/install/share/thur/ros2_control
[9.600s] -- Up-to-date: /home/hans/ros2_ws/install/share/thur/ros2_control/thur.ros2_control.xacro
[9.600s] -- Up-to-date: /home/hans/ros2_ws/install/share/thur/urdf
[9.600s] -- Up-to-date: /home/hans/ros2_ws/install/share/thur/urdf/thur.urdf.xacro
[9.600s] -- Up-to-date: /home/hans/ros2_ws/install/share/thur/launch
[9.601s] -- Up-to-date: /home/hans/ros2_ws/install/share/thur/launch/thur.launch.py
[9.601s] -- Up-to-date: /home/hans/ros2_ws/install/share/thur/config
[9.601s] -- Up-to-date: /home/hans/ros2_ws/install/share/thur/config/thur_controllers.yaml
[9.601s] -- Installing: /home/hans/ros2_ws/install/lib/libthur.so
[9.603s] -- Set runtime path of "/home/hans/ros2_ws/install/lib/libthur.so" to ""
[9.604s] -- Up-to-date: /home/hans/ros2_ws/install/share/thur/environment/library_path.sh
[9.604s] -- Up-to-date: /home/hans/ros2_ws/install/share/thur/environment/library_path.dsv
[9.604s] -- Up-to-date: /home/hans/ros2_ws/install/share/ament_index/resource_index/package_run_dependencies/thur
[9.604s] -- Up-to-date: /home/hans/ros2_ws/install/share/ament_index/resource_index/parent_prefix_path/thur
[9.605s] -- Up-to-date: /home/hans/ros2_ws/install/share/thur/environment/ament_prefix_path.sh
[9.605s] -- Up-to-date: /home/hans/ros2_ws/install/share/thur/environment/ament_prefix_path.dsv
[9.605s] -- Up-to-date: /home/hans/ros2_ws/install/share/thur/environment/path.sh
[9.605s] -- Up-to-date: /home/hans/ros2_ws/install/share/thur/environment/path.dsv
[9.606s] -- Up-to-date: /home/hans/ros2_ws/install/share/thur/local_setup.bash
[9.606s] -- Up-to-date: /home/hans/ros2_ws/install/share/thur/local_setup.sh
[9.606s] -- Up-to-date: /home/hans/ros2_ws/install/share/thur/local_setup.zsh
[9.606s] -- Up-to-date: /home/hans/ros2_ws/install/share/thur/local_setup.dsv
[9.607s] -- Installing: /home/hans/ros2_ws/install/share/thur/package.dsv
[9.607s] -- Up-to-date: /home/hans/ros2_ws/install/share/ament_index/resource_index/packages/thur
[9.607s] -- Up-to-date: /home/hans/ros2_ws/install/share/ament_index/resource_index/hardware_interface__pluginlib__plugin/thur
[9.608s] -- Up-to-date: /home/hans/ros2_ws/install/share/thur/cmake/export_thurExport.cmake
[9.608s] -- Up-to-date: /home/hans/ros2_ws/install/share/thur/cmake/export_thurExport-noconfig.cmake
[9.608s] -- Up-to-date: /home/hans/ros2_ws/install/share/thur/cmake/ament_cmake_export_targets-extras.cmake
[9.608s] -- Up-to-date: /home/hans/ros2_ws/install/share/thur/cmake/ament_cmake_export_dependencies-extras.cmake
[9.609s] -- Up-to-date: /home/hans/ros2_ws/install/share/thur/cmake/thurConfig.cmake
[9.609s] -- Up-to-date: /home/hans/ros2_ws/install/share/thur/cmake/thurConfig-version.cmake
[9.609s] -- Up-to-date: /home/hans/ros2_ws/install/share/thur/package.xml
[9.615s] Invoked command in '/home/hans/ros2_ws/build/thur' returned '0': CMAKE_PREFIX_PATH=${CMAKE_PREFIX_PATH}:/opt/ros/iron /usr/bin/cmake --install /home/hans/ros2_ws/build/thur
