[0.009s] Invoking command in '/home/hans/ros2_ws/build/ros2_control_demo_example_2': AMENT_PREFIX_PATH=/home/hans/ros2_ws/install:${AMENT_PREFIX_PATH} CMAKE_PREFIX_PATH=/home/hans/ros2_ws/install:/opt/ros/iron LD_LIBRARY_PATH=/home/hans/ros2_ws/install/lib:${LD_LIBRARY_PATH} PYTHONPATH=/home/hans/ros2_ws/install/lib/python3.10/site-packages:${PYTHONPATH} /usr/bin/cmake --build /home/hans/ros2_ws/build/ros2_control_demo_example_2 -- -j1 -l1
[0.087s] [35m[1mConsolidate compiler generated dependencies of target ros2_control_demo_example_2[0m
[0.126s] [100%] Built target ros2_control_demo_example_2
[0.148s] Invoked command in '/home/hans/ros2_ws/build/ros2_control_demo_example_2' returned '0': AMENT_PREFIX_PATH=/home/hans/ros2_ws/install:${AMENT_PREFIX_PATH} CMAKE_PREFIX_PATH=/home/hans/ros2_ws/install:/opt/ros/iron LD_LIBRARY_PATH=/home/hans/ros2_ws/install/lib:${LD_LIBRARY_PATH} PYTHONPATH=/home/hans/ros2_ws/install/lib/python3.10/site-packages:${PYTHONPATH} /usr/bin/cmake --build /home/hans/ros2_ws/build/ros2_control_demo_example_2 -- -j1 -l1
[0.173s] Invoking command in '/home/hans/ros2_ws/build/ros2_control_demo_example_2': AMENT_PREFIX_PATH=/home/hans/ros2_ws/install:${AMENT_PREFIX_PATH} CMAKE_PREFIX_PATH=/home/hans/ros2_ws/install:/opt/ros/iron LD_LIBRARY_PATH=/home/hans/ros2_ws/install/lib:${LD_LIBRARY_PATH} PYTHONPATH=/home/hans/ros2_ws/install/lib/python3.10/site-packages:${PYTHONPATH} /usr/bin/cmake --install /home/hans/ros2_ws/build/ros2_control_demo_example_2
[0.183s] -- Install configuration: ""
[0.184s] -- Up-to-date: /home/hans/ros2_ws/install/share/ros2_control_demo_example_2/ros2_control_demo_example_2.xml
[0.184s] -- Up-to-date: /home/hans/ros2_ws/install/include/ros2_control_demo_example_2
[0.184s] -- Up-to-date: /home/hans/ros2_ws/install/include/ros2_control_demo_example_2/ros2_control_demo_example_2
[0.185s] -- Up-to-date: /home/hans/ros2_ws/install/include/ros2_control_demo_example_2/ros2_control_demo_example_2/diffbot_system.hpp
[0.185s] -- Up-to-date: /home/hans/ros2_ws/install/share/ros2_control_demo_example_2/launch
[0.186s] -- Up-to-date: /home/hans/ros2_ws/install/share/ros2_control_demo_example_2/launch/view_robot.launch.py
[0.186s] -- Up-to-date: /home/hans/ros2_ws/install/share/ros2_control_demo_example_2/ros2_control
[0.186s] -- Up-to-date: /home/hans/ros2_ws/install/share/ros2_control_demo_example_2/ros2_control/diffbot.ros2_control.xacro
[0.187s] -- Up-to-date: /home/hans/ros2_ws/install/share/ros2_control_demo_example_2/urdf
[0.187s] -- Up-to-date: /home/hans/ros2_ws/install/share/ros2_control_demo_example_2/urdf/diffbot.urdf.xacro
[0.187s] -- Up-to-date: /home/hans/ros2_ws/install/share/ros2_control_demo_example_2/launch
[0.187s] -- Up-to-date: /home/hans/ros2_ws/install/share/ros2_control_demo_example_2/launch/diffbot.launch.py
[0.188s] -- Up-to-date: /home/hans/ros2_ws/install/share/ros2_control_demo_example_2/config
[0.188s] -- Up-to-date: /home/hans/ros2_ws/install/share/ros2_control_demo_example_2/config/diffbot_controllers.yaml
[0.189s] -- Up-to-date: /home/hans/ros2_ws/install/lib/libros2_control_demo_example_2.so
[0.190s] -- Up-to-date: /home/hans/ros2_ws/install/share/ros2_control_demo_example_2/environment/library_path.sh
[0.190s] -- Up-to-date: /home/hans/ros2_ws/install/share/ros2_control_demo_example_2/environment/library_path.dsv
[0.190s] -- Up-to-date: /home/hans/ros2_ws/install/share/ament_index/resource_index/package_run_dependencies/ros2_control_demo_example_2
[0.190s] -- Up-to-date: /home/hans/ros2_ws/install/share/ament_index/resource_index/parent_prefix_path/ros2_control_demo_example_2
[0.190s] -- Up-to-date: /home/hans/ros2_ws/install/share/ros2_control_demo_example_2/environment/ament_prefix_path.sh
[0.191s] -- Up-to-date: /home/hans/ros2_ws/install/share/ros2_control_demo_example_2/environment/ament_prefix_path.dsv
[0.191s] -- Up-to-date: /home/hans/ros2_ws/install/share/ros2_control_demo_example_2/environment/path.sh
[0.191s] -- Up-to-date: /home/hans/ros2_ws/install/share/ros2_control_demo_example_2/environment/path.dsv
[0.191s] -- Up-to-date: /home/hans/ros2_ws/install/share/ros2_control_demo_example_2/local_setup.bash
[0.191s] -- Up-to-date: /home/hans/ros2_ws/install/share/ros2_control_demo_example_2/local_setup.sh
[0.191s] -- Up-to-date: /home/hans/ros2_ws/install/share/ros2_control_demo_example_2/local_setup.zsh
[0.191s] -- Up-to-date: /home/hans/ros2_ws/install/share/ros2_control_demo_example_2/local_setup.dsv
[0.191s] -- Installing: /home/hans/ros2_ws/install/share/ros2_control_demo_example_2/package.dsv
[0.191s] -- Up-to-date: /home/hans/ros2_ws/install/share/ament_index/resource_index/packages/ros2_control_demo_example_2
[0.191s] -- Up-to-date: /home/hans/ros2_ws/install/share/ament_index/resource_index/hardware_interface__pluginlib__plugin/ros2_control_demo_example_2
[0.193s] -- Up-to-date: /home/hans/ros2_ws/install/share/ros2_control_demo_example_2/cmake/export_ros2_control_demo_example_2Export.cmake
[0.193s] -- Up-to-date: /home/hans/ros2_ws/install/share/ros2_control_demo_example_2/cmake/export_ros2_control_demo_example_2Export-noconfig.cmake
[0.193s] -- Up-to-date: /home/hans/ros2_ws/install/share/ros2_control_demo_example_2/cmake/ament_cmake_export_targets-extras.cmake
[0.193s] -- Up-to-date: /home/hans/ros2_ws/install/share/ros2_control_demo_example_2/cmake/ament_cmake_export_dependencies-extras.cmake
[0.194s] -- Up-to-date: /home/hans/ros2_ws/install/share/ros2_control_demo_example_2/cmake/ros2_control_demo_example_2Config.cmake
[0.194s] -- Up-to-date: /home/hans/ros2_ws/install/share/ros2_control_demo_example_2/cmake/ros2_control_demo_example_2Config-version.cmake
[0.194s] -- Up-to-date: /home/hans/ros2_ws/install/share/ros2_control_demo_example_2/package.xml
[0.197s] Invoked command in '/home/hans/ros2_ws/build/ros2_control_demo_example_2' returned '0': AMENT_PREFIX_PATH=/home/hans/ros2_ws/install:${AMENT_PREFIX_PATH} CMAKE_PREFIX_PATH=/home/hans/ros2_ws/install:/opt/ros/iron LD_LIBRARY_PATH=/home/hans/ros2_ws/install/lib:${LD_LIBRARY_PATH} PYTHONPATH=/home/hans/ros2_ws/install/lib/python3.10/site-packages:${PYTHONPATH} /usr/bin/cmake --install /home/hans/ros2_ws/build/ros2_control_demo_example_2
