[0.036s] Invoking command in '/home/hans/ros2_ws/build/ros2_control_demo_description': CMAKE_PREFIX_PATH=${CMAKE_PREFIX_PATH}:/opt/ros/iron /usr/bin/cmake --build /home/hans/ros2_ws/build/ros2_control_demo_description -- -j4 -l4
[0.771s] Invoked command in '/home/hans/ros2_ws/build/ros2_control_demo_description' returned '0': CMAKE_PREFIX_PATH=${CMAKE_PREFIX_PATH}:/opt/ros/iron /usr/bin/cmake --build /home/hans/ros2_ws/build/ros2_control_demo_description -- -j4 -l4
[0.857s] Invoking command in '/home/hans/ros2_ws/build/ros2_control_demo_description': CMAKE_PREFIX_PATH=${CMAKE_PREFIX_PATH}:/opt/ros/iron /usr/bin/cmake --install /home/hans/ros2_ws/build/ros2_control_demo_description
[0.881s] -- Install configuration: ""
[0.883s] -- Up-to-date: /home/hans/ros2_ws/install/share/ros2_control_demo_description/rrbot/urdf
[0.883s] -- Up-to-date: /home/hans/ros2_ws/install/share/ros2_control_demo_description/rrbot/urdf/rrbot_description.urdf.xacro
[0.883s] -- Up-to-date: /home/hans/ros2_ws/install/share/ros2_control_demo_description/rrbot/urdf/rrbot.materials.xacro
[0.883s] -- Up-to-date: /home/hans/ros2_ws/install/share/ros2_control_demo_description/rrbot/rviz
[0.884s] -- Up-to-date: /home/hans/ros2_ws/install/share/ros2_control_demo_description/rrbot/rviz/rrbot.rviz
[0.884s] -- Up-to-date: /home/hans/ros2_ws/install/share/ros2_control_demo_description/diffbot/urdf
[0.889s] -- Up-to-date: /home/hans/ros2_ws/install/share/ros2_control_demo_description/diffbot/urdf/diffbot.materials.xacro
[0.889s] -- Up-to-date: /home/hans/ros2_ws/install/share/ros2_control_demo_description/diffbot/urdf/diffbot_description.urdf.xacro
[0.889s] -- Up-to-date: /home/hans/ros2_ws/install/share/ros2_control_demo_description/diffbot/rviz
[0.890s] -- Up-to-date: /home/hans/ros2_ws/install/share/ros2_control_demo_description/diffbot/rviz/diffbot.rviz
[0.890s] -- Up-to-date: /home/hans/ros2_ws/install/share/ros2_control_demo_description/diffbot/rviz/diffbot_view.rviz
[0.890s] -- Up-to-date: /home/hans/ros2_ws/install/share/ros2_control_demo_description/carlikebot/urdf
[0.890s] -- Up-to-date: /home/hans/ros2_ws/install/share/ros2_control_demo_description/carlikebot/urdf/carlikebot_description.urdf.xacro
[0.891s] -- Up-to-date: /home/hans/ros2_ws/install/share/ros2_control_demo_description/carlikebot/urdf/carlikebot.materials.xacro
[0.891s] -- Up-to-date: /home/hans/ros2_ws/install/share/ros2_control_demo_description/carlikebot/rviz
[0.891s] -- Up-to-date: /home/hans/ros2_ws/install/share/ros2_control_demo_description/carlikebot/rviz/carlikebot.rviz
[0.891s] -- Up-to-date: /home/hans/ros2_ws/install/share/ros2_control_demo_description/carlikebot/rviz/carlikebot_view.rviz
[0.891s] -- Up-to-date: /home/hans/ros2_ws/install/share/ros2_control_demo_description/r6bot/meshes
[0.891s] -- Up-to-date: /home/hans/ros2_ws/install/share/ros2_control_demo_description/r6bot/meshes/visual
[0.892s] -- Up-to-date: /home/hans/ros2_ws/install/share/ros2_control_demo_description/r6bot/meshes/visual/link_1.dae
[0.892s] -- Up-to-date: /home/hans/ros2_ws/install/share/ros2_control_demo_description/r6bot/meshes/visual/link_2.dae
[0.892s] -- Up-to-date: /home/hans/ros2_ws/install/share/ros2_control_demo_description/r6bot/meshes/visual/link_5.dae
[0.892s] -- Up-to-date: /home/hans/ros2_ws/install/share/ros2_control_demo_description/r6bot/meshes/visual/link_4.dae
[0.892s] -- Up-to-date: /home/hans/ros2_ws/install/share/ros2_control_demo_description/r6bot/meshes/visual/link_6.dae
[0.892s] -- Up-to-date: /home/hans/ros2_ws/install/share/ros2_control_demo_description/r6bot/meshes/visual/link_3.dae
[0.893s] -- Up-to-date: /home/hans/ros2_ws/install/share/ros2_control_demo_description/r6bot/meshes/visual/link_0.dae
[0.894s] -- Up-to-date: /home/hans/ros2_ws/install/share/ros2_control_demo_description/r6bot/meshes/collision
[0.894s] -- Up-to-date: /home/hans/ros2_ws/install/share/ros2_control_demo_description/r6bot/meshes/collision/link_3.stl
[0.894s] -- Up-to-date: /home/hans/ros2_ws/install/share/ros2_control_demo_description/r6bot/meshes/collision/link_5.stl
[0.894s] -- Up-to-date: /home/hans/ros2_ws/install/share/ros2_control_demo_description/r6bot/meshes/collision/link_4.stl
[0.895s] -- Up-to-date: /home/hans/ros2_ws/install/share/ros2_control_demo_description/r6bot/meshes/collision/link_0.stl
[0.895s] -- Up-to-date: /home/hans/ros2_ws/install/share/ros2_control_demo_description/r6bot/meshes/collision/link_6.stl
[0.895s] -- Up-to-date: /home/hans/ros2_ws/install/share/ros2_control_demo_description/r6bot/meshes/collision/link_2.stl
[0.895s] -- Up-to-date: /home/hans/ros2_ws/install/share/ros2_control_demo_description/r6bot/meshes/collision/link_1.stl
[0.895s] -- Up-to-date: /home/hans/ros2_ws/install/share/ros2_control_demo_description/r6bot/srdf
[0.895s] -- Up-to-date: /home/hans/ros2_ws/install/share/ros2_control_demo_description/r6bot/srdf/r6bot.srdf
[0.896s] -- Up-to-date: /home/hans/ros2_ws/install/share/ros2_control_demo_description/r6bot/urdf
[0.898s] -- Up-to-date: /home/hans/ros2_ws/install/share/ros2_control_demo_description/r6bot/urdf/inc
[0.898s] -- Up-to-date: /home/hans/ros2_ws/install/share/ros2_control_demo_description/r6bot/urdf/inc/create_link.xacro
[0.898s] -- Up-to-date: /home/hans/ros2_ws/install/share/ros2_control_demo_description/r6bot/urdf/r6bot_description.urdf.xacro
[0.899s] -- Up-to-date: /home/hans/ros2_ws/install/share/ros2_control_demo_description/r6bot/rviz
[0.899s] -- Up-to-date: /home/hans/ros2_ws/install/share/ros2_control_demo_description/r6bot/rviz/view_robot.rviz
[0.899s] -- Up-to-date: /home/hans/ros2_ws/install/share/ament_index/resource_index/package_run_dependencies/ros2_control_demo_description
[0.900s] -- Up-to-date: /home/hans/ros2_ws/install/share/ament_index/resource_index/parent_prefix_path/ros2_control_demo_description
[0.906s] -- Up-to-date: /home/hans/ros2_ws/install/share/ros2_control_demo_description/environment/ament_prefix_path.sh
[0.910s] -- Up-to-date: /home/hans/ros2_ws/install/share/ros2_control_demo_description/environment/ament_prefix_path.dsv
[0.910s] -- Up-to-date: /home/hans/ros2_ws/install/share/ros2_control_demo_description/environment/path.sh
[0.910s] -- Up-to-date: /home/hans/ros2_ws/install/share/ros2_control_demo_description/environment/path.dsv
[0.911s] -- Up-to-date: /home/hans/ros2_ws/install/share/ros2_control_demo_description/local_setup.bash
[0.911s] -- Up-to-date: /home/hans/ros2_ws/install/share/ros2_control_demo_description/local_setup.sh
[0.912s] -- Up-to-date: /home/hans/ros2_ws/install/share/ros2_control_demo_description/local_setup.zsh
[0.912s] -- Up-to-date: /home/hans/ros2_ws/install/share/ros2_control_demo_description/local_setup.dsv
[0.912s] -- Installing: /home/hans/ros2_ws/install/share/ros2_control_demo_description/package.dsv
[0.912s] -- Up-to-date: /home/hans/ros2_ws/install/share/ament_index/resource_index/packages/ros2_control_demo_description
[0.912s] -- Up-to-date: /home/hans/ros2_ws/install/share/ros2_control_demo_description/cmake/ros2_control_demo_descriptionConfig.cmake
[0.913s] -- Up-to-date: /home/hans/ros2_ws/install/share/ros2_control_demo_description/cmake/ros2_control_demo_descriptionConfig-version.cmake
[0.913s] -- Up-to-date: /home/hans/ros2_ws/install/share/ros2_control_demo_description/package.xml
[0.913s] Invoked command in '/home/hans/ros2_ws/build/ros2_control_demo_description' returned '0': CMAKE_PREFIX_PATH=${CMAKE_PREFIX_PATH}:/opt/ros/iron /usr/bin/cmake --install /home/hans/ros2_ws/build/ros2_control_demo_description
