[0.026s] Invoking command in '/home/hans/ros2_ws/build/thur': CMAKE_PREFIX_PATH=${CMAKE_PREFIX_PATH}:/opt/ros/iron /usr/bin/cmake /home/hans/ros2_ws/src/ros2_control_demos/thur -DCMAKE_INSTALL_PREFIX=/home/hans/ros2_ws/install
[0.248s] -- The CXX compiler identification is GNU 11.4.0
[0.273s] -- Detecting CXX compiler ABI info
[0.463s] -- Detecting CXX compiler ABI info - done
[0.475s] -- Check for working CXX compiler: /usr/bin/c++ - skipped
[0.477s] -- Detecting CXX compile features
[0.478s] -- Detecting CXX compile features - done
[0.494s] -- Found ament_cmake: 2.0.6 (/opt/ros/iron/share/ament_cmake/cmake)
[0.873s] -- Found Python3: /usr/bin/python3.10 (found version "3.10.12") found components: Interpreter 
[1.034s] -- Found hardware_interface: 3.28.0 (/opt/ros/iron/share/hardware_interface/cmake)
[1.104s] -- Found rosidl_generator_c: 4.0.1 (/opt/ros/iron/share/rosidl_generator_c/cmake)
[1.119s] -- Found rosidl_generator_cpp: 4.0.1 (/opt/ros/iron/share/rosidl_generator_cpp/cmake)
[1.154s] -- Using all available rosidl_typesupport_c: rosidl_typesupport_fastrtps_c;rosidl_typesupport_introspection_c
[1.189s] -- Using all available rosidl_typesupport_cpp: rosidl_typesupport_fastrtps_cpp;rosidl_typesupport_introspection_cpp
[2.241s] -- Found rmw_implementation_cmake: 7.1.0 (/opt/ros/iron/share/rmw_implementation_cmake/cmake)
[2.250s] -- Found rmw_fastrtps_cpp: 7.1.4 (/opt/ros/iron/share/rmw_fastrtps_cpp/cmake)
[2.307s] -- Found TinyXML2 via Config file: TinyXML2_DIR-NOTFOUND
[2.377s] -- Found OpenSSL: /usr/lib/x86_64-linux-gnu/libcrypto.so (found version "3.0.2")  
[2.382s] -- Found TinyXML2 via Config file: TinyXML2_DIR-NOTFOUND
[2.398s] -- Found FastRTPS: /opt/ros/iron/include  
[2.404s] -- Found TinyXML2 via Config file: TinyXML2_DIR-NOTFOUND
[2.412s] -- Found TinyXML2 via Config file: TinyXML2_DIR-NOTFOUND
[2.422s] -- Using RMW implementation 'rmw_fastrtps_cpp' as default
[2.676s] [31mCMake Error at /opt/ros/iron/share/pluginlib/cmake/pluginlib_export_plugin_description_file.cmake:84 (message):
[2.676s]   Given plugin description file
[2.677s]   '/home/hans/ros2_ws/src/ros2_control_demos/thur/thur.xml' does not exist
[2.678s] Call Stack (most recent call first):
[2.678s]   CMakeLists.txt:44 (pluginlib_export_plugin_description_file)
[2.678s] 
[2.678s] [0m
[2.678s] -- Configuring incomplete, errors occurred!
[2.678s] See also "/home/hans/ros2_ws/build/thur/CMakeFiles/CMakeOutput.log".
[2.690s] Invoked command in '/home/hans/ros2_ws/build/thur' returned '1': CMAKE_PREFIX_PATH=${CMAKE_PREFIX_PATH}:/opt/ros/iron /usr/bin/cmake /home/hans/ros2_ws/src/ros2_control_demos/thur -DCMAKE_INSTALL_PREFIX=/home/hans/ros2_ws/install
