[0.250s] Invoking command in '/home/hans/ros2_ws/build/ros2_control_demo_example_12': CMAKE_PREFIX_PATH=${CMAKE_PREFIX_PATH}:/opt/ros/iron /usr/bin/cmake --build /home/hans/ros2_ws/build/ros2_control_demo_example_12 -- -j4 -l4
[0.588s] [ 40%] Built target ros2_control_demo_example_12
[0.688s] [ 60%] Built target passthrough_controller_parameters
[0.821s] [100%] Built target passthrough_controller
[0.884s] Invoked command in '/home/hans/ros2_ws/build/ros2_control_demo_example_12' returned '0': CMAKE_PREFIX_PATH=${CMAKE_PREFIX_PATH}:/opt/ros/iron /usr/bin/cmake --build /home/hans/ros2_ws/build/ros2_control_demo_example_12 -- -j4 -l4
[1.168s] Invoking command in '/home/hans/ros2_ws/build/ros2_control_demo_example_12': CMAKE_PREFIX_PATH=${CMAKE_PREFIX_PATH}:/opt/ros/iron /usr/bin/cmake --install /home/hans/ros2_ws/build/ros2_control_demo_example_12
[1.241s] -- Install configuration: ""
[1.241s] -- Up-to-date: /home/hans/ros2_ws/install/share/ros2_control_demo_example_12/ros2_control_demo_example_12.xml
[1.243s] -- Up-to-date: /home/hans/ros2_ws/install/include/passthrough_controller_parameters
[1.243s] -- Up-to-date: /home/hans/ros2_ws/install/include/passthrough_controller_parameters/passthrough_controller_parameters.hpp
[1.244s] -- Up-to-date: /home/hans/ros2_ws/install/share/ros2_control_demo_example_12/passthrough_controller.xml
[1.244s] -- Up-to-date: /home/hans/ros2_ws/install/include/ros2_control_demo_example_12
[1.245s] -- Up-to-date: /home/hans/ros2_ws/install/include/ros2_control_demo_example_12/ros2_control_demo_example_12
[1.245s] -- Up-to-date: /home/hans/ros2_ws/install/include/ros2_control_demo_example_12/ros2_control_demo_example_12/rrbot.hpp
[1.247s] -- Up-to-date: /home/hans/ros2_ws/install/share/ros2_control_demo_example_12/launch
[1.248s] -- Up-to-date: /home/hans/ros2_ws/install/share/ros2_control_demo_example_12/launch/view_robot.launch.py
[1.250s] -- Up-to-date: /home/hans/ros2_ws/install/share/ros2_control_demo_example_12/ros2_control
[1.251s] -- Up-to-date: /home/hans/ros2_ws/install/share/ros2_control_demo_example_12/ros2_control/rrbot.ros2_control.xacro
[1.251s] -- Up-to-date: /home/hans/ros2_ws/install/share/ros2_control_demo_example_12/urdf
[1.251s] -- Up-to-date: /home/hans/ros2_ws/install/share/ros2_control_demo_example_12/urdf/rrbot.urdf.xacro
[1.251s] -- Up-to-date: /home/hans/ros2_ws/install/share/ros2_control_demo_example_12/launch
[1.251s] -- Up-to-date: /home/hans/ros2_ws/install/share/ros2_control_demo_example_12/launch/launch_chained_controllers.launch.py
[1.251s] -- Up-to-date: /home/hans/ros2_ws/install/share/ros2_control_demo_example_12/launch/rrbot.launch.py
[1.252s] -- Up-to-date: /home/hans/ros2_ws/install/share/ros2_control_demo_example_12/config
[1.252s] -- Up-to-date: /home/hans/ros2_ws/install/share/ros2_control_demo_example_12/config/rrbot_chained_controllers.yaml
[1.252s] -- Up-to-date: /home/hans/ros2_ws/install/lib/libros2_control_demo_example_12.so
[1.252s] -- Up-to-date: /home/hans/ros2_ws/install/include/passthrough_controller
[1.256s] -- Up-to-date: /home/hans/ros2_ws/install/include/passthrough_controller/passthrough_controller
[1.257s] -- Up-to-date: /home/hans/ros2_ws/install/include/passthrough_controller/passthrough_controller/passthrough_controller.hpp
[1.257s] -- Up-to-date: /home/hans/ros2_ws/install/lib/libpassthrough_controller.so
[1.257s] -- Up-to-date: /home/hans/ros2_ws/install/share/ros2_control_demo_example_12/environment/library_path.sh
[1.260s] -- Up-to-date: /home/hans/ros2_ws/install/share/ros2_control_demo_example_12/environment/library_path.dsv
[1.260s] -- Up-to-date: /home/hans/ros2_ws/install/share/ament_index/resource_index/package_run_dependencies/ros2_control_demo_example_12
[1.260s] -- Up-to-date: /home/hans/ros2_ws/install/share/ament_index/resource_index/parent_prefix_path/ros2_control_demo_example_12
[1.262s] -- Up-to-date: /home/hans/ros2_ws/install/share/ros2_control_demo_example_12/environment/ament_prefix_path.sh
[1.262s] -- Up-to-date: /home/hans/ros2_ws/install/share/ros2_control_demo_example_12/environment/ament_prefix_path.dsv
[1.262s] -- Up-to-date: /home/hans/ros2_ws/install/share/ros2_control_demo_example_12/environment/path.sh
[1.263s] -- Up-to-date: /home/hans/ros2_ws/install/share/ros2_control_demo_example_12/environment/path.dsv
[1.263s] -- Up-to-date: /home/hans/ros2_ws/install/share/ros2_control_demo_example_12/local_setup.bash
[1.263s] -- Up-to-date: /home/hans/ros2_ws/install/share/ros2_control_demo_example_12/local_setup.sh
[1.263s] -- Up-to-date: /home/hans/ros2_ws/install/share/ros2_control_demo_example_12/local_setup.zsh
[1.267s] -- Up-to-date: /home/hans/ros2_ws/install/share/ros2_control_demo_example_12/local_setup.dsv
[1.268s] -- Installing: /home/hans/ros2_ws/install/share/ros2_control_demo_example_12/package.dsv
[1.268s] -- Up-to-date: /home/hans/ros2_ws/install/share/ament_index/resource_index/packages/ros2_control_demo_example_12
[1.283s] -- Up-to-date: /home/hans/ros2_ws/install/share/ament_index/resource_index/hardware_interface__pluginlib__plugin/ros2_control_demo_example_12
[1.283s] -- Up-to-date: /home/hans/ros2_ws/install/share/ament_index/resource_index/controller_interface__pluginlib__plugin/ros2_control_demo_example_12
[1.283s] -- Up-to-date: /home/hans/ros2_ws/install/share/ros2_control_demo_example_12/cmake/export_passthrough_controllerExport.cmake
[1.284s] -- Up-to-date: /home/hans/ros2_ws/install/share/ros2_control_demo_example_12/cmake/export_passthrough_controllerExport-noconfig.cmake
[1.285s] -- Up-to-date: /home/hans/ros2_ws/install/share/ros2_control_demo_example_12/cmake/export_ros2_control_demo_example_12Export.cmake
[1.285s] -- Up-to-date: /home/hans/ros2_ws/install/share/ros2_control_demo_example_12/cmake/export_ros2_control_demo_example_12Export-noconfig.cmake
[1.285s] -- Up-to-date: /home/hans/ros2_ws/install/share/ros2_control_demo_example_12/cmake/ament_cmake_export_targets-extras.cmake
[1.285s] -- Up-to-date: /home/hans/ros2_ws/install/share/ros2_control_demo_example_12/cmake/ament_cmake_export_dependencies-extras.cmake
[1.286s] -- Up-to-date: /home/hans/ros2_ws/install/share/ros2_control_demo_example_12/cmake/ros2_control_demo_example_12Config.cmake
[1.286s] -- Up-to-date: /home/hans/ros2_ws/install/share/ros2_control_demo_example_12/cmake/ros2_control_demo_example_12Config-version.cmake
[1.286s] -- Up-to-date: /home/hans/ros2_ws/install/share/ros2_control_demo_example_12/package.xml
[1.381s] Invoked command in '/home/hans/ros2_ws/build/ros2_control_demo_example_12' returned '0': CMAKE_PREFIX_PATH=${CMAKE_PREFIX_PATH}:/opt/ros/iron /usr/bin/cmake --install /home/hans/ros2_ws/build/ros2_control_demo_example_12
