[0.110s] Invoking command in '/home/hans/ros2_ws/build/thur': CMAKE_PREFIX_PATH=${CMAKE_PREFIX_PATH}:/opt/ros/iron /usr/bin/cmake --build /home/hans/ros2_ws/build/thur -- -j4 -l4
[0.316s] [35m[1mConsolidate compiler generated dependencies of target thur[0m
[0.425s] [ 33%] [32mBuilding CXX object CMakeFiles/thur.dir/hardware/serial.cpp.o[0m
[9.467s] [ 66%] [32m[1mLinking CXX shared library libthur.so[0m
[10.025s] [100%] Built target thur
[10.050s] Invoked command in '/home/hans/ros2_ws/build/thur' returned '0': CMAKE_PREFIX_PATH=${CMAKE_PREFIX_PATH}:/opt/ros/iron /usr/bin/cmake --build /home/hans/ros2_ws/build/thur -- -j4 -l4
[10.117s] Invoking command in '/home/hans/ros2_ws/build/thur': CMAKE_PREFIX_PATH=${CMAKE_PREFIX_PATH}:/opt/ros/iron /usr/bin/cmake --install /home/hans/ros2_ws/build/thur
[10.133s] -- Install configuration: ""
[10.134s] -- Up-to-date: /home/hans/ros2_ws/install/share/thur/thur.xml
[10.134s] -- Up-to-date: /home/hans/ros2_ws/install/include/thur
[10.134s] -- Up-to-date: /home/hans/ros2_ws/install/include/thur/serial.hpp
[10.135s] -- Up-to-date: /home/hans/ros2_ws/install/include/thur/thur
[10.135s] -- Up-to-date: /home/hans/ros2_ws/install/include/thur/thur/thur_diff.hpp
[10.135s] -- Up-to-date: /home/hans/ros2_ws/install/share/thur/launch
[10.135s] -- Up-to-date: /home/hans/ros2_ws/install/share/thur/launch/view_robot.launch.py
[10.135s] -- Up-to-date: /home/hans/ros2_ws/install/share/thur/ros2_control
[10.135s] -- Installing: /home/hans/ros2_ws/install/share/thur/ros2_control/thur.ros2_control.xacro
[10.136s] -- Up-to-date: /home/hans/ros2_ws/install/share/thur/urdf
[10.136s] -- Up-to-date: /home/hans/ros2_ws/install/share/thur/urdf/thur.urdf.xacro
[10.136s] -- Up-to-date: /home/hans/ros2_ws/install/share/thur/launch
[10.136s] -- Up-to-date: /home/hans/ros2_ws/install/share/thur/launch/thur.launch.py
[10.136s] -- Up-to-date: /home/hans/ros2_ws/install/share/thur/config
[10.136s] -- Up-to-date: /home/hans/ros2_ws/install/share/thur/config/thur_controllers.yaml
[10.137s] -- Installing: /home/hans/ros2_ws/install/lib/libthur.so
[10.139s] -- Set runtime path of "/home/hans/ros2_ws/install/lib/libthur.so" to ""
[10.139s] -- Up-to-date: /home/hans/ros2_ws/install/share/thur/environment/library_path.sh
[10.139s] -- Up-to-date: /home/hans/ros2_ws/install/share/thur/environment/library_path.dsv
[10.140s] -- Up-to-date: /home/hans/ros2_ws/install/share/ament_index/resource_index/package_run_dependencies/thur
[10.140s] -- Up-to-date: /home/hans/ros2_ws/install/share/ament_index/resource_index/parent_prefix_path/thur
[10.141s] -- Up-to-date: /home/hans/ros2_ws/install/share/thur/environment/ament_prefix_path.sh
[10.141s] -- Up-to-date: /home/hans/ros2_ws/install/share/thur/environment/ament_prefix_path.dsv
[10.141s] -- Up-to-date: /home/hans/ros2_ws/install/share/thur/environment/path.sh
[10.142s] -- Up-to-date: /home/hans/ros2_ws/install/share/thur/environment/path.dsv
[10.142s] -- Up-to-date: /home/hans/ros2_ws/install/share/thur/local_setup.bash
[10.142s] -- Up-to-date: /home/hans/ros2_ws/install/share/thur/local_setup.sh
[10.143s] -- Up-to-date: /home/hans/ros2_ws/install/share/thur/local_setup.zsh
[10.143s] -- Up-to-date: /home/hans/ros2_ws/install/share/thur/local_setup.dsv
[10.143s] -- Installing: /home/hans/ros2_ws/install/share/thur/package.dsv
[10.143s] -- Up-to-date: /home/hans/ros2_ws/install/share/ament_index/resource_index/packages/thur
[10.143s] -- Up-to-date: /home/hans/ros2_ws/install/share/ament_index/resource_index/hardware_interface__pluginlib__plugin/thur
[10.144s] -- Up-to-date: /home/hans/ros2_ws/install/share/thur/cmake/export_thurExport.cmake
[10.144s] -- Up-to-date: /home/hans/ros2_ws/install/share/thur/cmake/export_thurExport-noconfig.cmake
[10.144s] -- Up-to-date: /home/hans/ros2_ws/install/share/thur/cmake/ament_cmake_export_targets-extras.cmake
[10.144s] -- Up-to-date: /home/hans/ros2_ws/install/share/thur/cmake/ament_cmake_export_dependencies-extras.cmake
[10.144s] -- Up-to-date: /home/hans/ros2_ws/install/share/thur/cmake/thurConfig.cmake
[10.144s] -- Up-to-date: /home/hans/ros2_ws/install/share/thur/cmake/thurConfig-version.cmake
[10.144s] -- Up-to-date: /home/hans/ros2_ws/install/share/thur/package.xml
[10.148s] Invoked command in '/home/hans/ros2_ws/build/thur' returned '0': CMAKE_PREFIX_PATH=${CMAKE_PREFIX_PATH}:/opt/ros/iron /usr/bin/cmake --install /home/hans/ros2_ws/build/thur
