[0.207s] Invoking command in '/home/hans/ros2_ws/build/ros2_control_demos': CMAKE_PREFIX_PATH=${CMAKE_PREFIX_PATH}:/opt/ros/iron /usr/bin/cmake --build /home/hans/ros2_ws/build/ros2_control_demos -- -j4 -l4
[0.314s] Invoked command in '/home/hans/ros2_ws/build/ros2_control_demos' returned '0': CMAKE_PREFIX_PATH=${CMAKE_PREFIX_PATH}:/opt/ros/iron /usr/bin/cmake --build /home/hans/ros2_ws/build/ros2_control_demos -- -j4 -l4
[0.458s] Invoking command in '/home/hans/ros2_ws/build/ros2_control_demos': CMAKE_PREFIX_PATH=${CMAKE_PREFIX_PATH}:/opt/ros/iron /usr/bin/cmake --install /home/hans/ros2_ws/build/ros2_control_demos
[0.492s] -- Install configuration: ""
[0.493s] -- Up-to-date: /home/hans/ros2_ws/install/share/ament_index/resource_index/package_run_dependencies/ros2_control_demos
[0.494s] -- Up-to-date: /home/hans/ros2_ws/install/share/ament_index/resource_index/parent_prefix_path/ros2_control_demos
[0.497s] -- Up-to-date: /home/hans/ros2_ws/install/share/ros2_control_demos/environment/ament_prefix_path.sh
[0.497s] -- Up-to-date: /home/hans/ros2_ws/install/share/ros2_control_demos/environment/ament_prefix_path.dsv
[0.498s] -- Up-to-date: /home/hans/ros2_ws/install/share/ros2_control_demos/environment/path.sh
[0.498s] -- Up-to-date: /home/hans/ros2_ws/install/share/ros2_control_demos/environment/path.dsv
[0.498s] -- Up-to-date: /home/hans/ros2_ws/install/share/ros2_control_demos/local_setup.bash
[0.504s] -- Up-to-date: /home/hans/ros2_ws/install/share/ros2_control_demos/local_setup.sh
[0.504s] -- Up-to-date: /home/hans/ros2_ws/install/share/ros2_control_demos/local_setup.zsh
[0.505s] -- Up-to-date: /home/hans/ros2_ws/install/share/ros2_control_demos/local_setup.dsv
[0.506s] -- Installing: /home/hans/ros2_ws/install/share/ros2_control_demos/package.dsv
[0.506s] -- Up-to-date: /home/hans/ros2_ws/install/share/ament_index/resource_index/packages/ros2_control_demos
[0.506s] -- Up-to-date: /home/hans/ros2_ws/install/share/ros2_control_demos/cmake/ros2_control_demosConfig.cmake
[0.506s] -- Up-to-date: /home/hans/ros2_ws/install/share/ros2_control_demos/cmake/ros2_control_demosConfig-version.cmake
[0.507s] -- Up-to-date: /home/hans/ros2_ws/install/share/ros2_control_demos/package.xml
[0.512s] Invoked command in '/home/hans/ros2_ws/build/ros2_control_demos' returned '0': CMAKE_PREFIX_PATH=${CMAKE_PREFIX_PATH}:/opt/ros/iron /usr/bin/cmake --install /home/hans/ros2_ws/build/ros2_control_demos
