[0.125s] Invoking command in '/home/hans/ros2_ws/build/ros2_control_demo_example_3': CMAKE_PREFIX_PATH=${CMAKE_PREFIX_PATH}:/opt/ros/iron /usr/bin/cmake --build /home/hans/ros2_ws/build/ros2_control_demo_example_3 -- -j4 -l4
[0.390s] [100%] Built target ros2_control_demo_example_3
[0.444s] Invoked command in '/home/hans/ros2_ws/build/ros2_control_demo_example_3' returned '0': CMAKE_PREFIX_PATH=${CMAKE_PREFIX_PATH}:/opt/ros/iron /usr/bin/cmake --build /home/hans/ros2_ws/build/ros2_control_demo_example_3 -- -j4 -l4
[0.623s] Invoking command in '/home/hans/ros2_ws/build/ros2_control_demo_example_3': CMAKE_PREFIX_PATH=${CMAKE_PREFIX_PATH}:/opt/ros/iron /usr/bin/cmake --install /home/hans/ros2_ws/build/ros2_control_demo_example_3
[0.661s] -- Install configuration: ""
[0.662s] -- Up-to-date: /home/hans/ros2_ws/install/share/ros2_control_demo_example_3/ros2_control_demo_example_3.xml
[0.662s] -- Up-to-date: /home/hans/ros2_ws/install/include/ros2_control_demo_example_3
[0.662s] -- Up-to-date: /home/hans/ros2_ws/install/include/ros2_control_demo_example_3/ros2_control_demo_example_3
[0.666s] -- Up-to-date: /home/hans/ros2_ws/install/include/ros2_control_demo_example_3/ros2_control_demo_example_3/rrbot_system_multi_interface.hpp
[0.667s] -- Up-to-date: /home/hans/ros2_ws/install/share/ros2_control_demo_example_3/launch
[0.667s] -- Up-to-date: /home/hans/ros2_ws/install/share/ros2_control_demo_example_3/launch/view_robot.launch.py
[0.667s] -- Up-to-date: /home/hans/ros2_ws/install/share/ros2_control_demo_example_3/ros2_control
[0.668s] -- Up-to-date: /home/hans/ros2_ws/install/share/ros2_control_demo_example_3/ros2_control/rrbot_system_multi_interface.ros2_control.xacro
[0.668s] -- Up-to-date: /home/hans/ros2_ws/install/share/ros2_control_demo_example_3/urdf
[0.668s] -- Up-to-date: /home/hans/ros2_ws/install/share/ros2_control_demo_example_3/urdf/rrbot_system_multi_interface.urdf.xacro
[0.668s] -- Up-to-date: /home/hans/ros2_ws/install/share/ros2_control_demo_example_3/launch
[0.668s] -- Up-to-date: /home/hans/ros2_ws/install/share/ros2_control_demo_example_3/launch/test_forward_position_controller.launch.py
[0.669s] -- Up-to-date: /home/hans/ros2_ws/install/share/ros2_control_demo_example_3/launch/rrbot_system_multi_interface.launch.py
[0.669s] -- Up-to-date: /home/hans/ros2_ws/install/share/ros2_control_demo_example_3/config
[0.669s] -- Up-to-date: /home/hans/ros2_ws/install/share/ros2_control_demo_example_3/config/rrbot_forward_position_publisher.yaml
[0.669s] -- Up-to-date: /home/hans/ros2_ws/install/share/ros2_control_demo_example_3/config/rrbot_multi_interface_forward_controllers.yaml
[0.670s] -- Up-to-date: /home/hans/ros2_ws/install/lib/libros2_control_demo_example_3.so
[0.670s] -- Up-to-date: /home/hans/ros2_ws/install/share/ros2_control_demo_example_3/environment/library_path.sh
[0.671s] -- Up-to-date: /home/hans/ros2_ws/install/share/ros2_control_demo_example_3/environment/library_path.dsv
[0.671s] -- Up-to-date: /home/hans/ros2_ws/install/share/ament_index/resource_index/package_run_dependencies/ros2_control_demo_example_3
[0.671s] -- Up-to-date: /home/hans/ros2_ws/install/share/ament_index/resource_index/parent_prefix_path/ros2_control_demo_example_3
[0.671s] -- Up-to-date: /home/hans/ros2_ws/install/share/ros2_control_demo_example_3/environment/ament_prefix_path.sh
[0.671s] -- Up-to-date: /home/hans/ros2_ws/install/share/ros2_control_demo_example_3/environment/ament_prefix_path.dsv
[0.672s] -- Up-to-date: /home/hans/ros2_ws/install/share/ros2_control_demo_example_3/environment/path.sh
[0.672s] -- Up-to-date: /home/hans/ros2_ws/install/share/ros2_control_demo_example_3/environment/path.dsv
[0.672s] -- Up-to-date: /home/hans/ros2_ws/install/share/ros2_control_demo_example_3/local_setup.bash
[0.672s] -- Up-to-date: /home/hans/ros2_ws/install/share/ros2_control_demo_example_3/local_setup.sh
[0.672s] -- Up-to-date: /home/hans/ros2_ws/install/share/ros2_control_demo_example_3/local_setup.zsh
[0.673s] -- Up-to-date: /home/hans/ros2_ws/install/share/ros2_control_demo_example_3/local_setup.dsv
[0.674s] -- Installing: /home/hans/ros2_ws/install/share/ros2_control_demo_example_3/package.dsv
[0.675s] -- Up-to-date: /home/hans/ros2_ws/install/share/ament_index/resource_index/packages/ros2_control_demo_example_3
[0.675s] -- Up-to-date: /home/hans/ros2_ws/install/share/ament_index/resource_index/hardware_interface__pluginlib__plugin/ros2_control_demo_example_3
[0.677s] -- Up-to-date: /home/hans/ros2_ws/install/share/ros2_control_demo_example_3/cmake/export_ros2_control_demo_example_3Export.cmake
[0.677s] -- Up-to-date: /home/hans/ros2_ws/install/share/ros2_control_demo_example_3/cmake/export_ros2_control_demo_example_3Export-noconfig.cmake
[0.677s] -- Up-to-date: /home/hans/ros2_ws/install/share/ros2_control_demo_example_3/cmake/ament_cmake_export_targets-extras.cmake
[0.677s] -- Up-to-date: /home/hans/ros2_ws/install/share/ros2_control_demo_example_3/cmake/ament_cmake_export_dependencies-extras.cmake
[0.678s] -- Up-to-date: /home/hans/ros2_ws/install/share/ros2_control_demo_example_3/cmake/ros2_control_demo_example_3Config.cmake
[0.678s] -- Up-to-date: /home/hans/ros2_ws/install/share/ros2_control_demo_example_3/cmake/ros2_control_demo_example_3Config-version.cmake
[0.678s] -- Up-to-date: /home/hans/ros2_ws/install/share/ros2_control_demo_example_3/package.xml
[0.695s] Invoked command in '/home/hans/ros2_ws/build/ros2_control_demo_example_3' returned '0': CMAKE_PREFIX_PATH=${CMAKE_PREFIX_PATH}:/opt/ros/iron /usr/bin/cmake --install /home/hans/ros2_ws/build/ros2_control_demo_example_3
