[0.131s] Invoking command in '/home/hans/ros2_ws/build/ros2_control_demo_example_9': CMAKE_PREFIX_PATH=${CMAKE_PREFIX_PATH}:/opt/ros/iron /usr/bin/cmake --build /home/hans/ros2_ws/build/ros2_control_demo_example_9 -- -j4 -l4
[0.560s] [100%] Built target ros2_control_demo_example_9
[0.607s] Invoked command in '/home/hans/ros2_ws/build/ros2_control_demo_example_9' returned '0': CMAKE_PREFIX_PATH=${CMAKE_PREFIX_PATH}:/opt/ros/iron /usr/bin/cmake --build /home/hans/ros2_ws/build/ros2_control_demo_example_9 -- -j4 -l4
[0.752s] Invoking command in '/home/hans/ros2_ws/build/ros2_control_demo_example_9': CMAKE_PREFIX_PATH=${CMAKE_PREFIX_PATH}:/opt/ros/iron /usr/bin/cmake --install /home/hans/ros2_ws/build/ros2_control_demo_example_9
[0.799s] -- Install configuration: ""
[0.800s] -- Up-to-date: /home/hans/ros2_ws/install/share/ros2_control_demo_example_9/ros2_control_demo_example_9.xml
[0.800s] -- Up-to-date: /home/hans/ros2_ws/install/include/ros2_control_demo_example_9
[0.800s] -- Up-to-date: /home/hans/ros2_ws/install/include/ros2_control_demo_example_9/ros2_control_demo_example_9
[0.800s] -- Up-to-date: /home/hans/ros2_ws/install/include/ros2_control_demo_example_9/ros2_control_demo_example_9/rrbot.hpp
[0.800s] -- Up-to-date: /home/hans/ros2_ws/install/share/ros2_control_demo_example_9/launch
[0.801s] -- Up-to-date: /home/hans/ros2_ws/install/share/ros2_control_demo_example_9/launch/view_robot.launch.py
[0.801s] -- Up-to-date: /home/hans/ros2_ws/install/share/ros2_control_demo_example_9/ros2_control
[0.801s] -- Up-to-date: /home/hans/ros2_ws/install/share/ros2_control_demo_example_9/ros2_control/rrbot.ros2_control.xacro
[0.801s] -- Up-to-date: /home/hans/ros2_ws/install/share/ros2_control_demo_example_9/urdf
[0.801s] -- Up-to-date: /home/hans/ros2_ws/install/share/ros2_control_demo_example_9/urdf/rrbot.urdf.xacro
[0.801s] -- Up-to-date: /home/hans/ros2_ws/install/share/ros2_control_demo_example_9/gazebo
[0.802s] -- Up-to-date: /home/hans/ros2_ws/install/share/ros2_control_demo_example_9/gazebo/rrbot.gazebo.xacro
[0.802s] -- Up-to-date: /home/hans/ros2_ws/install/share/ros2_control_demo_example_9/launch
[0.802s] -- Up-to-date: /home/hans/ros2_ws/install/share/ros2_control_demo_example_9/launch/rrbot_gazebo_classic.launch.py
[0.802s] -- Up-to-date: /home/hans/ros2_ws/install/share/ros2_control_demo_example_9/launch/test_forward_position_controller.launch.py
[0.804s] -- Up-to-date: /home/hans/ros2_ws/install/share/ros2_control_demo_example_9/launch/rrbot.launch.py
[0.804s] -- Up-to-date: /home/hans/ros2_ws/install/share/ros2_control_demo_example_9/config
[0.805s] -- Up-to-date: /home/hans/ros2_ws/install/share/ros2_control_demo_example_9/config/rrbot_forward_position_publisher.yaml
[0.806s] -- Up-to-date: /home/hans/ros2_ws/install/share/ros2_control_demo_example_9/config/rrbot_controllers.yaml
[0.807s] -- Up-to-date: /home/hans/ros2_ws/install/lib/libros2_control_demo_example_9.so
[0.833s] -- Up-to-date: /home/hans/ros2_ws/install/share/ros2_control_demo_example_9/environment/library_path.sh
[0.834s] -- Up-to-date: /home/hans/ros2_ws/install/share/ros2_control_demo_example_9/environment/library_path.dsv
[0.834s] -- Up-to-date: /home/hans/ros2_ws/install/share/ament_index/resource_index/package_run_dependencies/ros2_control_demo_example_9
[0.834s] -- Up-to-date: /home/hans/ros2_ws/install/share/ament_index/resource_index/parent_prefix_path/ros2_control_demo_example_9
[0.834s] -- Up-to-date: /home/hans/ros2_ws/install/share/ros2_control_demo_example_9/environment/ament_prefix_path.sh
[0.835s] -- Up-to-date: /home/hans/ros2_ws/install/share/ros2_control_demo_example_9/environment/ament_prefix_path.dsv
[0.841s] -- Up-to-date: /home/hans/ros2_ws/install/share/ros2_control_demo_example_9/environment/path.sh
[0.841s] -- Up-to-date: /home/hans/ros2_ws/install/share/ros2_control_demo_example_9/environment/path.dsv
[0.841s] -- Up-to-date: /home/hans/ros2_ws/install/share/ros2_control_demo_example_9/local_setup.bash
[0.842s] -- Up-to-date: /home/hans/ros2_ws/install/share/ros2_control_demo_example_9/local_setup.sh
[0.842s] -- Up-to-date: /home/hans/ros2_ws/install/share/ros2_control_demo_example_9/local_setup.zsh
[0.842s] -- Up-to-date: /home/hans/ros2_ws/install/share/ros2_control_demo_example_9/local_setup.dsv
[0.842s] -- Installing: /home/hans/ros2_ws/install/share/ros2_control_demo_example_9/package.dsv
[0.844s] -- Up-to-date: /home/hans/ros2_ws/install/share/ament_index/resource_index/packages/ros2_control_demo_example_9
[0.844s] -- Up-to-date: /home/hans/ros2_ws/install/share/ament_index/resource_index/hardware_interface__pluginlib__plugin/ros2_control_demo_example_9
[0.844s] -- Up-to-date: /home/hans/ros2_ws/install/share/ros2_control_demo_example_9/cmake/export_ros2_control_demo_example_9Export.cmake
[0.844s] -- Up-to-date: /home/hans/ros2_ws/install/share/ros2_control_demo_example_9/cmake/export_ros2_control_demo_example_9Export-noconfig.cmake
[0.845s] -- Up-to-date: /home/hans/ros2_ws/install/share/ros2_control_demo_example_9/cmake/ament_cmake_export_targets-extras.cmake
[0.845s] -- Up-to-date: /home/hans/ros2_ws/install/share/ros2_control_demo_example_9/cmake/ament_cmake_export_dependencies-extras.cmake
[0.846s] -- Up-to-date: /home/hans/ros2_ws/install/share/ros2_control_demo_example_9/cmake/ros2_control_demo_example_9Config.cmake
[0.846s] -- Up-to-date: /home/hans/ros2_ws/install/share/ros2_control_demo_example_9/cmake/ros2_control_demo_example_9Config-version.cmake
[0.847s] -- Up-to-date: /home/hans/ros2_ws/install/share/ros2_control_demo_example_9/package.xml
[0.848s] Invoked command in '/home/hans/ros2_ws/build/ros2_control_demo_example_9' returned '0': CMAKE_PREFIX_PATH=${CMAKE_PREFIX_PATH}:/opt/ros/iron /usr/bin/cmake --install /home/hans/ros2_ws/build/ros2_control_demo_example_9
