[0.441s] Invoking command in '/home/hans/ros2_ws/build/ros2_control_demo_example_15': CMAKE_PREFIX_PATH=${CMAKE_PREFIX_PATH}:/opt/ros/iron /usr/bin/cmake --build /home/hans/ros2_ws/build/ros2_control_demo_example_15 -- -j4 -l4
[0.624s] Invoked command in '/home/hans/ros2_ws/build/ros2_control_demo_example_15' returned '0': CMAKE_PREFIX_PATH=${CMAKE_PREFIX_PATH}:/opt/ros/iron /usr/bin/cmake --build /home/hans/ros2_ws/build/ros2_control_demo_example_15 -- -j4 -l4
[0.735s] Invoking command in '/home/hans/ros2_ws/build/ros2_control_demo_example_15': CMAKE_PREFIX_PATH=${CMAKE_PREFIX_PATH}:/opt/ros/iron /usr/bin/cmake --install /home/hans/ros2_ws/build/ros2_control_demo_example_15
[0.770s] -- Install configuration: ""
[0.770s] -- Up-to-date: /home/hans/ros2_ws/install/share/ros2_control_demo_example_15/rviz
[0.771s] -- Up-to-date: /home/hans/ros2_ws/install/share/ros2_control_demo_example_15/rviz/multi_controller_manager.rviz
[0.774s] -- Up-to-date: /home/hans/ros2_ws/install/share/ros2_control_demo_example_15/rviz/rrbot_namespace.rviz
[0.774s] -- Up-to-date: /home/hans/ros2_ws/install/share/ros2_control_demo_example_15/launch
[0.775s] -- Up-to-date: /home/hans/ros2_ws/install/share/ros2_control_demo_example_15/launch/test_forward_position_controller.launch.py
[0.776s] -- Up-to-date: /home/hans/ros2_ws/install/share/ros2_control_demo_example_15/launch/test_multi_controller_manager_forward_position_controller.launch.py
[0.776s] -- Up-to-date: /home/hans/ros2_ws/install/share/ros2_control_demo_example_15/launch/rrbot_base.launch.py
[0.782s] -- Up-to-date: /home/hans/ros2_ws/install/share/ros2_control_demo_example_15/launch/test_multi_controller_manager_joint_trajectory_controller.launch.py
[0.782s] -- Up-to-date: /home/hans/ros2_ws/install/share/ros2_control_demo_example_15/launch/rrbot_namespace.launch.py
[0.782s] -- Up-to-date: /home/hans/ros2_ws/install/share/ros2_control_demo_example_15/launch/test_joint_trajectory_controller.launch.py
[0.782s] -- Up-to-date: /home/hans/ros2_ws/install/share/ros2_control_demo_example_15/launch/multi_controller_manager_example_two_rrbots.launch.py
[0.783s] -- Up-to-date: /home/hans/ros2_ws/install/share/ros2_control_demo_example_15/config
[0.783s] -- Up-to-date: /home/hans/ros2_ws/install/share/ros2_control_demo_example_15/config/multi_controller_manager_rrbot_1_controllers.yaml
[0.788s] -- Up-to-date: /home/hans/ros2_ws/install/share/ros2_control_demo_example_15/config/rrbot_namespace_controllers.yaml
[0.788s] -- Up-to-date: /home/hans/ros2_ws/install/share/ros2_control_demo_example_15/config/rrbot_namespace_joint_trajectory_publisher.yaml
[0.788s] -- Up-to-date: /home/hans/ros2_ws/install/share/ros2_control_demo_example_15/config/multi_controller_manager_joint_trajectory_publisher.yaml
[0.788s] -- Up-to-date: /home/hans/ros2_ws/install/share/ros2_control_demo_example_15/config/multi_controller_manager_rrbot_2_controllers.yaml
[0.789s] -- Up-to-date: /home/hans/ros2_ws/install/share/ros2_control_demo_example_15/config/rrbot_namespace_forward_position_publisher.yaml
[0.791s] -- Up-to-date: /home/hans/ros2_ws/install/share/ros2_control_demo_example_15/config/multi_controller_manager_forward_position_publisher.yaml
[0.792s] -- Up-to-date: /home/hans/ros2_ws/install/share/ament_index/resource_index/package_run_dependencies/ros2_control_demo_example_15
[0.792s] -- Up-to-date: /home/hans/ros2_ws/install/share/ament_index/resource_index/parent_prefix_path/ros2_control_demo_example_15
[0.792s] -- Up-to-date: /home/hans/ros2_ws/install/share/ros2_control_demo_example_15/environment/ament_prefix_path.sh
[0.792s] -- Up-to-date: /home/hans/ros2_ws/install/share/ros2_control_demo_example_15/environment/ament_prefix_path.dsv
[0.792s] -- Up-to-date: /home/hans/ros2_ws/install/share/ros2_control_demo_example_15/environment/path.sh
[0.793s] -- Up-to-date: /home/hans/ros2_ws/install/share/ros2_control_demo_example_15/environment/path.dsv
[0.793s] -- Up-to-date: /home/hans/ros2_ws/install/share/ros2_control_demo_example_15/local_setup.bash
[0.793s] -- Up-to-date: /home/hans/ros2_ws/install/share/ros2_control_demo_example_15/local_setup.sh
[0.793s] -- Up-to-date: /home/hans/ros2_ws/install/share/ros2_control_demo_example_15/local_setup.zsh
[0.793s] -- Up-to-date: /home/hans/ros2_ws/install/share/ros2_control_demo_example_15/local_setup.dsv
[0.793s] -- Installing: /home/hans/ros2_ws/install/share/ros2_control_demo_example_15/package.dsv
[0.794s] -- Up-to-date: /home/hans/ros2_ws/install/share/ament_index/resource_index/packages/ros2_control_demo_example_15
[0.808s] -- Up-to-date: /home/hans/ros2_ws/install/share/ros2_control_demo_example_15/cmake/ros2_control_demo_example_15Config.cmake
[0.808s] -- Up-to-date: /home/hans/ros2_ws/install/share/ros2_control_demo_example_15/cmake/ros2_control_demo_example_15Config-version.cmake
[0.809s] -- Up-to-date: /home/hans/ros2_ws/install/share/ros2_control_demo_example_15/package.xml
[0.809s] Invoked command in '/home/hans/ros2_ws/build/ros2_control_demo_example_15' returned '0': CMAKE_PREFIX_PATH=${CMAKE_PREFIX_PATH}:/opt/ros/iron /usr/bin/cmake --install /home/hans/ros2_ws/build/ros2_control_demo_example_15
