[0.099s] Invoking command in '/home/hans/ros2_ws/build/ros2_control_demo_example_5': CMAKE_PREFIX_PATH=${CMAKE_PREFIX_PATH}:/opt/ros/iron /usr/bin/cmake --build /home/hans/ros2_ws/build/ros2_control_demo_example_5 -- -j4 -l4
[0.541s] [100%] Built target ros2_control_demo_example_5
[0.632s] Invoked command in '/home/hans/ros2_ws/build/ros2_control_demo_example_5' returned '0': CMAKE_PREFIX_PATH=${CMAKE_PREFIX_PATH}:/opt/ros/iron /usr/bin/cmake --build /home/hans/ros2_ws/build/ros2_control_demo_example_5 -- -j4 -l4
[0.892s] Invoking command in '/home/hans/ros2_ws/build/ros2_control_demo_example_5': CMAKE_PREFIX_PATH=${CMAKE_PREFIX_PATH}:/opt/ros/iron /usr/bin/cmake --install /home/hans/ros2_ws/build/ros2_control_demo_example_5
[0.932s] -- Install configuration: ""
[0.939s] -- Up-to-date: /home/hans/ros2_ws/install/share/ros2_control_demo_example_5/ros2_control_demo_example_5.xml
[0.939s] -- Up-to-date: /home/hans/ros2_ws/install/include/ros2_control_demo_example_5
[0.942s] -- Up-to-date: /home/hans/ros2_ws/install/include/ros2_control_demo_example_5/ros2_control_demo_example_5
[0.942s] -- Up-to-date: /home/hans/ros2_ws/install/include/ros2_control_demo_example_5/ros2_control_demo_example_5/external_rrbot_force_torque_sensor.hpp
[0.942s] -- Up-to-date: /home/hans/ros2_ws/install/include/ros2_control_demo_example_5/ros2_control_demo_example_5/rrbot.hpp
[0.942s] -- Up-to-date: /home/hans/ros2_ws/install/share/ros2_control_demo_example_5/launch
[0.945s] -- Up-to-date: /home/hans/ros2_ws/install/share/ros2_control_demo_example_5/launch/view_robot.launch.py
[0.945s] -- Up-to-date: /home/hans/ros2_ws/install/share/ros2_control_demo_example_5/ros2_control
[0.946s] -- Up-to-date: /home/hans/ros2_ws/install/share/ros2_control_demo_example_5/ros2_control/external_rrbot_force_torque_sensor.ros2_control.xacro
[0.946s] -- Up-to-date: /home/hans/ros2_ws/install/share/ros2_control_demo_example_5/ros2_control/rrbot_system_position_only.ros2_control.xacro
[0.946s] -- Up-to-date: /home/hans/ros2_ws/install/share/ros2_control_demo_example_5/urdf
[0.946s] -- Up-to-date: /home/hans/ros2_ws/install/share/ros2_control_demo_example_5/urdf/rrbot_system_with_external_sensor.urdf.xacro
[0.951s] -- Up-to-date: /home/hans/ros2_ws/install/share/ros2_control_demo_example_5/rviz
[0.951s] -- Up-to-date: /home/hans/ros2_ws/install/share/ros2_control_demo_example_5/rviz/rrbot.rviz
[0.952s] -- Up-to-date: /home/hans/ros2_ws/install/share/ros2_control_demo_example_5/launch
[0.952s] -- Up-to-date: /home/hans/ros2_ws/install/share/ros2_control_demo_example_5/launch/test_forward_position_controller.launch.py
[0.953s] -- Up-to-date: /home/hans/ros2_ws/install/share/ros2_control_demo_example_5/launch/rrbot_system_with_external_sensor.launch.py
[0.954s] -- Up-to-date: /home/hans/ros2_ws/install/share/ros2_control_demo_example_5/config
[0.954s] -- Up-to-date: /home/hans/ros2_ws/install/share/ros2_control_demo_example_5/config/rrbot_forward_position_publisher.yaml
[0.954s] -- Up-to-date: /home/hans/ros2_ws/install/share/ros2_control_demo_example_5/config/rrbot_with_external_sensor_controllers.yaml
[0.954s] -- Up-to-date: /home/hans/ros2_ws/install/lib/libros2_control_demo_example_5.so
[0.958s] -- Up-to-date: /home/hans/ros2_ws/install/share/ros2_control_demo_example_5/environment/library_path.sh
[0.958s] -- Up-to-date: /home/hans/ros2_ws/install/share/ros2_control_demo_example_5/environment/library_path.dsv
[0.959s] -- Up-to-date: /home/hans/ros2_ws/install/share/ament_index/resource_index/package_run_dependencies/ros2_control_demo_example_5
[0.959s] -- Up-to-date: /home/hans/ros2_ws/install/share/ament_index/resource_index/parent_prefix_path/ros2_control_demo_example_5
[0.959s] -- Up-to-date: /home/hans/ros2_ws/install/share/ros2_control_demo_example_5/environment/ament_prefix_path.sh
[0.959s] -- Up-to-date: /home/hans/ros2_ws/install/share/ros2_control_demo_example_5/environment/ament_prefix_path.dsv
[0.959s] -- Up-to-date: /home/hans/ros2_ws/install/share/ros2_control_demo_example_5/environment/path.sh
[0.960s] -- Up-to-date: /home/hans/ros2_ws/install/share/ros2_control_demo_example_5/environment/path.dsv
[0.960s] -- Up-to-date: /home/hans/ros2_ws/install/share/ros2_control_demo_example_5/local_setup.bash
[0.960s] -- Up-to-date: /home/hans/ros2_ws/install/share/ros2_control_demo_example_5/local_setup.sh
[0.960s] -- Up-to-date: /home/hans/ros2_ws/install/share/ros2_control_demo_example_5/local_setup.zsh
[0.960s] -- Up-to-date: /home/hans/ros2_ws/install/share/ros2_control_demo_example_5/local_setup.dsv
[0.961s] -- Installing: /home/hans/ros2_ws/install/share/ros2_control_demo_example_5/package.dsv
[0.961s] -- Up-to-date: /home/hans/ros2_ws/install/share/ament_index/resource_index/packages/ros2_control_demo_example_5
[0.961s] -- Up-to-date: /home/hans/ros2_ws/install/share/ament_index/resource_index/hardware_interface__pluginlib__plugin/ros2_control_demo_example_5
[0.961s] -- Up-to-date: /home/hans/ros2_ws/install/share/ros2_control_demo_example_5/cmake/export_ros2_control_demo_example_5Export.cmake
[0.963s] -- Up-to-date: /home/hans/ros2_ws/install/share/ros2_control_demo_example_5/cmake/export_ros2_control_demo_example_5Export-noconfig.cmake
[0.963s] -- Up-to-date: /home/hans/ros2_ws/install/share/ros2_control_demo_example_5/cmake/ament_cmake_export_targets-extras.cmake
[0.963s] -- Up-to-date: /home/hans/ros2_ws/install/share/ros2_control_demo_example_5/cmake/ament_cmake_export_dependencies-extras.cmake
[0.963s] -- Up-to-date: /home/hans/ros2_ws/install/share/ros2_control_demo_example_5/cmake/ros2_control_demo_example_5Config.cmake
[0.964s] -- Up-to-date: /home/hans/ros2_ws/install/share/ros2_control_demo_example_5/cmake/ros2_control_demo_example_5Config-version.cmake
[0.967s] -- Up-to-date: /home/hans/ros2_ws/install/share/ros2_control_demo_example_5/package.xml
[1.152s] Invoked command in '/home/hans/ros2_ws/build/ros2_control_demo_example_5' returned '0': CMAKE_PREFIX_PATH=${CMAKE_PREFIX_PATH}:/opt/ros/iron /usr/bin/cmake --install /home/hans/ros2_ws/build/ros2_control_demo_example_5
