[0.112s] Invoking command in '/home/hans/ros2_ws/build/ros2_control_demo_example_14': CMAKE_PREFIX_PATH=${CMAKE_PREFIX_PATH}:/opt/ros/iron /usr/bin/cmake --build /home/hans/ros2_ws/build/ros2_control_demo_example_14 -- -j4 -l4
[0.617s] [100%] Built target ros2_control_demo_example_14
[0.683s] Invoked command in '/home/hans/ros2_ws/build/ros2_control_demo_example_14' returned '0': CMAKE_PREFIX_PATH=${CMAKE_PREFIX_PATH}:/opt/ros/iron /usr/bin/cmake --build /home/hans/ros2_ws/build/ros2_control_demo_example_14 -- -j4 -l4
[0.836s] Invoking command in '/home/hans/ros2_ws/build/ros2_control_demo_example_14': CMAKE_PREFIX_PATH=${CMAKE_PREFIX_PATH}:/opt/ros/iron /usr/bin/cmake --install /home/hans/ros2_ws/build/ros2_control_demo_example_14
[0.865s] -- Install configuration: ""
[0.865s] -- Up-to-date: /home/hans/ros2_ws/install/share/ros2_control_demo_example_14/ros2_control_demo_example_14.xml
[0.866s] -- Up-to-date: /home/hans/ros2_ws/install/include/ros2_control_demo_example_14
[0.866s] -- Up-to-date: /home/hans/ros2_ws/install/include/ros2_control_demo_example_14/ros2_control_demo_example_14
[0.866s] -- Up-to-date: /home/hans/ros2_ws/install/include/ros2_control_demo_example_14/ros2_control_demo_example_14/rrbot_sensor_for_position_feedback.hpp
[0.868s] -- Up-to-date: /home/hans/ros2_ws/install/include/ros2_control_demo_example_14/ros2_control_demo_example_14/rrbot_actuator_without_feedback.hpp
[0.868s] -- Up-to-date: /home/hans/ros2_ws/install/share/ros2_control_demo_example_14/launch
[0.868s] -- Up-to-date: /home/hans/ros2_ws/install/share/ros2_control_demo_example_14/launch/view_robot.launch.py
[0.868s] -- Up-to-date: /home/hans/ros2_ws/install/share/ros2_control_demo_example_14/ros2_control
[0.869s] -- Up-to-date: /home/hans/ros2_ws/install/share/ros2_control_demo_example_14/ros2_control/rrbot_modular_actuators_without_feedback_sensors_for_position_feedback.ros2_control.xacro
[0.869s] -- Up-to-date: /home/hans/ros2_ws/install/share/ros2_control_demo_example_14/urdf
[0.874s] -- Up-to-date: /home/hans/ros2_ws/install/share/ros2_control_demo_example_14/urdf/rrbot_modular_actuators_without_feedback_sensors_for_position_feedback.urdf.xacro
[0.874s] -- Up-to-date: /home/hans/ros2_ws/install/share/ros2_control_demo_example_14/launch
[0.875s] -- Up-to-date: /home/hans/ros2_ws/install/share/ros2_control_demo_example_14/launch/rrbot_modular_actuators_without_feedback_sensors_for_position_feedback.launch.py
[0.875s] -- Up-to-date: /home/hans/ros2_ws/install/share/ros2_control_demo_example_14/config
[0.875s] -- Up-to-date: /home/hans/ros2_ws/install/share/ros2_control_demo_example_14/config/rrbot_modular_actuators_without_feedback_sensors_for_position_feedback.yaml
[0.881s] -- Up-to-date: /home/hans/ros2_ws/install/lib/libros2_control_demo_example_14.so
[0.881s] -- Up-to-date: /home/hans/ros2_ws/install/share/ros2_control_demo_example_14/environment/library_path.sh
[0.885s] -- Up-to-date: /home/hans/ros2_ws/install/share/ros2_control_demo_example_14/environment/library_path.dsv
[0.886s] -- Up-to-date: /home/hans/ros2_ws/install/share/ament_index/resource_index/package_run_dependencies/ros2_control_demo_example_14
[0.886s] -- Up-to-date: /home/hans/ros2_ws/install/share/ament_index/resource_index/parent_prefix_path/ros2_control_demo_example_14
[0.886s] -- Up-to-date: /home/hans/ros2_ws/install/share/ros2_control_demo_example_14/environment/ament_prefix_path.sh
[0.886s] -- Up-to-date: /home/hans/ros2_ws/install/share/ros2_control_demo_example_14/environment/ament_prefix_path.dsv
[0.886s] -- Up-to-date: /home/hans/ros2_ws/install/share/ros2_control_demo_example_14/environment/path.sh
[0.890s] -- Up-to-date: /home/hans/ros2_ws/install/share/ros2_control_demo_example_14/environment/path.dsv
[0.890s] -- Up-to-date: /home/hans/ros2_ws/install/share/ros2_control_demo_example_14/local_setup.bash
[0.890s] -- Up-to-date: /home/hans/ros2_ws/install/share/ros2_control_demo_example_14/local_setup.sh
[0.899s] -- Up-to-date: /home/hans/ros2_ws/install/share/ros2_control_demo_example_14/local_setup.zsh
[0.899s] -- Up-to-date: /home/hans/ros2_ws/install/share/ros2_control_demo_example_14/local_setup.dsv
[0.899s] -- Installing: /home/hans/ros2_ws/install/share/ros2_control_demo_example_14/package.dsv
[0.899s] -- Up-to-date: /home/hans/ros2_ws/install/share/ament_index/resource_index/packages/ros2_control_demo_example_14
[0.899s] -- Up-to-date: /home/hans/ros2_ws/install/share/ament_index/resource_index/hardware_interface__pluginlib__plugin/ros2_control_demo_example_14
[0.904s] -- Up-to-date: /home/hans/ros2_ws/install/share/ros2_control_demo_example_14/cmake/export_ros2_control_demo_example_14Export.cmake
[0.904s] -- Up-to-date: /home/hans/ros2_ws/install/share/ros2_control_demo_example_14/cmake/export_ros2_control_demo_example_14Export-noconfig.cmake
[0.904s] -- Up-to-date: /home/hans/ros2_ws/install/share/ros2_control_demo_example_14/cmake/ament_cmake_export_targets-extras.cmake
[0.905s] -- Up-to-date: /home/hans/ros2_ws/install/share/ros2_control_demo_example_14/cmake/ament_cmake_export_dependencies-extras.cmake
[0.905s] -- Up-to-date: /home/hans/ros2_ws/install/share/ros2_control_demo_example_14/cmake/ros2_control_demo_example_14Config.cmake
[0.905s] -- Up-to-date: /home/hans/ros2_ws/install/share/ros2_control_demo_example_14/cmake/ros2_control_demo_example_14Config-version.cmake
[0.905s] -- Up-to-date: /home/hans/ros2_ws/install/share/ros2_control_demo_example_14/package.xml
[0.936s] Invoked command in '/home/hans/ros2_ws/build/ros2_control_demo_example_14' returned '0': CMAKE_PREFIX_PATH=${CMAKE_PREFIX_PATH}:/opt/ros/iron /usr/bin/cmake --install /home/hans/ros2_ws/build/ros2_control_demo_example_14
