[0.075s] Invoking command in '/home/hans/ros2_ws/build/ros2_control_demo_description': CMAKE_PREFIX_PATH=${CMAKE_PREFIX_PATH}:/opt/ros/iron /usr/bin/cmake --build /home/hans/ros2_ws/build/ros2_control_demo_description -- -j4 -l4
[1.012s] Invoked command in '/home/hans/ros2_ws/build/ros2_control_demo_description' returned '0': CMAKE_PREFIX_PATH=${CMAKE_PREFIX_PATH}:/opt/ros/iron /usr/bin/cmake --build /home/hans/ros2_ws/build/ros2_control_demo_description -- -j4 -l4
[1.152s] Invoking command in '/home/hans/ros2_ws/build/ros2_control_demo_description': CMAKE_PREFIX_PATH=${CMAKE_PREFIX_PATH}:/opt/ros/iron /usr/bin/cmake --install /home/hans/ros2_ws/build/ros2_control_demo_description
[1.194s] -- Install configuration: ""
[1.194s] -- Up-to-date: /home/hans/ros2_ws/install/share/ros2_control_demo_description/rrbot/urdf
[1.194s] -- Up-to-date: /home/hans/ros2_ws/install/share/ros2_control_demo_description/rrbot/urdf/rrbot_description.urdf.xacro
[1.195s] -- Up-to-date: /home/hans/ros2_ws/install/share/ros2_control_demo_description/rrbot/urdf/rrbot.materials.xacro
[1.195s] -- Up-to-date: /home/hans/ros2_ws/install/share/ros2_control_demo_description/rrbot/rviz
[1.195s] -- Up-to-date: /home/hans/ros2_ws/install/share/ros2_control_demo_description/rrbot/rviz/rrbot.rviz
[1.195s] -- Up-to-date: /home/hans/ros2_ws/install/share/ros2_control_demo_description/diffbot/urdf
[1.195s] -- Up-to-date: /home/hans/ros2_ws/install/share/ros2_control_demo_description/diffbot/urdf/diffbot.materials.xacro
[1.195s] -- Up-to-date: /home/hans/ros2_ws/install/share/ros2_control_demo_description/diffbot/urdf/diffbot_description.urdf.xacro
[1.199s] -- Up-to-date: /home/hans/ros2_ws/install/share/ros2_control_demo_description/diffbot/rviz
[1.199s] -- Up-to-date: /home/hans/ros2_ws/install/share/ros2_control_demo_description/diffbot/rviz/diffbot.rviz
[1.199s] -- Up-to-date: /home/hans/ros2_ws/install/share/ros2_control_demo_description/diffbot/rviz/diffbot_view.rviz
[1.199s] -- Up-to-date: /home/hans/ros2_ws/install/share/ros2_control_demo_description/carlikebot/urdf
[1.199s] -- Up-to-date: /home/hans/ros2_ws/install/share/ros2_control_demo_description/carlikebot/urdf/carlikebot_description.urdf.xacro
[1.200s] -- Up-to-date: /home/hans/ros2_ws/install/share/ros2_control_demo_description/carlikebot/urdf/carlikebot.materials.xacro
[1.200s] -- Up-to-date: /home/hans/ros2_ws/install/share/ros2_control_demo_description/carlikebot/rviz
[1.200s] -- Up-to-date: /home/hans/ros2_ws/install/share/ros2_control_demo_description/carlikebot/rviz/carlikebot.rviz
[1.200s] -- Up-to-date: /home/hans/ros2_ws/install/share/ros2_control_demo_description/carlikebot/rviz/carlikebot_view.rviz
[1.201s] -- Up-to-date: /home/hans/ros2_ws/install/share/ros2_control_demo_description/r6bot/meshes
[1.201s] -- Up-to-date: /home/hans/ros2_ws/install/share/ros2_control_demo_description/r6bot/meshes/visual
[1.201s] -- Up-to-date: /home/hans/ros2_ws/install/share/ros2_control_demo_description/r6bot/meshes/visual/link_1.dae
[1.201s] -- Up-to-date: /home/hans/ros2_ws/install/share/ros2_control_demo_description/r6bot/meshes/visual/link_2.dae
[1.201s] -- Up-to-date: /home/hans/ros2_ws/install/share/ros2_control_demo_description/r6bot/meshes/visual/link_5.dae
[1.202s] -- Up-to-date: /home/hans/ros2_ws/install/share/ros2_control_demo_description/r6bot/meshes/visual/link_4.dae
[1.215s] -- Up-to-date: /home/hans/ros2_ws/install/share/ros2_control_demo_description/r6bot/meshes/visual/link_6.dae
[1.215s] -- Up-to-date: /home/hans/ros2_ws/install/share/ros2_control_demo_description/r6bot/meshes/visual/link_3.dae
[1.216s] -- Up-to-date: /home/hans/ros2_ws/install/share/ros2_control_demo_description/r6bot/meshes/visual/link_0.dae
[1.216s] -- Up-to-date: /home/hans/ros2_ws/install/share/ros2_control_demo_description/r6bot/meshes/collision
[1.216s] -- Up-to-date: /home/hans/ros2_ws/install/share/ros2_control_demo_description/r6bot/meshes/collision/link_3.stl
[1.216s] -- Up-to-date: /home/hans/ros2_ws/install/share/ros2_control_demo_description/r6bot/meshes/collision/link_5.stl
[1.216s] -- Up-to-date: /home/hans/ros2_ws/install/share/ros2_control_demo_description/r6bot/meshes/collision/link_4.stl
[1.216s] -- Up-to-date: /home/hans/ros2_ws/install/share/ros2_control_demo_description/r6bot/meshes/collision/link_0.stl
[1.217s] -- Up-to-date: /home/hans/ros2_ws/install/share/ros2_control_demo_description/r6bot/meshes/collision/link_6.stl
[1.217s] -- Up-to-date: /home/hans/ros2_ws/install/share/ros2_control_demo_description/r6bot/meshes/collision/link_2.stl
[1.217s] -- Up-to-date: /home/hans/ros2_ws/install/share/ros2_control_demo_description/r6bot/meshes/collision/link_1.stl
[1.222s] -- Up-to-date: /home/hans/ros2_ws/install/share/ros2_control_demo_description/r6bot/srdf
[1.222s] -- Up-to-date: /home/hans/ros2_ws/install/share/ros2_control_demo_description/r6bot/srdf/r6bot.srdf
[1.223s] -- Up-to-date: /home/hans/ros2_ws/install/share/ros2_control_demo_description/r6bot/urdf
[1.223s] -- Up-to-date: /home/hans/ros2_ws/install/share/ros2_control_demo_description/r6bot/urdf/inc
[1.223s] -- Up-to-date: /home/hans/ros2_ws/install/share/ros2_control_demo_description/r6bot/urdf/inc/create_link.xacro
[1.223s] -- Up-to-date: /home/hans/ros2_ws/install/share/ros2_control_demo_description/r6bot/urdf/r6bot_description.urdf.xacro
[1.223s] -- Up-to-date: /home/hans/ros2_ws/install/share/ros2_control_demo_description/r6bot/rviz
[1.223s] -- Up-to-date: /home/hans/ros2_ws/install/share/ros2_control_demo_description/r6bot/rviz/view_robot.rviz
[1.224s] -- Up-to-date: /home/hans/ros2_ws/install/share/ament_index/resource_index/package_run_dependencies/ros2_control_demo_description
[1.224s] -- Up-to-date: /home/hans/ros2_ws/install/share/ament_index/resource_index/parent_prefix_path/ros2_control_demo_description
[1.224s] -- Up-to-date: /home/hans/ros2_ws/install/share/ros2_control_demo_description/environment/ament_prefix_path.sh
[1.224s] -- Up-to-date: /home/hans/ros2_ws/install/share/ros2_control_demo_description/environment/ament_prefix_path.dsv
[1.224s] -- Up-to-date: /home/hans/ros2_ws/install/share/ros2_control_demo_description/environment/path.sh
[1.224s] -- Up-to-date: /home/hans/ros2_ws/install/share/ros2_control_demo_description/environment/path.dsv
[1.225s] -- Up-to-date: /home/hans/ros2_ws/install/share/ros2_control_demo_description/local_setup.bash
[1.225s] -- Up-to-date: /home/hans/ros2_ws/install/share/ros2_control_demo_description/local_setup.sh
[1.225s] -- Up-to-date: /home/hans/ros2_ws/install/share/ros2_control_demo_description/local_setup.zsh
[1.225s] -- Up-to-date: /home/hans/ros2_ws/install/share/ros2_control_demo_description/local_setup.dsv
[1.225s] -- Installing: /home/hans/ros2_ws/install/share/ros2_control_demo_description/package.dsv
[1.226s] -- Up-to-date: /home/hans/ros2_ws/install/share/ament_index/resource_index/packages/ros2_control_demo_description
[1.226s] -- Up-to-date: /home/hans/ros2_ws/install/share/ros2_control_demo_description/cmake/ros2_control_demo_descriptionConfig.cmake
[1.227s] -- Up-to-date: /home/hans/ros2_ws/install/share/ros2_control_demo_description/cmake/ros2_control_demo_descriptionConfig-version.cmake
[1.227s] -- Up-to-date: /home/hans/ros2_ws/install/share/ros2_control_demo_description/package.xml
[1.233s] Invoked command in '/home/hans/ros2_ws/build/ros2_control_demo_description' returned '0': CMAKE_PREFIX_PATH=${CMAKE_PREFIX_PATH}:/opt/ros/iron /usr/bin/cmake --install /home/hans/ros2_ws/build/ros2_control_demo_description
