In file included from [01m[K/opt/ros/iron/include/rclcpp/rclcpp/logging.hpp:24[m[K,
                 from [01m[K/opt/ros/iron/include/rclcpp/rclcpp/client.hpp:43[m[K,
                 from [01m[K/opt/ros/iron/include/rclcpp/rclcpp/callback_group.hpp:24[m[K,
                 from [01m[K/opt/ros/iron/include/rclcpp/rclcpp/any_executable.hpp:20[m[K,
                 from [01m[K/opt/ros/iron/include/rclcpp/rclcpp/memory_strategy.hpp:25[m[K,
                 from [01m[K/opt/ros/iron/include/rclcpp/rclcpp/memory_strategies.hpp:18[m[K,
                 from [01m[K/opt/ros/iron/include/rclcpp/rclcpp/executor_options.hpp:20[m[K,
                 from [01m[K/opt/ros/iron/include/rclcpp/rclcpp/executor.hpp:37[m[K,
                 from [01m[K/opt/ros/iron/include/rclcpp/rclcpp/executors/multi_threaded_executor.hpp:25[m[K,
                 from [01m[K/opt/ros/iron/include/rclcpp/rclcpp/executors.hpp:21[m[K,
                 from [01m[K/opt/ros/iron/include/rclcpp/rclcpp/rclcpp.hpp:167[m[K,
                 from [01m[K/home/hans/ros2_ws/src/ros2_control_demos/thur/hardware/serial.cpp:8[m[K:
[01m[K/home/hans/ros2_ws/src/ros2_control_demos/thur/hardware/serial.cpp:[m[K In member function ‘[01m[Kthur::return_type thur::ThurSerialPort::open(const string&)[m[K’:
[01m[K/home/hans/ros2_ws/src/ros2_control_demos/thur/hardware/serial.cpp:39:56:[m[K [01;35m[Kwarning: [m[Kformat ‘[01m[K%s[m[K’ expects argument of type ‘[01m[Kchar*[m[K’, but argument 5 has type ‘[01m[Kconst string[m[K’ {aka ‘[01m[Kconst std::__cxx11::basic_string<char>[m[K’} [[01;35m[K]8;;https://gcc.gnu.org/onlinedocs/gcc/Warning-Options.html#index-Wformat=-Wformat=]8;;[m[K]
   39 |     RCLCPP_ERROR(rclcpp::get_logger("ThurSerialPort"), [01;35m[K"Port_name: %s"[m[K, port_name);
      |                                                        [01;35m[K^~~~~~~~~~~~~~~[m[K
[01m[K/home/hans/ros2_ws/src/ros2_control_demos/thur/hardware/serial.cpp:39:69:[m[K [01;36m[Knote: [m[Kformat string is defined here
   39 |     RCLCPP_ERROR(rclcpp::get_logger("ThurSerialPort"), "Port_name: [01;36m[K%s[m[K", port_name);
      |                                                                    [01;36m[K~^[m[K
      |                                                                     [01;36m[K|[m[K
      |                                                                     [01;36m[Kchar*[m[K
