[0.077s] Invoking command in '/home/hans/ros2_ws/build/ros2_control_demo_example_1': CMAKE_PREFIX_PATH=${CMAKE_PREFIX_PATH}:/opt/ros/iron /usr/bin/cmake --build /home/hans/ros2_ws/build/ros2_control_demo_example_1 -- -j4 -l4
[0.568s] [100%] Built target ros2_control_demo_example_1
[0.648s] Invoked command in '/home/hans/ros2_ws/build/ros2_control_demo_example_1' returned '0': CMAKE_PREFIX_PATH=${CMAKE_PREFIX_PATH}:/opt/ros/iron /usr/bin/cmake --build /home/hans/ros2_ws/build/ros2_control_demo_example_1 -- -j4 -l4
[0.776s] Invoking command in '/home/hans/ros2_ws/build/ros2_control_demo_example_1': CMAKE_PREFIX_PATH=${CMAKE_PREFIX_PATH}:/opt/ros/iron /usr/bin/cmake --install /home/hans/ros2_ws/build/ros2_control_demo_example_1
[0.809s] -- Install configuration: ""
[0.811s] -- Up-to-date: /home/hans/ros2_ws/install/share/ros2_control_demo_example_1/ros2_control_demo_example_1.xml
[0.811s] -- Up-to-date: /home/hans/ros2_ws/install/include/ros2_control_demo_example_1
[0.812s] -- Up-to-date: /home/hans/ros2_ws/install/include/ros2_control_demo_example_1/ros2_control_demo_example_1
[0.814s] -- Up-to-date: /home/hans/ros2_ws/install/include/ros2_control_demo_example_1/ros2_control_demo_example_1/rrbot.hpp
[0.814s] -- Up-to-date: /home/hans/ros2_ws/install/share/ros2_control_demo_example_1/launch
[0.814s] -- Up-to-date: /home/hans/ros2_ws/install/share/ros2_control_demo_example_1/launch/view_robot.launch.py
[0.814s] -- Up-to-date: /home/hans/ros2_ws/install/share/ros2_control_demo_example_1/ros2_control
[0.815s] -- Up-to-date: /home/hans/ros2_ws/install/share/ros2_control_demo_example_1/ros2_control/rrbot.ros2_control.xacro
[0.815s] -- Up-to-date: /home/hans/ros2_ws/install/share/ros2_control_demo_example_1/urdf
[0.815s] -- Up-to-date: /home/hans/ros2_ws/install/share/ros2_control_demo_example_1/urdf/rrbot.urdf.xacro
[0.815s] -- Up-to-date: /home/hans/ros2_ws/install/share/ros2_control_demo_example_1/launch
[0.815s] -- Up-to-date: /home/hans/ros2_ws/install/share/ros2_control_demo_example_1/launch/test_forward_position_controller.launch.py
[0.815s] -- Up-to-date: /home/hans/ros2_ws/install/share/ros2_control_demo_example_1/launch/rrbot.launch.py
[0.816s] -- Up-to-date: /home/hans/ros2_ws/install/share/ros2_control_demo_example_1/launch/test_joint_trajectory_controller.launch.py
[0.825s] -- Up-to-date: /home/hans/ros2_ws/install/share/ros2_control_demo_example_1/config
[0.827s] -- Up-to-date: /home/hans/ros2_ws/install/share/ros2_control_demo_example_1/config/rrbot_forward_position_publisher.yaml
[0.827s] -- Up-to-date: /home/hans/ros2_ws/install/share/ros2_control_demo_example_1/config/rrbot_joint_trajectory_publisher.yaml
[0.827s] -- Up-to-date: /home/hans/ros2_ws/install/share/ros2_control_demo_example_1/config/rrbot_controllers.yaml
[0.827s] -- Up-to-date: /home/hans/ros2_ws/install/lib/libros2_control_demo_example_1.so
[0.833s] -- Up-to-date: /home/hans/ros2_ws/install/share/ros2_control_demo_example_1/environment/library_path.sh
[0.833s] -- Up-to-date: /home/hans/ros2_ws/install/share/ros2_control_demo_example_1/environment/library_path.dsv
[0.833s] -- Up-to-date: /home/hans/ros2_ws/install/share/ament_index/resource_index/package_run_dependencies/ros2_control_demo_example_1
[0.833s] -- Up-to-date: /home/hans/ros2_ws/install/share/ament_index/resource_index/parent_prefix_path/ros2_control_demo_example_1
[0.838s] -- Up-to-date: /home/hans/ros2_ws/install/share/ros2_control_demo_example_1/environment/ament_prefix_path.sh
[0.838s] -- Up-to-date: /home/hans/ros2_ws/install/share/ros2_control_demo_example_1/environment/ament_prefix_path.dsv
[0.838s] -- Up-to-date: /home/hans/ros2_ws/install/share/ros2_control_demo_example_1/environment/path.sh
[0.839s] -- Up-to-date: /home/hans/ros2_ws/install/share/ros2_control_demo_example_1/environment/path.dsv
[0.839s] -- Up-to-date: /home/hans/ros2_ws/install/share/ros2_control_demo_example_1/local_setup.bash
[0.839s] -- Up-to-date: /home/hans/ros2_ws/install/share/ros2_control_demo_example_1/local_setup.sh
[0.839s] -- Up-to-date: /home/hans/ros2_ws/install/share/ros2_control_demo_example_1/local_setup.zsh
[0.840s] -- Up-to-date: /home/hans/ros2_ws/install/share/ros2_control_demo_example_1/local_setup.dsv
[0.840s] -- Installing: /home/hans/ros2_ws/install/share/ros2_control_demo_example_1/package.dsv
[0.840s] -- Up-to-date: /home/hans/ros2_ws/install/share/ament_index/resource_index/packages/ros2_control_demo_example_1
[0.840s] -- Up-to-date: /home/hans/ros2_ws/install/share/ament_index/resource_index/hardware_interface__pluginlib__plugin/ros2_control_demo_example_1
[0.853s] -- Up-to-date: /home/hans/ros2_ws/install/share/ros2_control_demo_example_1/cmake/export_ros2_control_demo_example_1Export.cmake
[0.853s] -- Up-to-date: /home/hans/ros2_ws/install/share/ros2_control_demo_example_1/cmake/export_ros2_control_demo_example_1Export-noconfig.cmake
[0.853s] -- Up-to-date: /home/hans/ros2_ws/install/share/ros2_control_demo_example_1/cmake/ament_cmake_export_targets-extras.cmake
[0.854s] -- Up-to-date: /home/hans/ros2_ws/install/share/ros2_control_demo_example_1/cmake/ament_cmake_export_dependencies-extras.cmake
[0.855s] -- Up-to-date: /home/hans/ros2_ws/install/share/ros2_control_demo_example_1/cmake/ros2_control_demo_example_1Config.cmake
[0.855s] -- Up-to-date: /home/hans/ros2_ws/install/share/ros2_control_demo_example_1/cmake/ros2_control_demo_example_1Config-version.cmake
[0.855s] -- Up-to-date: /home/hans/ros2_ws/install/share/ros2_control_demo_example_1/package.xml
[0.942s] Invoked command in '/home/hans/ros2_ws/build/ros2_control_demo_example_1' returned '0': CMAKE_PREFIX_PATH=${CMAKE_PREFIX_PATH}:/opt/ros/iron /usr/bin/cmake --install /home/hans/ros2_ws/build/ros2_control_demo_example_1
