[0.011s] Invoking command in '/home/hans/ros2_ws/build/ros2_control_demo_example_4': AMENT_PREFIX_PATH=/home/hans/ros2_ws/install:${AMENT_PREFIX_PATH} CMAKE_PREFIX_PATH=/home/hans/ros2_ws/install:/opt/ros/iron LD_LIBRARY_PATH=/home/hans/ros2_ws/install/lib:${LD_LIBRARY_PATH} PYTHONPATH=/home/hans/ros2_ws/install/lib/python3.10/site-packages:${PYTHONPATH} /usr/bin/cmake --build /home/hans/ros2_ws/build/ros2_control_demo_example_4 -- -j1 -l1
[0.072s] [35m[1mConsolidate compiler generated dependencies of target ros2_control_demo_example_4[0m
[0.089s] [100%] Built target ros2_control_demo_example_4
[0.109s] Invoked command in '/home/hans/ros2_ws/build/ros2_control_demo_example_4' returned '0': AMENT_PREFIX_PATH=/home/hans/ros2_ws/install:${AMENT_PREFIX_PATH} CMAKE_PREFIX_PATH=/home/hans/ros2_ws/install:/opt/ros/iron LD_LIBRARY_PATH=/home/hans/ros2_ws/install/lib:${LD_LIBRARY_PATH} PYTHONPATH=/home/hans/ros2_ws/install/lib/python3.10/site-packages:${PYTHONPATH} /usr/bin/cmake --build /home/hans/ros2_ws/build/ros2_control_demo_example_4 -- -j1 -l1
[0.166s] Invoking command in '/home/hans/ros2_ws/build/ros2_control_demo_example_4': AMENT_PREFIX_PATH=/home/hans/ros2_ws/install:${AMENT_PREFIX_PATH} CMAKE_PREFIX_PATH=/home/hans/ros2_ws/install:/opt/ros/iron LD_LIBRARY_PATH=/home/hans/ros2_ws/install/lib:${LD_LIBRARY_PATH} PYTHONPATH=/home/hans/ros2_ws/install/lib/python3.10/site-packages:${PYTHONPATH} /usr/bin/cmake --install /home/hans/ros2_ws/build/ros2_control_demo_example_4
[0.177s] -- Install configuration: ""
[0.177s] -- Up-to-date: /home/hans/ros2_ws/install/share/ros2_control_demo_example_4/ros2_control_demo_example_4.xml
[0.177s] -- Up-to-date: /home/hans/ros2_ws/install/include/ros2_control_demo_example_4
[0.177s] -- Up-to-date: /home/hans/ros2_ws/install/include/ros2_control_demo_example_4/ros2_control_demo_example_4
[0.178s] -- Up-to-date: /home/hans/ros2_ws/install/include/ros2_control_demo_example_4/ros2_control_demo_example_4/rrbot_system_with_sensor.hpp
[0.178s] -- Up-to-date: /home/hans/ros2_ws/install/share/ros2_control_demo_example_4/launch
[0.179s] -- Up-to-date: /home/hans/ros2_ws/install/share/ros2_control_demo_example_4/launch/view_robot.launch.py
[0.179s] -- Up-to-date: /home/hans/ros2_ws/install/share/ros2_control_demo_example_4/ros2_control
[0.179s] -- Up-to-date: /home/hans/ros2_ws/install/share/ros2_control_demo_example_4/ros2_control/rrbot_system_with_sensor.ros2_control.xacro
[0.179s] -- Up-to-date: /home/hans/ros2_ws/install/share/ros2_control_demo_example_4/urdf
[0.180s] -- Up-to-date: /home/hans/ros2_ws/install/share/ros2_control_demo_example_4/urdf/rrbot_system_with_sensor.urdf.xacro
[0.180s] -- Up-to-date: /home/hans/ros2_ws/install/share/ros2_control_demo_example_4/rviz
[0.180s] -- Up-to-date: /home/hans/ros2_ws/install/share/ros2_control_demo_example_4/rviz/rrbot.rviz
[0.181s] -- Up-to-date: /home/hans/ros2_ws/install/share/ros2_control_demo_example_4/launch
[0.181s] -- Up-to-date: /home/hans/ros2_ws/install/share/ros2_control_demo_example_4/launch/test_forward_position_controller.launch.py
[0.181s] -- Up-to-date: /home/hans/ros2_ws/install/share/ros2_control_demo_example_4/launch/rrbot_system_with_sensor.launch.py
[0.181s] -- Up-to-date: /home/hans/ros2_ws/install/share/ros2_control_demo_example_4/config
[0.182s] -- Up-to-date: /home/hans/ros2_ws/install/share/ros2_control_demo_example_4/config/rrbot_forward_position_publisher.yaml
[0.182s] -- Up-to-date: /home/hans/ros2_ws/install/share/ros2_control_demo_example_4/config/rrbot_with_sensor_controllers.yaml
[0.183s] -- Up-to-date: /home/hans/ros2_ws/install/lib/libros2_control_demo_example_4.so
[0.183s] -- Up-to-date: /home/hans/ros2_ws/install/share/ros2_control_demo_example_4/environment/library_path.sh
[0.184s] -- Up-to-date: /home/hans/ros2_ws/install/share/ros2_control_demo_example_4/environment/library_path.dsv
[0.184s] -- Up-to-date: /home/hans/ros2_ws/install/share/ament_index/resource_index/package_run_dependencies/ros2_control_demo_example_4
[0.184s] -- Up-to-date: /home/hans/ros2_ws/install/share/ament_index/resource_index/parent_prefix_path/ros2_control_demo_example_4
[0.184s] -- Up-to-date: /home/hans/ros2_ws/install/share/ros2_control_demo_example_4/environment/ament_prefix_path.sh
[0.184s] -- Up-to-date: /home/hans/ros2_ws/install/share/ros2_control_demo_example_4/environment/ament_prefix_path.dsv
[0.185s] -- Up-to-date: /home/hans/ros2_ws/install/share/ros2_control_demo_example_4/environment/path.sh
[0.185s] -- Up-to-date: /home/hans/ros2_ws/install/share/ros2_control_demo_example_4/environment/path.dsv
[0.185s] -- Up-to-date: /home/hans/ros2_ws/install/share/ros2_control_demo_example_4/local_setup.bash
[0.185s] -- Up-to-date: /home/hans/ros2_ws/install/share/ros2_control_demo_example_4/local_setup.sh
[0.185s] -- Up-to-date: /home/hans/ros2_ws/install/share/ros2_control_demo_example_4/local_setup.zsh
[0.186s] -- Up-to-date: /home/hans/ros2_ws/install/share/ros2_control_demo_example_4/local_setup.dsv
[0.186s] -- Installing: /home/hans/ros2_ws/install/share/ros2_control_demo_example_4/package.dsv
[0.187s] -- Up-to-date: /home/hans/ros2_ws/install/share/ament_index/resource_index/packages/ros2_control_demo_example_4
[0.187s] -- Up-to-date: /home/hans/ros2_ws/install/share/ament_index/resource_index/hardware_interface__pluginlib__plugin/ros2_control_demo_example_4
[0.188s] -- Up-to-date: /home/hans/ros2_ws/install/share/ros2_control_demo_example_4/cmake/export_ros2_control_demo_example_4Export.cmake
[0.188s] -- Up-to-date: /home/hans/ros2_ws/install/share/ros2_control_demo_example_4/cmake/export_ros2_control_demo_example_4Export-noconfig.cmake
[0.188s] -- Up-to-date: /home/hans/ros2_ws/install/share/ros2_control_demo_example_4/cmake/ament_cmake_export_targets-extras.cmake
[0.189s] -- Up-to-date: /home/hans/ros2_ws/install/share/ros2_control_demo_example_4/cmake/ament_cmake_export_dependencies-extras.cmake
[0.189s] -- Up-to-date: /home/hans/ros2_ws/install/share/ros2_control_demo_example_4/cmake/ros2_control_demo_example_4Config.cmake
[0.190s] -- Up-to-date: /home/hans/ros2_ws/install/share/ros2_control_demo_example_4/cmake/ros2_control_demo_example_4Config-version.cmake
[0.190s] -- Up-to-date: /home/hans/ros2_ws/install/share/ros2_control_demo_example_4/package.xml
[0.192s] Invoked command in '/home/hans/ros2_ws/build/ros2_control_demo_example_4' returned '0': AMENT_PREFIX_PATH=/home/hans/ros2_ws/install:${AMENT_PREFIX_PATH} CMAKE_PREFIX_PATH=/home/hans/ros2_ws/install:/opt/ros/iron LD_LIBRARY_PATH=/home/hans/ros2_ws/install/lib:${LD_LIBRARY_PATH} PYTHONPATH=/home/hans/ros2_ws/install/lib/python3.10/site-packages:${PYTHONPATH} /usr/bin/cmake --install /home/hans/ros2_ws/build/ros2_control_demo_example_4
