[0.015s] Invoking command in '/home/hans/ros2_ws/build/ros2_control_demo_example_8': AMENT_PREFIX_PATH=/home/hans/ros2_ws/install:${AMENT_PREFIX_PATH} CMAKE_PREFIX_PATH=/home/hans/ros2_ws/install:/opt/ros/iron LD_LIBRARY_PATH=/home/hans/ros2_ws/install/lib:${LD_LIBRARY_PATH} PYTHONPATH=/home/hans/ros2_ws/install/lib/python3.10/site-packages:${PYTHONPATH} /usr/bin/cmake --build /home/hans/ros2_ws/build/ros2_control_demo_example_8 -- -j1 -l1
[0.099s] [35m[1mConsolidate compiler generated dependencies of target ros2_control_demo_example_8[0m
[0.120s] [100%] Built target ros2_control_demo_example_8
[0.131s] Invoked command in '/home/hans/ros2_ws/build/ros2_control_demo_example_8' returned '0': AMENT_PREFIX_PATH=/home/hans/ros2_ws/install:${AMENT_PREFIX_PATH} CMAKE_PREFIX_PATH=/home/hans/ros2_ws/install:/opt/ros/iron LD_LIBRARY_PATH=/home/hans/ros2_ws/install/lib:${LD_LIBRARY_PATH} PYTHONPATH=/home/hans/ros2_ws/install/lib/python3.10/site-packages:${PYTHONPATH} /usr/bin/cmake --build /home/hans/ros2_ws/build/ros2_control_demo_example_8 -- -j1 -l1
[0.157s] Invoking command in '/home/hans/ros2_ws/build/ros2_control_demo_example_8': AMENT_PREFIX_PATH=/home/hans/ros2_ws/install:${AMENT_PREFIX_PATH} CMAKE_PREFIX_PATH=/home/hans/ros2_ws/install:/opt/ros/iron LD_LIBRARY_PATH=/home/hans/ros2_ws/install/lib:${LD_LIBRARY_PATH} PYTHONPATH=/home/hans/ros2_ws/install/lib/python3.10/site-packages:${PYTHONPATH} /usr/bin/cmake --install /home/hans/ros2_ws/build/ros2_control_demo_example_8
[0.167s] -- Install configuration: ""
[0.167s] -- Up-to-date: /home/hans/ros2_ws/install/share/ros2_control_demo_example_8/ros2_control_demo_example_8.xml
[0.168s] -- Up-to-date: /home/hans/ros2_ws/install/include/ros2_control_demo_example_8
[0.168s] -- Up-to-date: /home/hans/ros2_ws/install/include/ros2_control_demo_example_8/ros2_control_demo_example_8
[0.168s] -- Up-to-date: /home/hans/ros2_ws/install/include/ros2_control_demo_example_8/ros2_control_demo_example_8/rrbot_transmissions_system_position_only.hpp
[0.168s] -- Up-to-date: /home/hans/ros2_ws/install/include/ros2_control_demo_example_8/ros2_control_demo_example_8/rrbot.hpp
[0.169s] -- Up-to-date: /home/hans/ros2_ws/install/share/ros2_control_demo_example_8/launch
[0.169s] -- Up-to-date: /home/hans/ros2_ws/install/share/ros2_control_demo_example_8/launch/view_robot.launch.py
[0.170s] -- Up-to-date: /home/hans/ros2_ws/install/share/ros2_control_demo_example_8/ros2_control
[0.170s] -- Up-to-date: /home/hans/ros2_ws/install/share/ros2_control_demo_example_8/ros2_control/rrbot_transmissions_system_position_only.ros2_control.xacro
[0.170s] -- Up-to-date: /home/hans/ros2_ws/install/share/ros2_control_demo_example_8/urdf
[0.171s] -- Up-to-date: /home/hans/ros2_ws/install/share/ros2_control_demo_example_8/urdf/rrbot_transmissions_system_position_only.urdf.xacro
[0.171s] -- Up-to-date: /home/hans/ros2_ws/install/share/ros2_control_demo_example_8/launch
[0.171s] -- Up-to-date: /home/hans/ros2_ws/install/share/ros2_control_demo_example_8/launch/test_forward_position_controller.launch.py
[0.172s] -- Up-to-date: /home/hans/ros2_ws/install/share/ros2_control_demo_example_8/launch/rrbot_transmissions_system_position_only.launch.py
[0.172s] -- Up-to-date: /home/hans/ros2_ws/install/share/ros2_control_demo_example_8/config
[0.172s] -- Up-to-date: /home/hans/ros2_ws/install/share/ros2_control_demo_example_8/config/rrbot_forward_position_publisher.yaml
[0.172s] -- Up-to-date: /home/hans/ros2_ws/install/share/ros2_control_demo_example_8/config/rrbot_controllers.yaml
[0.173s] -- Up-to-date: /home/hans/ros2_ws/install/lib/libros2_control_demo_example_8.so
[0.173s] -- Up-to-date: /home/hans/ros2_ws/install/share/ros2_control_demo_example_8/environment/library_path.sh
[0.174s] -- Up-to-date: /home/hans/ros2_ws/install/share/ros2_control_demo_example_8/environment/library_path.dsv
[0.174s] -- Up-to-date: /home/hans/ros2_ws/install/share/ament_index/resource_index/package_run_dependencies/ros2_control_demo_example_8
[0.174s] -- Up-to-date: /home/hans/ros2_ws/install/share/ament_index/resource_index/parent_prefix_path/ros2_control_demo_example_8
[0.174s] -- Up-to-date: /home/hans/ros2_ws/install/share/ros2_control_demo_example_8/environment/ament_prefix_path.sh
[0.175s] -- Up-to-date: /home/hans/ros2_ws/install/share/ros2_control_demo_example_8/environment/ament_prefix_path.dsv
[0.175s] -- Up-to-date: /home/hans/ros2_ws/install/share/ros2_control_demo_example_8/environment/path.sh
[0.175s] -- Up-to-date: /home/hans/ros2_ws/install/share/ros2_control_demo_example_8/environment/path.dsv
[0.175s] -- Up-to-date: /home/hans/ros2_ws/install/share/ros2_control_demo_example_8/local_setup.bash
[0.175s] -- Up-to-date: /home/hans/ros2_ws/install/share/ros2_control_demo_example_8/local_setup.sh
[0.176s] -- Up-to-date: /home/hans/ros2_ws/install/share/ros2_control_demo_example_8/local_setup.zsh
[0.176s] -- Up-to-date: /home/hans/ros2_ws/install/share/ros2_control_demo_example_8/local_setup.dsv
[0.176s] -- Installing: /home/hans/ros2_ws/install/share/ros2_control_demo_example_8/package.dsv
[0.181s] -- Up-to-date: /home/hans/ros2_ws/install/share/ament_index/resource_index/packages/ros2_control_demo_example_8
[0.181s] -- Up-to-date: /home/hans/ros2_ws/install/share/ament_index/resource_index/hardware_interface__pluginlib__plugin/ros2_control_demo_example_8
[0.188s] -- Up-to-date: /home/hans/ros2_ws/install/share/ros2_control_demo_example_8/cmake/export_ros2_control_demo_example_8Export.cmake
[0.193s] -- Up-to-date: /home/hans/ros2_ws/install/share/ros2_control_demo_example_8/cmake/export_ros2_control_demo_example_8Export-noconfig.cmake
[0.193s] -- Up-to-date: /home/hans/ros2_ws/install/share/ros2_control_demo_example_8/cmake/ament_cmake_export_targets-extras.cmake
[0.193s] -- Up-to-date: /home/hans/ros2_ws/install/share/ros2_control_demo_example_8/cmake/ament_cmake_export_dependencies-extras.cmake
[0.193s] -- Up-to-date: /home/hans/ros2_ws/install/share/ros2_control_demo_example_8/cmake/ros2_control_demo_example_8Config.cmake
[0.193s] -- Up-to-date: /home/hans/ros2_ws/install/share/ros2_control_demo_example_8/cmake/ros2_control_demo_example_8Config-version.cmake
[0.193s] -- Up-to-date: /home/hans/ros2_ws/install/share/ros2_control_demo_example_8/package.xml
[0.193s] Invoked command in '/home/hans/ros2_ws/build/ros2_control_demo_example_8' returned '0': AMENT_PREFIX_PATH=/home/hans/ros2_ws/install:${AMENT_PREFIX_PATH} CMAKE_PREFIX_PATH=/home/hans/ros2_ws/install:/opt/ros/iron LD_LIBRARY_PATH=/home/hans/ros2_ws/install/lib:${LD_LIBRARY_PATH} PYTHONPATH=/home/hans/ros2_ws/install/lib/python3.10/site-packages:${PYTHONPATH} /usr/bin/cmake --install /home/hans/ros2_ws/build/ros2_control_demo_example_8
