[0.042s] Invoking command in '/home/hans/ros2_ws/build/ros2_control_demo_description': CMAKE_PREFIX_PATH=${CMAKE_PREFIX_PATH}:/opt/ros/iron /usr/bin/cmake --build /home/hans/ros2_ws/build/ros2_control_demo_description -- -j4 -l4
[0.894s] Invoked command in '/home/hans/ros2_ws/build/ros2_control_demo_description' returned '0': CMAKE_PREFIX_PATH=${CMAKE_PREFIX_PATH}:/opt/ros/iron /usr/bin/cmake --build /home/hans/ros2_ws/build/ros2_control_demo_description -- -j4 -l4
[1.013s] Invoking command in '/home/hans/ros2_ws/build/ros2_control_demo_description': CMAKE_PREFIX_PATH=${CMAKE_PREFIX_PATH}:/opt/ros/iron /usr/bin/cmake --install /home/hans/ros2_ws/build/ros2_control_demo_description
[1.031s] -- Install configuration: ""
[1.031s] -- Up-to-date: /home/hans/ros2_ws/install/share/ros2_control_demo_description/rrbot/urdf
[1.040s] -- Up-to-date: /home/hans/ros2_ws/install/share/ros2_control_demo_description/rrbot/urdf/rrbot_description.urdf.xacro
[1.041s] -- Up-to-date: /home/hans/ros2_ws/install/share/ros2_control_demo_description/rrbot/urdf/rrbot.materials.xacro
[1.041s] -- Up-to-date: /home/hans/ros2_ws/install/share/ros2_control_demo_description/rrbot/rviz
[1.041s] -- Up-to-date: /home/hans/ros2_ws/install/share/ros2_control_demo_description/rrbot/rviz/rrbot.rviz
[1.041s] -- Up-to-date: /home/hans/ros2_ws/install/share/ros2_control_demo_description/diffbot/urdf
[1.042s] -- Up-to-date: /home/hans/ros2_ws/install/share/ros2_control_demo_description/diffbot/urdf/diffbot.materials.xacro
[1.042s] -- Up-to-date: /home/hans/ros2_ws/install/share/ros2_control_demo_description/diffbot/urdf/diffbot_description.urdf.xacro
[1.042s] -- Up-to-date: /home/hans/ros2_ws/install/share/ros2_control_demo_description/diffbot/rviz
[1.045s] -- Up-to-date: /home/hans/ros2_ws/install/share/ros2_control_demo_description/diffbot/rviz/diffbot.rviz
[1.046s] -- Up-to-date: /home/hans/ros2_ws/install/share/ros2_control_demo_description/diffbot/rviz/diffbot_view.rviz
[1.050s] -- Up-to-date: /home/hans/ros2_ws/install/share/ros2_control_demo_description/carlikebot/urdf
[1.050s] -- Up-to-date: /home/hans/ros2_ws/install/share/ros2_control_demo_description/carlikebot/urdf/carlikebot_description.urdf.xacro
[1.051s] -- Up-to-date: /home/hans/ros2_ws/install/share/ros2_control_demo_description/carlikebot/urdf/carlikebot.materials.xacro
[1.051s] -- Up-to-date: /home/hans/ros2_ws/install/share/ros2_control_demo_description/carlikebot/rviz
[1.051s] -- Up-to-date: /home/hans/ros2_ws/install/share/ros2_control_demo_description/carlikebot/rviz/carlikebot.rviz
[1.051s] -- Up-to-date: /home/hans/ros2_ws/install/share/ros2_control_demo_description/carlikebot/rviz/carlikebot_view.rviz
[1.051s] -- Up-to-date: /home/hans/ros2_ws/install/share/ros2_control_demo_description/r6bot/meshes
[1.052s] -- Up-to-date: /home/hans/ros2_ws/install/share/ros2_control_demo_description/r6bot/meshes/visual
[1.052s] -- Up-to-date: /home/hans/ros2_ws/install/share/ros2_control_demo_description/r6bot/meshes/visual/link_1.dae
[1.052s] -- Up-to-date: /home/hans/ros2_ws/install/share/ros2_control_demo_description/r6bot/meshes/visual/link_2.dae
[1.052s] -- Up-to-date: /home/hans/ros2_ws/install/share/ros2_control_demo_description/r6bot/meshes/visual/link_5.dae
[1.052s] -- Up-to-date: /home/hans/ros2_ws/install/share/ros2_control_demo_description/r6bot/meshes/visual/link_4.dae
[1.053s] -- Up-to-date: /home/hans/ros2_ws/install/share/ros2_control_demo_description/r6bot/meshes/visual/link_6.dae
[1.054s] -- Up-to-date: /home/hans/ros2_ws/install/share/ros2_control_demo_description/r6bot/meshes/visual/link_3.dae
[1.055s] -- Up-to-date: /home/hans/ros2_ws/install/share/ros2_control_demo_description/r6bot/meshes/visual/link_0.dae
[1.055s] -- Up-to-date: /home/hans/ros2_ws/install/share/ros2_control_demo_description/r6bot/meshes/collision
[1.056s] -- Up-to-date: /home/hans/ros2_ws/install/share/ros2_control_demo_description/r6bot/meshes/collision/link_3.stl
[1.056s] -- Up-to-date: /home/hans/ros2_ws/install/share/ros2_control_demo_description/r6bot/meshes/collision/link_5.stl
[1.056s] -- Up-to-date: /home/hans/ros2_ws/install/share/ros2_control_demo_description/r6bot/meshes/collision/link_4.stl
[1.056s] -- Up-to-date: /home/hans/ros2_ws/install/share/ros2_control_demo_description/r6bot/meshes/collision/link_0.stl
[1.056s] -- Up-to-date: /home/hans/ros2_ws/install/share/ros2_control_demo_description/r6bot/meshes/collision/link_6.stl
[1.057s] -- Up-to-date: /home/hans/ros2_ws/install/share/ros2_control_demo_description/r6bot/meshes/collision/link_2.stl
[1.057s] -- Up-to-date: /home/hans/ros2_ws/install/share/ros2_control_demo_description/r6bot/meshes/collision/link_1.stl
[1.057s] -- Up-to-date: /home/hans/ros2_ws/install/share/ros2_control_demo_description/r6bot/srdf
[1.057s] -- Up-to-date: /home/hans/ros2_ws/install/share/ros2_control_demo_description/r6bot/srdf/r6bot.srdf
[1.057s] -- Up-to-date: /home/hans/ros2_ws/install/share/ros2_control_demo_description/r6bot/urdf
[1.058s] -- Up-to-date: /home/hans/ros2_ws/install/share/ros2_control_demo_description/r6bot/urdf/inc
[1.061s] -- Up-to-date: /home/hans/ros2_ws/install/share/ros2_control_demo_description/r6bot/urdf/inc/create_link.xacro
[1.061s] -- Up-to-date: /home/hans/ros2_ws/install/share/ros2_control_demo_description/r6bot/urdf/r6bot_description.urdf.xacro
[1.061s] -- Up-to-date: /home/hans/ros2_ws/install/share/ros2_control_demo_description/r6bot/rviz
[1.061s] -- Up-to-date: /home/hans/ros2_ws/install/share/ros2_control_demo_description/r6bot/rviz/view_robot.rviz
[1.062s] -- Up-to-date: /home/hans/ros2_ws/install/share/ament_index/resource_index/package_run_dependencies/ros2_control_demo_description
[1.062s] -- Up-to-date: /home/hans/ros2_ws/install/share/ament_index/resource_index/parent_prefix_path/ros2_control_demo_description
[1.062s] -- Up-to-date: /home/hans/ros2_ws/install/share/ros2_control_demo_description/environment/ament_prefix_path.sh
[1.062s] -- Up-to-date: /home/hans/ros2_ws/install/share/ros2_control_demo_description/environment/ament_prefix_path.dsv
[1.066s] -- Up-to-date: /home/hans/ros2_ws/install/share/ros2_control_demo_description/environment/path.sh
[1.066s] -- Up-to-date: /home/hans/ros2_ws/install/share/ros2_control_demo_description/environment/path.dsv
[1.066s] -- Up-to-date: /home/hans/ros2_ws/install/share/ros2_control_demo_description/local_setup.bash
[1.066s] -- Up-to-date: /home/hans/ros2_ws/install/share/ros2_control_demo_description/local_setup.sh
[1.067s] -- Up-to-date: /home/hans/ros2_ws/install/share/ros2_control_demo_description/local_setup.zsh
[1.067s] -- Up-to-date: /home/hans/ros2_ws/install/share/ros2_control_demo_description/local_setup.dsv
[1.067s] -- Installing: /home/hans/ros2_ws/install/share/ros2_control_demo_description/package.dsv
[1.067s] -- Up-to-date: /home/hans/ros2_ws/install/share/ament_index/resource_index/packages/ros2_control_demo_description
[1.067s] -- Up-to-date: /home/hans/ros2_ws/install/share/ros2_control_demo_description/cmake/ros2_control_demo_descriptionConfig.cmake
[1.068s] -- Up-to-date: /home/hans/ros2_ws/install/share/ros2_control_demo_description/cmake/ros2_control_demo_descriptionConfig-version.cmake
[1.068s] -- Up-to-date: /home/hans/ros2_ws/install/share/ros2_control_demo_description/package.xml
[1.068s] Invoked command in '/home/hans/ros2_ws/build/ros2_control_demo_description' returned '0': CMAKE_PREFIX_PATH=${CMAKE_PREFIX_PATH}:/opt/ros/iron /usr/bin/cmake --install /home/hans/ros2_ws/build/ros2_control_demo_description
