[0.028s] Invoking command in '/home/hans/ros2_ws/build/thur': CMAKE_PREFIX_PATH=${CMAKE_PREFIX_PATH}:/opt/ros/iron /usr/bin/cmake --build /home/hans/ros2_ws/build/thur -- -j1 -l1
[0.140s] [35m[1mConsolidate compiler generated dependencies of target thur[0m
[0.200s] [ 33%] [32mBuilding CXX object CMakeFiles/thur.dir/hardware/serial.cpp.o[0m
[7.584s] [ 66%] [32m[1mLinking CXX shared library libthur.so[0m
[7.977s] [100%] Built target thur
[8.007s] Invoked command in '/home/hans/ros2_ws/build/thur' returned '0': CMAKE_PREFIX_PATH=${CMAKE_PREFIX_PATH}:/opt/ros/iron /usr/bin/cmake --build /home/hans/ros2_ws/build/thur -- -j1 -l1
[8.077s] Invoking command in '/home/hans/ros2_ws/build/thur': CMAKE_PREFIX_PATH=${CMAKE_PREFIX_PATH}:/opt/ros/iron /usr/bin/cmake --install /home/hans/ros2_ws/build/thur
[8.098s] -- Install configuration: ""
[8.098s] -- Up-to-date: /home/hans/ros2_ws/install/share/thur/thur.xml
[8.098s] -- Up-to-date: /home/hans/ros2_ws/install/include/thur
[8.098s] -- Installing: /home/hans/ros2_ws/install/include/thur/serial.hpp
[8.098s] -- Up-to-date: /home/hans/ros2_ws/install/include/thur/thur
[8.098s] -- Up-to-date: /home/hans/ros2_ws/install/include/thur/thur/thur_diff.hpp
[8.098s] -- Up-to-date: /home/hans/ros2_ws/install/share/thur/launch
[8.098s] -- Up-to-date: /home/hans/ros2_ws/install/share/thur/launch/view_robot.launch.py
[8.098s] -- Up-to-date: /home/hans/ros2_ws/install/share/thur/ros2_control
[8.098s] -- Up-to-date: /home/hans/ros2_ws/install/share/thur/ros2_control/diffbot.ros2_control.xacro
[8.102s] -- Up-to-date: /home/hans/ros2_ws/install/share/thur/urdf
[8.102s] -- Up-to-date: /home/hans/ros2_ws/install/share/thur/urdf/diffbot.urdf.xacro
[8.102s] -- Up-to-date: /home/hans/ros2_ws/install/share/thur/launch
[8.102s] -- Up-to-date: /home/hans/ros2_ws/install/share/thur/launch/diffbot.launch.py
[8.102s] -- Up-to-date: /home/hans/ros2_ws/install/share/thur/config
[8.102s] -- Up-to-date: /home/hans/ros2_ws/install/share/thur/config/diffbot_controllers.yaml
[8.102s] -- Installing: /home/hans/ros2_ws/install/lib/libthur.so
[8.105s] -- Set runtime path of "/home/hans/ros2_ws/install/lib/libthur.so" to ""
[8.105s] -- Up-to-date: /home/hans/ros2_ws/install/share/thur/environment/library_path.sh
[8.105s] -- Up-to-date: /home/hans/ros2_ws/install/share/thur/environment/library_path.dsv
[8.105s] -- Up-to-date: /home/hans/ros2_ws/install/share/ament_index/resource_index/package_run_dependencies/thur
[8.106s] -- Up-to-date: /home/hans/ros2_ws/install/share/ament_index/resource_index/parent_prefix_path/thur
[8.107s] -- Up-to-date: /home/hans/ros2_ws/install/share/thur/environment/ament_prefix_path.sh
[8.107s] -- Up-to-date: /home/hans/ros2_ws/install/share/thur/environment/ament_prefix_path.dsv
[8.107s] -- Up-to-date: /home/hans/ros2_ws/install/share/thur/environment/path.sh
[8.108s] -- Up-to-date: /home/hans/ros2_ws/install/share/thur/environment/path.dsv
[8.109s] -- Up-to-date: /home/hans/ros2_ws/install/share/thur/local_setup.bash
[8.109s] -- Up-to-date: /home/hans/ros2_ws/install/share/thur/local_setup.sh
[8.109s] -- Up-to-date: /home/hans/ros2_ws/install/share/thur/local_setup.zsh
[8.110s] -- Up-to-date: /home/hans/ros2_ws/install/share/thur/local_setup.dsv
[8.110s] -- Installing: /home/hans/ros2_ws/install/share/thur/package.dsv
[8.112s] -- Up-to-date: /home/hans/ros2_ws/install/share/ament_index/resource_index/packages/thur
[8.112s] -- Up-to-date: /home/hans/ros2_ws/install/share/ament_index/resource_index/hardware_interface__pluginlib__plugin/thur
[8.112s] -- Up-to-date: /home/hans/ros2_ws/install/share/thur/cmake/export_thurExport.cmake
[8.112s] -- Up-to-date: /home/hans/ros2_ws/install/share/thur/cmake/export_thurExport-noconfig.cmake
[8.112s] -- Up-to-date: /home/hans/ros2_ws/install/share/thur/cmake/ament_cmake_export_targets-extras.cmake
[8.112s] -- Up-to-date: /home/hans/ros2_ws/install/share/thur/cmake/ament_cmake_export_dependencies-extras.cmake
[8.112s] -- Up-to-date: /home/hans/ros2_ws/install/share/thur/cmake/thurConfig.cmake
[8.113s] -- Up-to-date: /home/hans/ros2_ws/install/share/thur/cmake/thurConfig-version.cmake
[8.113s] -- Up-to-date: /home/hans/ros2_ws/install/share/thur/package.xml
[8.120s] Invoked command in '/home/hans/ros2_ws/build/thur' returned '0': CMAKE_PREFIX_PATH=${CMAKE_PREFIX_PATH}:/opt/ros/iron /usr/bin/cmake --install /home/hans/ros2_ws/build/thur
