[0.121s] Invoking command in '/home/hans/ros2_ws/build/ros2_control_demo_example_6': CMAKE_PREFIX_PATH=${CMAKE_PREFIX_PATH}:/opt/ros/iron /usr/bin/cmake --build /home/hans/ros2_ws/build/ros2_control_demo_example_6 -- -j4 -l4
[0.462s] [100%] Built target ros2_control_demo_example_6
[0.559s] Invoked command in '/home/hans/ros2_ws/build/ros2_control_demo_example_6' returned '0': CMAKE_PREFIX_PATH=${CMAKE_PREFIX_PATH}:/opt/ros/iron /usr/bin/cmake --build /home/hans/ros2_ws/build/ros2_control_demo_example_6 -- -j4 -l4
[0.897s] Invoking command in '/home/hans/ros2_ws/build/ros2_control_demo_example_6': CMAKE_PREFIX_PATH=${CMAKE_PREFIX_PATH}:/opt/ros/iron /usr/bin/cmake --install /home/hans/ros2_ws/build/ros2_control_demo_example_6
[0.980s] -- Install configuration: ""
[0.980s] -- Up-to-date: /home/hans/ros2_ws/install/share/ros2_control_demo_example_6/ros2_control_demo_example_6.xml
[0.981s] -- Up-to-date: /home/hans/ros2_ws/install/include/ros2_control_demo_example_6
[0.981s] -- Up-to-date: /home/hans/ros2_ws/install/include/ros2_control_demo_example_6/ros2_control_demo_example_6
[0.981s] -- Up-to-date: /home/hans/ros2_ws/install/include/ros2_control_demo_example_6/ros2_control_demo_example_6/rrbot_actuator.hpp
[0.982s] -- Up-to-date: /home/hans/ros2_ws/install/share/ros2_control_demo_example_6/launch
[0.982s] -- Up-to-date: /home/hans/ros2_ws/install/share/ros2_control_demo_example_6/launch/view_robot.launch.py
[0.982s] -- Up-to-date: /home/hans/ros2_ws/install/share/ros2_control_demo_example_6/ros2_control
[0.998s] -- Up-to-date: /home/hans/ros2_ws/install/share/ros2_control_demo_example_6/ros2_control/rrbot_modular_actuators.ros2_control.xacro
[0.998s] -- Up-to-date: /home/hans/ros2_ws/install/share/ros2_control_demo_example_6/urdf
[0.998s] -- Up-to-date: /home/hans/ros2_ws/install/share/ros2_control_demo_example_6/urdf/rrbot_modular_actuators.urdf.xacro
[0.998s] -- Up-to-date: /home/hans/ros2_ws/install/share/ros2_control_demo_example_6/launch
[0.999s] -- Up-to-date: /home/hans/ros2_ws/install/share/ros2_control_demo_example_6/launch/rrbot_modular_actuators.launch.py
[0.999s] -- Up-to-date: /home/hans/ros2_ws/install/share/ros2_control_demo_example_6/launch/test_forward_position_controller.launch.py
[0.999s] -- Up-to-date: /home/hans/ros2_ws/install/share/ros2_control_demo_example_6/config
[0.999s] -- Up-to-date: /home/hans/ros2_ws/install/share/ros2_control_demo_example_6/config/rrbot_forward_position_publisher.yaml
[0.999s] -- Up-to-date: /home/hans/ros2_ws/install/share/ros2_control_demo_example_6/config/rrbot_modular_actuators.yaml
[1.000s] -- Up-to-date: /home/hans/ros2_ws/install/lib/libros2_control_demo_example_6.so
[1.085s] -- Up-to-date: /home/hans/ros2_ws/install/share/ros2_control_demo_example_6/environment/library_path.sh
[1.085s] -- Up-to-date: /home/hans/ros2_ws/install/share/ros2_control_demo_example_6/environment/library_path.dsv
[1.085s] -- Up-to-date: /home/hans/ros2_ws/install/share/ament_index/resource_index/package_run_dependencies/ros2_control_demo_example_6
[1.085s] -- Up-to-date: /home/hans/ros2_ws/install/share/ament_index/resource_index/parent_prefix_path/ros2_control_demo_example_6
[1.085s] -- Up-to-date: /home/hans/ros2_ws/install/share/ros2_control_demo_example_6/environment/ament_prefix_path.sh
[1.086s] -- Up-to-date: /home/hans/ros2_ws/install/share/ros2_control_demo_example_6/environment/ament_prefix_path.dsv
[1.086s] -- Up-to-date: /home/hans/ros2_ws/install/share/ros2_control_demo_example_6/environment/path.sh
[1.086s] -- Up-to-date: /home/hans/ros2_ws/install/share/ros2_control_demo_example_6/environment/path.dsv
[1.088s] -- Up-to-date: /home/hans/ros2_ws/install/share/ros2_control_demo_example_6/local_setup.bash
[1.088s] -- Up-to-date: /home/hans/ros2_ws/install/share/ros2_control_demo_example_6/local_setup.sh
[1.088s] -- Up-to-date: /home/hans/ros2_ws/install/share/ros2_control_demo_example_6/local_setup.zsh
[1.088s] -- Up-to-date: /home/hans/ros2_ws/install/share/ros2_control_demo_example_6/local_setup.dsv
[1.088s] -- Installing: /home/hans/ros2_ws/install/share/ros2_control_demo_example_6/package.dsv
[1.089s] -- Up-to-date: /home/hans/ros2_ws/install/share/ament_index/resource_index/packages/ros2_control_demo_example_6
[1.089s] -- Up-to-date: /home/hans/ros2_ws/install/share/ament_index/resource_index/hardware_interface__pluginlib__plugin/ros2_control_demo_example_6
[1.089s] -- Up-to-date: /home/hans/ros2_ws/install/share/ros2_control_demo_example_6/cmake/export_ros2_control_demo_example_6Export.cmake
[1.101s] -- Up-to-date: /home/hans/ros2_ws/install/share/ros2_control_demo_example_6/cmake/export_ros2_control_demo_example_6Export-noconfig.cmake
[1.102s] -- Up-to-date: /home/hans/ros2_ws/install/share/ros2_control_demo_example_6/cmake/ament_cmake_export_targets-extras.cmake
[1.102s] -- Up-to-date: /home/hans/ros2_ws/install/share/ros2_control_demo_example_6/cmake/ament_cmake_export_dependencies-extras.cmake
[1.102s] -- Up-to-date: /home/hans/ros2_ws/install/share/ros2_control_demo_example_6/cmake/ros2_control_demo_example_6Config.cmake
[1.102s] -- Up-to-date: /home/hans/ros2_ws/install/share/ros2_control_demo_example_6/cmake/ros2_control_demo_example_6Config-version.cmake
[1.102s] -- Up-to-date: /home/hans/ros2_ws/install/share/ros2_control_demo_example_6/package.xml
[1.126s] Invoked command in '/home/hans/ros2_ws/build/ros2_control_demo_example_6' returned '0': CMAKE_PREFIX_PATH=${CMAKE_PREFIX_PATH}:/opt/ros/iron /usr/bin/cmake --install /home/hans/ros2_ws/build/ros2_control_demo_example_6
