[0.001s] Invoking command in '/home/hans/ros2_ws/build/ros2_control_demo_example_9': AMENT_PREFIX_PATH=/home/hans/ros2_ws/install CMAKE_PREFIX_PATH=/home/hans/ros2_ws/install LD_LIBRARY_PATH=/home/hans/ros2_ws/install/lib PYTHONPATH=/home/hans/ros2_ws/install/lib/python3.10/site-packages /usr/bin/cmake --build /home/hans/ros2_ws/build/ros2_control_demo_example_9 -- -j4 -l4
[0.123s] [100%] Built target ros2_control_demo_example_9
[0.219s] Invoked command in '/home/hans/ros2_ws/build/ros2_control_demo_example_9' returned '0': AMENT_PREFIX_PATH=/home/hans/ros2_ws/install CMAKE_PREFIX_PATH=/home/hans/ros2_ws/install LD_LIBRARY_PATH=/home/hans/ros2_ws/install/lib PYTHONPATH=/home/hans/ros2_ws/install/lib/python3.10/site-packages /usr/bin/cmake --build /home/hans/ros2_ws/build/ros2_control_demo_example_9 -- -j4 -l4
[0.274s] Invoking command in '/home/hans/ros2_ws/build/ros2_control_demo_example_9': AMENT_PREFIX_PATH=/home/hans/ros2_ws/install CMAKE_PREFIX_PATH=/home/hans/ros2_ws/install LD_LIBRARY_PATH=/home/hans/ros2_ws/install/lib PYTHONPATH=/home/hans/ros2_ws/install/lib/python3.10/site-packages /usr/bin/cmake --install /home/hans/ros2_ws/build/ros2_control_demo_example_9
[0.308s] -- Install configuration: ""
[0.311s] -- Up-to-date: /home/hans/ros2_ws/install/share/ros2_control_demo_example_9/ros2_control_demo_example_9.xml
[0.312s] -- Up-to-date: /home/hans/ros2_ws/install/include/ros2_control_demo_example_9
[0.312s] -- Up-to-date: /home/hans/ros2_ws/install/include/ros2_control_demo_example_9/ros2_control_demo_example_9
[0.312s] -- Up-to-date: /home/hans/ros2_ws/install/include/ros2_control_demo_example_9/ros2_control_demo_example_9/rrbot.hpp
[0.312s] -- Up-to-date: /home/hans/ros2_ws/install/share/ros2_control_demo_example_9/launch
[0.312s] -- Up-to-date: /home/hans/ros2_ws/install/share/ros2_control_demo_example_9/launch/view_robot.launch.py
[0.312s] -- Up-to-date: /home/hans/ros2_ws/install/share/ros2_control_demo_example_9/ros2_control
[0.312s] -- Up-to-date: /home/hans/ros2_ws/install/share/ros2_control_demo_example_9/ros2_control/rrbot.ros2_control.xacro
[0.312s] -- Up-to-date: /home/hans/ros2_ws/install/share/ros2_control_demo_example_9/urdf
[0.312s] -- Up-to-date: /home/hans/ros2_ws/install/share/ros2_control_demo_example_9/urdf/rrbot.urdf.xacro
[0.312s] -- Up-to-date: /home/hans/ros2_ws/install/share/ros2_control_demo_example_9/gazebo
[0.313s] -- Up-to-date: /home/hans/ros2_ws/install/share/ros2_control_demo_example_9/gazebo/rrbot.gazebo.xacro
[0.313s] -- Up-to-date: /home/hans/ros2_ws/install/share/ros2_control_demo_example_9/launch
[0.313s] -- Up-to-date: /home/hans/ros2_ws/install/share/ros2_control_demo_example_9/launch/rrbot_gazebo_classic.launch.py
[0.313s] -- Up-to-date: /home/hans/ros2_ws/install/share/ros2_control_demo_example_9/launch/test_forward_position_controller.launch.py
[0.313s] -- Up-to-date: /home/hans/ros2_ws/install/share/ros2_control_demo_example_9/launch/rrbot.launch.py
[0.313s] -- Up-to-date: /home/hans/ros2_ws/install/share/ros2_control_demo_example_9/config
[0.313s] -- Up-to-date: /home/hans/ros2_ws/install/share/ros2_control_demo_example_9/config/rrbot_forward_position_publisher.yaml
[0.328s] -- Up-to-date: /home/hans/ros2_ws/install/share/ros2_control_demo_example_9/config/rrbot_controllers.yaml
[0.328s] -- Up-to-date: /home/hans/ros2_ws/install/lib/libros2_control_demo_example_9.so
[0.328s] -- Up-to-date: /home/hans/ros2_ws/install/share/ros2_control_demo_example_9/environment/library_path.sh
[0.328s] -- Up-to-date: /home/hans/ros2_ws/install/share/ros2_control_demo_example_9/environment/library_path.dsv
[0.330s] -- Up-to-date: /home/hans/ros2_ws/install/share/ament_index/resource_index/package_run_dependencies/ros2_control_demo_example_9
[0.331s] -- Up-to-date: /home/hans/ros2_ws/install/share/ament_index/resource_index/parent_prefix_path/ros2_control_demo_example_9
[0.331s] -- Up-to-date: /home/hans/ros2_ws/install/share/ros2_control_demo_example_9/environment/ament_prefix_path.sh
[0.332s] -- Up-to-date: /home/hans/ros2_ws/install/share/ros2_control_demo_example_9/environment/ament_prefix_path.dsv
[0.333s] -- Up-to-date: /home/hans/ros2_ws/install/share/ros2_control_demo_example_9/environment/path.sh
[0.334s] -- Up-to-date: /home/hans/ros2_ws/install/share/ros2_control_demo_example_9/environment/path.dsv
[0.334s] -- Up-to-date: /home/hans/ros2_ws/install/share/ros2_control_demo_example_9/local_setup.bash
[0.334s] -- Up-to-date: /home/hans/ros2_ws/install/share/ros2_control_demo_example_9/local_setup.sh
[0.334s] -- Up-to-date: /home/hans/ros2_ws/install/share/ros2_control_demo_example_9/local_setup.zsh
[0.334s] -- Up-to-date: /home/hans/ros2_ws/install/share/ros2_control_demo_example_9/local_setup.dsv
[0.334s] -- Installing: /home/hans/ros2_ws/install/share/ros2_control_demo_example_9/package.dsv
[0.335s] -- Up-to-date: /home/hans/ros2_ws/install/share/ament_index/resource_index/packages/ros2_control_demo_example_9
[0.335s] -- Up-to-date: /home/hans/ros2_ws/install/share/ament_index/resource_index/hardware_interface__pluginlib__plugin/ros2_control_demo_example_9
[0.335s] -- Up-to-date: /home/hans/ros2_ws/install/share/ros2_control_demo_example_9/cmake/export_ros2_control_demo_example_9Export.cmake
[0.335s] -- Up-to-date: /home/hans/ros2_ws/install/share/ros2_control_demo_example_9/cmake/export_ros2_control_demo_example_9Export-noconfig.cmake
[0.335s] -- Up-to-date: /home/hans/ros2_ws/install/share/ros2_control_demo_example_9/cmake/ament_cmake_export_targets-extras.cmake
[0.335s] -- Up-to-date: /home/hans/ros2_ws/install/share/ros2_control_demo_example_9/cmake/ament_cmake_export_dependencies-extras.cmake
[0.335s] -- Up-to-date: /home/hans/ros2_ws/install/share/ros2_control_demo_example_9/cmake/ros2_control_demo_example_9Config.cmake
[0.335s] -- Up-to-date: /home/hans/ros2_ws/install/share/ros2_control_demo_example_9/cmake/ros2_control_demo_example_9Config-version.cmake
[0.335s] -- Up-to-date: /home/hans/ros2_ws/install/share/ros2_control_demo_example_9/package.xml
[0.370s] Invoked command in '/home/hans/ros2_ws/build/ros2_control_demo_example_9' returned '0': AMENT_PREFIX_PATH=/home/hans/ros2_ws/install CMAKE_PREFIX_PATH=/home/hans/ros2_ws/install LD_LIBRARY_PATH=/home/hans/ros2_ws/install/lib PYTHONPATH=/home/hans/ros2_ws/install/lib/python3.10/site-packages /usr/bin/cmake --install /home/hans/ros2_ws/build/ros2_control_demo_example_9
