[0.083s] Invoking command in '/home/hans/ros2_ws/build/ros2_control_demo_example_7': CMAKE_PREFIX_PATH=${CMAKE_PREFIX_PATH}:/opt/ros/iron /usr/bin/cmake --build /home/hans/ros2_ws/build/ros2_control_demo_example_7 -- -j4 -l4
[0.535s] [ 60%] Built target ros2_control_demo_example_7
[0.562s] [100%] Built target send_trajectory
[0.699s] Invoked command in '/home/hans/ros2_ws/build/ros2_control_demo_example_7' returned '0': CMAKE_PREFIX_PATH=${CMAKE_PREFIX_PATH}:/opt/ros/iron /usr/bin/cmake --build /home/hans/ros2_ws/build/ros2_control_demo_example_7 -- -j4 -l4
[0.973s] Invoking command in '/home/hans/ros2_ws/build/ros2_control_demo_example_7': CMAKE_PREFIX_PATH=${CMAKE_PREFIX_PATH}:/opt/ros/iron /usr/bin/cmake --install /home/hans/ros2_ws/build/ros2_control_demo_example_7
[1.006s] -- Install configuration: ""
[1.006s] -- Up-to-date: /home/hans/ros2_ws/install/share/ros2_control_demo_example_7/ros2_control_demo_example_7.xml
[1.006s] -- Up-to-date: /home/hans/ros2_ws/install/share/ros2_control_demo_example_7/ros2_control_demo_example_7.xml
[1.020s] -- Up-to-date: /home/hans/ros2_ws/install/include/ros2_control_demo_example_7
[1.021s] -- Up-to-date: /home/hans/ros2_ws/install/include/ros2_control_demo_example_7/ros2_control_demo_example_7
[1.021s] -- Up-to-date: /home/hans/ros2_ws/install/include/ros2_control_demo_example_7/ros2_control_demo_example_7/r6bot_hardware.hpp
[1.021s] -- Up-to-date: /home/hans/ros2_ws/install/share/ros2_control_demo_example_7/launch
[1.021s] -- Up-to-date: /home/hans/ros2_ws/install/share/ros2_control_demo_example_7/launch/view_r6bot.launch.py
[1.021s] -- Up-to-date: /home/hans/ros2_ws/install/share/ros2_control_demo_example_7/ros2_control
[1.022s] -- Up-to-date: /home/hans/ros2_ws/install/share/ros2_control_demo_example_7/ros2_control/r6bot.ros2_control.xacro
[1.022s] -- Up-to-date: /home/hans/ros2_ws/install/share/ros2_control_demo_example_7/urdf
[1.022s] -- Up-to-date: /home/hans/ros2_ws/install/share/ros2_control_demo_example_7/urdf/r6bot.urdf.xacro
[1.022s] -- Up-to-date: /home/hans/ros2_ws/install/share/ros2_control_demo_example_7/launch
[1.027s] -- Up-to-date: /home/hans/ros2_ws/install/share/ros2_control_demo_example_7/launch/send_trajectory.launch.py
[1.030s] -- Up-to-date: /home/hans/ros2_ws/install/share/ros2_control_demo_example_7/launch/r6bot_controller.launch.py
[1.030s] -- Up-to-date: /home/hans/ros2_ws/install/share/ros2_control_demo_example_7/config
[1.031s] -- Up-to-date: /home/hans/ros2_ws/install/share/ros2_control_demo_example_7/config/r6bot_controller.yaml
[1.031s] -- Up-to-date: /home/hans/ros2_ws/install/lib/ros2_control_demo_example_7/send_trajectory
[1.031s] -- Up-to-date: /home/hans/ros2_ws/install/lib/libros2_control_demo_example_7.so
[1.031s] -- Up-to-date: /home/hans/ros2_ws/install/share/ros2_control_demo_example_7/environment/library_path.sh
[1.031s] -- Up-to-date: /home/hans/ros2_ws/install/share/ros2_control_demo_example_7/environment/library_path.dsv
[1.031s] -- Up-to-date: /home/hans/ros2_ws/install/share/ament_index/resource_index/package_run_dependencies/ros2_control_demo_example_7
[1.032s] -- Up-to-date: /home/hans/ros2_ws/install/share/ament_index/resource_index/parent_prefix_path/ros2_control_demo_example_7
[1.032s] -- Up-to-date: /home/hans/ros2_ws/install/share/ros2_control_demo_example_7/environment/ament_prefix_path.sh
[1.032s] -- Up-to-date: /home/hans/ros2_ws/install/share/ros2_control_demo_example_7/environment/ament_prefix_path.dsv
[1.033s] -- Up-to-date: /home/hans/ros2_ws/install/share/ros2_control_demo_example_7/environment/path.sh
[1.033s] -- Up-to-date: /home/hans/ros2_ws/install/share/ros2_control_demo_example_7/environment/path.dsv
[1.033s] -- Up-to-date: /home/hans/ros2_ws/install/share/ros2_control_demo_example_7/local_setup.bash
[1.035s] -- Up-to-date: /home/hans/ros2_ws/install/share/ros2_control_demo_example_7/local_setup.sh
[1.040s] -- Up-to-date: /home/hans/ros2_ws/install/share/ros2_control_demo_example_7/local_setup.zsh
[1.040s] -- Up-to-date: /home/hans/ros2_ws/install/share/ros2_control_demo_example_7/local_setup.dsv
[1.040s] -- Installing: /home/hans/ros2_ws/install/share/ros2_control_demo_example_7/package.dsv
[1.040s] -- Up-to-date: /home/hans/ros2_ws/install/share/ament_index/resource_index/packages/ros2_control_demo_example_7
[1.044s] -- Up-to-date: /home/hans/ros2_ws/install/share/ament_index/resource_index/hardware_interface__pluginlib__plugin/ros2_control_demo_example_7
[1.045s] -- Up-to-date: /home/hans/ros2_ws/install/share/ament_index/resource_index/controller_interface__pluginlib__plugin/ros2_control_demo_example_7
[1.045s] -- Up-to-date: /home/hans/ros2_ws/install/share/ros2_control_demo_example_7/cmake/export_ros2_control_demo_example_7Export.cmake
[1.045s] -- Up-to-date: /home/hans/ros2_ws/install/share/ros2_control_demo_example_7/cmake/export_ros2_control_demo_example_7Export-noconfig.cmake
[1.045s] -- Up-to-date: /home/hans/ros2_ws/install/share/ros2_control_demo_example_7/cmake/ament_cmake_export_targets-extras.cmake
[1.045s] -- Up-to-date: /home/hans/ros2_ws/install/share/ros2_control_demo_example_7/cmake/ament_cmake_export_dependencies-extras.cmake
[1.046s] -- Up-to-date: /home/hans/ros2_ws/install/share/ros2_control_demo_example_7/cmake/ros2_control_demo_example_7Config.cmake
[1.046s] -- Up-to-date: /home/hans/ros2_ws/install/share/ros2_control_demo_example_7/cmake/ros2_control_demo_example_7Config-version.cmake
[1.046s] -- Up-to-date: /home/hans/ros2_ws/install/share/ros2_control_demo_example_7/package.xml
[1.124s] Invoked command in '/home/hans/ros2_ws/build/ros2_control_demo_example_7' returned '0': CMAKE_PREFIX_PATH=${CMAKE_PREFIX_PATH}:/opt/ros/iron /usr/bin/cmake --install /home/hans/ros2_ws/build/ros2_control_demo_example_7
