[0.008s] Invoking command in '/home/hans/ros2_ws/build/ros2_control_demo_example_2': AMENT_PREFIX_PATH=/home/hans/ros2_ws/install:${AMENT_PREFIX_PATH} CMAKE_PREFIX_PATH=/home/hans/ros2_ws/install:/opt/ros/iron PYTHONPATH=/home/hans/ros2_ws/install/lib/python3.10/site-packages:${PYTHONPATH} /usr/bin/cmake /home/hans/ros2_ws/src/ros2_control_demos/example_2 -DCMAKE_INSTALL_PREFIX=/home/hans/ros2_ws/install
[0.112s] -- The CXX compiler identification is GNU 11.4.0
[0.120s] -- Detecting CXX compiler ABI info
[0.220s] -- Detecting CXX compiler ABI info - done
[0.224s] -- Check for working CXX compiler: /usr/bin/c++ - skipped
[0.225s] -- Detecting CXX compile features
[0.226s] -- Detecting CXX compile features - done
[0.229s] -- Found ament_cmake: 2.0.6 (/opt/ros/iron/share/ament_cmake/cmake)
[0.399s] -- Found Python3: /usr/bin/python3.10 (found version "3.10.12") found components: Interpreter 
[0.481s] -- Found hardware_interface: 3.28.0 (/opt/ros/iron/share/hardware_interface/cmake)
[0.519s] -- Found rosidl_generator_c: 4.0.1 (/opt/ros/iron/share/rosidl_generator_c/cmake)
[0.542s] -- Found rosidl_generator_cpp: 4.0.1 (/opt/ros/iron/share/rosidl_generator_cpp/cmake)
[0.557s] -- Using all available rosidl_typesupport_c: rosidl_typesupport_fastrtps_c;rosidl_typesupport_introspection_c
[0.578s] -- Using all available rosidl_typesupport_cpp: rosidl_typesupport_fastrtps_cpp;rosidl_typesupport_introspection_cpp
[1.357s] -- Found rmw_implementation_cmake: 7.1.0 (/opt/ros/iron/share/rmw_implementation_cmake/cmake)
[1.359s] -- Found rmw_fastrtps_cpp: 7.1.4 (/opt/ros/iron/share/rmw_fastrtps_cpp/cmake)
[1.409s] -- Found TinyXML2 via Config file: TinyXML2_DIR-NOTFOUND
[1.458s] -- Found OpenSSL: /usr/lib/x86_64-linux-gnu/libcrypto.so (found version "3.0.2")  
[1.461s] -- Found TinyXML2 via Config file: TinyXML2_DIR-NOTFOUND
[1.473s] -- Found FastRTPS: /opt/ros/iron/include  
[1.486s] -- Found TinyXML2 via Config file: TinyXML2_DIR-NOTFOUND
[1.499s] -- Found TinyXML2 via Config file: TinyXML2_DIR-NOTFOUND
[1.509s] -- Using RMW implementation 'rmw_fastrtps_cpp' as default
[1.722s] -- Found ament_cmake_pytest: 2.0.6 (/opt/ros/iron/share/ament_cmake_pytest/cmake)
[2.748s] -- Configuring done
[2.762s] -- Generating done
[2.764s] -- Build files have been written to: /home/hans/ros2_ws/build/ros2_control_demo_example_2
[2.776s] Invoked command in '/home/hans/ros2_ws/build/ros2_control_demo_example_2' returned '0': AMENT_PREFIX_PATH=/home/hans/ros2_ws/install:${AMENT_PREFIX_PATH} CMAKE_PREFIX_PATH=/home/hans/ros2_ws/install:/opt/ros/iron PYTHONPATH=/home/hans/ros2_ws/install/lib/python3.10/site-packages:${PYTHONPATH} /usr/bin/cmake /home/hans/ros2_ws/src/ros2_control_demos/example_2 -DCMAKE_INSTALL_PREFIX=/home/hans/ros2_ws/install
[2.777s] Invoking command in '/home/hans/ros2_ws/build/ros2_control_demo_example_2': AMENT_PREFIX_PATH=/home/hans/ros2_ws/install:${AMENT_PREFIX_PATH} CMAKE_PREFIX_PATH=/home/hans/ros2_ws/install:/opt/ros/iron PYTHONPATH=/home/hans/ros2_ws/install/lib/python3.10/site-packages:${PYTHONPATH} /usr/bin/cmake --build /home/hans/ros2_ws/build/ros2_control_demo_example_2 -- -j1 -l1
[2.839s] [ 50%] [32mBuilding CXX object CMakeFiles/ros2_control_demo_example_2.dir/hardware/diffbot_system.cpp.o[0m
[7.729s] [100%] [32m[1mLinking CXX shared library libros2_control_demo_example_2.so[0m
[7.909s] [100%] Built target ros2_control_demo_example_2
[7.924s] Invoked command in '/home/hans/ros2_ws/build/ros2_control_demo_example_2' returned '0': AMENT_PREFIX_PATH=/home/hans/ros2_ws/install:${AMENT_PREFIX_PATH} CMAKE_PREFIX_PATH=/home/hans/ros2_ws/install:/opt/ros/iron PYTHONPATH=/home/hans/ros2_ws/install/lib/python3.10/site-packages:${PYTHONPATH} /usr/bin/cmake --build /home/hans/ros2_ws/build/ros2_control_demo_example_2 -- -j1 -l1
[7.963s] Invoking command in '/home/hans/ros2_ws/build/ros2_control_demo_example_2': AMENT_PREFIX_PATH=/home/hans/ros2_ws/install:${AMENT_PREFIX_PATH} CMAKE_PREFIX_PATH=/home/hans/ros2_ws/install:/opt/ros/iron PYTHONPATH=/home/hans/ros2_ws/install/lib/python3.10/site-packages:${PYTHONPATH} /usr/bin/cmake --install /home/hans/ros2_ws/build/ros2_control_demo_example_2
[7.971s] -- Install configuration: ""
[7.971s] -- Installing: /home/hans/ros2_ws/install/share/ros2_control_demo_example_2/ros2_control_demo_example_2.xml
[7.971s] -- Installing: /home/hans/ros2_ws/install/include/ros2_control_demo_example_2
[7.972s] -- Installing: /home/hans/ros2_ws/install/include/ros2_control_demo_example_2/ros2_control_demo_example_2
[7.972s] -- Installing: /home/hans/ros2_ws/install/include/ros2_control_demo_example_2/ros2_control_demo_example_2/diffbot_system.hpp
[7.972s] -- Installing: /home/hans/ros2_ws/install/share/ros2_control_demo_example_2/launch
[7.973s] -- Installing: /home/hans/ros2_ws/install/share/ros2_control_demo_example_2/launch/view_robot.launch.py
[7.973s] -- Installing: /home/hans/ros2_ws/install/share/ros2_control_demo_example_2/ros2_control
[7.973s] -- Installing: /home/hans/ros2_ws/install/share/ros2_control_demo_example_2/ros2_control/diffbot.ros2_control.xacro
[7.973s] -- Installing: /home/hans/ros2_ws/install/share/ros2_control_demo_example_2/urdf
[7.974s] -- Installing: /home/hans/ros2_ws/install/share/ros2_control_demo_example_2/urdf/diffbot.urdf.xacro
[7.974s] -- Up-to-date: /home/hans/ros2_ws/install/share/ros2_control_demo_example_2/launch
[7.974s] -- Installing: /home/hans/ros2_ws/install/share/ros2_control_demo_example_2/launch/diffbot.launch.py
[7.974s] -- Installing: /home/hans/ros2_ws/install/share/ros2_control_demo_example_2/config
[7.975s] -- Installing: /home/hans/ros2_ws/install/share/ros2_control_demo_example_2/config/diffbot_controllers.yaml
[7.975s] -- Installing: /home/hans/ros2_ws/install/lib/libros2_control_demo_example_2.so
[7.976s] -- Set runtime path of "/home/hans/ros2_ws/install/lib/libros2_control_demo_example_2.so" to ""
[7.977s] -- Installing: /home/hans/ros2_ws/install/share/ros2_control_demo_example_2/environment/library_path.sh
[7.977s] -- Installing: /home/hans/ros2_ws/install/share/ros2_control_demo_example_2/environment/library_path.dsv
[7.977s] -- Installing: /home/hans/ros2_ws/install/share/ament_index/resource_index/package_run_dependencies/ros2_control_demo_example_2
[7.978s] -- Installing: /home/hans/ros2_ws/install/share/ament_index/resource_index/parent_prefix_path/ros2_control_demo_example_2
[7.978s] -- Installing: /home/hans/ros2_ws/install/share/ros2_control_demo_example_2/environment/ament_prefix_path.sh
[7.978s] -- Installing: /home/hans/ros2_ws/install/share/ros2_control_demo_example_2/environment/ament_prefix_path.dsv
[7.979s] -- Installing: /home/hans/ros2_ws/install/share/ros2_control_demo_example_2/environment/path.sh
[7.979s] -- Installing: /home/hans/ros2_ws/install/share/ros2_control_demo_example_2/environment/path.dsv
[7.979s] -- Installing: /home/hans/ros2_ws/install/share/ros2_control_demo_example_2/local_setup.bash
[7.979s] -- Installing: /home/hans/ros2_ws/install/share/ros2_control_demo_example_2/local_setup.sh
[7.980s] -- Installing: /home/hans/ros2_ws/install/share/ros2_control_demo_example_2/local_setup.zsh
[7.980s] -- Installing: /home/hans/ros2_ws/install/share/ros2_control_demo_example_2/local_setup.dsv
[7.980s] -- Installing: /home/hans/ros2_ws/install/share/ros2_control_demo_example_2/package.dsv
[7.980s] -- Installing: /home/hans/ros2_ws/install/share/ament_index/resource_index/packages/ros2_control_demo_example_2
[7.981s] -- Installing: /home/hans/ros2_ws/install/share/ament_index/resource_index/hardware_interface__pluginlib__plugin/ros2_control_demo_example_2
[7.981s] -- Installing: /home/hans/ros2_ws/install/share/ros2_control_demo_example_2/cmake/export_ros2_control_demo_example_2Export.cmake
[7.982s] -- Installing: /home/hans/ros2_ws/install/share/ros2_control_demo_example_2/cmake/export_ros2_control_demo_example_2Export-noconfig.cmake
[7.982s] -- Installing: /home/hans/ros2_ws/install/share/ros2_control_demo_example_2/cmake/ament_cmake_export_targets-extras.cmake
[7.982s] -- Installing: /home/hans/ros2_ws/install/share/ros2_control_demo_example_2/cmake/ament_cmake_export_dependencies-extras.cmake
[7.983s] -- Installing: /home/hans/ros2_ws/install/share/ros2_control_demo_example_2/cmake/ros2_control_demo_example_2Config.cmake
[7.987s] -- Installing: /home/hans/ros2_ws/install/share/ros2_control_demo_example_2/cmake/ros2_control_demo_example_2Config-version.cmake
[7.987s] -- Installing: /home/hans/ros2_ws/install/share/ros2_control_demo_example_2/package.xml
[7.990s] Invoked command in '/home/hans/ros2_ws/build/ros2_control_demo_example_2' returned '0': AMENT_PREFIX_PATH=/home/hans/ros2_ws/install:${AMENT_PREFIX_PATH} CMAKE_PREFIX_PATH=/home/hans/ros2_ws/install:/opt/ros/iron PYTHONPATH=/home/hans/ros2_ws/install/lib/python3.10/site-packages:${PYTHONPATH} /usr/bin/cmake --install /home/hans/ros2_ws/build/ros2_control_demo_example_2
