[0.027s] Invoking command in '/home/hans/ros2_ws/build/ros2_control_demo_example_6': CMAKE_PREFIX_PATH=${CMAKE_PREFIX_PATH}:/opt/ros/iron /usr/bin/cmake --build /home/hans/ros2_ws/build/ros2_control_demo_example_6 -- -j1 -l1
[0.173s] [100%] Built target ros2_control_demo_example_6
[0.200s] Invoked command in '/home/hans/ros2_ws/build/ros2_control_demo_example_6' returned '0': CMAKE_PREFIX_PATH=${CMAKE_PREFIX_PATH}:/opt/ros/iron /usr/bin/cmake --build /home/hans/ros2_ws/build/ros2_control_demo_example_6 -- -j1 -l1
[0.267s] Invoking command in '/home/hans/ros2_ws/build/ros2_control_demo_example_6': CMAKE_PREFIX_PATH=${CMAKE_PREFIX_PATH}:/opt/ros/iron /usr/bin/cmake --install /home/hans/ros2_ws/build/ros2_control_demo_example_6
[0.285s] -- Install configuration: ""
[0.286s] -- Up-to-date: /home/hans/ros2_ws/install/share/ros2_control_demo_example_6/ros2_control_demo_example_6.xml
[0.286s] -- Up-to-date: /home/hans/ros2_ws/install/include/ros2_control_demo_example_6
[0.288s] -- Up-to-date: /home/hans/ros2_ws/install/include/ros2_control_demo_example_6/ros2_control_demo_example_6
[0.288s] -- Up-to-date: /home/hans/ros2_ws/install/include/ros2_control_demo_example_6/ros2_control_demo_example_6/rrbot_actuator.hpp
[0.288s] -- Up-to-date: /home/hans/ros2_ws/install/share/ros2_control_demo_example_6/launch
[0.292s] -- Up-to-date: /home/hans/ros2_ws/install/share/ros2_control_demo_example_6/launch/view_robot.launch.py
[0.292s] -- Up-to-date: /home/hans/ros2_ws/install/share/ros2_control_demo_example_6/ros2_control
[0.292s] -- Up-to-date: /home/hans/ros2_ws/install/share/ros2_control_demo_example_6/ros2_control/rrbot_modular_actuators.ros2_control.xacro
[0.292s] -- Up-to-date: /home/hans/ros2_ws/install/share/ros2_control_demo_example_6/urdf
[0.292s] -- Up-to-date: /home/hans/ros2_ws/install/share/ros2_control_demo_example_6/urdf/rrbot_modular_actuators.urdf.xacro
[0.292s] -- Up-to-date: /home/hans/ros2_ws/install/share/ros2_control_demo_example_6/launch
[0.293s] -- Up-to-date: /home/hans/ros2_ws/install/share/ros2_control_demo_example_6/launch/rrbot_modular_actuators.launch.py
[0.293s] -- Up-to-date: /home/hans/ros2_ws/install/share/ros2_control_demo_example_6/launch/test_forward_position_controller.launch.py
[0.293s] -- Up-to-date: /home/hans/ros2_ws/install/share/ros2_control_demo_example_6/config
[0.294s] -- Up-to-date: /home/hans/ros2_ws/install/share/ros2_control_demo_example_6/config/rrbot_forward_position_publisher.yaml
[0.295s] -- Up-to-date: /home/hans/ros2_ws/install/share/ros2_control_demo_example_6/config/rrbot_modular_actuators.yaml
[0.295s] -- Up-to-date: /home/hans/ros2_ws/install/lib/libros2_control_demo_example_6.so
[0.295s] -- Up-to-date: /home/hans/ros2_ws/install/share/ros2_control_demo_example_6/environment/library_path.sh
[0.295s] -- Up-to-date: /home/hans/ros2_ws/install/share/ros2_control_demo_example_6/environment/library_path.dsv
[0.295s] -- Up-to-date: /home/hans/ros2_ws/install/share/ament_index/resource_index/package_run_dependencies/ros2_control_demo_example_6
[0.295s] -- Up-to-date: /home/hans/ros2_ws/install/share/ament_index/resource_index/parent_prefix_path/ros2_control_demo_example_6
[0.295s] -- Up-to-date: /home/hans/ros2_ws/install/share/ros2_control_demo_example_6/environment/ament_prefix_path.sh
[0.295s] -- Up-to-date: /home/hans/ros2_ws/install/share/ros2_control_demo_example_6/environment/ament_prefix_path.dsv
[0.295s] -- Up-to-date: /home/hans/ros2_ws/install/share/ros2_control_demo_example_6/environment/path.sh
[0.298s] -- Up-to-date: /home/hans/ros2_ws/install/share/ros2_control_demo_example_6/environment/path.dsv
[0.298s] -- Up-to-date: /home/hans/ros2_ws/install/share/ros2_control_demo_example_6/local_setup.bash
[0.298s] -- Up-to-date: /home/hans/ros2_ws/install/share/ros2_control_demo_example_6/local_setup.sh
[0.298s] -- Up-to-date: /home/hans/ros2_ws/install/share/ros2_control_demo_example_6/local_setup.zsh
[0.298s] -- Up-to-date: /home/hans/ros2_ws/install/share/ros2_control_demo_example_6/local_setup.dsv
[0.298s] -- Installing: /home/hans/ros2_ws/install/share/ros2_control_demo_example_6/package.dsv
[0.298s] -- Up-to-date: /home/hans/ros2_ws/install/share/ament_index/resource_index/packages/ros2_control_demo_example_6
[0.298s] -- Up-to-date: /home/hans/ros2_ws/install/share/ament_index/resource_index/hardware_interface__pluginlib__plugin/ros2_control_demo_example_6
[0.298s] -- Up-to-date: /home/hans/ros2_ws/install/share/ros2_control_demo_example_6/cmake/export_ros2_control_demo_example_6Export.cmake
[0.298s] -- Up-to-date: /home/hans/ros2_ws/install/share/ros2_control_demo_example_6/cmake/export_ros2_control_demo_example_6Export-noconfig.cmake
[0.299s] -- Up-to-date: /home/hans/ros2_ws/install/share/ros2_control_demo_example_6/cmake/ament_cmake_export_targets-extras.cmake
[0.299s] -- Up-to-date: /home/hans/ros2_ws/install/share/ros2_control_demo_example_6/cmake/ament_cmake_export_dependencies-extras.cmake
[0.299s] -- Up-to-date: /home/hans/ros2_ws/install/share/ros2_control_demo_example_6/cmake/ros2_control_demo_example_6Config.cmake
[0.299s] -- Up-to-date: /home/hans/ros2_ws/install/share/ros2_control_demo_example_6/cmake/ros2_control_demo_example_6Config-version.cmake
[0.299s] -- Up-to-date: /home/hans/ros2_ws/install/share/ros2_control_demo_example_6/package.xml
[0.309s] Invoked command in '/home/hans/ros2_ws/build/ros2_control_demo_example_6' returned '0': CMAKE_PREFIX_PATH=${CMAKE_PREFIX_PATH}:/opt/ros/iron /usr/bin/cmake --install /home/hans/ros2_ws/build/ros2_control_demo_example_6
