[0.020s] Invoking command in '/home/hans/ros2_ws/build/thur': CMAKE_PREFIX_PATH=${CMAKE_PREFIX_PATH}:/opt/ros/iron /usr/bin/cmake --build /home/hans/ros2_ws/build/thur -- -j1 -l1
[0.136s] [35m[1mConsolidate compiler generated dependencies of target thur[0m
[0.190s] [ 33%] [32mBuilding CXX object CMakeFiles/thur.dir/hardware/thur_diff.cpp.o[0m
[8.642s] [ 66%] [32m[1mLinking CXX shared library libthur.so[0m
[8.875s] [100%] Built target thur
[8.896s] Invoked command in '/home/hans/ros2_ws/build/thur' returned '0': CMAKE_PREFIX_PATH=${CMAKE_PREFIX_PATH}:/opt/ros/iron /usr/bin/cmake --build /home/hans/ros2_ws/build/thur -- -j1 -l1
[8.953s] Invoking command in '/home/hans/ros2_ws/build/thur': CMAKE_PREFIX_PATH=${CMAKE_PREFIX_PATH}:/opt/ros/iron /usr/bin/cmake --install /home/hans/ros2_ws/build/thur
[8.974s] -- Install configuration: ""
[8.975s] -- Up-to-date: /home/hans/ros2_ws/install/share/thur/thur.xml
[8.975s] -- Up-to-date: /home/hans/ros2_ws/install/include/thur
[8.976s] -- Up-to-date: /home/hans/ros2_ws/install/include/thur/serial.hpp
[8.976s] -- Up-to-date: /home/hans/ros2_ws/install/include/thur/thur
[8.979s] -- Up-to-date: /home/hans/ros2_ws/install/include/thur/thur/thur_diff.hpp
[8.979s] -- Up-to-date: /home/hans/ros2_ws/install/share/thur/launch
[8.979s] -- Up-to-date: /home/hans/ros2_ws/install/share/thur/launch/view_robot.launch.py
[8.979s] -- Up-to-date: /home/hans/ros2_ws/install/share/thur/ros2_control
[8.979s] -- Up-to-date: /home/hans/ros2_ws/install/share/thur/ros2_control/diffbot.ros2_control.xacro
[8.979s] -- Up-to-date: /home/hans/ros2_ws/install/share/thur/urdf
[8.979s] -- Up-to-date: /home/hans/ros2_ws/install/share/thur/urdf/diffbot.urdf.xacro
[8.979s] -- Up-to-date: /home/hans/ros2_ws/install/share/thur/launch
[8.979s] -- Up-to-date: /home/hans/ros2_ws/install/share/thur/launch/diffbot.launch.py
[8.979s] -- Up-to-date: /home/hans/ros2_ws/install/share/thur/config
[8.979s] -- Up-to-date: /home/hans/ros2_ws/install/share/thur/config/diffbot_controllers.yaml
[8.979s] -- Installing: /home/hans/ros2_ws/install/lib/libthur.so
[8.984s] -- Set runtime path of "/home/hans/ros2_ws/install/lib/libthur.so" to ""
[8.984s] -- Up-to-date: /home/hans/ros2_ws/install/share/thur/environment/library_path.sh
[8.985s] -- Up-to-date: /home/hans/ros2_ws/install/share/thur/environment/library_path.dsv
[8.985s] -- Up-to-date: /home/hans/ros2_ws/install/share/ament_index/resource_index/package_run_dependencies/thur
[8.986s] -- Up-to-date: /home/hans/ros2_ws/install/share/ament_index/resource_index/parent_prefix_path/thur
[8.986s] -- Up-to-date: /home/hans/ros2_ws/install/share/thur/environment/ament_prefix_path.sh
[8.987s] -- Up-to-date: /home/hans/ros2_ws/install/share/thur/environment/ament_prefix_path.dsv
[8.987s] -- Up-to-date: /home/hans/ros2_ws/install/share/thur/environment/path.sh
[8.987s] -- Up-to-date: /home/hans/ros2_ws/install/share/thur/environment/path.dsv
[8.988s] -- Up-to-date: /home/hans/ros2_ws/install/share/thur/local_setup.bash
[8.989s] -- Up-to-date: /home/hans/ros2_ws/install/share/thur/local_setup.sh
[8.989s] -- Up-to-date: /home/hans/ros2_ws/install/share/thur/local_setup.zsh
[8.989s] -- Up-to-date: /home/hans/ros2_ws/install/share/thur/local_setup.dsv
[8.990s] -- Installing: /home/hans/ros2_ws/install/share/thur/package.dsv
[8.993s] -- Up-to-date: /home/hans/ros2_ws/install/share/ament_index/resource_index/packages/thur
[8.993s] -- Up-to-date: /home/hans/ros2_ws/install/share/ament_index/resource_index/hardware_interface__pluginlib__plugin/thur
[8.993s] -- Up-to-date: /home/hans/ros2_ws/install/share/thur/cmake/export_thurExport.cmake
[8.993s] -- Up-to-date: /home/hans/ros2_ws/install/share/thur/cmake/export_thurExport-noconfig.cmake
[8.993s] -- Up-to-date: /home/hans/ros2_ws/install/share/thur/cmake/ament_cmake_export_targets-extras.cmake
[8.993s] -- Up-to-date: /home/hans/ros2_ws/install/share/thur/cmake/ament_cmake_export_dependencies-extras.cmake
[8.993s] -- Up-to-date: /home/hans/ros2_ws/install/share/thur/cmake/thurConfig.cmake
[8.993s] -- Up-to-date: /home/hans/ros2_ws/install/share/thur/cmake/thurConfig-version.cmake
[8.993s] -- Up-to-date: /home/hans/ros2_ws/install/share/thur/package.xml
[8.999s] Invoked command in '/home/hans/ros2_ws/build/thur' returned '0': CMAKE_PREFIX_PATH=${CMAKE_PREFIX_PATH}:/opt/ros/iron /usr/bin/cmake --install /home/hans/ros2_ws/build/thur
