[0.094s] Invoking command in '/home/hans/ros2_ws/build/ros2_control_demo_example_4': AMENT_PREFIX_PATH=/home/hans/ros2_ws/install CMAKE_PREFIX_PATH=/home/hans/ros2_ws/install LD_LIBRARY_PATH=/home/hans/ros2_ws/install/lib PYTHONPATH=/home/hans/ros2_ws/install/lib/python3.10/site-packages /usr/bin/cmake --build /home/hans/ros2_ws/build/ros2_control_demo_example_4 -- -j4 -l4
[0.225s] [100%] Built target ros2_control_demo_example_4
[0.268s] Invoked command in '/home/hans/ros2_ws/build/ros2_control_demo_example_4' returned '0': AMENT_PREFIX_PATH=/home/hans/ros2_ws/install CMAKE_PREFIX_PATH=/home/hans/ros2_ws/install LD_LIBRARY_PATH=/home/hans/ros2_ws/install/lib PYTHONPATH=/home/hans/ros2_ws/install/lib/python3.10/site-packages /usr/bin/cmake --build /home/hans/ros2_ws/build/ros2_control_demo_example_4 -- -j4 -l4
[0.347s] Invoking command in '/home/hans/ros2_ws/build/ros2_control_demo_example_4': AMENT_PREFIX_PATH=/home/hans/ros2_ws/install CMAKE_PREFIX_PATH=/home/hans/ros2_ws/install LD_LIBRARY_PATH=/home/hans/ros2_ws/install/lib PYTHONPATH=/home/hans/ros2_ws/install/lib/python3.10/site-packages /usr/bin/cmake --install /home/hans/ros2_ws/build/ros2_control_demo_example_4
[0.362s] -- Install configuration: ""
[0.363s] -- Up-to-date: /home/hans/ros2_ws/install/share/ros2_control_demo_example_4/ros2_control_demo_example_4.xml
[0.363s] -- Up-to-date: /home/hans/ros2_ws/install/include/ros2_control_demo_example_4
[0.365s] -- Up-to-date: /home/hans/ros2_ws/install/include/ros2_control_demo_example_4/ros2_control_demo_example_4
[0.365s] -- Up-to-date: /home/hans/ros2_ws/install/include/ros2_control_demo_example_4/ros2_control_demo_example_4/rrbot_system_with_sensor.hpp
[0.365s] -- Up-to-date: /home/hans/ros2_ws/install/share/ros2_control_demo_example_4/launch
[0.365s] -- Up-to-date: /home/hans/ros2_ws/install/share/ros2_control_demo_example_4/launch/view_robot.launch.py
[0.365s] -- Up-to-date: /home/hans/ros2_ws/install/share/ros2_control_demo_example_4/ros2_control
[0.366s] -- Up-to-date: /home/hans/ros2_ws/install/share/ros2_control_demo_example_4/ros2_control/rrbot_system_with_sensor.ros2_control.xacro
[0.366s] -- Up-to-date: /home/hans/ros2_ws/install/share/ros2_control_demo_example_4/urdf
[0.366s] -- Up-to-date: /home/hans/ros2_ws/install/share/ros2_control_demo_example_4/urdf/rrbot_system_with_sensor.urdf.xacro
[0.366s] -- Up-to-date: /home/hans/ros2_ws/install/share/ros2_control_demo_example_4/rviz
[0.366s] -- Up-to-date: /home/hans/ros2_ws/install/share/ros2_control_demo_example_4/rviz/rrbot.rviz
[0.366s] -- Up-to-date: /home/hans/ros2_ws/install/share/ros2_control_demo_example_4/launch
[0.366s] -- Up-to-date: /home/hans/ros2_ws/install/share/ros2_control_demo_example_4/launch/test_forward_position_controller.launch.py
[0.366s] -- Up-to-date: /home/hans/ros2_ws/install/share/ros2_control_demo_example_4/launch/rrbot_system_with_sensor.launch.py
[0.366s] -- Up-to-date: /home/hans/ros2_ws/install/share/ros2_control_demo_example_4/config
[0.366s] -- Up-to-date: /home/hans/ros2_ws/install/share/ros2_control_demo_example_4/config/rrbot_forward_position_publisher.yaml
[0.366s] -- Up-to-date: /home/hans/ros2_ws/install/share/ros2_control_demo_example_4/config/rrbot_with_sensor_controllers.yaml
[0.366s] -- Up-to-date: /home/hans/ros2_ws/install/lib/libros2_control_demo_example_4.so
[0.366s] -- Up-to-date: /home/hans/ros2_ws/install/share/ros2_control_demo_example_4/environment/library_path.sh
[0.366s] -- Up-to-date: /home/hans/ros2_ws/install/share/ros2_control_demo_example_4/environment/library_path.dsv
[0.381s] -- Up-to-date: /home/hans/ros2_ws/install/share/ament_index/resource_index/package_run_dependencies/ros2_control_demo_example_4
[0.381s] -- Up-to-date: /home/hans/ros2_ws/install/share/ament_index/resource_index/parent_prefix_path/ros2_control_demo_example_4
[0.381s] -- Up-to-date: /home/hans/ros2_ws/install/share/ros2_control_demo_example_4/environment/ament_prefix_path.sh
[0.381s] -- Up-to-date: /home/hans/ros2_ws/install/share/ros2_control_demo_example_4/environment/ament_prefix_path.dsv
[0.381s] -- Up-to-date: /home/hans/ros2_ws/install/share/ros2_control_demo_example_4/environment/path.sh
[0.381s] -- Up-to-date: /home/hans/ros2_ws/install/share/ros2_control_demo_example_4/environment/path.dsv
[0.381s] -- Up-to-date: /home/hans/ros2_ws/install/share/ros2_control_demo_example_4/local_setup.bash
[0.381s] -- Up-to-date: /home/hans/ros2_ws/install/share/ros2_control_demo_example_4/local_setup.sh
[0.381s] -- Up-to-date: /home/hans/ros2_ws/install/share/ros2_control_demo_example_4/local_setup.zsh
[0.381s] -- Up-to-date: /home/hans/ros2_ws/install/share/ros2_control_demo_example_4/local_setup.dsv
[0.385s] -- Installing: /home/hans/ros2_ws/install/share/ros2_control_demo_example_4/package.dsv
[0.385s] -- Up-to-date: /home/hans/ros2_ws/install/share/ament_index/resource_index/packages/ros2_control_demo_example_4
[0.385s] -- Up-to-date: /home/hans/ros2_ws/install/share/ament_index/resource_index/hardware_interface__pluginlib__plugin/ros2_control_demo_example_4
[0.385s] -- Up-to-date: /home/hans/ros2_ws/install/share/ros2_control_demo_example_4/cmake/export_ros2_control_demo_example_4Export.cmake
[0.385s] -- Up-to-date: /home/hans/ros2_ws/install/share/ros2_control_demo_example_4/cmake/export_ros2_control_demo_example_4Export-noconfig.cmake
[0.385s] -- Up-to-date: /home/hans/ros2_ws/install/share/ros2_control_demo_example_4/cmake/ament_cmake_export_targets-extras.cmake
[0.385s] -- Up-to-date: /home/hans/ros2_ws/install/share/ros2_control_demo_example_4/cmake/ament_cmake_export_dependencies-extras.cmake
[0.385s] -- Up-to-date: /home/hans/ros2_ws/install/share/ros2_control_demo_example_4/cmake/ros2_control_demo_example_4Config.cmake
[0.385s] -- Up-to-date: /home/hans/ros2_ws/install/share/ros2_control_demo_example_4/cmake/ros2_control_demo_example_4Config-version.cmake
[0.385s] -- Up-to-date: /home/hans/ros2_ws/install/share/ros2_control_demo_example_4/package.xml
[0.388s] Invoked command in '/home/hans/ros2_ws/build/ros2_control_demo_example_4' returned '0': AMENT_PREFIX_PATH=/home/hans/ros2_ws/install CMAKE_PREFIX_PATH=/home/hans/ros2_ws/install LD_LIBRARY_PATH=/home/hans/ros2_ws/install/lib PYTHONPATH=/home/hans/ros2_ws/install/lib/python3.10/site-packages /usr/bin/cmake --install /home/hans/ros2_ws/build/ros2_control_demo_example_4
