[0.020s] Invoking command in '/home/hans/ros2_ws/build/thur': CMAKE_PREFIX_PATH=${CMAKE_PREFIX_PATH}:/opt/ros/iron /usr/bin/cmake --build /home/hans/ros2_ws/build/thur -- -j1 -l1
[0.081s] [35m[1mConsolidate compiler generated dependencies of target thur[0m
[0.137s] [ 33%] [32mBuilding CXX object CMakeFiles/thur.dir/hardware/thur_diff.cpp.o[0m
[3.585s] [01m[K/home/hans/ros2_ws/src/ros2_control_demos/thur/hardware/thur_diff.cpp:[m[K In member function ‘[01m[Kvirtual hardware_interface::return_type thur::ThurSystemHardware::read(const rclcpp::Time&, const rclcpp::Duration&)[m[K’:
[3.586s] [01m[K/home/hans/ros2_ws/src/ros2_control_demos/thur/hardware/thur_diff.cpp:193:59:[m[K [01;35m[Kwarning: [m[Kunused parameter ‘[01m[Kperiod[m[K’ [[01;35m[K]8;;https://gcc.gnu.org/onlinedocs/gcc/Warning-Options.html#index-Wunused-parameter-Wunused-parameter]8;;[m[K]
[3.586s]   193 |   const rclcpp::Time & /*time*/, [01;35m[Kconst rclcpp::Duration & period[m[K)
[3.586s]       |                                  [01;35m[K~~~~~~~~~~~~~~~~~~~~~~~~~^~~~~~[m[K
[5.805s] [ 66%] [32m[1mLinking CXX shared library libthur.so[0m
[6.018s] [100%] Built target thur
[6.037s] Invoked command in '/home/hans/ros2_ws/build/thur' returned '0': CMAKE_PREFIX_PATH=${CMAKE_PREFIX_PATH}:/opt/ros/iron /usr/bin/cmake --build /home/hans/ros2_ws/build/thur -- -j1 -l1
[6.070s] Invoking command in '/home/hans/ros2_ws/build/thur': CMAKE_PREFIX_PATH=${CMAKE_PREFIX_PATH}:/opt/ros/iron /usr/bin/cmake --install /home/hans/ros2_ws/build/thur
[6.087s] -- Install configuration: ""
[6.087s] -- Up-to-date: /home/hans/ros2_ws/install/share/thur/thur.xml
[6.087s] -- Up-to-date: /home/hans/ros2_ws/install/include/thur
[6.087s] -- Up-to-date: /home/hans/ros2_ws/install/include/thur/serial.hpp
[6.087s] -- Up-to-date: /home/hans/ros2_ws/install/include/thur/thur
[6.087s] -- Up-to-date: /home/hans/ros2_ws/install/include/thur/thur/thur_diff.hpp
[6.087s] -- Up-to-date: /home/hans/ros2_ws/install/share/thur/launch
[6.087s] -- Up-to-date: /home/hans/ros2_ws/install/share/thur/launch/view_robot.launch.py
[6.087s] -- Up-to-date: /home/hans/ros2_ws/install/share/thur/ros2_control
[6.087s] -- Up-to-date: /home/hans/ros2_ws/install/share/thur/ros2_control/diffbot.ros2_control.xacro
[6.088s] -- Up-to-date: /home/hans/ros2_ws/install/share/thur/urdf
[6.088s] -- Up-to-date: /home/hans/ros2_ws/install/share/thur/urdf/diffbot.urdf.xacro
[6.088s] -- Up-to-date: /home/hans/ros2_ws/install/share/thur/launch
[6.088s] -- Up-to-date: /home/hans/ros2_ws/install/share/thur/launch/diffbot.launch.py
[6.088s] -- Up-to-date: /home/hans/ros2_ws/install/share/thur/config
[6.088s] -- Up-to-date: /home/hans/ros2_ws/install/share/thur/config/diffbot_controllers.yaml
[6.088s] -- Installing: /home/hans/ros2_ws/install/lib/libthur.so
[6.097s] -- Set runtime path of "/home/hans/ros2_ws/install/lib/libthur.so" to ""
[6.097s] -- Up-to-date: /home/hans/ros2_ws/install/share/thur/environment/library_path.sh
[6.097s] -- Up-to-date: /home/hans/ros2_ws/install/share/thur/environment/library_path.dsv
[6.097s] -- Up-to-date: /home/hans/ros2_ws/install/share/ament_index/resource_index/package_run_dependencies/thur
[6.097s] -- Up-to-date: /home/hans/ros2_ws/install/share/ament_index/resource_index/parent_prefix_path/thur
[6.098s] -- Up-to-date: /home/hans/ros2_ws/install/share/thur/environment/ament_prefix_path.sh
[6.098s] -- Up-to-date: /home/hans/ros2_ws/install/share/thur/environment/ament_prefix_path.dsv
[6.098s] -- Up-to-date: /home/hans/ros2_ws/install/share/thur/environment/path.sh
[6.098s] -- Up-to-date: /home/hans/ros2_ws/install/share/thur/environment/path.dsv
[6.098s] -- Up-to-date: /home/hans/ros2_ws/install/share/thur/local_setup.bash
[6.098s] -- Up-to-date: /home/hans/ros2_ws/install/share/thur/local_setup.sh
[6.098s] -- Up-to-date: /home/hans/ros2_ws/install/share/thur/local_setup.zsh
[6.098s] -- Up-to-date: /home/hans/ros2_ws/install/share/thur/local_setup.dsv
[6.098s] -- Installing: /home/hans/ros2_ws/install/share/thur/package.dsv
[6.098s] -- Up-to-date: /home/hans/ros2_ws/install/share/ament_index/resource_index/packages/thur
[6.098s] -- Up-to-date: /home/hans/ros2_ws/install/share/ament_index/resource_index/hardware_interface__pluginlib__plugin/thur
[6.098s] -- Up-to-date: /home/hans/ros2_ws/install/share/thur/cmake/export_thurExport.cmake
[6.098s] -- Up-to-date: /home/hans/ros2_ws/install/share/thur/cmake/export_thurExport-noconfig.cmake
[6.103s] -- Up-to-date: /home/hans/ros2_ws/install/share/thur/cmake/ament_cmake_export_targets-extras.cmake
[6.104s] -- Up-to-date: /home/hans/ros2_ws/install/share/thur/cmake/ament_cmake_export_dependencies-extras.cmake
[6.104s] -- Up-to-date: /home/hans/ros2_ws/install/share/thur/cmake/thurConfig.cmake
[6.104s] -- Up-to-date: /home/hans/ros2_ws/install/share/thur/cmake/thurConfig-version.cmake
[6.104s] -- Up-to-date: /home/hans/ros2_ws/install/share/thur/package.xml
[6.104s] Invoked command in '/home/hans/ros2_ws/build/thur' returned '0': CMAKE_PREFIX_PATH=${CMAKE_PREFIX_PATH}:/opt/ros/iron /usr/bin/cmake --install /home/hans/ros2_ws/build/thur
