[0.112s] Invoking command in '/home/hans/ros2_ws/build/thur': CMAKE_PREFIX_PATH=${CMAKE_PREFIX_PATH}:/opt/ros/iron /usr/bin/cmake --build /home/hans/ros2_ws/build/thur -- -j4 -l4
[0.507s] [ 33%] [32mBuilding CXX object CMakeFiles/thur.dir/hardware/thur_diff.cpp.o[0m
[10.930s] [01m[K/home/hans/ros2_ws/src/ros2_control_demos/thur/hardware/thur_diff.cpp:[m[K In member function ‘[01m[Kvirtual hardware_interface::return_type thur::ThurSystemHardware::read(const rclcpp::Time&, const rclcpp::Duration&)[m[K’:
[10.930s] [01m[K/home/hans/ros2_ws/src/ros2_control_demos/thur/hardware/thur_diff.cpp:194:59:[m[K [01;35m[Kwarning: [m[Kunused parameter ‘[01m[Kperiod[m[K’ [[01;35m[K]8;;https://gcc.gnu.org/onlinedocs/gcc/Warning-Options.html#index-Wunused-parameter-Wunused-parameter]8;;[m[K]
[10.930s]   194 |   const rclcpp::Time & /*time*/, [01;35m[Kconst rclcpp::Duration & period[m[K)
[10.930s]       |                                  [01;35m[K~~~~~~~~~~~~~~~~~~~~~~~~~^~~~~~[m[K
[15.426s] [ 66%] [32mBuilding CXX object CMakeFiles/thur.dir/hardware/serial.cpp.o[0m
[22.491s] In file included from [01m[K/opt/ros/iron/include/rclcpp/rclcpp/logging.hpp:24[m[K,
[22.491s]                  from [01m[K/opt/ros/iron/include/rclcpp/rclcpp/client.hpp:43[m[K,
[22.491s]                  from [01m[K/opt/ros/iron/include/rclcpp/rclcpp/callback_group.hpp:24[m[K,
[22.492s]                  from [01m[K/opt/ros/iron/include/rclcpp/rclcpp/any_executable.hpp:20[m[K,
[22.492s]                  from [01m[K/opt/ros/iron/include/rclcpp/rclcpp/memory_strategy.hpp:25[m[K,
[22.492s]                  from [01m[K/opt/ros/iron/include/rclcpp/rclcpp/memory_strategies.hpp:18[m[K,
[22.492s]                  from [01m[K/opt/ros/iron/include/rclcpp/rclcpp/executor_options.hpp:20[m[K,
[22.492s]                  from [01m[K/opt/ros/iron/include/rclcpp/rclcpp/executor.hpp:37[m[K,
[22.493s]                  from [01m[K/opt/ros/iron/include/rclcpp/rclcpp/executors/multi_threaded_executor.hpp:25[m[K,
[22.493s]                  from [01m[K/opt/ros/iron/include/rclcpp/rclcpp/executors.hpp:21[m[K,
[22.493s]                  from [01m[K/opt/ros/iron/include/rclcpp/rclcpp/rclcpp.hpp:167[m[K,
[22.493s]                  from [01m[K/home/hans/ros2_ws/src/ros2_control_demos/thur/hardware/serial.cpp:8[m[K:
[22.493s] [01m[K/home/hans/ros2_ws/src/ros2_control_demos/thur/hardware/serial.cpp:[m[K In member function ‘[01m[Kthur::return_type thur::ThurSerialPort::open(const string&)[m[K’:
[22.494s] [01m[K/home/hans/ros2_ws/src/ros2_control_demos/thur/hardware/serial.cpp:38:56:[m[K [01;35m[Kwarning: [m[Kformat ‘[01m[K%s[m[K’ expects argument of type ‘[01m[Kchar*[m[K’, but argument 5 has type ‘[01m[Kint[m[K’ [[01;35m[K]8;;https://gcc.gnu.org/onlinedocs/gcc/Warning-Options.html#index-Wformat=-Wformat=]8;;[m[K]
[22.494s]    38 |     RCLCPP_ERROR(rclcpp::get_logger("ThurSerialPort"), [01;35m[K"Failed to open serial port: %s"[m[K, [32m[Kserial_port_[m[K);
[22.494s]       |                                                        [01;35m[K^~~~~~~~~~~~~~~~~~~~~~~~~~~~~~~~[m[K  [32m[K~~~~~~~~~~~~[m[K
[22.494s]       |                                                                                          [32m[K|[m[K
[22.494s]       |                                                                                          [32m[Kint[m[K
[22.494s] [01m[K/home/hans/ros2_ws/src/ros2_control_demos/thur/hardware/serial.cpp:38:86:[m[K [01;36m[Knote: [m[Kformat string is defined here
[22.495s]    38 | LCPP_ERROR(rclcpp::get_logger("ThurSerialPort"), "Failed to open serial port: [01;36m[K%s[m[K", serial_port_);
[22.495s]       |                                                                               [01;36m[K~^[m[K
[22.495s]       |                                                                                [01;36m[K|[m[K
[22.495s]       |                                                                                [01;36m[Kchar*[m[K
[22.495s]       |                                                                               [32m[K%d[m[K
[24.093s] [100%] [32m[1mLinking CXX shared library libthur.so[0m
[24.802s] [100%] Built target thur
[24.834s] Invoked command in '/home/hans/ros2_ws/build/thur' returned '0': CMAKE_PREFIX_PATH=${CMAKE_PREFIX_PATH}:/opt/ros/iron /usr/bin/cmake --build /home/hans/ros2_ws/build/thur -- -j4 -l4
[24.886s] Invoking command in '/home/hans/ros2_ws/build/thur': CMAKE_PREFIX_PATH=${CMAKE_PREFIX_PATH}:/opt/ros/iron /usr/bin/cmake --install /home/hans/ros2_ws/build/thur
[24.910s] -- Install configuration: ""
[24.910s] -- Up-to-date: /home/hans/ros2_ws/install/share/thur/thur.xml
[24.910s] -- Up-to-date: /home/hans/ros2_ws/install/include/thur
[24.910s] -- Up-to-date: /home/hans/ros2_ws/install/include/thur/serial.hpp
[24.910s] -- Up-to-date: /home/hans/ros2_ws/install/include/thur/thur
[24.910s] -- Up-to-date: /home/hans/ros2_ws/install/include/thur/thur/thur_diff.hpp
[24.911s] -- Up-to-date: /home/hans/ros2_ws/install/share/thur/launch
[24.911s] -- Up-to-date: /home/hans/ros2_ws/install/share/thur/launch/view_robot.launch.py
[24.911s] -- Up-to-date: /home/hans/ros2_ws/install/share/thur/ros2_control
[24.911s] -- Installing: /home/hans/ros2_ws/install/share/thur/ros2_control/thur.ros2_control.xacro
[24.911s] -- Up-to-date: /home/hans/ros2_ws/install/share/thur/urdf
[24.911s] -- Up-to-date: /home/hans/ros2_ws/install/share/thur/urdf/thur.urdf.xacro
[24.911s] -- Up-to-date: /home/hans/ros2_ws/install/share/thur/launch
[24.912s] -- Up-to-date: /home/hans/ros2_ws/install/share/thur/launch/thur.launch.py
[24.912s] -- Up-to-date: /home/hans/ros2_ws/install/share/thur/config
[24.912s] -- Up-to-date: /home/hans/ros2_ws/install/share/thur/config/thur_controllers.yaml
[24.917s] -- Installing: /home/hans/ros2_ws/install/lib/libthur.so
[24.917s] -- Set runtime path of "/home/hans/ros2_ws/install/lib/libthur.so" to ""
[24.918s] -- Up-to-date: /home/hans/ros2_ws/install/share/thur/environment/library_path.sh
[24.918s] -- Up-to-date: /home/hans/ros2_ws/install/share/thur/environment/library_path.dsv
[24.918s] -- Up-to-date: /home/hans/ros2_ws/install/share/ament_index/resource_index/package_run_dependencies/thur
[24.918s] -- Up-to-date: /home/hans/ros2_ws/install/share/ament_index/resource_index/parent_prefix_path/thur
[24.918s] -- Up-to-date: /home/hans/ros2_ws/install/share/thur/environment/ament_prefix_path.sh
[24.918s] -- Up-to-date: /home/hans/ros2_ws/install/share/thur/environment/ament_prefix_path.dsv
[24.918s] -- Up-to-date: /home/hans/ros2_ws/install/share/thur/environment/path.sh
[24.919s] -- Up-to-date: /home/hans/ros2_ws/install/share/thur/environment/path.dsv
[24.919s] -- Up-to-date: /home/hans/ros2_ws/install/share/thur/local_setup.bash
[24.919s] -- Up-to-date: /home/hans/ros2_ws/install/share/thur/local_setup.sh
[24.919s] -- Up-to-date: /home/hans/ros2_ws/install/share/thur/local_setup.zsh
[24.919s] -- Up-to-date: /home/hans/ros2_ws/install/share/thur/local_setup.dsv
[24.919s] -- Installing: /home/hans/ros2_ws/install/share/thur/package.dsv
[24.920s] -- Up-to-date: /home/hans/ros2_ws/install/share/ament_index/resource_index/packages/thur
[24.920s] -- Up-to-date: /home/hans/ros2_ws/install/share/ament_index/resource_index/hardware_interface__pluginlib__plugin/thur
[24.920s] -- Up-to-date: /home/hans/ros2_ws/install/share/thur/cmake/export_thurExport.cmake
[24.920s] -- Up-to-date: /home/hans/ros2_ws/install/share/thur/cmake/export_thurExport-noconfig.cmake
[24.929s] -- Up-to-date: /home/hans/ros2_ws/install/share/thur/cmake/ament_cmake_export_targets-extras.cmake
[24.929s] -- Up-to-date: /home/hans/ros2_ws/install/share/thur/cmake/ament_cmake_export_dependencies-extras.cmake
[24.930s] -- Up-to-date: /home/hans/ros2_ws/install/share/thur/cmake/thurConfig.cmake
[24.930s] -- Up-to-date: /home/hans/ros2_ws/install/share/thur/cmake/thurConfig-version.cmake
[24.930s] -- Up-to-date: /home/hans/ros2_ws/install/share/thur/package.xml
[24.930s] Invoked command in '/home/hans/ros2_ws/build/thur' returned '0': CMAKE_PREFIX_PATH=${CMAKE_PREFIX_PATH}:/opt/ros/iron /usr/bin/cmake --install /home/hans/ros2_ws/build/thur
