[0.144s] Invoking command in '/home/hans/ros2_ws/build/thur': CMAKE_PREFIX_PATH=${CMAKE_PREFIX_PATH}:/opt/ros/iron /usr/bin/cmake --build /home/hans/ros2_ws/build/thur -- -j4 -l4
[0.579s] [ 33%] [32mBuilding CXX object CMakeFiles/thur.dir/hardware/thur_diff.cpp.o[0m
[10.792s] In file included from [01m[K/opt/ros/iron/include/rclcpp/rclcpp/logging.hpp:24[m[K,
[10.792s]                  from [01m[K/opt/ros/iron/include/rclcpp/rclcpp/client.hpp:43[m[K,
[10.793s]                  from [01m[K/opt/ros/iron/include/rclcpp/rclcpp/callback_group.hpp:24[m[K,
[10.793s]                  from [01m[K/opt/ros/iron/include/rclcpp/rclcpp/any_executable.hpp:20[m[K,
[10.793s]                  from [01m[K/opt/ros/iron/include/rclcpp/rclcpp/memory_strategy.hpp:25[m[K,
[10.793s]                  from [01m[K/opt/ros/iron/include/rclcpp/rclcpp/memory_strategies.hpp:18[m[K,
[10.793s]                  from [01m[K/opt/ros/iron/include/rclcpp/rclcpp/executor_options.hpp:20[m[K,
[10.793s]                  from [01m[K/opt/ros/iron/include/rclcpp/rclcpp/executor.hpp:37[m[K,
[10.793s]                  from [01m[K/opt/ros/iron/include/rclcpp/rclcpp/executors/multi_threaded_executor.hpp:25[m[K,
[10.794s]                  from [01m[K/opt/ros/iron/include/rclcpp/rclcpp/executors.hpp:21[m[K,
[10.794s]                  from [01m[K/opt/ros/iron/include/rclcpp/rclcpp/rclcpp.hpp:167[m[K,
[10.794s]                  from [01m[K/home/hans/ros2_ws/src/ros2_control_demos/thur/hardware/thur_diff.cpp:24[m[K:
[10.794s] [01m[K/home/hans/ros2_ws/src/ros2_control_demos/thur/hardware/thur_diff.cpp:[m[K In member function ‘[01m[Kvirtual hardware_interface::return_type thur::ThurSystemHardware::read(const rclcpp::Time&, const rclcpp::Duration&)[m[K’:
[10.794s] [01m[K/home/hans/ros2_ws/src/ros2_control_demos/thur/hardware/thur_diff.cpp:230:55:[m[K [01;35m[Kwarning: [m[Kformat ‘[01m[K%s[m[K’ expects argument of type ‘[01m[Kchar*[m[K’, but argument 5 has type ‘[01m[Kint[m[K’ [[01;35m[K]8;;https://gcc.gnu.org/onlinedocs/gcc/Warning-Options.html#index-Wformat=-Wformat=]8;;[m[K]
[10.794s]   230 |       RCLCPP_INFO(rclcpp::get_logger("ThurHardware"), [01;35m[K"Frame received: %s"[m[K, [32m[Kbuff[0][m[K);
[10.801s]       |                                                       [01;35m[K^~~~~~~~~~~~~~~~~~~~[m[K  [32m[K~~~~~~~[m[K
[10.801s]       |                                                                                   [32m[K|[m[K
[10.801s]       |                                                                                   [32m[Kint[m[K
[10.801s] [01m[K/home/hans/ros2_ws/src/ros2_control_demos/thur/hardware/thur_diff.cpp:230:73:[m[K [01;36m[Knote: [m[Kformat string is defined here
[10.801s]   230 | _INFO(rclcpp::get_logger("ThurHardware"), "Frame received: [01;36m[K%s[m[K", buff[0]);
[10.802s]       |                                                            [01;36m[K~^[m[K
[10.802s]       |                                                             [01;36m[K|[m[K
[10.802s]       |                                                             [01;36m[Kchar*[m[K
[10.802s]       |                                                            [32m[K%d[m[K
[10.802s] [01m[K/home/hans/ros2_ws/src/ros2_control_demos/thur/hardware/thur_diff.cpp:194:59:[m[K [01;35m[Kwarning: [m[Kunused parameter ‘[01m[Kperiod[m[K’ [[01;35m[K]8;;https://gcc.gnu.org/onlinedocs/gcc/Warning-Options.html#index-Wunused-parameter-Wunused-parameter]8;;[m[K]
[10.802s]   194 |   const rclcpp::Time & /*time*/, [01;35m[Kconst rclcpp::Duration & period[m[K)
[10.802s]       |                                  [01;35m[K~~~~~~~~~~~~~~~~~~~~~~~~~^~~~~~[m[K
[15.713s] [ 66%] [32m[1mLinking CXX shared library libthur.so[0m
[16.601s] [100%] Built target thur
[16.650s] Invoked command in '/home/hans/ros2_ws/build/thur' returned '0': CMAKE_PREFIX_PATH=${CMAKE_PREFIX_PATH}:/opt/ros/iron /usr/bin/cmake --build /home/hans/ros2_ws/build/thur -- -j4 -l4
[16.751s] Invoking command in '/home/hans/ros2_ws/build/thur': CMAKE_PREFIX_PATH=${CMAKE_PREFIX_PATH}:/opt/ros/iron /usr/bin/cmake --install /home/hans/ros2_ws/build/thur
[16.772s] -- Install configuration: ""
[16.772s] -- Up-to-date: /home/hans/ros2_ws/install/share/thur/thur.xml
[16.772s] -- Up-to-date: /home/hans/ros2_ws/install/include/thur
[16.774s] -- Up-to-date: /home/hans/ros2_ws/install/include/thur/serial.hpp
[16.775s] -- Up-to-date: /home/hans/ros2_ws/install/include/thur/thur
[16.775s] -- Up-to-date: /home/hans/ros2_ws/install/include/thur/thur/thur_diff.hpp
[16.775s] -- Up-to-date: /home/hans/ros2_ws/install/share/thur/launch
[16.775s] -- Up-to-date: /home/hans/ros2_ws/install/share/thur/launch/view_robot.launch.py
[16.775s] -- Up-to-date: /home/hans/ros2_ws/install/share/thur/ros2_control
[16.775s] -- Installing: /home/hans/ros2_ws/install/share/thur/ros2_control/thur.ros2_control.xacro
[16.776s] -- Up-to-date: /home/hans/ros2_ws/install/share/thur/urdf
[16.776s] -- Up-to-date: /home/hans/ros2_ws/install/share/thur/urdf/thur.urdf.xacro
[16.776s] -- Up-to-date: /home/hans/ros2_ws/install/share/thur/launch
[16.776s] -- Up-to-date: /home/hans/ros2_ws/install/share/thur/launch/thur.launch.py
[16.777s] -- Up-to-date: /home/hans/ros2_ws/install/share/thur/config
[16.777s] -- Up-to-date: /home/hans/ros2_ws/install/share/thur/config/thur_controllers.yaml
[16.780s] -- Installing: /home/hans/ros2_ws/install/lib/libthur.so
[16.781s] -- Set runtime path of "/home/hans/ros2_ws/install/lib/libthur.so" to ""
[16.781s] -- Up-to-date: /home/hans/ros2_ws/install/share/thur/environment/library_path.sh
[16.787s] -- Up-to-date: /home/hans/ros2_ws/install/share/thur/environment/library_path.dsv
[16.787s] -- Up-to-date: /home/hans/ros2_ws/install/share/ament_index/resource_index/package_run_dependencies/thur
[16.787s] -- Up-to-date: /home/hans/ros2_ws/install/share/ament_index/resource_index/parent_prefix_path/thur
[16.788s] -- Up-to-date: /home/hans/ros2_ws/install/share/thur/environment/ament_prefix_path.sh
[16.788s] -- Up-to-date: /home/hans/ros2_ws/install/share/thur/environment/ament_prefix_path.dsv
[16.788s] -- Up-to-date: /home/hans/ros2_ws/install/share/thur/environment/path.sh
[16.791s] -- Up-to-date: /home/hans/ros2_ws/install/share/thur/environment/path.dsv
[16.792s] -- Up-to-date: /home/hans/ros2_ws/install/share/thur/local_setup.bash
[16.792s] -- Up-to-date: /home/hans/ros2_ws/install/share/thur/local_setup.sh
[16.793s] -- Up-to-date: /home/hans/ros2_ws/install/share/thur/local_setup.zsh
[16.793s] -- Up-to-date: /home/hans/ros2_ws/install/share/thur/local_setup.dsv
[16.793s] -- Installing: /home/hans/ros2_ws/install/share/thur/package.dsv
[16.794s] -- Up-to-date: /home/hans/ros2_ws/install/share/ament_index/resource_index/packages/thur
[16.795s] -- Up-to-date: /home/hans/ros2_ws/install/share/ament_index/resource_index/hardware_interface__pluginlib__plugin/thur
[16.798s] -- Up-to-date: /home/hans/ros2_ws/install/share/thur/cmake/export_thurExport.cmake
[16.798s] -- Up-to-date: /home/hans/ros2_ws/install/share/thur/cmake/export_thurExport-noconfig.cmake
[16.798s] -- Up-to-date: /home/hans/ros2_ws/install/share/thur/cmake/ament_cmake_export_targets-extras.cmake
[16.799s] -- Up-to-date: /home/hans/ros2_ws/install/share/thur/cmake/ament_cmake_export_dependencies-extras.cmake
[16.799s] -- Up-to-date: /home/hans/ros2_ws/install/share/thur/cmake/thurConfig.cmake
[16.799s] -- Up-to-date: /home/hans/ros2_ws/install/share/thur/cmake/thurConfig-version.cmake
[16.799s] -- Up-to-date: /home/hans/ros2_ws/install/share/thur/package.xml
[16.802s] Invoked command in '/home/hans/ros2_ws/build/thur' returned '0': CMAKE_PREFIX_PATH=${CMAKE_PREFIX_PATH}:/opt/ros/iron /usr/bin/cmake --install /home/hans/ros2_ws/build/thur
