[0.058s] Invoking command in '/home/hans/ros2_ws/build/thur': CMAKE_PREFIX_PATH=${CMAKE_PREFIX_PATH}:/opt/ros/iron /usr/bin/cmake --build /home/hans/ros2_ws/build/thur -- -j4 -l4
[0.370s] [ 33%] [32mBuilding CXX object CMakeFiles/thur.dir/hardware/thur_diff.cpp.o[0m
[7.533s] In file included from [01m[K/opt/ros/iron/include/rclcpp/rclcpp/logging.hpp:24[m[K,
[7.534s]                  from [01m[K/opt/ros/iron/include/rclcpp/rclcpp/client.hpp:43[m[K,
[7.534s]                  from [01m[K/opt/ros/iron/include/rclcpp/rclcpp/callback_group.hpp:24[m[K,
[7.534s]                  from [01m[K/opt/ros/iron/include/rclcpp/rclcpp/any_executable.hpp:20[m[K,
[7.534s]                  from [01m[K/opt/ros/iron/include/rclcpp/rclcpp/memory_strategy.hpp:25[m[K,
[7.534s]                  from [01m[K/opt/ros/iron/include/rclcpp/rclcpp/memory_strategies.hpp:18[m[K,
[7.534s]                  from [01m[K/opt/ros/iron/include/rclcpp/rclcpp/executor_options.hpp:20[m[K,
[7.535s]                  from [01m[K/opt/ros/iron/include/rclcpp/rclcpp/executor.hpp:37[m[K,
[7.535s]                  from [01m[K/opt/ros/iron/include/rclcpp/rclcpp/executors/multi_threaded_executor.hpp:25[m[K,
[7.538s]                  from [01m[K/opt/ros/iron/include/rclcpp/rclcpp/executors.hpp:21[m[K,
[7.538s]                  from [01m[K/opt/ros/iron/include/rclcpp/rclcpp/rclcpp.hpp:167[m[K,
[7.538s]                  from [01m[K/home/hans/ros2_ws/src/ros2_control_demos/thur/hardware/thur_diff.cpp:24[m[K:
[7.539s] [01m[K/home/hans/ros2_ws/src/ros2_control_demos/thur/hardware/thur_diff.cpp:[m[K In member function ‘[01m[Kvirtual hardware_interface::CallbackReturn thur::ThurSystemHardware::on_activate(const rclcpp_lifecycle::State&)[m[K’:
[7.539s] [01m[K/home/hans/ros2_ws/src/ros2_control_demos/thur/hardware/thur_diff.cpp:158:61:[m[K [01;35m[Kwarning: [m[Kformat ‘[01m[K%i[m[K’ expects argument of type ‘[01m[Kint[m[K’, but argument 5 has type ‘[01m[Kchar*[m[K’ [[01;35m[K]8;;https://gcc.gnu.org/onlinedocs/gcc/Warning-Options.html#index-Wformat=-Wformat=]8;;[m[K]
[7.539s]   158 |       RCLCPP_INFO(rclcpp::get_logger("ThurSystemHardware"), [01;35m[K"Trying to activate serial port '%i' ..."[m[K, [32m[Kserial_port_->to_string()[m[K);
[7.539s]       |                                                             [01;35m[K^~~~~~~~~~~~~~~~~~~~~~~~~~~~~~~~~~~~~~~~~[m[K  [32m[K~~~~~~~~~~~~~~~~~~~~~~~~~[m[K
[7.539s]       |                                                                                                                               [32m[K|[m[K
[7.539s]       |                                                                                                                               [32m[Kchar*[m[K
[7.543s] [01m[K/home/hans/ros2_ws/src/ros2_control_demos/thur/hardware/thur_diff.cpp:158:95:[m[K [01;36m[Knote: [m[Kformat string is defined here
[7.543s]   158 |       RCLCPP_INFO(rclcpp::get_logger("ThurSystemHardware"), "Trying to activate serial port '[01;36m[K%i[m[K' ...", serial_port_->to_string());
[7.543s]       |                                                                                              [01;36m[K~^[m[K
[7.543s]       |                                                                                               [01;36m[K|[m[K
[7.543s]       |                                                                                               [01;36m[Kint[m[K
[7.544s]       |                                                                                              [32m[K%s[m[K
[7.553s] [01m[K/home/hans/ros2_ws/src/ros2_control_demos/thur/hardware/thur_diff.cpp:[m[K In member function ‘[01m[Kvirtual hardware_interface::return_type thur::ThurSystemHardware::read(const rclcpp::Time&, const rclcpp::Duration&)[m[K’:
[7.553s] [01m[K/home/hans/ros2_ws/src/ros2_control_demos/thur/hardware/thur_diff.cpp:194:59:[m[K [01;35m[Kwarning: [m[Kunused parameter ‘[01m[Kperiod[m[K’ [[01;35m[K]8;;https://gcc.gnu.org/onlinedocs/gcc/Warning-Options.html#index-Wunused-parameter-Wunused-parameter]8;;[m[K]
[7.553s]   194 |   const rclcpp::Time & /*time*/, [01;35m[Kconst rclcpp::Duration & period[m[K)
[7.553s]       |                                  [01;35m[K~~~~~~~~~~~~~~~~~~~~~~~~~^~~~~~[m[K
[11.761s] [ 66%] [32m[1mLinking CXX shared library libthur.so[0m
[12.343s] [100%] Built target thur
[12.372s] Invoked command in '/home/hans/ros2_ws/build/thur' returned '0': CMAKE_PREFIX_PATH=${CMAKE_PREFIX_PATH}:/opt/ros/iron /usr/bin/cmake --build /home/hans/ros2_ws/build/thur -- -j4 -l4
[12.430s] Invoking command in '/home/hans/ros2_ws/build/thur': CMAKE_PREFIX_PATH=${CMAKE_PREFIX_PATH}:/opt/ros/iron /usr/bin/cmake --install /home/hans/ros2_ws/build/thur
[12.448s] -- Install configuration: ""
[12.448s] -- Up-to-date: /home/hans/ros2_ws/install/share/thur/thur.xml
[12.448s] -- Up-to-date: /home/hans/ros2_ws/install/include/thur
[12.449s] -- Up-to-date: /home/hans/ros2_ws/install/include/thur/serial.hpp
[12.449s] -- Up-to-date: /home/hans/ros2_ws/install/include/thur/thur
[12.449s] -- Up-to-date: /home/hans/ros2_ws/install/include/thur/thur/thur_diff.hpp
[12.449s] -- Up-to-date: /home/hans/ros2_ws/install/share/thur/launch
[12.449s] -- Up-to-date: /home/hans/ros2_ws/install/share/thur/launch/view_robot.launch.py
[12.449s] -- Up-to-date: /home/hans/ros2_ws/install/share/thur/ros2_control
[12.450s] -- Up-to-date: /home/hans/ros2_ws/install/share/thur/ros2_control/thur.ros2_control.xacro
[12.450s] -- Up-to-date: /home/hans/ros2_ws/install/share/thur/urdf
[12.451s] -- Up-to-date: /home/hans/ros2_ws/install/share/thur/urdf/thur.urdf.xacro
[12.451s] -- Up-to-date: /home/hans/ros2_ws/install/share/thur/launch
[12.451s] -- Up-to-date: /home/hans/ros2_ws/install/share/thur/launch/thur.launch.py
[12.451s] -- Up-to-date: /home/hans/ros2_ws/install/share/thur/config
[12.451s] -- Up-to-date: /home/hans/ros2_ws/install/share/thur/config/thur_controllers.yaml
[12.451s] -- Installing: /home/hans/ros2_ws/install/lib/libthur.so
[12.453s] -- Set runtime path of "/home/hans/ros2_ws/install/lib/libthur.so" to ""
[12.454s] -- Up-to-date: /home/hans/ros2_ws/install/share/thur/environment/library_path.sh
[12.454s] -- Up-to-date: /home/hans/ros2_ws/install/share/thur/environment/library_path.dsv
[12.454s] -- Up-to-date: /home/hans/ros2_ws/install/share/ament_index/resource_index/package_run_dependencies/thur
[12.455s] -- Up-to-date: /home/hans/ros2_ws/install/share/ament_index/resource_index/parent_prefix_path/thur
[12.455s] -- Up-to-date: /home/hans/ros2_ws/install/share/thur/environment/ament_prefix_path.sh
[12.455s] -- Up-to-date: /home/hans/ros2_ws/install/share/thur/environment/ament_prefix_path.dsv
[12.455s] -- Up-to-date: /home/hans/ros2_ws/install/share/thur/environment/path.sh
[12.455s] -- Up-to-date: /home/hans/ros2_ws/install/share/thur/environment/path.dsv
[12.456s] -- Up-to-date: /home/hans/ros2_ws/install/share/thur/local_setup.bash
[12.456s] -- Up-to-date: /home/hans/ros2_ws/install/share/thur/local_setup.sh
[12.456s] -- Up-to-date: /home/hans/ros2_ws/install/share/thur/local_setup.zsh
[12.457s] -- Up-to-date: /home/hans/ros2_ws/install/share/thur/local_setup.dsv
[12.457s] -- Installing: /home/hans/ros2_ws/install/share/thur/package.dsv
[12.457s] -- Up-to-date: /home/hans/ros2_ws/install/share/ament_index/resource_index/packages/thur
[12.457s] -- Up-to-date: /home/hans/ros2_ws/install/share/ament_index/resource_index/hardware_interface__pluginlib__plugin/thur
[12.457s] -- Up-to-date: /home/hans/ros2_ws/install/share/thur/cmake/export_thurExport.cmake
[12.457s] -- Up-to-date: /home/hans/ros2_ws/install/share/thur/cmake/export_thurExport-noconfig.cmake
[12.458s] -- Up-to-date: /home/hans/ros2_ws/install/share/thur/cmake/ament_cmake_export_targets-extras.cmake
[12.458s] -- Up-to-date: /home/hans/ros2_ws/install/share/thur/cmake/ament_cmake_export_dependencies-extras.cmake
[12.458s] -- Up-to-date: /home/hans/ros2_ws/install/share/thur/cmake/thurConfig.cmake
[12.458s] -- Up-to-date: /home/hans/ros2_ws/install/share/thur/cmake/thurConfig-version.cmake
[12.458s] -- Up-to-date: /home/hans/ros2_ws/install/share/thur/package.xml
[12.461s] Invoked command in '/home/hans/ros2_ws/build/thur' returned '0': CMAKE_PREFIX_PATH=${CMAKE_PREFIX_PATH}:/opt/ros/iron /usr/bin/cmake --install /home/hans/ros2_ws/build/thur
