[0.219s] Invoking command in '/home/hans/ros2_ws/build/ros2_control_demo_example_4': CMAKE_PREFIX_PATH=${CMAKE_PREFIX_PATH}:/opt/ros/iron /usr/bin/cmake --build /home/hans/ros2_ws/build/ros2_control_demo_example_4 -- -j4 -l4
[0.572s] [100%] Built target ros2_control_demo_example_4
[0.643s] Invoked command in '/home/hans/ros2_ws/build/ros2_control_demo_example_4' returned '0': CMAKE_PREFIX_PATH=${CMAKE_PREFIX_PATH}:/opt/ros/iron /usr/bin/cmake --build /home/hans/ros2_ws/build/ros2_control_demo_example_4 -- -j4 -l4
[0.934s] Invoking command in '/home/hans/ros2_ws/build/ros2_control_demo_example_4': CMAKE_PREFIX_PATH=${CMAKE_PREFIX_PATH}:/opt/ros/iron /usr/bin/cmake --install /home/hans/ros2_ws/build/ros2_control_demo_example_4
[0.988s] -- Install configuration: ""
[0.993s] -- Up-to-date: /home/hans/ros2_ws/install/share/ros2_control_demo_example_4/ros2_control_demo_example_4.xml
[0.993s] -- Up-to-date: /home/hans/ros2_ws/install/include/ros2_control_demo_example_4
[0.993s] -- Up-to-date: /home/hans/ros2_ws/install/include/ros2_control_demo_example_4/ros2_control_demo_example_4
[0.993s] -- Up-to-date: /home/hans/ros2_ws/install/include/ros2_control_demo_example_4/ros2_control_demo_example_4/rrbot_system_with_sensor.hpp
[0.994s] -- Up-to-date: /home/hans/ros2_ws/install/share/ros2_control_demo_example_4/launch
[0.994s] -- Up-to-date: /home/hans/ros2_ws/install/share/ros2_control_demo_example_4/launch/view_robot.launch.py
[0.994s] -- Up-to-date: /home/hans/ros2_ws/install/share/ros2_control_demo_example_4/ros2_control
[0.994s] -- Up-to-date: /home/hans/ros2_ws/install/share/ros2_control_demo_example_4/ros2_control/rrbot_system_with_sensor.ros2_control.xacro
[1.002s] -- Up-to-date: /home/hans/ros2_ws/install/share/ros2_control_demo_example_4/urdf
[1.003s] -- Up-to-date: /home/hans/ros2_ws/install/share/ros2_control_demo_example_4/urdf/rrbot_system_with_sensor.urdf.xacro
[1.003s] -- Up-to-date: /home/hans/ros2_ws/install/share/ros2_control_demo_example_4/rviz
[1.003s] -- Up-to-date: /home/hans/ros2_ws/install/share/ros2_control_demo_example_4/rviz/rrbot.rviz
[1.003s] -- Up-to-date: /home/hans/ros2_ws/install/share/ros2_control_demo_example_4/launch
[1.003s] -- Up-to-date: /home/hans/ros2_ws/install/share/ros2_control_demo_example_4/launch/test_forward_position_controller.launch.py
[1.004s] -- Up-to-date: /home/hans/ros2_ws/install/share/ros2_control_demo_example_4/launch/rrbot_system_with_sensor.launch.py
[1.004s] -- Up-to-date: /home/hans/ros2_ws/install/share/ros2_control_demo_example_4/config
[1.004s] -- Up-to-date: /home/hans/ros2_ws/install/share/ros2_control_demo_example_4/config/rrbot_forward_position_publisher.yaml
[1.004s] -- Up-to-date: /home/hans/ros2_ws/install/share/ros2_control_demo_example_4/config/rrbot_with_sensor_controllers.yaml
[1.004s] -- Up-to-date: /home/hans/ros2_ws/install/lib/libros2_control_demo_example_4.so
[1.005s] -- Up-to-date: /home/hans/ros2_ws/install/share/ros2_control_demo_example_4/environment/library_path.sh
[1.028s] -- Up-to-date: /home/hans/ros2_ws/install/share/ros2_control_demo_example_4/environment/library_path.dsv
[1.028s] -- Up-to-date: /home/hans/ros2_ws/install/share/ament_index/resource_index/package_run_dependencies/ros2_control_demo_example_4
[1.029s] -- Up-to-date: /home/hans/ros2_ws/install/share/ament_index/resource_index/parent_prefix_path/ros2_control_demo_example_4
[1.029s] -- Up-to-date: /home/hans/ros2_ws/install/share/ros2_control_demo_example_4/environment/ament_prefix_path.sh
[1.029s] -- Up-to-date: /home/hans/ros2_ws/install/share/ros2_control_demo_example_4/environment/ament_prefix_path.dsv
[1.029s] -- Up-to-date: /home/hans/ros2_ws/install/share/ros2_control_demo_example_4/environment/path.sh
[1.029s] -- Up-to-date: /home/hans/ros2_ws/install/share/ros2_control_demo_example_4/environment/path.dsv
[1.029s] -- Up-to-date: /home/hans/ros2_ws/install/share/ros2_control_demo_example_4/local_setup.bash
[1.030s] -- Up-to-date: /home/hans/ros2_ws/install/share/ros2_control_demo_example_4/local_setup.sh
[1.030s] -- Up-to-date: /home/hans/ros2_ws/install/share/ros2_control_demo_example_4/local_setup.zsh
[1.033s] -- Up-to-date: /home/hans/ros2_ws/install/share/ros2_control_demo_example_4/local_setup.dsv
[1.040s] -- Installing: /home/hans/ros2_ws/install/share/ros2_control_demo_example_4/package.dsv
[1.041s] -- Up-to-date: /home/hans/ros2_ws/install/share/ament_index/resource_index/packages/ros2_control_demo_example_4
[1.044s] -- Up-to-date: /home/hans/ros2_ws/install/share/ament_index/resource_index/hardware_interface__pluginlib__plugin/ros2_control_demo_example_4
[1.044s] -- Up-to-date: /home/hans/ros2_ws/install/share/ros2_control_demo_example_4/cmake/export_ros2_control_demo_example_4Export.cmake
[1.044s] -- Up-to-date: /home/hans/ros2_ws/install/share/ros2_control_demo_example_4/cmake/export_ros2_control_demo_example_4Export-noconfig.cmake
[1.050s] -- Up-to-date: /home/hans/ros2_ws/install/share/ros2_control_demo_example_4/cmake/ament_cmake_export_targets-extras.cmake
[1.056s] -- Up-to-date: /home/hans/ros2_ws/install/share/ros2_control_demo_example_4/cmake/ament_cmake_export_dependencies-extras.cmake
[1.056s] -- Up-to-date: /home/hans/ros2_ws/install/share/ros2_control_demo_example_4/cmake/ros2_control_demo_example_4Config.cmake
[1.057s] -- Up-to-date: /home/hans/ros2_ws/install/share/ros2_control_demo_example_4/cmake/ros2_control_demo_example_4Config-version.cmake
[1.057s] -- Up-to-date: /home/hans/ros2_ws/install/share/ros2_control_demo_example_4/package.xml
[1.075s] Invoked command in '/home/hans/ros2_ws/build/ros2_control_demo_example_4' returned '0': CMAKE_PREFIX_PATH=${CMAKE_PREFIX_PATH}:/opt/ros/iron /usr/bin/cmake --install /home/hans/ros2_ws/build/ros2_control_demo_example_4
