[0.206s] Invoking command in '/home/hans/ros2_ws/build/ros2_control_demos': CMAKE_PREFIX_PATH=${CMAKE_PREFIX_PATH}:/opt/ros/iron /usr/bin/cmake --build /home/hans/ros2_ws/build/ros2_control_demos -- -j4 -l4
[0.311s] Invoked command in '/home/hans/ros2_ws/build/ros2_control_demos' returned '0': CMAKE_PREFIX_PATH=${CMAKE_PREFIX_PATH}:/opt/ros/iron /usr/bin/cmake --build /home/hans/ros2_ws/build/ros2_control_demos -- -j4 -l4
[0.382s] Invoking command in '/home/hans/ros2_ws/build/ros2_control_demos': CMAKE_PREFIX_PATH=${CMAKE_PREFIX_PATH}:/opt/ros/iron /usr/bin/cmake --install /home/hans/ros2_ws/build/ros2_control_demos
[0.403s] -- Install configuration: ""
[0.403s] -- Up-to-date: /home/hans/ros2_ws/install/share/ament_index/resource_index/package_run_dependencies/ros2_control_demos
[0.404s] -- Up-to-date: /home/hans/ros2_ws/install/share/ament_index/resource_index/parent_prefix_path/ros2_control_demos
[0.404s] -- Up-to-date: /home/hans/ros2_ws/install/share/ros2_control_demos/environment/ament_prefix_path.sh
[0.405s] -- Up-to-date: /home/hans/ros2_ws/install/share/ros2_control_demos/environment/ament_prefix_path.dsv
[0.405s] -- Up-to-date: /home/hans/ros2_ws/install/share/ros2_control_demos/environment/path.sh
[0.406s] -- Up-to-date: /home/hans/ros2_ws/install/share/ros2_control_demos/environment/path.dsv
[0.406s] -- Up-to-date: /home/hans/ros2_ws/install/share/ros2_control_demos/local_setup.bash
[0.406s] -- Up-to-date: /home/hans/ros2_ws/install/share/ros2_control_demos/local_setup.sh
[0.407s] -- Up-to-date: /home/hans/ros2_ws/install/share/ros2_control_demos/local_setup.zsh
[0.407s] -- Up-to-date: /home/hans/ros2_ws/install/share/ros2_control_demos/local_setup.dsv
[0.407s] -- Installing: /home/hans/ros2_ws/install/share/ros2_control_demos/package.dsv
[0.408s] -- Up-to-date: /home/hans/ros2_ws/install/share/ament_index/resource_index/packages/ros2_control_demos
[0.408s] -- Up-to-date: /home/hans/ros2_ws/install/share/ros2_control_demos/cmake/ros2_control_demosConfig.cmake
[0.408s] -- Up-to-date: /home/hans/ros2_ws/install/share/ros2_control_demos/cmake/ros2_control_demosConfig-version.cmake
[0.409s] -- Up-to-date: /home/hans/ros2_ws/install/share/ros2_control_demos/package.xml
[0.414s] Invoked command in '/home/hans/ros2_ws/build/ros2_control_demos' returned '0': CMAKE_PREFIX_PATH=${CMAKE_PREFIX_PATH}:/opt/ros/iron /usr/bin/cmake --install /home/hans/ros2_ws/build/ros2_control_demos
