[0.081s] Invoking command in '/home/hans/ros2_ws/build/ros2_control_demo_example_3': CMAKE_PREFIX_PATH=${CMAKE_PREFIX_PATH}:/opt/ros/iron /usr/bin/cmake --build /home/hans/ros2_ws/build/ros2_control_demo_example_3 -- -j4 -l4
[0.615s] [100%] Built target ros2_control_demo_example_3
[0.670s] Invoked command in '/home/hans/ros2_ws/build/ros2_control_demo_example_3' returned '0': CMAKE_PREFIX_PATH=${CMAKE_PREFIX_PATH}:/opt/ros/iron /usr/bin/cmake --build /home/hans/ros2_ws/build/ros2_control_demo_example_3 -- -j4 -l4
[0.932s] Invoking command in '/home/hans/ros2_ws/build/ros2_control_demo_example_3': CMAKE_PREFIX_PATH=${CMAKE_PREFIX_PATH}:/opt/ros/iron /usr/bin/cmake --install /home/hans/ros2_ws/build/ros2_control_demo_example_3
[0.997s] -- Install configuration: ""
[0.998s] -- Up-to-date: /home/hans/ros2_ws/install/share/ros2_control_demo_example_3/ros2_control_demo_example_3.xml
[0.998s] -- Up-to-date: /home/hans/ros2_ws/install/include/ros2_control_demo_example_3
[0.998s] -- Up-to-date: /home/hans/ros2_ws/install/include/ros2_control_demo_example_3/ros2_control_demo_example_3
[1.034s] -- Up-to-date: /home/hans/ros2_ws/install/include/ros2_control_demo_example_3/ros2_control_demo_example_3/rrbot_system_multi_interface.hpp
[1.036s] -- Up-to-date: /home/hans/ros2_ws/install/share/ros2_control_demo_example_3/launch
[1.036s] -- Up-to-date: /home/hans/ros2_ws/install/share/ros2_control_demo_example_3/launch/view_robot.launch.py
[1.036s] -- Up-to-date: /home/hans/ros2_ws/install/share/ros2_control_demo_example_3/ros2_control
[1.036s] -- Up-to-date: /home/hans/ros2_ws/install/share/ros2_control_demo_example_3/ros2_control/rrbot_system_multi_interface.ros2_control.xacro
[1.036s] -- Up-to-date: /home/hans/ros2_ws/install/share/ros2_control_demo_example_3/urdf
[1.037s] -- Up-to-date: /home/hans/ros2_ws/install/share/ros2_control_demo_example_3/urdf/rrbot_system_multi_interface.urdf.xacro
[1.037s] -- Up-to-date: /home/hans/ros2_ws/install/share/ros2_control_demo_example_3/launch
[1.037s] -- Up-to-date: /home/hans/ros2_ws/install/share/ros2_control_demo_example_3/launch/test_forward_position_controller.launch.py
[1.037s] -- Up-to-date: /home/hans/ros2_ws/install/share/ros2_control_demo_example_3/launch/rrbot_system_multi_interface.launch.py
[1.037s] -- Up-to-date: /home/hans/ros2_ws/install/share/ros2_control_demo_example_3/config
[1.038s] -- Up-to-date: /home/hans/ros2_ws/install/share/ros2_control_demo_example_3/config/rrbot_forward_position_publisher.yaml
[1.038s] -- Up-to-date: /home/hans/ros2_ws/install/share/ros2_control_demo_example_3/config/rrbot_multi_interface_forward_controllers.yaml
[1.039s] -- Up-to-date: /home/hans/ros2_ws/install/lib/libros2_control_demo_example_3.so
[1.041s] -- Up-to-date: /home/hans/ros2_ws/install/share/ros2_control_demo_example_3/environment/library_path.sh
[1.041s] -- Up-to-date: /home/hans/ros2_ws/install/share/ros2_control_demo_example_3/environment/library_path.dsv
[1.041s] -- Up-to-date: /home/hans/ros2_ws/install/share/ament_index/resource_index/package_run_dependencies/ros2_control_demo_example_3
[1.041s] -- Up-to-date: /home/hans/ros2_ws/install/share/ament_index/resource_index/parent_prefix_path/ros2_control_demo_example_3
[1.043s] -- Up-to-date: /home/hans/ros2_ws/install/share/ros2_control_demo_example_3/environment/ament_prefix_path.sh
[1.043s] -- Up-to-date: /home/hans/ros2_ws/install/share/ros2_control_demo_example_3/environment/ament_prefix_path.dsv
[1.043s] -- Up-to-date: /home/hans/ros2_ws/install/share/ros2_control_demo_example_3/environment/path.sh
[1.043s] -- Up-to-date: /home/hans/ros2_ws/install/share/ros2_control_demo_example_3/environment/path.dsv
[1.045s] -- Up-to-date: /home/hans/ros2_ws/install/share/ros2_control_demo_example_3/local_setup.bash
[1.045s] -- Up-to-date: /home/hans/ros2_ws/install/share/ros2_control_demo_example_3/local_setup.sh
[1.045s] -- Up-to-date: /home/hans/ros2_ws/install/share/ros2_control_demo_example_3/local_setup.zsh
[1.045s] -- Up-to-date: /home/hans/ros2_ws/install/share/ros2_control_demo_example_3/local_setup.dsv
[1.047s] -- Installing: /home/hans/ros2_ws/install/share/ros2_control_demo_example_3/package.dsv
[1.047s] -- Up-to-date: /home/hans/ros2_ws/install/share/ament_index/resource_index/packages/ros2_control_demo_example_3
[1.047s] -- Up-to-date: /home/hans/ros2_ws/install/share/ament_index/resource_index/hardware_interface__pluginlib__plugin/ros2_control_demo_example_3
[1.047s] -- Up-to-date: /home/hans/ros2_ws/install/share/ros2_control_demo_example_3/cmake/export_ros2_control_demo_example_3Export.cmake
[1.047s] -- Up-to-date: /home/hans/ros2_ws/install/share/ros2_control_demo_example_3/cmake/export_ros2_control_demo_example_3Export-noconfig.cmake
[1.049s] -- Up-to-date: /home/hans/ros2_ws/install/share/ros2_control_demo_example_3/cmake/ament_cmake_export_targets-extras.cmake
[1.049s] -- Up-to-date: /home/hans/ros2_ws/install/share/ros2_control_demo_example_3/cmake/ament_cmake_export_dependencies-extras.cmake
[1.050s] -- Up-to-date: /home/hans/ros2_ws/install/share/ros2_control_demo_example_3/cmake/ros2_control_demo_example_3Config.cmake
[1.050s] -- Up-to-date: /home/hans/ros2_ws/install/share/ros2_control_demo_example_3/cmake/ros2_control_demo_example_3Config-version.cmake
[1.051s] -- Up-to-date: /home/hans/ros2_ws/install/share/ros2_control_demo_example_3/package.xml
[1.107s] Invoked command in '/home/hans/ros2_ws/build/ros2_control_demo_example_3' returned '0': CMAKE_PREFIX_PATH=${CMAKE_PREFIX_PATH}:/opt/ros/iron /usr/bin/cmake --install /home/hans/ros2_ws/build/ros2_control_demo_example_3
