[0.023s] Invoking command in '/home/hans/ros2_ws/build/thur': CMAKE_PREFIX_PATH=${CMAKE_PREFIX_PATH}:/opt/ros/iron /usr/bin/cmake --build /home/hans/ros2_ws/build/thur -- -j1 -l1
[0.135s] [35m[1mConsolidate compiler generated dependencies of target thur[0m
[0.192s] [ 33%] [32mBuilding CXX object CMakeFiles/thur.dir/hardware/thur_diff.cpp.o[0m
[6.639s] [01m[K/home/hans/ros2_ws/src/ros2_control_demos/thur/hardware/thur_diff.cpp:[m[K In member function ‘[01m[Kvirtual hardware_interface::return_type thur::ThurSystemHardware::read(const rclcpp::Time&, const rclcpp::Duration&)[m[K’:
[6.640s] [01m[K/home/hans/ros2_ws/src/ros2_control_demos/thur/hardware/thur_diff.cpp:193:59:[m[K [01;35m[Kwarning: [m[Kunused parameter ‘[01m[Kperiod[m[K’ [[01;35m[K]8;;https://gcc.gnu.org/onlinedocs/gcc/Warning-Options.html#index-Wunused-parameter-Wunused-parameter]8;;[m[K]
[6.640s]   193 |   const rclcpp::Time & /*time*/, [01;35m[Kconst rclcpp::Duration & period[m[K)
[6.641s]       |                                  [01;35m[K~~~~~~~~~~~~~~~~~~~~~~~~~^~~~~~[m[K
[10.888s] [ 66%] [32m[1mLinking CXX shared library libthur.so[0m
[11.320s] [100%] Built target thur
[11.355s] Invoked command in '/home/hans/ros2_ws/build/thur' returned '0': CMAKE_PREFIX_PATH=${CMAKE_PREFIX_PATH}:/opt/ros/iron /usr/bin/cmake --build /home/hans/ros2_ws/build/thur -- -j1 -l1
[11.426s] Invoking command in '/home/hans/ros2_ws/build/thur': CMAKE_PREFIX_PATH=${CMAKE_PREFIX_PATH}:/opt/ros/iron /usr/bin/cmake --install /home/hans/ros2_ws/build/thur
[11.450s] -- Install configuration: ""
[11.450s] -- Up-to-date: /home/hans/ros2_ws/install/share/thur/thur.xml
[11.453s] -- Up-to-date: /home/hans/ros2_ws/install/include/thur
[11.453s] -- Up-to-date: /home/hans/ros2_ws/install/include/thur/serial.hpp
[11.453s] -- Up-to-date: /home/hans/ros2_ws/install/include/thur/thur
[11.453s] -- Up-to-date: /home/hans/ros2_ws/install/include/thur/thur/thur_diff.hpp
[11.453s] -- Up-to-date: /home/hans/ros2_ws/install/share/thur/launch
[11.454s] -- Up-to-date: /home/hans/ros2_ws/install/share/thur/launch/view_robot.launch.py
[11.454s] -- Up-to-date: /home/hans/ros2_ws/install/share/thur/ros2_control
[11.454s] -- Up-to-date: /home/hans/ros2_ws/install/share/thur/ros2_control/diffbot.ros2_control.xacro
[11.454s] -- Up-to-date: /home/hans/ros2_ws/install/share/thur/urdf
[11.454s] -- Up-to-date: /home/hans/ros2_ws/install/share/thur/urdf/diffbot.urdf.xacro
[11.454s] -- Up-to-date: /home/hans/ros2_ws/install/share/thur/launch
[11.454s] -- Up-to-date: /home/hans/ros2_ws/install/share/thur/launch/diffbot.launch.py
[11.454s] -- Up-to-date: /home/hans/ros2_ws/install/share/thur/config
[11.454s] -- Up-to-date: /home/hans/ros2_ws/install/share/thur/config/diffbot_controllers.yaml
[11.454s] -- Installing: /home/hans/ros2_ws/install/lib/libthur.so
[11.461s] -- Set runtime path of "/home/hans/ros2_ws/install/lib/libthur.so" to ""
[11.461s] -- Up-to-date: /home/hans/ros2_ws/install/share/thur/environment/library_path.sh
[11.461s] -- Up-to-date: /home/hans/ros2_ws/install/share/thur/environment/library_path.dsv
[11.461s] -- Up-to-date: /home/hans/ros2_ws/install/share/ament_index/resource_index/package_run_dependencies/thur
[11.461s] -- Up-to-date: /home/hans/ros2_ws/install/share/ament_index/resource_index/parent_prefix_path/thur
[11.461s] -- Up-to-date: /home/hans/ros2_ws/install/share/thur/environment/ament_prefix_path.sh
[11.463s] -- Up-to-date: /home/hans/ros2_ws/install/share/thur/environment/ament_prefix_path.dsv
[11.464s] -- Up-to-date: /home/hans/ros2_ws/install/share/thur/environment/path.sh
[11.464s] -- Up-to-date: /home/hans/ros2_ws/install/share/thur/environment/path.dsv
[11.464s] -- Up-to-date: /home/hans/ros2_ws/install/share/thur/local_setup.bash
[11.464s] -- Up-to-date: /home/hans/ros2_ws/install/share/thur/local_setup.sh
[11.464s] -- Up-to-date: /home/hans/ros2_ws/install/share/thur/local_setup.zsh
[11.464s] -- Up-to-date: /home/hans/ros2_ws/install/share/thur/local_setup.dsv
[11.465s] -- Installing: /home/hans/ros2_ws/install/share/thur/package.dsv
[11.465s] -- Up-to-date: /home/hans/ros2_ws/install/share/ament_index/resource_index/packages/thur
[11.465s] -- Up-to-date: /home/hans/ros2_ws/install/share/ament_index/resource_index/hardware_interface__pluginlib__plugin/thur
[11.465s] -- Up-to-date: /home/hans/ros2_ws/install/share/thur/cmake/export_thurExport.cmake
[11.465s] -- Up-to-date: /home/hans/ros2_ws/install/share/thur/cmake/export_thurExport-noconfig.cmake
[11.465s] -- Up-to-date: /home/hans/ros2_ws/install/share/thur/cmake/ament_cmake_export_targets-extras.cmake
[11.465s] -- Up-to-date: /home/hans/ros2_ws/install/share/thur/cmake/ament_cmake_export_dependencies-extras.cmake
[11.465s] -- Up-to-date: /home/hans/ros2_ws/install/share/thur/cmake/thurConfig.cmake
[11.465s] -- Up-to-date: /home/hans/ros2_ws/install/share/thur/cmake/thurConfig-version.cmake
[11.468s] -- Up-to-date: /home/hans/ros2_ws/install/share/thur/package.xml
[11.471s] Invoked command in '/home/hans/ros2_ws/build/thur' returned '0': CMAKE_PREFIX_PATH=${CMAKE_PREFIX_PATH}:/opt/ros/iron /usr/bin/cmake --install /home/hans/ros2_ws/build/thur
