[0.118s] Invoking command in '/home/hans/ros2_ws/build/ros2_control_demo_example_7': CMAKE_PREFIX_PATH=${CMAKE_PREFIX_PATH}:/opt/ros/iron /usr/bin/cmake --build /home/hans/ros2_ws/build/ros2_control_demo_example_7 -- -j4 -l4
[0.491s] [ 40%] Built target send_trajectory
[0.520s] [100%] Built target ros2_control_demo_example_7
[0.570s] Invoked command in '/home/hans/ros2_ws/build/ros2_control_demo_example_7' returned '0': CMAKE_PREFIX_PATH=${CMAKE_PREFIX_PATH}:/opt/ros/iron /usr/bin/cmake --build /home/hans/ros2_ws/build/ros2_control_demo_example_7 -- -j4 -l4
[0.748s] Invoking command in '/home/hans/ros2_ws/build/ros2_control_demo_example_7': CMAKE_PREFIX_PATH=${CMAKE_PREFIX_PATH}:/opt/ros/iron /usr/bin/cmake --install /home/hans/ros2_ws/build/ros2_control_demo_example_7
[0.890s] -- Install configuration: ""
[0.890s] -- Up-to-date: /home/hans/ros2_ws/install/share/ros2_control_demo_example_7/ros2_control_demo_example_7.xml
[0.890s] -- Up-to-date: /home/hans/ros2_ws/install/share/ros2_control_demo_example_7/ros2_control_demo_example_7.xml
[0.890s] -- Up-to-date: /home/hans/ros2_ws/install/include/ros2_control_demo_example_7
[0.890s] -- Up-to-date: /home/hans/ros2_ws/install/include/ros2_control_demo_example_7/ros2_control_demo_example_7
[0.891s] -- Up-to-date: /home/hans/ros2_ws/install/include/ros2_control_demo_example_7/ros2_control_demo_example_7/r6bot_hardware.hpp
[0.891s] -- Up-to-date: /home/hans/ros2_ws/install/share/ros2_control_demo_example_7/launch
[0.892s] -- Up-to-date: /home/hans/ros2_ws/install/share/ros2_control_demo_example_7/launch/view_r6bot.launch.py
[0.893s] -- Up-to-date: /home/hans/ros2_ws/install/share/ros2_control_demo_example_7/ros2_control
[0.893s] -- Up-to-date: /home/hans/ros2_ws/install/share/ros2_control_demo_example_7/ros2_control/r6bot.ros2_control.xacro
[0.893s] -- Up-to-date: /home/hans/ros2_ws/install/share/ros2_control_demo_example_7/urdf
[0.898s] -- Up-to-date: /home/hans/ros2_ws/install/share/ros2_control_demo_example_7/urdf/r6bot.urdf.xacro
[0.898s] -- Up-to-date: /home/hans/ros2_ws/install/share/ros2_control_demo_example_7/launch
[0.898s] -- Up-to-date: /home/hans/ros2_ws/install/share/ros2_control_demo_example_7/launch/send_trajectory.launch.py
[0.899s] -- Up-to-date: /home/hans/ros2_ws/install/share/ros2_control_demo_example_7/launch/r6bot_controller.launch.py
[0.899s] -- Up-to-date: /home/hans/ros2_ws/install/share/ros2_control_demo_example_7/config
[0.899s] -- Up-to-date: /home/hans/ros2_ws/install/share/ros2_control_demo_example_7/config/r6bot_controller.yaml
[0.899s] -- Up-to-date: /home/hans/ros2_ws/install/lib/ros2_control_demo_example_7/send_trajectory
[0.899s] -- Up-to-date: /home/hans/ros2_ws/install/lib/libros2_control_demo_example_7.so
[0.899s] -- Up-to-date: /home/hans/ros2_ws/install/share/ros2_control_demo_example_7/environment/library_path.sh
[0.900s] -- Up-to-date: /home/hans/ros2_ws/install/share/ros2_control_demo_example_7/environment/library_path.dsv
[0.900s] -- Up-to-date: /home/hans/ros2_ws/install/share/ament_index/resource_index/package_run_dependencies/ros2_control_demo_example_7
[0.900s] -- Up-to-date: /home/hans/ros2_ws/install/share/ament_index/resource_index/parent_prefix_path/ros2_control_demo_example_7
[0.900s] -- Up-to-date: /home/hans/ros2_ws/install/share/ros2_control_demo_example_7/environment/ament_prefix_path.sh
[0.900s] -- Up-to-date: /home/hans/ros2_ws/install/share/ros2_control_demo_example_7/environment/ament_prefix_path.dsv
[0.900s] -- Up-to-date: /home/hans/ros2_ws/install/share/ros2_control_demo_example_7/environment/path.sh
[0.901s] -- Up-to-date: /home/hans/ros2_ws/install/share/ros2_control_demo_example_7/environment/path.dsv
[0.901s] -- Up-to-date: /home/hans/ros2_ws/install/share/ros2_control_demo_example_7/local_setup.bash
[0.904s] -- Up-to-date: /home/hans/ros2_ws/install/share/ros2_control_demo_example_7/local_setup.sh
[0.905s] -- Up-to-date: /home/hans/ros2_ws/install/share/ros2_control_demo_example_7/local_setup.zsh
[0.907s] -- Up-to-date: /home/hans/ros2_ws/install/share/ros2_control_demo_example_7/local_setup.dsv
[0.907s] -- Installing: /home/hans/ros2_ws/install/share/ros2_control_demo_example_7/package.dsv
[0.907s] -- Up-to-date: /home/hans/ros2_ws/install/share/ament_index/resource_index/packages/ros2_control_demo_example_7
[0.907s] -- Up-to-date: /home/hans/ros2_ws/install/share/ament_index/resource_index/hardware_interface__pluginlib__plugin/ros2_control_demo_example_7
[0.907s] -- Up-to-date: /home/hans/ros2_ws/install/share/ament_index/resource_index/controller_interface__pluginlib__plugin/ros2_control_demo_example_7
[0.908s] -- Up-to-date: /home/hans/ros2_ws/install/share/ros2_control_demo_example_7/cmake/export_ros2_control_demo_example_7Export.cmake
[0.908s] -- Up-to-date: /home/hans/ros2_ws/install/share/ros2_control_demo_example_7/cmake/export_ros2_control_demo_example_7Export-noconfig.cmake
[0.910s] -- Up-to-date: /home/hans/ros2_ws/install/share/ros2_control_demo_example_7/cmake/ament_cmake_export_targets-extras.cmake
[0.911s] -- Up-to-date: /home/hans/ros2_ws/install/share/ros2_control_demo_example_7/cmake/ament_cmake_export_dependencies-extras.cmake
[0.911s] -- Up-to-date: /home/hans/ros2_ws/install/share/ros2_control_demo_example_7/cmake/ros2_control_demo_example_7Config.cmake
[0.912s] -- Up-to-date: /home/hans/ros2_ws/install/share/ros2_control_demo_example_7/cmake/ros2_control_demo_example_7Config-version.cmake
[0.912s] -- Up-to-date: /home/hans/ros2_ws/install/share/ros2_control_demo_example_7/package.xml
[0.947s] Invoked command in '/home/hans/ros2_ws/build/ros2_control_demo_example_7' returned '0': CMAKE_PREFIX_PATH=${CMAKE_PREFIX_PATH}:/opt/ros/iron /usr/bin/cmake --install /home/hans/ros2_ws/build/ros2_control_demo_example_7
