[0.007s] Invoking command in '/home/hans/ros2_ws/build/ros2_control_demo_example_1': AMENT_PREFIX_PATH=/home/hans/ros2_ws/install:${AMENT_PREFIX_PATH} CMAKE_PREFIX_PATH=/home/hans/ros2_ws/install:/opt/ros/iron PYTHONPATH=/home/hans/ros2_ws/install/lib/python3.10/site-packages:${PYTHONPATH} /usr/bin/cmake /home/hans/ros2_ws/src/ros2_control_demos/example_1 -DCMAKE_INSTALL_PREFIX=/home/hans/ros2_ws/install
[0.140s] -- The CXX compiler identification is GNU 11.4.0
[0.157s] -- Detecting CXX compiler ABI info
[0.242s] -- Detecting CXX compiler ABI info - done
[0.252s] -- Check for working CXX compiler: /usr/bin/c++ - skipped
[0.253s] -- Detecting CXX compile features
[0.253s] -- Detecting CXX compile features - done
[0.264s] [33mCMake Warning at CMakeLists.txt:20 (find_package):
[0.264s]   Could not find a configuration file for package "controller_manager" that
[0.264s]   is compatible with requested version "4.0.0".
[0.265s] 
[0.265s]   The following configuration files were considered but not accepted:
[0.265s] 
[0.265s]     /opt/ros/iron/share/controller_manager/cmake/controller_managerConfig.cmake, version: 3.28.0
[0.265s] 
[0.265s] 
[0.265s] [0m
[0.265s] [31mCMake Error at CMakeLists.txt:23 (message):
[0.265s]   ros2_control version 4.0.0 or higher is required.  Are you using the
[0.265s]   correct branch of the ros2_control_demos repository?
[0.265s] 
[0.265s] [0m
[0.266s] -- Configuring incomplete, errors occurred!
[0.267s] See also "/home/hans/ros2_ws/build/ros2_control_demo_example_1/CMakeFiles/CMakeOutput.log".
[0.269s] Invoked command in '/home/hans/ros2_ws/build/ros2_control_demo_example_1' returned '1': AMENT_PREFIX_PATH=/home/hans/ros2_ws/install:${AMENT_PREFIX_PATH} CMAKE_PREFIX_PATH=/home/hans/ros2_ws/install:/opt/ros/iron PYTHONPATH=/home/hans/ros2_ws/install/lib/python3.10/site-packages:${PYTHONPATH} /usr/bin/cmake /home/hans/ros2_ws/src/ros2_control_demos/example_1 -DCMAKE_INSTALL_PREFIX=/home/hans/ros2_ws/install
