[0.068s] Invoking command in '/home/hans/ros2_ws/build/ros2_control_demo_example_7': AMENT_PREFIX_PATH=/home/hans/ros2_ws/install CMAKE_PREFIX_PATH=/home/hans/ros2_ws/install LD_LIBRARY_PATH=/home/hans/ros2_ws/install/lib PYTHONPATH=/home/hans/ros2_ws/install/lib/python3.10/site-packages /usr/bin/cmake --build /home/hans/ros2_ws/build/ros2_control_demo_example_7 -- -j4 -l4
[0.232s] [ 60%] Built target ros2_control_demo_example_7
[0.234s] [100%] Built target send_trajectory
[0.262s] Invoked command in '/home/hans/ros2_ws/build/ros2_control_demo_example_7' returned '0': AMENT_PREFIX_PATH=/home/hans/ros2_ws/install CMAKE_PREFIX_PATH=/home/hans/ros2_ws/install LD_LIBRARY_PATH=/home/hans/ros2_ws/install/lib PYTHONPATH=/home/hans/ros2_ws/install/lib/python3.10/site-packages /usr/bin/cmake --build /home/hans/ros2_ws/build/ros2_control_demo_example_7 -- -j4 -l4
[0.394s] Invoking command in '/home/hans/ros2_ws/build/ros2_control_demo_example_7': AMENT_PREFIX_PATH=/home/hans/ros2_ws/install CMAKE_PREFIX_PATH=/home/hans/ros2_ws/install LD_LIBRARY_PATH=/home/hans/ros2_ws/install/lib PYTHONPATH=/home/hans/ros2_ws/install/lib/python3.10/site-packages /usr/bin/cmake --install /home/hans/ros2_ws/build/ros2_control_demo_example_7
[0.407s] -- Install configuration: ""
[0.407s] -- Up-to-date: /home/hans/ros2_ws/install/share/ros2_control_demo_example_7/ros2_control_demo_example_7.xml
[0.408s] -- Up-to-date: /home/hans/ros2_ws/install/share/ros2_control_demo_example_7/ros2_control_demo_example_7.xml
[0.408s] -- Up-to-date: /home/hans/ros2_ws/install/include/ros2_control_demo_example_7
[0.408s] -- Up-to-date: /home/hans/ros2_ws/install/include/ros2_control_demo_example_7/ros2_control_demo_example_7
[0.408s] -- Up-to-date: /home/hans/ros2_ws/install/include/ros2_control_demo_example_7/ros2_control_demo_example_7/r6bot_hardware.hpp
[0.408s] -- Up-to-date: /home/hans/ros2_ws/install/share/ros2_control_demo_example_7/launch
[0.408s] -- Up-to-date: /home/hans/ros2_ws/install/share/ros2_control_demo_example_7/launch/view_r6bot.launch.py
[0.408s] -- Up-to-date: /home/hans/ros2_ws/install/share/ros2_control_demo_example_7/ros2_control
[0.408s] -- Up-to-date: /home/hans/ros2_ws/install/share/ros2_control_demo_example_7/ros2_control/r6bot.ros2_control.xacro
[0.408s] -- Up-to-date: /home/hans/ros2_ws/install/share/ros2_control_demo_example_7/urdf
[0.408s] -- Up-to-date: /home/hans/ros2_ws/install/share/ros2_control_demo_example_7/urdf/r6bot.urdf.xacro
[0.408s] -- Up-to-date: /home/hans/ros2_ws/install/share/ros2_control_demo_example_7/launch
[0.409s] -- Up-to-date: /home/hans/ros2_ws/install/share/ros2_control_demo_example_7/launch/send_trajectory.launch.py
[0.409s] -- Up-to-date: /home/hans/ros2_ws/install/share/ros2_control_demo_example_7/launch/r6bot_controller.launch.py
[0.409s] -- Up-to-date: /home/hans/ros2_ws/install/share/ros2_control_demo_example_7/config
[0.410s] -- Up-to-date: /home/hans/ros2_ws/install/share/ros2_control_demo_example_7/config/r6bot_controller.yaml
[0.410s] -- Up-to-date: /home/hans/ros2_ws/install/lib/ros2_control_demo_example_7/send_trajectory
[0.410s] -- Up-to-date: /home/hans/ros2_ws/install/lib/libros2_control_demo_example_7.so
[0.411s] -- Up-to-date: /home/hans/ros2_ws/install/share/ros2_control_demo_example_7/environment/library_path.sh
[0.411s] -- Up-to-date: /home/hans/ros2_ws/install/share/ros2_control_demo_example_7/environment/library_path.dsv
[0.411s] -- Up-to-date: /home/hans/ros2_ws/install/share/ament_index/resource_index/package_run_dependencies/ros2_control_demo_example_7
[0.412s] -- Up-to-date: /home/hans/ros2_ws/install/share/ament_index/resource_index/parent_prefix_path/ros2_control_demo_example_7
[0.412s] -- Up-to-date: /home/hans/ros2_ws/install/share/ros2_control_demo_example_7/environment/ament_prefix_path.sh
[0.412s] -- Up-to-date: /home/hans/ros2_ws/install/share/ros2_control_demo_example_7/environment/ament_prefix_path.dsv
[0.412s] -- Up-to-date: /home/hans/ros2_ws/install/share/ros2_control_demo_example_7/environment/path.sh
[0.413s] -- Up-to-date: /home/hans/ros2_ws/install/share/ros2_control_demo_example_7/environment/path.dsv
[0.413s] -- Up-to-date: /home/hans/ros2_ws/install/share/ros2_control_demo_example_7/local_setup.bash
[0.413s] -- Up-to-date: /home/hans/ros2_ws/install/share/ros2_control_demo_example_7/local_setup.sh
[0.413s] -- Up-to-date: /home/hans/ros2_ws/install/share/ros2_control_demo_example_7/local_setup.zsh
[0.413s] -- Up-to-date: /home/hans/ros2_ws/install/share/ros2_control_demo_example_7/local_setup.dsv
[0.413s] -- Installing: /home/hans/ros2_ws/install/share/ros2_control_demo_example_7/package.dsv
[0.413s] -- Up-to-date: /home/hans/ros2_ws/install/share/ament_index/resource_index/packages/ros2_control_demo_example_7
[0.414s] -- Up-to-date: /home/hans/ros2_ws/install/share/ament_index/resource_index/hardware_interface__pluginlib__plugin/ros2_control_demo_example_7
[0.414s] -- Up-to-date: /home/hans/ros2_ws/install/share/ament_index/resource_index/controller_interface__pluginlib__plugin/ros2_control_demo_example_7
[0.420s] -- Up-to-date: /home/hans/ros2_ws/install/share/ros2_control_demo_example_7/cmake/export_ros2_control_demo_example_7Export.cmake
[0.420s] -- Up-to-date: /home/hans/ros2_ws/install/share/ros2_control_demo_example_7/cmake/export_ros2_control_demo_example_7Export-noconfig.cmake
[0.421s] -- Up-to-date: /home/hans/ros2_ws/install/share/ros2_control_demo_example_7/cmake/ament_cmake_export_targets-extras.cmake
[0.423s] -- Up-to-date: /home/hans/ros2_ws/install/share/ros2_control_demo_example_7/cmake/ament_cmake_export_dependencies-extras.cmake
[0.425s] -- Up-to-date: /home/hans/ros2_ws/install/share/ros2_control_demo_example_7/cmake/ros2_control_demo_example_7Config.cmake
[0.425s] -- Up-to-date: /home/hans/ros2_ws/install/share/ros2_control_demo_example_7/cmake/ros2_control_demo_example_7Config-version.cmake
[0.426s] -- Up-to-date: /home/hans/ros2_ws/install/share/ros2_control_demo_example_7/package.xml
[0.513s] Invoked command in '/home/hans/ros2_ws/build/ros2_control_demo_example_7' returned '0': AMENT_PREFIX_PATH=/home/hans/ros2_ws/install CMAKE_PREFIX_PATH=/home/hans/ros2_ws/install LD_LIBRARY_PATH=/home/hans/ros2_ws/install/lib PYTHONPATH=/home/hans/ros2_ws/install/lib/python3.10/site-packages /usr/bin/cmake --install /home/hans/ros2_ws/build/ros2_control_demo_example_7
