[0.022s] Invoking command in '/home/hans/ros2_ws/build/thur': CMAKE_PREFIX_PATH=${CMAKE_PREFIX_PATH}:/opt/ros/iron /usr/bin/cmake --build /home/hans/ros2_ws/build/thur -- -j1 -l1
[0.140s] [35m[1mConsolidate compiler generated dependencies of target thur[0m
[0.194s] [ 33%] [32mBuilding CXX object CMakeFiles/thur.dir/hardware/thur_diff.cpp.o[0m
[6.572s] [01m[K/home/hans/ros2_ws/src/ros2_control_demos/thur/hardware/thur_diff.cpp:[m[K In member function ‘[01m[Kvirtual hardware_interface::return_type thur::ThurSystemHardware::read(const rclcpp::Time&, const rclcpp::Duration&)[m[K’:
[6.572s] [01m[K/home/hans/ros2_ws/src/ros2_control_demos/thur/hardware/thur_diff.cpp:193:59:[m[K [01;35m[Kwarning: [m[Kunused parameter ‘[01m[Kperiod[m[K’ [[01;35m[K]8;;https://gcc.gnu.org/onlinedocs/gcc/Warning-Options.html#index-Wunused-parameter-Wunused-parameter]8;;[m[K]
[6.572s]   193 |   const rclcpp::Time & /*time*/, [01;35m[Kconst rclcpp::Duration & period[m[K)
[6.572s]       |                                  [01;35m[K~~~~~~~~~~~~~~~~~~~~~~~~~^~~~~~[m[K
[9.139s] [ 66%] [32m[1mLinking CXX shared library libthur.so[0m
[9.367s] [100%] Built target thur
[9.388s] Invoked command in '/home/hans/ros2_ws/build/thur' returned '0': CMAKE_PREFIX_PATH=${CMAKE_PREFIX_PATH}:/opt/ros/iron /usr/bin/cmake --build /home/hans/ros2_ws/build/thur -- -j1 -l1
[9.441s] Invoking command in '/home/hans/ros2_ws/build/thur': CMAKE_PREFIX_PATH=${CMAKE_PREFIX_PATH}:/opt/ros/iron /usr/bin/cmake --install /home/hans/ros2_ws/build/thur
[9.455s] -- Install configuration: ""
[9.456s] -- Up-to-date: /home/hans/ros2_ws/install/share/thur/thur.xml
[9.456s] -- Up-to-date: /home/hans/ros2_ws/install/include/thur
[9.457s] -- Up-to-date: /home/hans/ros2_ws/install/include/thur/serial.hpp
[9.457s] -- Up-to-date: /home/hans/ros2_ws/install/include/thur/thur
[9.460s] -- Up-to-date: /home/hans/ros2_ws/install/include/thur/thur/thur_diff.hpp
[9.460s] -- Up-to-date: /home/hans/ros2_ws/install/share/thur/launch
[9.460s] -- Up-to-date: /home/hans/ros2_ws/install/share/thur/launch/view_robot.launch.py
[9.460s] -- Up-to-date: /home/hans/ros2_ws/install/share/thur/ros2_control
[9.460s] -- Up-to-date: /home/hans/ros2_ws/install/share/thur/ros2_control/diffbot.ros2_control.xacro
[9.460s] -- Up-to-date: /home/hans/ros2_ws/install/share/thur/urdf
[9.460s] -- Up-to-date: /home/hans/ros2_ws/install/share/thur/urdf/diffbot.urdf.xacro
[9.460s] -- Up-to-date: /home/hans/ros2_ws/install/share/thur/launch
[9.460s] -- Up-to-date: /home/hans/ros2_ws/install/share/thur/launch/diffbot.launch.py
[9.460s] -- Up-to-date: /home/hans/ros2_ws/install/share/thur/config
[9.460s] -- Up-to-date: /home/hans/ros2_ws/install/share/thur/config/diffbot_controllers.yaml
[9.460s] -- Installing: /home/hans/ros2_ws/install/lib/libthur.so
[9.466s] -- Set runtime path of "/home/hans/ros2_ws/install/lib/libthur.so" to ""
[9.466s] -- Up-to-date: /home/hans/ros2_ws/install/share/thur/environment/library_path.sh
[9.466s] -- Up-to-date: /home/hans/ros2_ws/install/share/thur/environment/library_path.dsv
[9.466s] -- Up-to-date: /home/hans/ros2_ws/install/share/ament_index/resource_index/package_run_dependencies/thur
[9.466s] -- Up-to-date: /home/hans/ros2_ws/install/share/ament_index/resource_index/parent_prefix_path/thur
[9.466s] -- Up-to-date: /home/hans/ros2_ws/install/share/thur/environment/ament_prefix_path.sh
[9.466s] -- Up-to-date: /home/hans/ros2_ws/install/share/thur/environment/ament_prefix_path.dsv
[9.472s] -- Up-to-date: /home/hans/ros2_ws/install/share/thur/environment/path.sh
[9.473s] -- Up-to-date: /home/hans/ros2_ws/install/share/thur/environment/path.dsv
[9.473s] -- Up-to-date: /home/hans/ros2_ws/install/share/thur/local_setup.bash
[9.473s] -- Up-to-date: /home/hans/ros2_ws/install/share/thur/local_setup.sh
[9.473s] -- Up-to-date: /home/hans/ros2_ws/install/share/thur/local_setup.zsh
[9.473s] -- Up-to-date: /home/hans/ros2_ws/install/share/thur/local_setup.dsv
[9.473s] -- Installing: /home/hans/ros2_ws/install/share/thur/package.dsv
[9.473s] -- Up-to-date: /home/hans/ros2_ws/install/share/ament_index/resource_index/packages/thur
[9.473s] -- Up-to-date: /home/hans/ros2_ws/install/share/ament_index/resource_index/hardware_interface__pluginlib__plugin/thur
[9.473s] -- Up-to-date: /home/hans/ros2_ws/install/share/thur/cmake/export_thurExport.cmake
[9.473s] -- Up-to-date: /home/hans/ros2_ws/install/share/thur/cmake/export_thurExport-noconfig.cmake
[9.473s] -- Up-to-date: /home/hans/ros2_ws/install/share/thur/cmake/ament_cmake_export_targets-extras.cmake
[9.473s] -- Up-to-date: /home/hans/ros2_ws/install/share/thur/cmake/ament_cmake_export_dependencies-extras.cmake
[9.473s] -- Up-to-date: /home/hans/ros2_ws/install/share/thur/cmake/thurConfig.cmake
[9.473s] -- Up-to-date: /home/hans/ros2_ws/install/share/thur/cmake/thurConfig-version.cmake
[9.476s] -- Up-to-date: /home/hans/ros2_ws/install/share/thur/package.xml
[9.479s] Invoked command in '/home/hans/ros2_ws/build/thur' returned '0': CMAKE_PREFIX_PATH=${CMAKE_PREFIX_PATH}:/opt/ros/iron /usr/bin/cmake --install /home/hans/ros2_ws/build/thur
