[0.224s] Invoking command in '/home/hans/ros2_ws/build/ros2_control_demo_example_2': CMAKE_PREFIX_PATH=${CMAKE_PREFIX_PATH}:/opt/ros/iron /usr/bin/cmake --build /home/hans/ros2_ws/build/ros2_control_demo_example_2 -- -j4 -l4
[0.685s] [100%] Built target ros2_control_demo_example_2
[0.736s] Invoked command in '/home/hans/ros2_ws/build/ros2_control_demo_example_2' returned '0': CMAKE_PREFIX_PATH=${CMAKE_PREFIX_PATH}:/opt/ros/iron /usr/bin/cmake --build /home/hans/ros2_ws/build/ros2_control_demo_example_2 -- -j4 -l4
[0.904s] Invoking command in '/home/hans/ros2_ws/build/ros2_control_demo_example_2': CMAKE_PREFIX_PATH=${CMAKE_PREFIX_PATH}:/opt/ros/iron /usr/bin/cmake --install /home/hans/ros2_ws/build/ros2_control_demo_example_2
[0.983s] -- Install configuration: ""
[0.986s] -- Up-to-date: /home/hans/ros2_ws/install/share/ros2_control_demo_example_2/ros2_control_demo_example_2.xml
[0.988s] -- Up-to-date: /home/hans/ros2_ws/install/include/ros2_control_demo_example_2
[1.008s] -- Up-to-date: /home/hans/ros2_ws/install/include/ros2_control_demo_example_2/ros2_control_demo_example_2
[1.008s] -- Up-to-date: /home/hans/ros2_ws/install/include/ros2_control_demo_example_2/ros2_control_demo_example_2/diffbot_system.hpp
[1.008s] -- Up-to-date: /home/hans/ros2_ws/install/share/ros2_control_demo_example_2/launch
[1.011s] -- Up-to-date: /home/hans/ros2_ws/install/share/ros2_control_demo_example_2/launch/view_robot.launch.py
[1.012s] -- Up-to-date: /home/hans/ros2_ws/install/share/ros2_control_demo_example_2/ros2_control
[1.015s] -- Up-to-date: /home/hans/ros2_ws/install/share/ros2_control_demo_example_2/ros2_control/diffbot.ros2_control.xacro
[1.015s] -- Up-to-date: /home/hans/ros2_ws/install/share/ros2_control_demo_example_2/urdf
[1.015s] -- Up-to-date: /home/hans/ros2_ws/install/share/ros2_control_demo_example_2/urdf/diffbot.urdf.xacro
[1.015s] -- Up-to-date: /home/hans/ros2_ws/install/share/ros2_control_demo_example_2/launch
[1.015s] -- Up-to-date: /home/hans/ros2_ws/install/share/ros2_control_demo_example_2/launch/diffbot.launch.py
[1.016s] -- Up-to-date: /home/hans/ros2_ws/install/share/ros2_control_demo_example_2/config
[1.016s] -- Up-to-date: /home/hans/ros2_ws/install/share/ros2_control_demo_example_2/config/diffbot_controllers.yaml
[1.016s] -- Up-to-date: /home/hans/ros2_ws/install/lib/libros2_control_demo_example_2.so
[1.016s] -- Up-to-date: /home/hans/ros2_ws/install/share/ros2_control_demo_example_2/environment/library_path.sh
[1.016s] -- Up-to-date: /home/hans/ros2_ws/install/share/ros2_control_demo_example_2/environment/library_path.dsv
[1.016s] -- Up-to-date: /home/hans/ros2_ws/install/share/ament_index/resource_index/package_run_dependencies/ros2_control_demo_example_2
[1.016s] -- Up-to-date: /home/hans/ros2_ws/install/share/ament_index/resource_index/parent_prefix_path/ros2_control_demo_example_2
[1.017s] -- Up-to-date: /home/hans/ros2_ws/install/share/ros2_control_demo_example_2/environment/ament_prefix_path.sh
[1.017s] -- Up-to-date: /home/hans/ros2_ws/install/share/ros2_control_demo_example_2/environment/ament_prefix_path.dsv
[1.017s] -- Up-to-date: /home/hans/ros2_ws/install/share/ros2_control_demo_example_2/environment/path.sh
[1.017s] -- Up-to-date: /home/hans/ros2_ws/install/share/ros2_control_demo_example_2/environment/path.dsv
[1.017s] -- Up-to-date: /home/hans/ros2_ws/install/share/ros2_control_demo_example_2/local_setup.bash
[1.020s] -- Up-to-date: /home/hans/ros2_ws/install/share/ros2_control_demo_example_2/local_setup.sh
[1.021s] -- Up-to-date: /home/hans/ros2_ws/install/share/ros2_control_demo_example_2/local_setup.zsh
[1.021s] -- Up-to-date: /home/hans/ros2_ws/install/share/ros2_control_demo_example_2/local_setup.dsv
[1.022s] -- Installing: /home/hans/ros2_ws/install/share/ros2_control_demo_example_2/package.dsv
[1.022s] -- Up-to-date: /home/hans/ros2_ws/install/share/ament_index/resource_index/packages/ros2_control_demo_example_2
[1.022s] -- Up-to-date: /home/hans/ros2_ws/install/share/ament_index/resource_index/hardware_interface__pluginlib__plugin/ros2_control_demo_example_2
[1.023s] -- Up-to-date: /home/hans/ros2_ws/install/share/ros2_control_demo_example_2/cmake/export_ros2_control_demo_example_2Export.cmake
[1.023s] -- Up-to-date: /home/hans/ros2_ws/install/share/ros2_control_demo_example_2/cmake/export_ros2_control_demo_example_2Export-noconfig.cmake
[1.023s] -- Up-to-date: /home/hans/ros2_ws/install/share/ros2_control_demo_example_2/cmake/ament_cmake_export_targets-extras.cmake
[1.024s] -- Up-to-date: /home/hans/ros2_ws/install/share/ros2_control_demo_example_2/cmake/ament_cmake_export_dependencies-extras.cmake
[1.024s] -- Up-to-date: /home/hans/ros2_ws/install/share/ros2_control_demo_example_2/cmake/ros2_control_demo_example_2Config.cmake
[1.024s] -- Up-to-date: /home/hans/ros2_ws/install/share/ros2_control_demo_example_2/cmake/ros2_control_demo_example_2Config-version.cmake
[1.024s] -- Up-to-date: /home/hans/ros2_ws/install/share/ros2_control_demo_example_2/package.xml
[1.067s] Invoked command in '/home/hans/ros2_ws/build/ros2_control_demo_example_2' returned '0': CMAKE_PREFIX_PATH=${CMAKE_PREFIX_PATH}:/opt/ros/iron /usr/bin/cmake --install /home/hans/ros2_ws/build/ros2_control_demo_example_2
