[35m[1mConsolidate compiler generated dependencies of target thur[0m
[ 33%] [32mBuilding CXX object CMakeFiles/thur.dir/hardware/thur_diff.cpp.o[0m
In file included from [01m[K/opt/ros/iron/include/rclcpp/rclcpp/logging.hpp:24[m[K,
                 from [01m[K/opt/ros/iron/include/rclcpp/rclcpp/client.hpp:43[m[K,
                 from [01m[K/opt/ros/iron/include/rclcpp/rclcpp/callback_group.hpp:24[m[K,
                 from [01m[K/opt/ros/iron/include/rclcpp/rclcpp/any_executable.hpp:20[m[K,
                 from [01m[K/opt/ros/iron/include/rclcpp/rclcpp/memory_strategy.hpp:25[m[K,
                 from [01m[K/opt/ros/iron/include/rclcpp/rclcpp/memory_strategies.hpp:18[m[K,
                 from [01m[K/opt/ros/iron/include/rclcpp/rclcpp/executor_options.hpp:20[m[K,
                 from [01m[K/opt/ros/iron/include/rclcpp/rclcpp/executor.hpp:37[m[K,
                 from [01m[K/opt/ros/iron/include/rclcpp/rclcpp/executors/multi_threaded_executor.hpp:25[m[K,
                 from [01m[K/opt/ros/iron/include/rclcpp/rclcpp/executors.hpp:21[m[K,
                 from [01m[K/opt/ros/iron/include/rclcpp/rclcpp/rclcpp.hpp:167[m[K,
                 from [01m[K/home/hans/ros2_ws/src/ros2_control_demos/thur/hardware/thur_diff.cpp:24[m[K:
[01m[K/home/hans/ros2_ws/src/ros2_control_demos/thur/hardware/thur_diff.cpp:[m[K In member function ‘[01m[Kvirtual hardware_interface::CallbackReturn thur::ThurSystemHardware::on_activate(const rclcpp_lifecycle::State&)[m[K’:
[01m[K/home/hans/ros2_ws/src/ros2_control_demos/thur/hardware/thur_diff.cpp:158:61:[m[K [01;35m[Kwarning: [m[Kformat ‘[01m[K%i[m[K’ expects argument of type ‘[01m[Kint[m[K’, but argument 5 has type ‘[01m[Kchar*[m[K’ [[01;35m[K]8;;https://gcc.gnu.org/onlinedocs/gcc/Warning-Options.html#index-Wformat=-Wformat=]8;;[m[K]
  158 |       RCLCPP_INFO(rclcpp::get_logger("ThurSystemHardware"), [01;35m[K"Trying to activate serial port '%i' ..."[m[K, [32m[Kserial_port_->to_string()[m[K);
      |                                                             [01;35m[K^~~~~~~~~~~~~~~~~~~~~~~~~~~~~~~~~~~~~~~~~[m[K  [32m[K~~~~~~~~~~~~~~~~~~~~~~~~~[m[K
      |                                                                                                                               [32m[K|[m[K
      |                                                                                                                               [32m[Kchar*[m[K
[01m[K/home/hans/ros2_ws/src/ros2_control_demos/thur/hardware/thur_diff.cpp:158:95:[m[K [01;36m[Knote: [m[Kformat string is defined here
  158 |       RCLCPP_INFO(rclcpp::get_logger("ThurSystemHardware"), "Trying to activate serial port '[01;36m[K%i[m[K' ...", serial_port_->to_string());
      |                                                                                              [01;36m[K~^[m[K
      |                                                                                               [01;36m[K|[m[K
      |                                                                                               [01;36m[Kint[m[K
      |                                                                                              [32m[K%s[m[K
[01m[K/home/hans/ros2_ws/src/ros2_control_demos/thur/hardware/thur_diff.cpp:[m[K In member function ‘[01m[Kvirtual hardware_interface::return_type thur::ThurSystemHardware::read(const rclcpp::Time&, const rclcpp::Duration&)[m[K’:
[01m[K/home/hans/ros2_ws/src/ros2_control_demos/thur/hardware/thur_diff.cpp:194:59:[m[K [01;35m[Kwarning: [m[Kunused parameter ‘[01m[Kperiod[m[K’ [[01;35m[K]8;;https://gcc.gnu.org/onlinedocs/gcc/Warning-Options.html#index-Wunused-parameter-Wunused-parameter]8;;[m[K]
  194 |   const rclcpp::Time & /*time*/, [01;35m[Kconst rclcpp::Duration & period[m[K)
      |                                  [01;35m[K~~~~~~~~~~~~~~~~~~~~~~~~~^~~~~~[m[K
[ 66%] [32m[1mLinking CXX shared library libthur.so[0m
[100%] Built target thur
-- Install configuration: ""
-- Up-to-date: /home/hans/ros2_ws/install/share/thur/thur.xml
-- Up-to-date: /home/hans/ros2_ws/install/include/thur
-- Up-to-date: /home/hans/ros2_ws/install/include/thur/serial.hpp
-- Up-to-date: /home/hans/ros2_ws/install/include/thur/thur
-- Up-to-date: /home/hans/ros2_ws/install/include/thur/thur/thur_diff.hpp
-- Up-to-date: /home/hans/ros2_ws/install/share/thur/launch
-- Up-to-date: /home/hans/ros2_ws/install/share/thur/launch/view_robot.launch.py
-- Up-to-date: /home/hans/ros2_ws/install/share/thur/ros2_control
-- Up-to-date: /home/hans/ros2_ws/install/share/thur/ros2_control/thur.ros2_control.xacro
-- Up-to-date: /home/hans/ros2_ws/install/share/thur/urdf
-- Up-to-date: /home/hans/ros2_ws/install/share/thur/urdf/thur.urdf.xacro
-- Up-to-date: /home/hans/ros2_ws/install/share/thur/launch
-- Up-to-date: /home/hans/ros2_ws/install/share/thur/launch/thur.launch.py
-- Up-to-date: /home/hans/ros2_ws/install/share/thur/config
-- Up-to-date: /home/hans/ros2_ws/install/share/thur/config/thur_controllers.yaml
-- Installing: /home/hans/ros2_ws/install/lib/libthur.so
-- Set runtime path of "/home/hans/ros2_ws/install/lib/libthur.so" to ""
-- Up-to-date: /home/hans/ros2_ws/install/share/thur/environment/library_path.sh
-- Up-to-date: /home/hans/ros2_ws/install/share/thur/environment/library_path.dsv
-- Up-to-date: /home/hans/ros2_ws/install/share/ament_index/resource_index/package_run_dependencies/thur
-- Up-to-date: /home/hans/ros2_ws/install/share/ament_index/resource_index/parent_prefix_path/thur
-- Up-to-date: /home/hans/ros2_ws/install/share/thur/environment/ament_prefix_path.sh
-- Up-to-date: /home/hans/ros2_ws/install/share/thur/environment/ament_prefix_path.dsv
-- Up-to-date: /home/hans/ros2_ws/install/share/thur/environment/path.sh
-- Up-to-date: /home/hans/ros2_ws/install/share/thur/environment/path.dsv
-- Up-to-date: /home/hans/ros2_ws/install/share/thur/local_setup.bash
-- Up-to-date: /home/hans/ros2_ws/install/share/thur/local_setup.sh
-- Up-to-date: /home/hans/ros2_ws/install/share/thur/local_setup.zsh
-- Up-to-date: /home/hans/ros2_ws/install/share/thur/local_setup.dsv
-- Installing: /home/hans/ros2_ws/install/share/thur/package.dsv
-- Up-to-date: /home/hans/ros2_ws/install/share/ament_index/resource_index/packages/thur
-- Up-to-date: /home/hans/ros2_ws/install/share/ament_index/resource_index/hardware_interface__pluginlib__plugin/thur
-- Up-to-date: /home/hans/ros2_ws/install/share/thur/cmake/export_thurExport.cmake
-- Up-to-date: /home/hans/ros2_ws/install/share/thur/cmake/export_thurExport-noconfig.cmake
-- Up-to-date: /home/hans/ros2_ws/install/share/thur/cmake/ament_cmake_export_targets-extras.cmake
-- Up-to-date: /home/hans/ros2_ws/install/share/thur/cmake/ament_cmake_export_dependencies-extras.cmake
-- Up-to-date: /home/hans/ros2_ws/install/share/thur/cmake/thurConfig.cmake
-- Up-to-date: /home/hans/ros2_ws/install/share/thur/cmake/thurConfig-version.cmake
-- Up-to-date: /home/hans/ros2_ws/install/share/thur/package.xml
