[0.020s] Invoking command in '/home/hans/ros2_ws/build/ros2_control_demo_example_12': AMENT_PREFIX_PATH=/home/hans/ros2_ws/install:${AMENT_PREFIX_PATH} CMAKE_PREFIX_PATH=/home/hans/ros2_ws/install:/opt/ros/iron LD_LIBRARY_PATH=/home/hans/ros2_ws/install/lib:${LD_LIBRARY_PATH} PYTHONPATH=/home/hans/ros2_ws/install/lib/python3.10/site-packages:${PYTHONPATH} /usr/bin/cmake --build /home/hans/ros2_ws/build/ros2_control_demo_example_12 -- -j1 -l1
[0.103s] [35m[1mConsolidate compiler generated dependencies of target ros2_control_demo_example_12[0m
[0.141s] [ 40%] Built target ros2_control_demo_example_12
[0.164s] [ 60%] Built target passthrough_controller_parameters
[0.177s] [35m[1mConsolidate compiler generated dependencies of target passthrough_controller[0m
[0.198s] [100%] Built target passthrough_controller
[0.224s] Invoked command in '/home/hans/ros2_ws/build/ros2_control_demo_example_12' returned '0': AMENT_PREFIX_PATH=/home/hans/ros2_ws/install:${AMENT_PREFIX_PATH} CMAKE_PREFIX_PATH=/home/hans/ros2_ws/install:/opt/ros/iron LD_LIBRARY_PATH=/home/hans/ros2_ws/install/lib:${LD_LIBRARY_PATH} PYTHONPATH=/home/hans/ros2_ws/install/lib/python3.10/site-packages:${PYTHONPATH} /usr/bin/cmake --build /home/hans/ros2_ws/build/ros2_control_demo_example_12 -- -j1 -l1
[0.257s] Invoking command in '/home/hans/ros2_ws/build/ros2_control_demo_example_12': AMENT_PREFIX_PATH=/home/hans/ros2_ws/install:${AMENT_PREFIX_PATH} CMAKE_PREFIX_PATH=/home/hans/ros2_ws/install:/opt/ros/iron LD_LIBRARY_PATH=/home/hans/ros2_ws/install/lib:${LD_LIBRARY_PATH} PYTHONPATH=/home/hans/ros2_ws/install/lib/python3.10/site-packages:${PYTHONPATH} /usr/bin/cmake --install /home/hans/ros2_ws/build/ros2_control_demo_example_12
[0.265s] -- Install configuration: ""
[0.266s] -- Up-to-date: /home/hans/ros2_ws/install/share/ros2_control_demo_example_12/ros2_control_demo_example_12.xml
[0.266s] -- Up-to-date: /home/hans/ros2_ws/install/include/passthrough_controller_parameters
[0.266s] -- Up-to-date: /home/hans/ros2_ws/install/include/passthrough_controller_parameters/passthrough_controller_parameters.hpp
[0.266s] -- Up-to-date: /home/hans/ros2_ws/install/share/ros2_control_demo_example_12/passthrough_controller.xml
[0.266s] -- Up-to-date: /home/hans/ros2_ws/install/include/ros2_control_demo_example_12
[0.267s] -- Up-to-date: /home/hans/ros2_ws/install/include/ros2_control_demo_example_12/ros2_control_demo_example_12
[0.267s] -- Up-to-date: /home/hans/ros2_ws/install/include/ros2_control_demo_example_12/ros2_control_demo_example_12/rrbot.hpp
[0.267s] -- Up-to-date: /home/hans/ros2_ws/install/share/ros2_control_demo_example_12/launch
[0.268s] -- Up-to-date: /home/hans/ros2_ws/install/share/ros2_control_demo_example_12/launch/view_robot.launch.py
[0.268s] -- Up-to-date: /home/hans/ros2_ws/install/share/ros2_control_demo_example_12/ros2_control
[0.268s] -- Up-to-date: /home/hans/ros2_ws/install/share/ros2_control_demo_example_12/ros2_control/rrbot.ros2_control.xacro
[0.269s] -- Up-to-date: /home/hans/ros2_ws/install/share/ros2_control_demo_example_12/urdf
[0.269s] -- Up-to-date: /home/hans/ros2_ws/install/share/ros2_control_demo_example_12/urdf/rrbot.urdf.xacro
[0.269s] -- Up-to-date: /home/hans/ros2_ws/install/share/ros2_control_demo_example_12/launch
[0.270s] -- Up-to-date: /home/hans/ros2_ws/install/share/ros2_control_demo_example_12/launch/launch_chained_controllers.launch.py
[0.270s] -- Up-to-date: /home/hans/ros2_ws/install/share/ros2_control_demo_example_12/launch/rrbot.launch.py
[0.270s] -- Up-to-date: /home/hans/ros2_ws/install/share/ros2_control_demo_example_12/config
[0.270s] -- Up-to-date: /home/hans/ros2_ws/install/share/ros2_control_demo_example_12/config/rrbot_chained_controllers.yaml
[0.272s] -- Up-to-date: /home/hans/ros2_ws/install/lib/libros2_control_demo_example_12.so
[0.272s] -- Up-to-date: /home/hans/ros2_ws/install/include/passthrough_controller
[0.272s] -- Up-to-date: /home/hans/ros2_ws/install/include/passthrough_controller/passthrough_controller
[0.272s] -- Up-to-date: /home/hans/ros2_ws/install/include/passthrough_controller/passthrough_controller/passthrough_controller.hpp
[0.273s] -- Up-to-date: /home/hans/ros2_ws/install/lib/libpassthrough_controller.so
[0.273s] -- Up-to-date: /home/hans/ros2_ws/install/share/ros2_control_demo_example_12/environment/library_path.sh
[0.273s] -- Up-to-date: /home/hans/ros2_ws/install/share/ros2_control_demo_example_12/environment/library_path.dsv
[0.274s] -- Up-to-date: /home/hans/ros2_ws/install/share/ament_index/resource_index/package_run_dependencies/ros2_control_demo_example_12
[0.274s] -- Up-to-date: /home/hans/ros2_ws/install/share/ament_index/resource_index/parent_prefix_path/ros2_control_demo_example_12
[0.274s] -- Up-to-date: /home/hans/ros2_ws/install/share/ros2_control_demo_example_12/environment/ament_prefix_path.sh
[0.274s] -- Up-to-date: /home/hans/ros2_ws/install/share/ros2_control_demo_example_12/environment/ament_prefix_path.dsv
[0.274s] -- Up-to-date: /home/hans/ros2_ws/install/share/ros2_control_demo_example_12/environment/path.sh
[0.275s] -- Up-to-date: /home/hans/ros2_ws/install/share/ros2_control_demo_example_12/environment/path.dsv
[0.275s] -- Up-to-date: /home/hans/ros2_ws/install/share/ros2_control_demo_example_12/local_setup.bash
[0.275s] -- Up-to-date: /home/hans/ros2_ws/install/share/ros2_control_demo_example_12/local_setup.sh
[0.275s] -- Up-to-date: /home/hans/ros2_ws/install/share/ros2_control_demo_example_12/local_setup.zsh
[0.275s] -- Up-to-date: /home/hans/ros2_ws/install/share/ros2_control_demo_example_12/local_setup.dsv
[0.276s] -- Installing: /home/hans/ros2_ws/install/share/ros2_control_demo_example_12/package.dsv
[0.276s] -- Up-to-date: /home/hans/ros2_ws/install/share/ament_index/resource_index/packages/ros2_control_demo_example_12
[0.277s] -- Up-to-date: /home/hans/ros2_ws/install/share/ament_index/resource_index/hardware_interface__pluginlib__plugin/ros2_control_demo_example_12
[0.277s] -- Up-to-date: /home/hans/ros2_ws/install/share/ament_index/resource_index/controller_interface__pluginlib__plugin/ros2_control_demo_example_12
[0.278s] -- Up-to-date: /home/hans/ros2_ws/install/share/ros2_control_demo_example_12/cmake/export_passthrough_controllerExport.cmake
[0.278s] -- Up-to-date: /home/hans/ros2_ws/install/share/ros2_control_demo_example_12/cmake/export_passthrough_controllerExport-noconfig.cmake
[0.279s] -- Up-to-date: /home/hans/ros2_ws/install/share/ros2_control_demo_example_12/cmake/export_ros2_control_demo_example_12Export.cmake
[0.279s] -- Up-to-date: /home/hans/ros2_ws/install/share/ros2_control_demo_example_12/cmake/export_ros2_control_demo_example_12Export-noconfig.cmake
[0.279s] -- Up-to-date: /home/hans/ros2_ws/install/share/ros2_control_demo_example_12/cmake/ament_cmake_export_targets-extras.cmake
[0.279s] -- Up-to-date: /home/hans/ros2_ws/install/share/ros2_control_demo_example_12/cmake/ament_cmake_export_dependencies-extras.cmake
[0.280s] -- Up-to-date: /home/hans/ros2_ws/install/share/ros2_control_demo_example_12/cmake/ros2_control_demo_example_12Config.cmake
[0.280s] -- Up-to-date: /home/hans/ros2_ws/install/share/ros2_control_demo_example_12/cmake/ros2_control_demo_example_12Config-version.cmake
[0.280s] -- Up-to-date: /home/hans/ros2_ws/install/share/ros2_control_demo_example_12/package.xml
[0.283s] Invoked command in '/home/hans/ros2_ws/build/ros2_control_demo_example_12' returned '0': AMENT_PREFIX_PATH=/home/hans/ros2_ws/install:${AMENT_PREFIX_PATH} CMAKE_PREFIX_PATH=/home/hans/ros2_ws/install:/opt/ros/iron LD_LIBRARY_PATH=/home/hans/ros2_ws/install/lib:${LD_LIBRARY_PATH} PYTHONPATH=/home/hans/ros2_ws/install/lib/python3.10/site-packages:${PYTHONPATH} /usr/bin/cmake --install /home/hans/ros2_ws/build/ros2_control_demo_example_12
