[0.273s] Invoking command in '/home/hans/ros2_ws/build/ros2_control_demo_example_9': CMAKE_PREFIX_PATH=${CMAKE_PREFIX_PATH}:/opt/ros/iron /usr/bin/cmake --build /home/hans/ros2_ws/build/ros2_control_demo_example_9 -- -j4 -l4
[0.696s] [100%] Built target ros2_control_demo_example_9
[0.755s] Invoked command in '/home/hans/ros2_ws/build/ros2_control_demo_example_9' returned '0': CMAKE_PREFIX_PATH=${CMAKE_PREFIX_PATH}:/opt/ros/iron /usr/bin/cmake --build /home/hans/ros2_ws/build/ros2_control_demo_example_9 -- -j4 -l4
[0.848s] Invoking command in '/home/hans/ros2_ws/build/ros2_control_demo_example_9': CMAKE_PREFIX_PATH=${CMAKE_PREFIX_PATH}:/opt/ros/iron /usr/bin/cmake --install /home/hans/ros2_ws/build/ros2_control_demo_example_9
[0.916s] -- Install configuration: ""
[0.916s] -- Up-to-date: /home/hans/ros2_ws/install/share/ros2_control_demo_example_9/ros2_control_demo_example_9.xml
[0.917s] -- Up-to-date: /home/hans/ros2_ws/install/include/ros2_control_demo_example_9
[0.917s] -- Up-to-date: /home/hans/ros2_ws/install/include/ros2_control_demo_example_9/ros2_control_demo_example_9
[0.917s] -- Up-to-date: /home/hans/ros2_ws/install/include/ros2_control_demo_example_9/ros2_control_demo_example_9/rrbot.hpp
[0.917s] -- Up-to-date: /home/hans/ros2_ws/install/share/ros2_control_demo_example_9/launch
[0.917s] -- Up-to-date: /home/hans/ros2_ws/install/share/ros2_control_demo_example_9/launch/view_robot.launch.py
[0.917s] -- Up-to-date: /home/hans/ros2_ws/install/share/ros2_control_demo_example_9/ros2_control
[0.918s] -- Up-to-date: /home/hans/ros2_ws/install/share/ros2_control_demo_example_9/ros2_control/rrbot.ros2_control.xacro
[0.918s] -- Up-to-date: /home/hans/ros2_ws/install/share/ros2_control_demo_example_9/urdf
[0.918s] -- Up-to-date: /home/hans/ros2_ws/install/share/ros2_control_demo_example_9/urdf/rrbot.urdf.xacro
[0.918s] -- Up-to-date: /home/hans/ros2_ws/install/share/ros2_control_demo_example_9/gazebo
[0.919s] -- Up-to-date: /home/hans/ros2_ws/install/share/ros2_control_demo_example_9/gazebo/rrbot.gazebo.xacro
[0.919s] -- Up-to-date: /home/hans/ros2_ws/install/share/ros2_control_demo_example_9/launch
[0.919s] -- Up-to-date: /home/hans/ros2_ws/install/share/ros2_control_demo_example_9/launch/rrbot_gazebo_classic.launch.py
[0.919s] -- Up-to-date: /home/hans/ros2_ws/install/share/ros2_control_demo_example_9/launch/test_forward_position_controller.launch.py
[0.919s] -- Up-to-date: /home/hans/ros2_ws/install/share/ros2_control_demo_example_9/launch/rrbot.launch.py
[0.920s] -- Up-to-date: /home/hans/ros2_ws/install/share/ros2_control_demo_example_9/config
[0.920s] -- Up-to-date: /home/hans/ros2_ws/install/share/ros2_control_demo_example_9/config/rrbot_forward_position_publisher.yaml
[0.920s] -- Up-to-date: /home/hans/ros2_ws/install/share/ros2_control_demo_example_9/config/rrbot_controllers.yaml
[0.922s] -- Up-to-date: /home/hans/ros2_ws/install/lib/libros2_control_demo_example_9.so
[0.922s] -- Up-to-date: /home/hans/ros2_ws/install/share/ros2_control_demo_example_9/environment/library_path.sh
[0.922s] -- Up-to-date: /home/hans/ros2_ws/install/share/ros2_control_demo_example_9/environment/library_path.dsv
[0.923s] -- Up-to-date: /home/hans/ros2_ws/install/share/ament_index/resource_index/package_run_dependencies/ros2_control_demo_example_9
[0.923s] -- Up-to-date: /home/hans/ros2_ws/install/share/ament_index/resource_index/parent_prefix_path/ros2_control_demo_example_9
[0.934s] -- Up-to-date: /home/hans/ros2_ws/install/share/ros2_control_demo_example_9/environment/ament_prefix_path.sh
[0.934s] -- Up-to-date: /home/hans/ros2_ws/install/share/ros2_control_demo_example_9/environment/ament_prefix_path.dsv
[0.938s] -- Up-to-date: /home/hans/ros2_ws/install/share/ros2_control_demo_example_9/environment/path.sh
[0.938s] -- Up-to-date: /home/hans/ros2_ws/install/share/ros2_control_demo_example_9/environment/path.dsv
[0.939s] -- Up-to-date: /home/hans/ros2_ws/install/share/ros2_control_demo_example_9/local_setup.bash
[0.939s] -- Up-to-date: /home/hans/ros2_ws/install/share/ros2_control_demo_example_9/local_setup.sh
[0.939s] -- Up-to-date: /home/hans/ros2_ws/install/share/ros2_control_demo_example_9/local_setup.zsh
[0.939s] -- Up-to-date: /home/hans/ros2_ws/install/share/ros2_control_demo_example_9/local_setup.dsv
[0.940s] -- Installing: /home/hans/ros2_ws/install/share/ros2_control_demo_example_9/package.dsv
[0.940s] -- Up-to-date: /home/hans/ros2_ws/install/share/ament_index/resource_index/packages/ros2_control_demo_example_9
[0.940s] -- Up-to-date: /home/hans/ros2_ws/install/share/ament_index/resource_index/hardware_interface__pluginlib__plugin/ros2_control_demo_example_9
[0.940s] -- Up-to-date: /home/hans/ros2_ws/install/share/ros2_control_demo_example_9/cmake/export_ros2_control_demo_example_9Export.cmake
[0.940s] -- Up-to-date: /home/hans/ros2_ws/install/share/ros2_control_demo_example_9/cmake/export_ros2_control_demo_example_9Export-noconfig.cmake
[0.941s] -- Up-to-date: /home/hans/ros2_ws/install/share/ros2_control_demo_example_9/cmake/ament_cmake_export_targets-extras.cmake
[0.941s] -- Up-to-date: /home/hans/ros2_ws/install/share/ros2_control_demo_example_9/cmake/ament_cmake_export_dependencies-extras.cmake
[0.941s] -- Up-to-date: /home/hans/ros2_ws/install/share/ros2_control_demo_example_9/cmake/ros2_control_demo_example_9Config.cmake
[0.941s] -- Up-to-date: /home/hans/ros2_ws/install/share/ros2_control_demo_example_9/cmake/ros2_control_demo_example_9Config-version.cmake
[0.941s] -- Up-to-date: /home/hans/ros2_ws/install/share/ros2_control_demo_example_9/package.xml
[0.993s] Invoked command in '/home/hans/ros2_ws/build/ros2_control_demo_example_9' returned '0': CMAKE_PREFIX_PATH=${CMAKE_PREFIX_PATH}:/opt/ros/iron /usr/bin/cmake --install /home/hans/ros2_ws/build/ros2_control_demo_example_9
