[0.161s] Invoking command in '/home/hans/ros2_ws/build/ros2_control_demo_example_7': CMAKE_PREFIX_PATH=${CMAKE_PREFIX_PATH}:/opt/ros/iron /usr/bin/cmake --build /home/hans/ros2_ws/build/ros2_control_demo_example_7 -- -j4 -l4
[0.588s] [ 40%] Built target send_trajectory
[0.698s] [100%] Built target ros2_control_demo_example_7
[0.885s] Invoked command in '/home/hans/ros2_ws/build/ros2_control_demo_example_7' returned '0': CMAKE_PREFIX_PATH=${CMAKE_PREFIX_PATH}:/opt/ros/iron /usr/bin/cmake --build /home/hans/ros2_ws/build/ros2_control_demo_example_7 -- -j4 -l4
[1.264s] Invoking command in '/home/hans/ros2_ws/build/ros2_control_demo_example_7': CMAKE_PREFIX_PATH=${CMAKE_PREFIX_PATH}:/opt/ros/iron /usr/bin/cmake --install /home/hans/ros2_ws/build/ros2_control_demo_example_7
[1.305s] -- Install configuration: ""
[1.305s] -- Up-to-date: /home/hans/ros2_ws/install/share/ros2_control_demo_example_7/ros2_control_demo_example_7.xml
[1.306s] -- Up-to-date: /home/hans/ros2_ws/install/share/ros2_control_demo_example_7/ros2_control_demo_example_7.xml
[1.306s] -- Up-to-date: /home/hans/ros2_ws/install/include/ros2_control_demo_example_7
[1.306s] -- Up-to-date: /home/hans/ros2_ws/install/include/ros2_control_demo_example_7/ros2_control_demo_example_7
[1.306s] -- Up-to-date: /home/hans/ros2_ws/install/include/ros2_control_demo_example_7/ros2_control_demo_example_7/r6bot_hardware.hpp
[1.306s] -- Up-to-date: /home/hans/ros2_ws/install/share/ros2_control_demo_example_7/launch
[1.312s] -- Up-to-date: /home/hans/ros2_ws/install/share/ros2_control_demo_example_7/launch/view_r6bot.launch.py
[1.318s] -- Up-to-date: /home/hans/ros2_ws/install/share/ros2_control_demo_example_7/ros2_control
[1.319s] -- Up-to-date: /home/hans/ros2_ws/install/share/ros2_control_demo_example_7/ros2_control/r6bot.ros2_control.xacro
[1.321s] -- Up-to-date: /home/hans/ros2_ws/install/share/ros2_control_demo_example_7/urdf
[1.321s] -- Up-to-date: /home/hans/ros2_ws/install/share/ros2_control_demo_example_7/urdf/r6bot.urdf.xacro
[1.321s] -- Up-to-date: /home/hans/ros2_ws/install/share/ros2_control_demo_example_7/launch
[1.321s] -- Up-to-date: /home/hans/ros2_ws/install/share/ros2_control_demo_example_7/launch/send_trajectory.launch.py
[1.324s] -- Up-to-date: /home/hans/ros2_ws/install/share/ros2_control_demo_example_7/launch/r6bot_controller.launch.py
[1.324s] -- Up-to-date: /home/hans/ros2_ws/install/share/ros2_control_demo_example_7/config
[1.325s] -- Up-to-date: /home/hans/ros2_ws/install/share/ros2_control_demo_example_7/config/r6bot_controller.yaml
[1.326s] -- Up-to-date: /home/hans/ros2_ws/install/lib/ros2_control_demo_example_7/send_trajectory
[1.326s] -- Up-to-date: /home/hans/ros2_ws/install/lib/libros2_control_demo_example_7.so
[1.327s] -- Up-to-date: /home/hans/ros2_ws/install/share/ros2_control_demo_example_7/environment/library_path.sh
[1.327s] -- Up-to-date: /home/hans/ros2_ws/install/share/ros2_control_demo_example_7/environment/library_path.dsv
[1.327s] -- Up-to-date: /home/hans/ros2_ws/install/share/ament_index/resource_index/package_run_dependencies/ros2_control_demo_example_7
[1.328s] -- Up-to-date: /home/hans/ros2_ws/install/share/ament_index/resource_index/parent_prefix_path/ros2_control_demo_example_7
[1.328s] -- Up-to-date: /home/hans/ros2_ws/install/share/ros2_control_demo_example_7/environment/ament_prefix_path.sh
[1.329s] -- Up-to-date: /home/hans/ros2_ws/install/share/ros2_control_demo_example_7/environment/ament_prefix_path.dsv
[1.334s] -- Up-to-date: /home/hans/ros2_ws/install/share/ros2_control_demo_example_7/environment/path.sh
[1.334s] -- Up-to-date: /home/hans/ros2_ws/install/share/ros2_control_demo_example_7/environment/path.dsv
[1.335s] -- Up-to-date: /home/hans/ros2_ws/install/share/ros2_control_demo_example_7/local_setup.bash
[1.335s] -- Up-to-date: /home/hans/ros2_ws/install/share/ros2_control_demo_example_7/local_setup.sh
[1.335s] -- Up-to-date: /home/hans/ros2_ws/install/share/ros2_control_demo_example_7/local_setup.zsh
[1.335s] -- Up-to-date: /home/hans/ros2_ws/install/share/ros2_control_demo_example_7/local_setup.dsv
[1.335s] -- Installing: /home/hans/ros2_ws/install/share/ros2_control_demo_example_7/package.dsv
[1.336s] -- Up-to-date: /home/hans/ros2_ws/install/share/ament_index/resource_index/packages/ros2_control_demo_example_7
[1.336s] -- Up-to-date: /home/hans/ros2_ws/install/share/ament_index/resource_index/hardware_interface__pluginlib__plugin/ros2_control_demo_example_7
[1.336s] -- Up-to-date: /home/hans/ros2_ws/install/share/ament_index/resource_index/controller_interface__pluginlib__plugin/ros2_control_demo_example_7
[1.336s] -- Up-to-date: /home/hans/ros2_ws/install/share/ros2_control_demo_example_7/cmake/export_ros2_control_demo_example_7Export.cmake
[1.339s] -- Up-to-date: /home/hans/ros2_ws/install/share/ros2_control_demo_example_7/cmake/export_ros2_control_demo_example_7Export-noconfig.cmake
[1.339s] -- Up-to-date: /home/hans/ros2_ws/install/share/ros2_control_demo_example_7/cmake/ament_cmake_export_targets-extras.cmake
[1.339s] -- Up-to-date: /home/hans/ros2_ws/install/share/ros2_control_demo_example_7/cmake/ament_cmake_export_dependencies-extras.cmake
[1.339s] -- Up-to-date: /home/hans/ros2_ws/install/share/ros2_control_demo_example_7/cmake/ros2_control_demo_example_7Config.cmake
[1.340s] -- Up-to-date: /home/hans/ros2_ws/install/share/ros2_control_demo_example_7/cmake/ros2_control_demo_example_7Config-version.cmake
[1.340s] -- Up-to-date: /home/hans/ros2_ws/install/share/ros2_control_demo_example_7/package.xml
[1.443s] Invoked command in '/home/hans/ros2_ws/build/ros2_control_demo_example_7' returned '0': CMAKE_PREFIX_PATH=${CMAKE_PREFIX_PATH}:/opt/ros/iron /usr/bin/cmake --install /home/hans/ros2_ws/build/ros2_control_demo_example_7
