[35m[1mConsolidate compiler generated dependencies of target thur[0m
[ 33%] [32mBuilding CXX object CMakeFiles/thur.dir/hardware/thur_diff.cpp.o[0m
[ 66%] [32mBuilding CXX object CMakeFiles/thur.dir/hardware/serial.cpp.o[0m
[01m[K/home/hans/ros2_ws/src/ros2_control_demos/thur/hardware/thur_diff.cpp:[m[K In member function ‘[01m[Kvirtual hardware_interface::return_type thur::ThurSystemHardware::read(const rclcpp::Time&, const rclcpp::Duration&)[m[K’:
[01m[K/home/hans/ros2_ws/src/ros2_control_demos/thur/hardware/thur_diff.cpp:194:59:[m[K [01;35m[Kwarning: [m[Kunused parameter ‘[01m[Kperiod[m[K’ [[01;35m[K]8;;https://gcc.gnu.org/onlinedocs/gcc/Warning-Options.html#index-Wunused-parameter-Wunused-parameter]8;;[m[K]
  194 |   const rclcpp::Time & /*time*/, [01;35m[Kconst rclcpp::Duration & period[m[K)
      |                                  [01;35m[K~~~~~~~~~~~~~~~~~~~~~~~~~^~~~~~[m[K
[01m[K/home/hans/ros2_ws/src/ros2_control_demos/thur/hardware/serial.cpp:[m[K In member function ‘[01m[Kthur::return_type thur::ThurSerialPort::read_frames(std::vector<thur::SerialHdlcFrame>&)[m[K’:
[01m[K/home/hans/ros2_ws/src/ros2_control_demos/thur/hardware/serial.cpp:95:37:[m[K [01;35m[Kwarning: [m[K‘[01m[Kssize_t read(int, void*, size_t)[m[K’ writing 256 bytes into a region of size 200 overflows the destination [[01;35m[K]8;;https://gcc.gnu.org/onlinedocs/gcc/Warning-Options.html#index-Wstringop-overflow=-Wstringop-overflow=]8;;[m[K]
   95 |     const ssize_t num_bytes = [01;35m[K::read(serial_port_, rx_buffer_, 256)[m[K;
      |                               [01;35m[K~~~~~~^~~~~~~~~~~~~~~~~~~~~~~~~~~~~~~[m[K
In file included from [01m[K/home/hans/ros2_ws/src/ros2_control_demos/thur/hardware/serial.cpp:10[m[K:
[01m[K/home/hans/ros2_ws/src/ros2_control_demos/thur/hardware/include/serial.hpp:47:17:[m[K [01;36m[Knote: [m[Kdestination object ‘[01m[Kthur::ThurSerialPort::rx_buffer_[m[K’ of size 200
   47 |         uint8_t [01;36m[Krx_buffer_[m[K[THUR_SERIAL_BUFFER_MAX_SIZE];
      |                 [01;36m[K^~~~~~~~~~[m[K
In file included from [01m[K/home/hans/ros2_ws/src/ros2_control_demos/thur/hardware/serial.cpp:7[m[K:
[01m[K/usr/include/unistd.h:371:16:[m[K [01;36m[Knote: [m[Kin a call to function ‘[01m[Kssize_t read(int, void*, size_t)[m[K’ declared with attribute ‘[01m[Kaccess (write_only, 2, 3)[m[K’
  371 | extern ssize_t [01;36m[Kread[m[K (int __fd, void *__buf, size_t __nbytes) __wur
      |                [01;36m[K^~~~[m[K
[100%] [32m[1mLinking CXX shared library libthur.so[0m
[100%] Built target thur
-- Install configuration: ""
-- Up-to-date: /home/hans/ros2_ws/install/share/thur/thur.xml
-- Up-to-date: /home/hans/ros2_ws/install/include/thur
-- Installing: /home/hans/ros2_ws/install/include/thur/serial.hpp
-- Up-to-date: /home/hans/ros2_ws/install/include/thur/thur
-- Up-to-date: /home/hans/ros2_ws/install/include/thur/thur/thur_diff.hpp
-- Up-to-date: /home/hans/ros2_ws/install/share/thur/launch
-- Up-to-date: /home/hans/ros2_ws/install/share/thur/launch/view_robot.launch.py
-- Up-to-date: /home/hans/ros2_ws/install/share/thur/ros2_control
-- Up-to-date: /home/hans/ros2_ws/install/share/thur/ros2_control/thur.ros2_control.xacro
-- Up-to-date: /home/hans/ros2_ws/install/share/thur/urdf
-- Up-to-date: /home/hans/ros2_ws/install/share/thur/urdf/thur.urdf.xacro
-- Up-to-date: /home/hans/ros2_ws/install/share/thur/launch
-- Up-to-date: /home/hans/ros2_ws/install/share/thur/launch/thur.launch.py
-- Up-to-date: /home/hans/ros2_ws/install/share/thur/config
-- Up-to-date: /home/hans/ros2_ws/install/share/thur/config/thur_controllers.yaml
-- Installing: /home/hans/ros2_ws/install/lib/libthur.so
-- Set runtime path of "/home/hans/ros2_ws/install/lib/libthur.so" to ""
-- Up-to-date: /home/hans/ros2_ws/install/share/thur/environment/library_path.sh
-- Up-to-date: /home/hans/ros2_ws/install/share/thur/environment/library_path.dsv
-- Up-to-date: /home/hans/ros2_ws/install/share/ament_index/resource_index/package_run_dependencies/thur
-- Up-to-date: /home/hans/ros2_ws/install/share/ament_index/resource_index/parent_prefix_path/thur
-- Up-to-date: /home/hans/ros2_ws/install/share/thur/environment/ament_prefix_path.sh
-- Up-to-date: /home/hans/ros2_ws/install/share/thur/environment/ament_prefix_path.dsv
-- Up-to-date: /home/hans/ros2_ws/install/share/thur/environment/path.sh
-- Up-to-date: /home/hans/ros2_ws/install/share/thur/environment/path.dsv
-- Up-to-date: /home/hans/ros2_ws/install/share/thur/local_setup.bash
-- Up-to-date: /home/hans/ros2_ws/install/share/thur/local_setup.sh
-- Up-to-date: /home/hans/ros2_ws/install/share/thur/local_setup.zsh
-- Up-to-date: /home/hans/ros2_ws/install/share/thur/local_setup.dsv
-- Installing: /home/hans/ros2_ws/install/share/thur/package.dsv
-- Up-to-date: /home/hans/ros2_ws/install/share/ament_index/resource_index/packages/thur
-- Up-to-date: /home/hans/ros2_ws/install/share/ament_index/resource_index/hardware_interface__pluginlib__plugin/thur
-- Up-to-date: /home/hans/ros2_ws/install/share/thur/cmake/export_thurExport.cmake
-- Up-to-date: /home/hans/ros2_ws/install/share/thur/cmake/export_thurExport-noconfig.cmake
-- Up-to-date: /home/hans/ros2_ws/install/share/thur/cmake/ament_cmake_export_targets-extras.cmake
-- Up-to-date: /home/hans/ros2_ws/install/share/thur/cmake/ament_cmake_export_dependencies-extras.cmake
-- Up-to-date: /home/hans/ros2_ws/install/share/thur/cmake/thurConfig.cmake
-- Up-to-date: /home/hans/ros2_ws/install/share/thur/cmake/thurConfig-version.cmake
-- Up-to-date: /home/hans/ros2_ws/install/share/thur/package.xml
