[0.150s] Invoking command in '/home/hans/ros2_ws/build/ros2_control_demo_example_15': CMAKE_PREFIX_PATH=${CMAKE_PREFIX_PATH}:/opt/ros/iron /usr/bin/cmake --build /home/hans/ros2_ws/build/ros2_control_demo_example_15 -- -j4 -l4
[0.372s] Invoked command in '/home/hans/ros2_ws/build/ros2_control_demo_example_15' returned '0': CMAKE_PREFIX_PATH=${CMAKE_PREFIX_PATH}:/opt/ros/iron /usr/bin/cmake --build /home/hans/ros2_ws/build/ros2_control_demo_example_15 -- -j4 -l4
[0.504s] Invoking command in '/home/hans/ros2_ws/build/ros2_control_demo_example_15': CMAKE_PREFIX_PATH=${CMAKE_PREFIX_PATH}:/opt/ros/iron /usr/bin/cmake --install /home/hans/ros2_ws/build/ros2_control_demo_example_15
[0.536s] -- Install configuration: ""
[0.537s] -- Up-to-date: /home/hans/ros2_ws/install/share/ros2_control_demo_example_15/rviz
[0.537s] -- Up-to-date: /home/hans/ros2_ws/install/share/ros2_control_demo_example_15/rviz/multi_controller_manager.rviz
[0.538s] -- Up-to-date: /home/hans/ros2_ws/install/share/ros2_control_demo_example_15/rviz/rrbot_namespace.rviz
[0.538s] -- Up-to-date: /home/hans/ros2_ws/install/share/ros2_control_demo_example_15/launch
[0.539s] -- Up-to-date: /home/hans/ros2_ws/install/share/ros2_control_demo_example_15/launch/test_forward_position_controller.launch.py
[0.539s] -- Up-to-date: /home/hans/ros2_ws/install/share/ros2_control_demo_example_15/launch/test_multi_controller_manager_forward_position_controller.launch.py
[0.540s] -- Up-to-date: /home/hans/ros2_ws/install/share/ros2_control_demo_example_15/launch/rrbot_base.launch.py
[0.540s] -- Up-to-date: /home/hans/ros2_ws/install/share/ros2_control_demo_example_15/launch/test_multi_controller_manager_joint_trajectory_controller.launch.py
[0.540s] -- Up-to-date: /home/hans/ros2_ws/install/share/ros2_control_demo_example_15/launch/rrbot_namespace.launch.py
[0.541s] -- Up-to-date: /home/hans/ros2_ws/install/share/ros2_control_demo_example_15/launch/test_joint_trajectory_controller.launch.py
[0.542s] -- Up-to-date: /home/hans/ros2_ws/install/share/ros2_control_demo_example_15/launch/multi_controller_manager_example_two_rrbots.launch.py
[0.542s] -- Up-to-date: /home/hans/ros2_ws/install/share/ros2_control_demo_example_15/config
[0.542s] -- Up-to-date: /home/hans/ros2_ws/install/share/ros2_control_demo_example_15/config/multi_controller_manager_rrbot_1_controllers.yaml
[0.542s] -- Up-to-date: /home/hans/ros2_ws/install/share/ros2_control_demo_example_15/config/rrbot_namespace_controllers.yaml
[0.543s] -- Up-to-date: /home/hans/ros2_ws/install/share/ros2_control_demo_example_15/config/rrbot_namespace_joint_trajectory_publisher.yaml
[0.544s] -- Up-to-date: /home/hans/ros2_ws/install/share/ros2_control_demo_example_15/config/multi_controller_manager_joint_trajectory_publisher.yaml
[0.544s] -- Up-to-date: /home/hans/ros2_ws/install/share/ros2_control_demo_example_15/config/multi_controller_manager_rrbot_2_controllers.yaml
[0.545s] -- Up-to-date: /home/hans/ros2_ws/install/share/ros2_control_demo_example_15/config/rrbot_namespace_forward_position_publisher.yaml
[0.545s] -- Up-to-date: /home/hans/ros2_ws/install/share/ros2_control_demo_example_15/config/multi_controller_manager_forward_position_publisher.yaml
[0.546s] -- Up-to-date: /home/hans/ros2_ws/install/share/ament_index/resource_index/package_run_dependencies/ros2_control_demo_example_15
[0.546s] -- Up-to-date: /home/hans/ros2_ws/install/share/ament_index/resource_index/parent_prefix_path/ros2_control_demo_example_15
[0.546s] -- Up-to-date: /home/hans/ros2_ws/install/share/ros2_control_demo_example_15/environment/ament_prefix_path.sh
[0.546s] -- Up-to-date: /home/hans/ros2_ws/install/share/ros2_control_demo_example_15/environment/ament_prefix_path.dsv
[0.546s] -- Up-to-date: /home/hans/ros2_ws/install/share/ros2_control_demo_example_15/environment/path.sh
[0.547s] -- Up-to-date: /home/hans/ros2_ws/install/share/ros2_control_demo_example_15/environment/path.dsv
[0.547s] -- Up-to-date: /home/hans/ros2_ws/install/share/ros2_control_demo_example_15/local_setup.bash
[0.547s] -- Up-to-date: /home/hans/ros2_ws/install/share/ros2_control_demo_example_15/local_setup.sh
[0.548s] -- Up-to-date: /home/hans/ros2_ws/install/share/ros2_control_demo_example_15/local_setup.zsh
[0.549s] -- Up-to-date: /home/hans/ros2_ws/install/share/ros2_control_demo_example_15/local_setup.dsv
[0.549s] -- Installing: /home/hans/ros2_ws/install/share/ros2_control_demo_example_15/package.dsv
[0.549s] -- Up-to-date: /home/hans/ros2_ws/install/share/ament_index/resource_index/packages/ros2_control_demo_example_15
[0.550s] -- Up-to-date: /home/hans/ros2_ws/install/share/ros2_control_demo_example_15/cmake/ros2_control_demo_example_15Config.cmake
[0.560s] -- Up-to-date: /home/hans/ros2_ws/install/share/ros2_control_demo_example_15/cmake/ros2_control_demo_example_15Config-version.cmake
[0.562s] -- Up-to-date: /home/hans/ros2_ws/install/share/ros2_control_demo_example_15/package.xml
[0.569s] Invoked command in '/home/hans/ros2_ws/build/ros2_control_demo_example_15' returned '0': CMAKE_PREFIX_PATH=${CMAKE_PREFIX_PATH}:/opt/ros/iron /usr/bin/cmake --install /home/hans/ros2_ws/build/ros2_control_demo_example_15
