[0.019s] Invoking command in '/home/hans/ros2_ws/build/thur': CMAKE_PREFIX_PATH=${CMAKE_PREFIX_PATH}:/opt/ros/iron /usr/bin/cmake --build /home/hans/ros2_ws/build/thur -- -j1 -l1
[0.143s] [35m[1mConsolidate compiler generated dependencies of target thur[0m
[0.200s] [ 33%] [32mBuilding CXX object CMakeFiles/thur.dir/hardware/serial.cpp.o[0m
[6.844s] [01m[K/home/hans/ros2_ws/src/ros2_control_demos/thur/hardware/serial.cpp:[m[K In member function ‘[01m[Kthur::return_type thur::ThurSerialPort::read_frames(std::vector<thur::SerialHdlcFrame>&)[m[K’:
[6.844s] [01m[K/home/hans/ros2_ws/src/ros2_control_demos/thur/hardware/serial.cpp:93:37:[m[K [01;35m[Kwarning: [m[K‘[01m[Kssize_t read(int, void*, size_t)[m[K’ writing 256 bytes into a region of size 200 overflows the destination [[01;35m[K]8;;https://gcc.gnu.org/onlinedocs/gcc/Warning-Options.html#index-Wstringop-overflow=-Wstringop-overflow=]8;;[m[K]
[6.845s]    93 |     const ssize_t num_bytes = [01;35m[K::read(serial_port_, rx_buffer_, 256)[m[K;
[6.845s]       |                               [01;35m[K~~~~~~^~~~~~~~~~~~~~~~~~~~~~~~~~~~~~~[m[K
[6.845s] In file included from [01m[K/home/hans/ros2_ws/src/ros2_control_demos/thur/hardware/serial.cpp:10[m[K:
[6.845s] [01m[K/home/hans/ros2_ws/src/ros2_control_demos/thur/hardware/include/serial.hpp:44:17:[m[K [01;36m[Knote: [m[Kdestination object ‘[01m[Kthur::ThurSerialPort::rx_buffer_[m[K’ of size 200
[6.845s]    44 |         uint8_t [01;36m[Krx_buffer_[m[K[THUR_SERIAL_BUFFER_MAX_SIZE];
[6.846s]       |                 [01;36m[K^~~~~~~~~~[m[K
[6.846s] In file included from [01m[K/home/hans/ros2_ws/src/ros2_control_demos/thur/hardware/serial.cpp:7[m[K:
[6.846s] [01m[K/usr/include/unistd.h:371:16:[m[K [01;36m[Knote: [m[Kin a call to function ‘[01m[Kssize_t read(int, void*, size_t)[m[K’ declared with attribute ‘[01m[Kaccess (write_only, 2, 3)[m[K’
[6.846s]   371 | extern ssize_t [01;36m[Kread[m[K (int __fd, void *__buf, size_t __nbytes) __wur
[6.846s]       |                [01;36m[K^~~~[m[K
[6.955s] [ 66%] [32m[1mLinking CXX shared library libthur.so[0m
[7.334s] [100%] Built target thur
[7.365s] Invoked command in '/home/hans/ros2_ws/build/thur' returned '0': CMAKE_PREFIX_PATH=${CMAKE_PREFIX_PATH}:/opt/ros/iron /usr/bin/cmake --build /home/hans/ros2_ws/build/thur -- -j1 -l1
[7.440s] Invoking command in '/home/hans/ros2_ws/build/thur': CMAKE_PREFIX_PATH=${CMAKE_PREFIX_PATH}:/opt/ros/iron /usr/bin/cmake --install /home/hans/ros2_ws/build/thur
[7.464s] -- Install configuration: ""
[7.465s] -- Installing: /home/hans/ros2_ws/install/share/thur/thur.xml
[7.465s] -- Installing: /home/hans/ros2_ws/install/include/thur
[7.466s] -- Installing: /home/hans/ros2_ws/install/include/thur/serial.hpp
[7.466s] -- Installing: /home/hans/ros2_ws/install/include/thur/thur
[7.467s] -- Installing: /home/hans/ros2_ws/install/include/thur/thur/thur_diff.hpp
[7.467s] -- Installing: /home/hans/ros2_ws/install/share/thur/launch
[7.468s] -- Installing: /home/hans/ros2_ws/install/share/thur/launch/view_robot.launch.py
[7.468s] -- Installing: /home/hans/ros2_ws/install/share/thur/ros2_control
[7.469s] -- Installing: /home/hans/ros2_ws/install/share/thur/ros2_control/diffbot.ros2_control.xacro
[7.470s] -- Installing: /home/hans/ros2_ws/install/share/thur/urdf
[7.470s] -- Installing: /home/hans/ros2_ws/install/share/thur/urdf/diffbot.urdf.xacro
[7.471s] -- Up-to-date: /home/hans/ros2_ws/install/share/thur/launch
[7.471s] -- Installing: /home/hans/ros2_ws/install/share/thur/launch/diffbot.launch.py
[7.472s] -- Installing: /home/hans/ros2_ws/install/share/thur/config
[7.472s] -- Installing: /home/hans/ros2_ws/install/share/thur/config/diffbot_controllers.yaml
[7.473s] -- Installing: /home/hans/ros2_ws/install/lib/libthur.so
[7.479s] -- Set runtime path of "/home/hans/ros2_ws/install/lib/libthur.so" to ""
[7.479s] -- Installing: /home/hans/ros2_ws/install/share/thur/environment/library_path.sh
[7.479s] -- Installing: /home/hans/ros2_ws/install/share/thur/environment/library_path.dsv
[7.480s] -- Installing: /home/hans/ros2_ws/install/share/ament_index/resource_index/package_run_dependencies/thur
[7.480s] -- Installing: /home/hans/ros2_ws/install/share/ament_index/resource_index/parent_prefix_path/thur
[7.481s] -- Installing: /home/hans/ros2_ws/install/share/thur/environment/ament_prefix_path.sh
[7.485s] -- Installing: /home/hans/ros2_ws/install/share/thur/environment/ament_prefix_path.dsv
[7.485s] -- Installing: /home/hans/ros2_ws/install/share/thur/environment/path.sh
[7.485s] -- Installing: /home/hans/ros2_ws/install/share/thur/environment/path.dsv
[7.485s] -- Installing: /home/hans/ros2_ws/install/share/thur/local_setup.bash
[7.485s] -- Installing: /home/hans/ros2_ws/install/share/thur/local_setup.sh
[7.485s] -- Installing: /home/hans/ros2_ws/install/share/thur/local_setup.zsh
[7.485s] -- Installing: /home/hans/ros2_ws/install/share/thur/local_setup.dsv
[7.486s] -- Installing: /home/hans/ros2_ws/install/share/thur/package.dsv
[7.487s] -- Installing: /home/hans/ros2_ws/install/share/ament_index/resource_index/packages/thur
[7.487s] -- Installing: /home/hans/ros2_ws/install/share/ament_index/resource_index/hardware_interface__pluginlib__plugin/thur
[7.488s] -- Installing: /home/hans/ros2_ws/install/share/thur/cmake/export_thurExport.cmake
[7.489s] -- Installing: /home/hans/ros2_ws/install/share/thur/cmake/export_thurExport-noconfig.cmake
[7.489s] -- Installing: /home/hans/ros2_ws/install/share/thur/cmake/ament_cmake_export_targets-extras.cmake
[7.490s] -- Installing: /home/hans/ros2_ws/install/share/thur/cmake/ament_cmake_export_dependencies-extras.cmake
[7.492s] -- Installing: /home/hans/ros2_ws/install/share/thur/cmake/thurConfig.cmake
[7.492s] -- Installing: /home/hans/ros2_ws/install/share/thur/cmake/thurConfig-version.cmake
[7.492s] -- Installing: /home/hans/ros2_ws/install/share/thur/package.xml
[7.497s] Invoked command in '/home/hans/ros2_ws/build/thur' returned '0': CMAKE_PREFIX_PATH=${CMAKE_PREFIX_PATH}:/opt/ros/iron /usr/bin/cmake --install /home/hans/ros2_ws/build/thur
