[0.012s] Invoking command in '/home/hans/ros2_ws/build/ros2_control_demo_example_14': AMENT_PREFIX_PATH=/home/hans/ros2_ws/install:${AMENT_PREFIX_PATH} CMAKE_PREFIX_PATH=/home/hans/ros2_ws/install:/opt/ros/iron LD_LIBRARY_PATH=/home/hans/ros2_ws/install/lib:${LD_LIBRARY_PATH} PYTHONPATH=/home/hans/ros2_ws/install/lib/python3.10/site-packages:${PYTHONPATH} /usr/bin/cmake --build /home/hans/ros2_ws/build/ros2_control_demo_example_14 -- -j1 -l1
[0.103s] [35m[1mConsolidate compiler generated dependencies of target ros2_control_demo_example_14[0m
[0.124s] [100%] Built target ros2_control_demo_example_14
[0.135s] Invoked command in '/home/hans/ros2_ws/build/ros2_control_demo_example_14' returned '0': AMENT_PREFIX_PATH=/home/hans/ros2_ws/install:${AMENT_PREFIX_PATH} CMAKE_PREFIX_PATH=/home/hans/ros2_ws/install:/opt/ros/iron LD_LIBRARY_PATH=/home/hans/ros2_ws/install/lib:${LD_LIBRARY_PATH} PYTHONPATH=/home/hans/ros2_ws/install/lib/python3.10/site-packages:${PYTHONPATH} /usr/bin/cmake --build /home/hans/ros2_ws/build/ros2_control_demo_example_14 -- -j1 -l1
[0.176s] Invoking command in '/home/hans/ros2_ws/build/ros2_control_demo_example_14': AMENT_PREFIX_PATH=/home/hans/ros2_ws/install:${AMENT_PREFIX_PATH} CMAKE_PREFIX_PATH=/home/hans/ros2_ws/install:/opt/ros/iron LD_LIBRARY_PATH=/home/hans/ros2_ws/install/lib:${LD_LIBRARY_PATH} PYTHONPATH=/home/hans/ros2_ws/install/lib/python3.10/site-packages:${PYTHONPATH} /usr/bin/cmake --install /home/hans/ros2_ws/build/ros2_control_demo_example_14
[0.187s] -- Install configuration: ""
[0.187s] -- Up-to-date: /home/hans/ros2_ws/install/share/ros2_control_demo_example_14/ros2_control_demo_example_14.xml
[0.187s] -- Up-to-date: /home/hans/ros2_ws/install/include/ros2_control_demo_example_14
[0.188s] -- Up-to-date: /home/hans/ros2_ws/install/include/ros2_control_demo_example_14/ros2_control_demo_example_14
[0.188s] -- Up-to-date: /home/hans/ros2_ws/install/include/ros2_control_demo_example_14/ros2_control_demo_example_14/rrbot_sensor_for_position_feedback.hpp
[0.188s] -- Up-to-date: /home/hans/ros2_ws/install/include/ros2_control_demo_example_14/ros2_control_demo_example_14/rrbot_actuator_without_feedback.hpp
[0.188s] -- Up-to-date: /home/hans/ros2_ws/install/share/ros2_control_demo_example_14/launch
[0.188s] -- Up-to-date: /home/hans/ros2_ws/install/share/ros2_control_demo_example_14/launch/view_robot.launch.py
[0.188s] -- Up-to-date: /home/hans/ros2_ws/install/share/ros2_control_demo_example_14/ros2_control
[0.188s] -- Up-to-date: /home/hans/ros2_ws/install/share/ros2_control_demo_example_14/ros2_control/rrbot_modular_actuators_without_feedback_sensors_for_position_feedback.ros2_control.xacro
[0.188s] -- Up-to-date: /home/hans/ros2_ws/install/share/ros2_control_demo_example_14/urdf
[0.188s] -- Up-to-date: /home/hans/ros2_ws/install/share/ros2_control_demo_example_14/urdf/rrbot_modular_actuators_without_feedback_sensors_for_position_feedback.urdf.xacro
[0.188s] -- Up-to-date: /home/hans/ros2_ws/install/share/ros2_control_demo_example_14/launch
[0.189s] -- Up-to-date: /home/hans/ros2_ws/install/share/ros2_control_demo_example_14/launch/rrbot_modular_actuators_without_feedback_sensors_for_position_feedback.launch.py
[0.189s] -- Up-to-date: /home/hans/ros2_ws/install/share/ros2_control_demo_example_14/config
[0.189s] -- Up-to-date: /home/hans/ros2_ws/install/share/ros2_control_demo_example_14/config/rrbot_modular_actuators_without_feedback_sensors_for_position_feedback.yaml
[0.190s] -- Up-to-date: /home/hans/ros2_ws/install/lib/libros2_control_demo_example_14.so
[0.190s] -- Up-to-date: /home/hans/ros2_ws/install/share/ros2_control_demo_example_14/environment/library_path.sh
[0.191s] -- Up-to-date: /home/hans/ros2_ws/install/share/ros2_control_demo_example_14/environment/library_path.dsv
[0.191s] -- Up-to-date: /home/hans/ros2_ws/install/share/ament_index/resource_index/package_run_dependencies/ros2_control_demo_example_14
[0.191s] -- Up-to-date: /home/hans/ros2_ws/install/share/ament_index/resource_index/parent_prefix_path/ros2_control_demo_example_14
[0.191s] -- Up-to-date: /home/hans/ros2_ws/install/share/ros2_control_demo_example_14/environment/ament_prefix_path.sh
[0.191s] -- Up-to-date: /home/hans/ros2_ws/install/share/ros2_control_demo_example_14/environment/ament_prefix_path.dsv
[0.192s] -- Up-to-date: /home/hans/ros2_ws/install/share/ros2_control_demo_example_14/environment/path.sh
[0.192s] -- Up-to-date: /home/hans/ros2_ws/install/share/ros2_control_demo_example_14/environment/path.dsv
[0.192s] -- Up-to-date: /home/hans/ros2_ws/install/share/ros2_control_demo_example_14/local_setup.bash
[0.192s] -- Up-to-date: /home/hans/ros2_ws/install/share/ros2_control_demo_example_14/local_setup.sh
[0.192s] -- Up-to-date: /home/hans/ros2_ws/install/share/ros2_control_demo_example_14/local_setup.zsh
[0.193s] -- Up-to-date: /home/hans/ros2_ws/install/share/ros2_control_demo_example_14/local_setup.dsv
[0.193s] -- Installing: /home/hans/ros2_ws/install/share/ros2_control_demo_example_14/package.dsv
[0.193s] -- Up-to-date: /home/hans/ros2_ws/install/share/ament_index/resource_index/packages/ros2_control_demo_example_14
[0.194s] -- Up-to-date: /home/hans/ros2_ws/install/share/ament_index/resource_index/hardware_interface__pluginlib__plugin/ros2_control_demo_example_14
[0.195s] -- Up-to-date: /home/hans/ros2_ws/install/share/ros2_control_demo_example_14/cmake/export_ros2_control_demo_example_14Export.cmake
[0.195s] -- Up-to-date: /home/hans/ros2_ws/install/share/ros2_control_demo_example_14/cmake/export_ros2_control_demo_example_14Export-noconfig.cmake
[0.195s] -- Up-to-date: /home/hans/ros2_ws/install/share/ros2_control_demo_example_14/cmake/ament_cmake_export_targets-extras.cmake
[0.195s] -- Up-to-date: /home/hans/ros2_ws/install/share/ros2_control_demo_example_14/cmake/ament_cmake_export_dependencies-extras.cmake
[0.195s] -- Up-to-date: /home/hans/ros2_ws/install/share/ros2_control_demo_example_14/cmake/ros2_control_demo_example_14Config.cmake
[0.196s] -- Up-to-date: /home/hans/ros2_ws/install/share/ros2_control_demo_example_14/cmake/ros2_control_demo_example_14Config-version.cmake
[0.196s] -- Up-to-date: /home/hans/ros2_ws/install/share/ros2_control_demo_example_14/package.xml
[0.198s] Invoked command in '/home/hans/ros2_ws/build/ros2_control_demo_example_14' returned '0': AMENT_PREFIX_PATH=/home/hans/ros2_ws/install:${AMENT_PREFIX_PATH} CMAKE_PREFIX_PATH=/home/hans/ros2_ws/install:/opt/ros/iron LD_LIBRARY_PATH=/home/hans/ros2_ws/install/lib:${LD_LIBRARY_PATH} PYTHONPATH=/home/hans/ros2_ws/install/lib/python3.10/site-packages:${PYTHONPATH} /usr/bin/cmake --install /home/hans/ros2_ws/build/ros2_control_demo_example_14
