[0.080s] Invoking command in '/home/hans/ros2_ws/build/ros2_control_demo_example_12': CMAKE_PREFIX_PATH=${CMAKE_PREFIX_PATH}:/opt/ros/iron /usr/bin/cmake --build /home/hans/ros2_ws/build/ros2_control_demo_example_12 -- -j4 -l4
[0.268s] [ 20%] Built target passthrough_controller_parameters
[0.330s] [ 60%] Built target ros2_control_demo_example_12
[0.390s] [100%] Built target passthrough_controller
[0.469s] Invoked command in '/home/hans/ros2_ws/build/ros2_control_demo_example_12' returned '0': CMAKE_PREFIX_PATH=${CMAKE_PREFIX_PATH}:/opt/ros/iron /usr/bin/cmake --build /home/hans/ros2_ws/build/ros2_control_demo_example_12 -- -j4 -l4
[0.593s] Invoking command in '/home/hans/ros2_ws/build/ros2_control_demo_example_12': CMAKE_PREFIX_PATH=${CMAKE_PREFIX_PATH}:/opt/ros/iron /usr/bin/cmake --install /home/hans/ros2_ws/build/ros2_control_demo_example_12
[0.611s] -- Install configuration: ""
[0.611s] -- Up-to-date: /home/hans/ros2_ws/install/share/ros2_control_demo_example_12/ros2_control_demo_example_12.xml
[0.615s] -- Up-to-date: /home/hans/ros2_ws/install/include/passthrough_controller_parameters
[0.617s] -- Up-to-date: /home/hans/ros2_ws/install/include/passthrough_controller_parameters/passthrough_controller_parameters.hpp
[0.618s] -- Up-to-date: /home/hans/ros2_ws/install/share/ros2_control_demo_example_12/passthrough_controller.xml
[0.618s] -- Up-to-date: /home/hans/ros2_ws/install/include/ros2_control_demo_example_12
[0.618s] -- Up-to-date: /home/hans/ros2_ws/install/include/ros2_control_demo_example_12/ros2_control_demo_example_12
[0.618s] -- Up-to-date: /home/hans/ros2_ws/install/include/ros2_control_demo_example_12/ros2_control_demo_example_12/rrbot.hpp
[0.618s] -- Up-to-date: /home/hans/ros2_ws/install/share/ros2_control_demo_example_12/launch
[0.619s] -- Up-to-date: /home/hans/ros2_ws/install/share/ros2_control_demo_example_12/launch/view_robot.launch.py
[0.621s] -- Up-to-date: /home/hans/ros2_ws/install/share/ros2_control_demo_example_12/ros2_control
[0.621s] -- Up-to-date: /home/hans/ros2_ws/install/share/ros2_control_demo_example_12/ros2_control/rrbot.ros2_control.xacro
[0.621s] -- Up-to-date: /home/hans/ros2_ws/install/share/ros2_control_demo_example_12/urdf
[0.621s] -- Up-to-date: /home/hans/ros2_ws/install/share/ros2_control_demo_example_12/urdf/rrbot.urdf.xacro
[0.622s] -- Up-to-date: /home/hans/ros2_ws/install/share/ros2_control_demo_example_12/launch
[0.623s] -- Up-to-date: /home/hans/ros2_ws/install/share/ros2_control_demo_example_12/launch/launch_chained_controllers.launch.py
[0.623s] -- Up-to-date: /home/hans/ros2_ws/install/share/ros2_control_demo_example_12/launch/rrbot.launch.py
[0.623s] -- Up-to-date: /home/hans/ros2_ws/install/share/ros2_control_demo_example_12/config
[0.623s] -- Up-to-date: /home/hans/ros2_ws/install/share/ros2_control_demo_example_12/config/rrbot_chained_controllers.yaml
[0.624s] -- Up-to-date: /home/hans/ros2_ws/install/lib/libros2_control_demo_example_12.so
[0.624s] -- Up-to-date: /home/hans/ros2_ws/install/include/passthrough_controller
[0.624s] -- Up-to-date: /home/hans/ros2_ws/install/include/passthrough_controller/passthrough_controller
[0.624s] -- Up-to-date: /home/hans/ros2_ws/install/include/passthrough_controller/passthrough_controller/passthrough_controller.hpp
[0.624s] -- Up-to-date: /home/hans/ros2_ws/install/lib/libpassthrough_controller.so
[0.633s] -- Up-to-date: /home/hans/ros2_ws/install/share/ros2_control_demo_example_12/environment/library_path.sh
[0.634s] -- Up-to-date: /home/hans/ros2_ws/install/share/ros2_control_demo_example_12/environment/library_path.dsv
[0.634s] -- Up-to-date: /home/hans/ros2_ws/install/share/ament_index/resource_index/package_run_dependencies/ros2_control_demo_example_12
[0.634s] -- Up-to-date: /home/hans/ros2_ws/install/share/ament_index/resource_index/parent_prefix_path/ros2_control_demo_example_12
[0.635s] -- Up-to-date: /home/hans/ros2_ws/install/share/ros2_control_demo_example_12/environment/ament_prefix_path.sh
[0.635s] -- Up-to-date: /home/hans/ros2_ws/install/share/ros2_control_demo_example_12/environment/ament_prefix_path.dsv
[0.635s] -- Up-to-date: /home/hans/ros2_ws/install/share/ros2_control_demo_example_12/environment/path.sh
[0.635s] -- Up-to-date: /home/hans/ros2_ws/install/share/ros2_control_demo_example_12/environment/path.dsv
[0.635s] -- Up-to-date: /home/hans/ros2_ws/install/share/ros2_control_demo_example_12/local_setup.bash
[0.635s] -- Up-to-date: /home/hans/ros2_ws/install/share/ros2_control_demo_example_12/local_setup.sh
[0.635s] -- Up-to-date: /home/hans/ros2_ws/install/share/ros2_control_demo_example_12/local_setup.zsh
[0.635s] -- Up-to-date: /home/hans/ros2_ws/install/share/ros2_control_demo_example_12/local_setup.dsv
[0.636s] -- Installing: /home/hans/ros2_ws/install/share/ros2_control_demo_example_12/package.dsv
[0.636s] -- Up-to-date: /home/hans/ros2_ws/install/share/ament_index/resource_index/packages/ros2_control_demo_example_12
[0.636s] -- Up-to-date: /home/hans/ros2_ws/install/share/ament_index/resource_index/hardware_interface__pluginlib__plugin/ros2_control_demo_example_12
[0.636s] -- Up-to-date: /home/hans/ros2_ws/install/share/ament_index/resource_index/controller_interface__pluginlib__plugin/ros2_control_demo_example_12
[0.649s] -- Up-to-date: /home/hans/ros2_ws/install/share/ros2_control_demo_example_12/cmake/export_passthrough_controllerExport.cmake
[0.650s] -- Up-to-date: /home/hans/ros2_ws/install/share/ros2_control_demo_example_12/cmake/export_passthrough_controllerExport-noconfig.cmake
[0.650s] -- Up-to-date: /home/hans/ros2_ws/install/share/ros2_control_demo_example_12/cmake/export_ros2_control_demo_example_12Export.cmake
[0.650s] -- Up-to-date: /home/hans/ros2_ws/install/share/ros2_control_demo_example_12/cmake/export_ros2_control_demo_example_12Export-noconfig.cmake
[0.650s] -- Up-to-date: /home/hans/ros2_ws/install/share/ros2_control_demo_example_12/cmake/ament_cmake_export_targets-extras.cmake
[0.650s] -- Up-to-date: /home/hans/ros2_ws/install/share/ros2_control_demo_example_12/cmake/ament_cmake_export_dependencies-extras.cmake
[0.650s] -- Up-to-date: /home/hans/ros2_ws/install/share/ros2_control_demo_example_12/cmake/ros2_control_demo_example_12Config.cmake
[0.651s] -- Up-to-date: /home/hans/ros2_ws/install/share/ros2_control_demo_example_12/cmake/ros2_control_demo_example_12Config-version.cmake
[0.651s] -- Up-to-date: /home/hans/ros2_ws/install/share/ros2_control_demo_example_12/package.xml
[0.686s] Invoked command in '/home/hans/ros2_ws/build/ros2_control_demo_example_12' returned '0': CMAKE_PREFIX_PATH=${CMAKE_PREFIX_PATH}:/opt/ros/iron /usr/bin/cmake --install /home/hans/ros2_ws/build/ros2_control_demo_example_12
