[0.012s] Invoking command in '/home/hans/ros2_ws/build/ros2_control_demo_example_15': AMENT_PREFIX_PATH=/home/hans/ros2_ws/install:${AMENT_PREFIX_PATH} CMAKE_PREFIX_PATH=/home/hans/ros2_ws/install:/opt/ros/iron LD_LIBRARY_PATH=/home/hans/ros2_ws/install/lib:${LD_LIBRARY_PATH} PYTHONPATH=/home/hans/ros2_ws/install/lib/python3.10/site-packages:${PYTHONPATH} /usr/bin/cmake /home/hans/ros2_ws/src/ros2_control_demos/example_15 -DCMAKE_INSTALL_PREFIX=/home/hans/ros2_ws/install
[0.115s] -- The CXX compiler identification is GNU 11.4.0
[0.122s] -- Detecting CXX compiler ABI info
[0.213s] -- Detecting CXX compiler ABI info - done
[0.220s] -- Check for working CXX compiler: /usr/bin/c++ - skipped
[0.220s] -- Detecting CXX compile features
[0.221s] -- Detecting CXX compile features - done
[0.223s] -- Found ament_cmake: 2.0.6 (/opt/ros/iron/share/ament_cmake/cmake)
[0.394s] -- Found Python3: /usr/bin/python3.10 (found version "3.10.12") found components: Interpreter 
[0.470s] -- Found ament_cmake_pytest: 2.0.6 (/opt/ros/iron/share/ament_cmake_pytest/cmake)
[0.538s] -- Configuring done
[0.542s] -- Generating done
[0.543s] -- Build files have been written to: /home/hans/ros2_ws/build/ros2_control_demo_example_15
[0.547s] Invoked command in '/home/hans/ros2_ws/build/ros2_control_demo_example_15' returned '0': AMENT_PREFIX_PATH=/home/hans/ros2_ws/install:${AMENT_PREFIX_PATH} CMAKE_PREFIX_PATH=/home/hans/ros2_ws/install:/opt/ros/iron LD_LIBRARY_PATH=/home/hans/ros2_ws/install/lib:${LD_LIBRARY_PATH} PYTHONPATH=/home/hans/ros2_ws/install/lib/python3.10/site-packages:${PYTHONPATH} /usr/bin/cmake /home/hans/ros2_ws/src/ros2_control_demos/example_15 -DCMAKE_INSTALL_PREFIX=/home/hans/ros2_ws/install
[0.547s] Invoking command in '/home/hans/ros2_ws/build/ros2_control_demo_example_15': AMENT_PREFIX_PATH=/home/hans/ros2_ws/install:${AMENT_PREFIX_PATH} CMAKE_PREFIX_PATH=/home/hans/ros2_ws/install:/opt/ros/iron LD_LIBRARY_PATH=/home/hans/ros2_ws/install/lib:${LD_LIBRARY_PATH} PYTHONPATH=/home/hans/ros2_ws/install/lib/python3.10/site-packages:${PYTHONPATH} /usr/bin/cmake --build /home/hans/ros2_ws/build/ros2_control_demo_example_15 -- -j1 -l1
[0.603s] Invoked command in '/home/hans/ros2_ws/build/ros2_control_demo_example_15' returned '0': AMENT_PREFIX_PATH=/home/hans/ros2_ws/install:${AMENT_PREFIX_PATH} CMAKE_PREFIX_PATH=/home/hans/ros2_ws/install:/opt/ros/iron LD_LIBRARY_PATH=/home/hans/ros2_ws/install/lib:${LD_LIBRARY_PATH} PYTHONPATH=/home/hans/ros2_ws/install/lib/python3.10/site-packages:${PYTHONPATH} /usr/bin/cmake --build /home/hans/ros2_ws/build/ros2_control_demo_example_15 -- -j1 -l1
[0.626s] Invoking command in '/home/hans/ros2_ws/build/ros2_control_demo_example_15': AMENT_PREFIX_PATH=/home/hans/ros2_ws/install:${AMENT_PREFIX_PATH} CMAKE_PREFIX_PATH=/home/hans/ros2_ws/install:/opt/ros/iron LD_LIBRARY_PATH=/home/hans/ros2_ws/install/lib:${LD_LIBRARY_PATH} PYTHONPATH=/home/hans/ros2_ws/install/lib/python3.10/site-packages:${PYTHONPATH} /usr/bin/cmake --install /home/hans/ros2_ws/build/ros2_control_demo_example_15
[0.634s] -- Install configuration: ""
[0.634s] -- Installing: /home/hans/ros2_ws/install/share/ros2_control_demo_example_15/rviz
[0.635s] -- Installing: /home/hans/ros2_ws/install/share/ros2_control_demo_example_15/rviz/multi_controller_manager.rviz
[0.636s] -- Installing: /home/hans/ros2_ws/install/share/ros2_control_demo_example_15/rviz/rrbot_namespace.rviz
[0.637s] -- Installing: /home/hans/ros2_ws/install/share/ros2_control_demo_example_15/launch
[0.637s] -- Installing: /home/hans/ros2_ws/install/share/ros2_control_demo_example_15/launch/test_forward_position_controller.launch.py
[0.638s] -- Installing: /home/hans/ros2_ws/install/share/ros2_control_demo_example_15/launch/test_multi_controller_manager_forward_position_controller.launch.py
[0.638s] -- Installing: /home/hans/ros2_ws/install/share/ros2_control_demo_example_15/launch/rrbot_base.launch.py
[0.638s] -- Installing: /home/hans/ros2_ws/install/share/ros2_control_demo_example_15/launch/test_multi_controller_manager_joint_trajectory_controller.launch.py
[0.639s] -- Installing: /home/hans/ros2_ws/install/share/ros2_control_demo_example_15/launch/rrbot_namespace.launch.py
[0.639s] -- Installing: /home/hans/ros2_ws/install/share/ros2_control_demo_example_15/launch/test_joint_trajectory_controller.launch.py
[0.640s] -- Installing: /home/hans/ros2_ws/install/share/ros2_control_demo_example_15/launch/multi_controller_manager_example_two_rrbots.launch.py
[0.640s] -- Installing: /home/hans/ros2_ws/install/share/ros2_control_demo_example_15/config
[0.640s] -- Installing: /home/hans/ros2_ws/install/share/ros2_control_demo_example_15/config/multi_controller_manager_rrbot_1_controllers.yaml
[0.640s] -- Installing: /home/hans/ros2_ws/install/share/ros2_control_demo_example_15/config/rrbot_namespace_controllers.yaml
[0.641s] -- Installing: /home/hans/ros2_ws/install/share/ros2_control_demo_example_15/config/rrbot_namespace_joint_trajectory_publisher.yaml
[0.641s] -- Installing: /home/hans/ros2_ws/install/share/ros2_control_demo_example_15/config/multi_controller_manager_joint_trajectory_publisher.yaml
[0.642s] -- Installing: /home/hans/ros2_ws/install/share/ros2_control_demo_example_15/config/multi_controller_manager_rrbot_2_controllers.yaml
[0.642s] -- Installing: /home/hans/ros2_ws/install/share/ros2_control_demo_example_15/config/rrbot_namespace_forward_position_publisher.yaml
[0.643s] -- Installing: /home/hans/ros2_ws/install/share/ros2_control_demo_example_15/config/multi_controller_manager_forward_position_publisher.yaml
[0.643s] -- Installing: /home/hans/ros2_ws/install/share/ament_index/resource_index/package_run_dependencies/ros2_control_demo_example_15
[0.643s] -- Installing: /home/hans/ros2_ws/install/share/ament_index/resource_index/parent_prefix_path/ros2_control_demo_example_15
[0.644s] -- Installing: /home/hans/ros2_ws/install/share/ros2_control_demo_example_15/environment/ament_prefix_path.sh
[0.644s] -- Installing: /home/hans/ros2_ws/install/share/ros2_control_demo_example_15/environment/ament_prefix_path.dsv
[0.644s] -- Installing: /home/hans/ros2_ws/install/share/ros2_control_demo_example_15/environment/path.sh
[0.645s] -- Installing: /home/hans/ros2_ws/install/share/ros2_control_demo_example_15/environment/path.dsv
[0.645s] -- Installing: /home/hans/ros2_ws/install/share/ros2_control_demo_example_15/local_setup.bash
[0.645s] -- Installing: /home/hans/ros2_ws/install/share/ros2_control_demo_example_15/local_setup.sh
[0.645s] -- Installing: /home/hans/ros2_ws/install/share/ros2_control_demo_example_15/local_setup.zsh
[0.646s] -- Installing: /home/hans/ros2_ws/install/share/ros2_control_demo_example_15/local_setup.dsv
[0.646s] -- Installing: /home/hans/ros2_ws/install/share/ros2_control_demo_example_15/package.dsv
[0.647s] -- Installing: /home/hans/ros2_ws/install/share/ament_index/resource_index/packages/ros2_control_demo_example_15
[0.647s] -- Installing: /home/hans/ros2_ws/install/share/ros2_control_demo_example_15/cmake/ros2_control_demo_example_15Config.cmake
[0.647s] -- Installing: /home/hans/ros2_ws/install/share/ros2_control_demo_example_15/cmake/ros2_control_demo_example_15Config-version.cmake
[0.648s] -- Installing: /home/hans/ros2_ws/install/share/ros2_control_demo_example_15/package.xml
[0.649s] Invoked command in '/home/hans/ros2_ws/build/ros2_control_demo_example_15' returned '0': AMENT_PREFIX_PATH=/home/hans/ros2_ws/install:${AMENT_PREFIX_PATH} CMAKE_PREFIX_PATH=/home/hans/ros2_ws/install:/opt/ros/iron LD_LIBRARY_PATH=/home/hans/ros2_ws/install/lib:${LD_LIBRARY_PATH} PYTHONPATH=/home/hans/ros2_ws/install/lib/python3.10/site-packages:${PYTHONPATH} /usr/bin/cmake --install /home/hans/ros2_ws/build/ros2_control_demo_example_15
