[0.122s] Invoking command in '/home/hans/ros2_ws/build/ros2_control_demo_example_10': CMAKE_PREFIX_PATH=${CMAKE_PREFIX_PATH}:/opt/ros/iron /usr/bin/cmake --build /home/hans/ros2_ws/build/ros2_control_demo_example_10 -- -j4 -l4
[0.629s] [100%] Built target ros2_control_demo_example_10
[0.741s] Invoked command in '/home/hans/ros2_ws/build/ros2_control_demo_example_10' returned '0': CMAKE_PREFIX_PATH=${CMAKE_PREFIX_PATH}:/opt/ros/iron /usr/bin/cmake --build /home/hans/ros2_ws/build/ros2_control_demo_example_10 -- -j4 -l4
[0.909s] Invoking command in '/home/hans/ros2_ws/build/ros2_control_demo_example_10': CMAKE_PREFIX_PATH=${CMAKE_PREFIX_PATH}:/opt/ros/iron /usr/bin/cmake --install /home/hans/ros2_ws/build/ros2_control_demo_example_10
[1.004s] -- Install configuration: ""
[1.014s] -- Up-to-date: /home/hans/ros2_ws/install/share/ros2_control_demo_example_10/ros2_control_demo_example_10.xml
[1.014s] -- Up-to-date: /home/hans/ros2_ws/install/share/ros2_control_demo_example_10/ros2_control_demo_example_10.xml
[1.014s] -- Up-to-date: /home/hans/ros2_ws/install/include/ros2_control_demo_example_10
[1.015s] -- Up-to-date: /home/hans/ros2_ws/install/include/ros2_control_demo_example_10/ros2_control_demo_example_10
[1.015s] -- Up-to-date: /home/hans/ros2_ws/install/include/ros2_control_demo_example_10/ros2_control_demo_example_10/rrbot.hpp
[1.036s] -- Up-to-date: /home/hans/ros2_ws/install/include/ros2_control_demo_example_10
[1.037s] -- Up-to-date: /home/hans/ros2_ws/install/include/ros2_control_demo_example_10/ros2_control_demo_example_10
[1.037s] -- Up-to-date: /home/hans/ros2_ws/install/include/ros2_control_demo_example_10/ros2_control_demo_example_10/gpio_controller.hpp
[1.038s] -- Up-to-date: /home/hans/ros2_ws/install/share/ros2_control_demo_example_10/launch
[1.038s] -- Up-to-date: /home/hans/ros2_ws/install/share/ros2_control_demo_example_10/launch/view_robot.launch.py
[1.038s] -- Up-to-date: /home/hans/ros2_ws/install/share/ros2_control_demo_example_10/ros2_control
[1.038s] -- Up-to-date: /home/hans/ros2_ws/install/share/ros2_control_demo_example_10/ros2_control/rrbot.ros2_control.xacro
[1.038s] -- Up-to-date: /home/hans/ros2_ws/install/share/ros2_control_demo_example_10/urdf
[1.038s] -- Up-to-date: /home/hans/ros2_ws/install/share/ros2_control_demo_example_10/urdf/rrbot.urdf.xacro
[1.039s] -- Up-to-date: /home/hans/ros2_ws/install/share/ros2_control_demo_example_10/launch
[1.039s] -- Up-to-date: /home/hans/ros2_ws/install/share/ros2_control_demo_example_10/launch/test_forward_position_controller.launch.py
[1.039s] -- Up-to-date: /home/hans/ros2_ws/install/share/ros2_control_demo_example_10/launch/rrbot.launch.py
[1.052s] -- Up-to-date: /home/hans/ros2_ws/install/share/ros2_control_demo_example_10/config
[1.052s] -- Up-to-date: /home/hans/ros2_ws/install/share/ros2_control_demo_example_10/config/rrbot_forward_position_publisher.yaml
[1.066s] -- Up-to-date: /home/hans/ros2_ws/install/share/ros2_control_demo_example_10/config/rrbot_controllers.yaml
[1.074s] -- Up-to-date: /home/hans/ros2_ws/install/lib/libros2_control_demo_example_10.so
[1.075s] -- Up-to-date: /home/hans/ros2_ws/install/share/ros2_control_demo_example_10/environment/library_path.sh
[1.075s] -- Up-to-date: /home/hans/ros2_ws/install/share/ros2_control_demo_example_10/environment/library_path.dsv
[1.075s] -- Up-to-date: /home/hans/ros2_ws/install/share/ament_index/resource_index/package_run_dependencies/ros2_control_demo_example_10
[1.075s] -- Up-to-date: /home/hans/ros2_ws/install/share/ament_index/resource_index/parent_prefix_path/ros2_control_demo_example_10
[1.075s] -- Up-to-date: /home/hans/ros2_ws/install/share/ros2_control_demo_example_10/environment/ament_prefix_path.sh
[1.075s] -- Up-to-date: /home/hans/ros2_ws/install/share/ros2_control_demo_example_10/environment/ament_prefix_path.dsv
[1.075s] -- Up-to-date: /home/hans/ros2_ws/install/share/ros2_control_demo_example_10/environment/path.sh
[1.076s] -- Up-to-date: /home/hans/ros2_ws/install/share/ros2_control_demo_example_10/environment/path.dsv
[1.076s] -- Up-to-date: /home/hans/ros2_ws/install/share/ros2_control_demo_example_10/local_setup.bash
[1.076s] -- Up-to-date: /home/hans/ros2_ws/install/share/ros2_control_demo_example_10/local_setup.sh
[1.076s] -- Up-to-date: /home/hans/ros2_ws/install/share/ros2_control_demo_example_10/local_setup.zsh
[1.076s] -- Up-to-date: /home/hans/ros2_ws/install/share/ros2_control_demo_example_10/local_setup.dsv
[1.077s] -- Installing: /home/hans/ros2_ws/install/share/ros2_control_demo_example_10/package.dsv
[1.077s] -- Up-to-date: /home/hans/ros2_ws/install/share/ament_index/resource_index/packages/ros2_control_demo_example_10
[1.077s] -- Up-to-date: /home/hans/ros2_ws/install/share/ament_index/resource_index/hardware_interface__pluginlib__plugin/ros2_control_demo_example_10
[1.097s] -- Up-to-date: /home/hans/ros2_ws/install/share/ament_index/resource_index/controller_interface__pluginlib__plugin/ros2_control_demo_example_10
[1.097s] -- Up-to-date: /home/hans/ros2_ws/install/share/ros2_control_demo_example_10/cmake/export_ros2_control_demo_example_10Export.cmake
[1.097s] -- Up-to-date: /home/hans/ros2_ws/install/share/ros2_control_demo_example_10/cmake/export_ros2_control_demo_example_10Export-noconfig.cmake
[1.098s] -- Up-to-date: /home/hans/ros2_ws/install/share/ros2_control_demo_example_10/cmake/ament_cmake_export_targets-extras.cmake
[1.098s] -- Up-to-date: /home/hans/ros2_ws/install/share/ros2_control_demo_example_10/cmake/ament_cmake_export_dependencies-extras.cmake
[1.098s] -- Up-to-date: /home/hans/ros2_ws/install/share/ros2_control_demo_example_10/cmake/ros2_control_demo_example_10Config.cmake
[1.098s] -- Up-to-date: /home/hans/ros2_ws/install/share/ros2_control_demo_example_10/cmake/ros2_control_demo_example_10Config-version.cmake
[1.098s] -- Up-to-date: /home/hans/ros2_ws/install/share/ros2_control_demo_example_10/package.xml
[1.158s] Invoked command in '/home/hans/ros2_ws/build/ros2_control_demo_example_10' returned '0': CMAKE_PREFIX_PATH=${CMAKE_PREFIX_PATH}:/opt/ros/iron /usr/bin/cmake --install /home/hans/ros2_ws/build/ros2_control_demo_example_10
