[0.068s] Invoking command in '/home/hans/ros2_ws/build/ros2_control_demo_example_10': CMAKE_PREFIX_PATH=${CMAKE_PREFIX_PATH}:/opt/ros/iron /usr/bin/cmake --build /home/hans/ros2_ws/build/ros2_control_demo_example_10 -- -j4 -l4
[0.422s] [100%] Built target ros2_control_demo_example_10
[0.498s] Invoked command in '/home/hans/ros2_ws/build/ros2_control_demo_example_10' returned '0': CMAKE_PREFIX_PATH=${CMAKE_PREFIX_PATH}:/opt/ros/iron /usr/bin/cmake --build /home/hans/ros2_ws/build/ros2_control_demo_example_10 -- -j4 -l4
[0.718s] Invoking command in '/home/hans/ros2_ws/build/ros2_control_demo_example_10': CMAKE_PREFIX_PATH=${CMAKE_PREFIX_PATH}:/opt/ros/iron /usr/bin/cmake --install /home/hans/ros2_ws/build/ros2_control_demo_example_10
[0.740s] -- Install configuration: ""
[0.740s] -- Up-to-date: /home/hans/ros2_ws/install/share/ros2_control_demo_example_10/ros2_control_demo_example_10.xml
[0.741s] -- Up-to-date: /home/hans/ros2_ws/install/share/ros2_control_demo_example_10/ros2_control_demo_example_10.xml
[0.753s] -- Up-to-date: /home/hans/ros2_ws/install/include/ros2_control_demo_example_10
[0.753s] -- Up-to-date: /home/hans/ros2_ws/install/include/ros2_control_demo_example_10/ros2_control_demo_example_10
[0.772s] -- Up-to-date: /home/hans/ros2_ws/install/include/ros2_control_demo_example_10/ros2_control_demo_example_10/rrbot.hpp
[0.778s] -- Up-to-date: /home/hans/ros2_ws/install/include/ros2_control_demo_example_10
[0.778s] -- Up-to-date: /home/hans/ros2_ws/install/include/ros2_control_demo_example_10/ros2_control_demo_example_10
[0.778s] -- Up-to-date: /home/hans/ros2_ws/install/include/ros2_control_demo_example_10/ros2_control_demo_example_10/gpio_controller.hpp
[0.779s] -- Up-to-date: /home/hans/ros2_ws/install/share/ros2_control_demo_example_10/launch
[0.779s] -- Up-to-date: /home/hans/ros2_ws/install/share/ros2_control_demo_example_10/launch/view_robot.launch.py
[0.779s] -- Up-to-date: /home/hans/ros2_ws/install/share/ros2_control_demo_example_10/ros2_control
[0.780s] -- Up-to-date: /home/hans/ros2_ws/install/share/ros2_control_demo_example_10/ros2_control/rrbot.ros2_control.xacro
[0.781s] -- Up-to-date: /home/hans/ros2_ws/install/share/ros2_control_demo_example_10/urdf
[0.781s] -- Up-to-date: /home/hans/ros2_ws/install/share/ros2_control_demo_example_10/urdf/rrbot.urdf.xacro
[0.781s] -- Up-to-date: /home/hans/ros2_ws/install/share/ros2_control_demo_example_10/launch
[0.791s] -- Up-to-date: /home/hans/ros2_ws/install/share/ros2_control_demo_example_10/launch/test_forward_position_controller.launch.py
[0.792s] -- Up-to-date: /home/hans/ros2_ws/install/share/ros2_control_demo_example_10/launch/rrbot.launch.py
[0.792s] -- Up-to-date: /home/hans/ros2_ws/install/share/ros2_control_demo_example_10/config
[0.792s] -- Up-to-date: /home/hans/ros2_ws/install/share/ros2_control_demo_example_10/config/rrbot_forward_position_publisher.yaml
[0.792s] -- Up-to-date: /home/hans/ros2_ws/install/share/ros2_control_demo_example_10/config/rrbot_controllers.yaml
[0.793s] -- Up-to-date: /home/hans/ros2_ws/install/lib/libros2_control_demo_example_10.so
[0.793s] -- Up-to-date: /home/hans/ros2_ws/install/share/ros2_control_demo_example_10/environment/library_path.sh
[0.793s] -- Up-to-date: /home/hans/ros2_ws/install/share/ros2_control_demo_example_10/environment/library_path.dsv
[0.797s] -- Up-to-date: /home/hans/ros2_ws/install/share/ament_index/resource_index/package_run_dependencies/ros2_control_demo_example_10
[0.797s] -- Up-to-date: /home/hans/ros2_ws/install/share/ament_index/resource_index/parent_prefix_path/ros2_control_demo_example_10
[0.798s] -- Up-to-date: /home/hans/ros2_ws/install/share/ros2_control_demo_example_10/environment/ament_prefix_path.sh
[0.799s] -- Up-to-date: /home/hans/ros2_ws/install/share/ros2_control_demo_example_10/environment/ament_prefix_path.dsv
[0.799s] -- Up-to-date: /home/hans/ros2_ws/install/share/ros2_control_demo_example_10/environment/path.sh
[0.799s] -- Up-to-date: /home/hans/ros2_ws/install/share/ros2_control_demo_example_10/environment/path.dsv
[0.803s] -- Up-to-date: /home/hans/ros2_ws/install/share/ros2_control_demo_example_10/local_setup.bash
[0.803s] -- Up-to-date: /home/hans/ros2_ws/install/share/ros2_control_demo_example_10/local_setup.sh
[0.803s] -- Up-to-date: /home/hans/ros2_ws/install/share/ros2_control_demo_example_10/local_setup.zsh
[0.803s] -- Up-to-date: /home/hans/ros2_ws/install/share/ros2_control_demo_example_10/local_setup.dsv
[0.804s] -- Installing: /home/hans/ros2_ws/install/share/ros2_control_demo_example_10/package.dsv
[0.807s] -- Up-to-date: /home/hans/ros2_ws/install/share/ament_index/resource_index/packages/ros2_control_demo_example_10
[0.807s] -- Up-to-date: /home/hans/ros2_ws/install/share/ament_index/resource_index/hardware_interface__pluginlib__plugin/ros2_control_demo_example_10
[0.807s] -- Up-to-date: /home/hans/ros2_ws/install/share/ament_index/resource_index/controller_interface__pluginlib__plugin/ros2_control_demo_example_10
[0.808s] -- Up-to-date: /home/hans/ros2_ws/install/share/ros2_control_demo_example_10/cmake/export_ros2_control_demo_example_10Export.cmake
[0.810s] -- Up-to-date: /home/hans/ros2_ws/install/share/ros2_control_demo_example_10/cmake/export_ros2_control_demo_example_10Export-noconfig.cmake
[0.810s] -- Up-to-date: /home/hans/ros2_ws/install/share/ros2_control_demo_example_10/cmake/ament_cmake_export_targets-extras.cmake
[0.811s] -- Up-to-date: /home/hans/ros2_ws/install/share/ros2_control_demo_example_10/cmake/ament_cmake_export_dependencies-extras.cmake
[0.811s] -- Up-to-date: /home/hans/ros2_ws/install/share/ros2_control_demo_example_10/cmake/ros2_control_demo_example_10Config.cmake
[0.811s] -- Up-to-date: /home/hans/ros2_ws/install/share/ros2_control_demo_example_10/cmake/ros2_control_demo_example_10Config-version.cmake
[0.813s] -- Up-to-date: /home/hans/ros2_ws/install/share/ros2_control_demo_example_10/package.xml
[0.936s] Invoked command in '/home/hans/ros2_ws/build/ros2_control_demo_example_10' returned '0': CMAKE_PREFIX_PATH=${CMAKE_PREFIX_PATH}:/opt/ros/iron /usr/bin/cmake --install /home/hans/ros2_ws/build/ros2_control_demo_example_10
