[0.083s] Invoking command in '/home/hans/ros2_ws/build/thur': CMAKE_PREFIX_PATH=${CMAKE_PREFIX_PATH}:/opt/ros/iron /usr/bin/cmake --build /home/hans/ros2_ws/build/thur -- -j4 -l4
[0.383s] [35m[1mConsolidate compiler generated dependencies of target thur[0m
[0.605s] [ 33%] [32mBuilding CXX object CMakeFiles/thur.dir/hardware/thur_diff.cpp.o[0m
[9.697s] In file included from [01m[K/opt/ros/iron/include/rclcpp/rclcpp/logging.hpp:24[m[K,
[9.697s]                  from [01m[K/opt/ros/iron/include/rclcpp/rclcpp/client.hpp:43[m[K,
[9.697s]                  from [01m[K/opt/ros/iron/include/rclcpp/rclcpp/callback_group.hpp:24[m[K,
[9.697s]                  from [01m[K/opt/ros/iron/include/rclcpp/rclcpp/any_executable.hpp:20[m[K,
[9.698s]                  from [01m[K/opt/ros/iron/include/rclcpp/rclcpp/memory_strategy.hpp:25[m[K,
[9.698s]                  from [01m[K/opt/ros/iron/include/rclcpp/rclcpp/memory_strategies.hpp:18[m[K,
[9.698s]                  from [01m[K/opt/ros/iron/include/rclcpp/rclcpp/executor_options.hpp:20[m[K,
[9.698s]                  from [01m[K/opt/ros/iron/include/rclcpp/rclcpp/executor.hpp:37[m[K,
[9.698s]                  from [01m[K/opt/ros/iron/include/rclcpp/rclcpp/executors/multi_threaded_executor.hpp:25[m[K,
[9.698s]                  from [01m[K/opt/ros/iron/include/rclcpp/rclcpp/executors.hpp:21[m[K,
[9.698s]                  from [01m[K/opt/ros/iron/include/rclcpp/rclcpp/rclcpp.hpp:167[m[K,
[9.699s]                  from [01m[K/home/hans/ros2_ws/src/ros2_control_demos/thur/hardware/thur_diff.cpp:24[m[K:
[9.699s] [01m[K/home/hans/ros2_ws/src/ros2_control_demos/thur/hardware/thur_diff.cpp:[m[K In member function ‘[01m[Kvirtual hardware_interface::CallbackReturn thur::ThurSystemHardware::on_activate(const rclcpp_lifecycle::State&)[m[K’:
[9.699s] [01m[K/home/hans/ros2_ws/src/ros2_control_demos/thur/hardware/thur_diff.cpp:158:61:[m[K [01;35m[Kwarning: [m[Kformat ‘[01m[K%s[m[K’ expects argument of type ‘[01m[Kchar*[m[K’, but argument 5 has type ‘[01m[Kstd::shared_ptr<thur::ThurSerialPort>[m[K’ [[01;35m[K]8;;https://gcc.gnu.org/onlinedocs/gcc/Warning-Options.html#index-Wformat=-Wformat=]8;;[m[K]
[9.699s]   158 |       RCLCPP_INFO(rclcpp::get_logger("ThurSystemHardware"), [01;35m[K"Trying to activate serial port '%s' ..."[m[K, serial_port_);
[9.699s]       |                                                             [01;35m[K^~~~~~~~~~~~~~~~~~~~~~~~~~~~~~~~~~~~~~~~~[m[K
[9.699s] [01m[K/home/hans/ros2_ws/src/ros2_control_demos/thur/hardware/thur_diff.cpp:158:95:[m[K [01;36m[Knote: [m[Kformat string is defined here
[9.699s]   158 |       RCLCPP_INFO(rclcpp::get_logger("ThurSystemHardware"), "Trying to activate serial port '[01;36m[K%s[m[K' ...", serial_port_);
[9.700s]       |                                                                                              [01;36m[K~^[m[K
[9.700s]       |                                                                                               [01;36m[K|[m[K
[9.700s]       |                                                                                               [01;36m[Kchar*[m[K
[9.719s] [01m[K/home/hans/ros2_ws/src/ros2_control_demos/thur/hardware/thur_diff.cpp:[m[K In member function ‘[01m[Kvirtual hardware_interface::return_type thur::ThurSystemHardware::read(const rclcpp::Time&, const rclcpp::Duration&)[m[K’:
[9.719s] [01m[K/home/hans/ros2_ws/src/ros2_control_demos/thur/hardware/thur_diff.cpp:194:59:[m[K [01;35m[Kwarning: [m[Kunused parameter ‘[01m[Kperiod[m[K’ [[01;35m[K]8;;https://gcc.gnu.org/onlinedocs/gcc/Warning-Options.html#index-Wunused-parameter-Wunused-parameter]8;;[m[K]
[9.719s]   194 |   const rclcpp::Time & /*time*/, [01;35m[Kconst rclcpp::Duration & period[m[K)
[9.720s]       |                                  [01;35m[K~~~~~~~~~~~~~~~~~~~~~~~~~^~~~~~[m[K
[14.620s] [ 66%] [32m[1mLinking CXX shared library libthur.so[0m
[15.297s] [100%] Built target thur
[15.333s] Invoked command in '/home/hans/ros2_ws/build/thur' returned '0': CMAKE_PREFIX_PATH=${CMAKE_PREFIX_PATH}:/opt/ros/iron /usr/bin/cmake --build /home/hans/ros2_ws/build/thur -- -j4 -l4
[15.413s] Invoking command in '/home/hans/ros2_ws/build/thur': CMAKE_PREFIX_PATH=${CMAKE_PREFIX_PATH}:/opt/ros/iron /usr/bin/cmake --install /home/hans/ros2_ws/build/thur
[15.434s] -- Install configuration: ""
[15.434s] -- Up-to-date: /home/hans/ros2_ws/install/share/thur/thur.xml
[15.434s] -- Up-to-date: /home/hans/ros2_ws/install/include/thur
[15.435s] -- Up-to-date: /home/hans/ros2_ws/install/include/thur/serial.hpp
[15.435s] -- Up-to-date: /home/hans/ros2_ws/install/include/thur/thur
[15.435s] -- Up-to-date: /home/hans/ros2_ws/install/include/thur/thur/thur_diff.hpp
[15.435s] -- Up-to-date: /home/hans/ros2_ws/install/share/thur/launch
[15.435s] -- Up-to-date: /home/hans/ros2_ws/install/share/thur/launch/view_robot.launch.py
[15.435s] -- Up-to-date: /home/hans/ros2_ws/install/share/thur/ros2_control
[15.436s] -- Installing: /home/hans/ros2_ws/install/share/thur/ros2_control/thur.ros2_control.xacro
[15.436s] -- Up-to-date: /home/hans/ros2_ws/install/share/thur/urdf
[15.436s] -- Up-to-date: /home/hans/ros2_ws/install/share/thur/urdf/thur.urdf.xacro
[15.436s] -- Up-to-date: /home/hans/ros2_ws/install/share/thur/launch
[15.436s] -- Up-to-date: /home/hans/ros2_ws/install/share/thur/launch/thur.launch.py
[15.441s] -- Up-to-date: /home/hans/ros2_ws/install/share/thur/config
[15.442s] -- Up-to-date: /home/hans/ros2_ws/install/share/thur/config/thur_controllers.yaml
[15.444s] -- Installing: /home/hans/ros2_ws/install/lib/libthur.so
[15.445s] -- Set runtime path of "/home/hans/ros2_ws/install/lib/libthur.so" to ""
[15.445s] -- Up-to-date: /home/hans/ros2_ws/install/share/thur/environment/library_path.sh
[15.445s] -- Up-to-date: /home/hans/ros2_ws/install/share/thur/environment/library_path.dsv
[15.445s] -- Up-to-date: /home/hans/ros2_ws/install/share/ament_index/resource_index/package_run_dependencies/thur
[15.445s] -- Up-to-date: /home/hans/ros2_ws/install/share/ament_index/resource_index/parent_prefix_path/thur
[15.445s] -- Up-to-date: /home/hans/ros2_ws/install/share/thur/environment/ament_prefix_path.sh
[15.446s] -- Up-to-date: /home/hans/ros2_ws/install/share/thur/environment/ament_prefix_path.dsv
[15.446s] -- Up-to-date: /home/hans/ros2_ws/install/share/thur/environment/path.sh
[15.446s] -- Up-to-date: /home/hans/ros2_ws/install/share/thur/environment/path.dsv
[15.448s] -- Up-to-date: /home/hans/ros2_ws/install/share/thur/local_setup.bash
[15.449s] -- Up-to-date: /home/hans/ros2_ws/install/share/thur/local_setup.sh
[15.449s] -- Up-to-date: /home/hans/ros2_ws/install/share/thur/local_setup.zsh
[15.449s] -- Up-to-date: /home/hans/ros2_ws/install/share/thur/local_setup.dsv
[15.449s] -- Installing: /home/hans/ros2_ws/install/share/thur/package.dsv
[15.449s] -- Up-to-date: /home/hans/ros2_ws/install/share/ament_index/resource_index/packages/thur
[15.450s] -- Up-to-date: /home/hans/ros2_ws/install/share/ament_index/resource_index/hardware_interface__pluginlib__plugin/thur
[15.450s] -- Up-to-date: /home/hans/ros2_ws/install/share/thur/cmake/export_thurExport.cmake
[15.450s] -- Up-to-date: /home/hans/ros2_ws/install/share/thur/cmake/export_thurExport-noconfig.cmake
[15.451s] -- Up-to-date: /home/hans/ros2_ws/install/share/thur/cmake/ament_cmake_export_targets-extras.cmake
[15.451s] -- Up-to-date: /home/hans/ros2_ws/install/share/thur/cmake/ament_cmake_export_dependencies-extras.cmake
[15.451s] -- Up-to-date: /home/hans/ros2_ws/install/share/thur/cmake/thurConfig.cmake
[15.451s] -- Up-to-date: /home/hans/ros2_ws/install/share/thur/cmake/thurConfig-version.cmake
[15.451s] -- Up-to-date: /home/hans/ros2_ws/install/share/thur/package.xml
[15.454s] Invoked command in '/home/hans/ros2_ws/build/thur' returned '0': CMAKE_PREFIX_PATH=${CMAKE_PREFIX_PATH}:/opt/ros/iron /usr/bin/cmake --install /home/hans/ros2_ws/build/thur
