[0.072s] Invoking command in '/home/hans/ros2_ws/build/ros2_control_demo_example_5': CMAKE_PREFIX_PATH=${CMAKE_PREFIX_PATH}:/opt/ros/iron /usr/bin/cmake --build /home/hans/ros2_ws/build/ros2_control_demo_example_5 -- -j4 -l4
[0.646s] [100%] Built target ros2_control_demo_example_5
[0.736s] Invoked command in '/home/hans/ros2_ws/build/ros2_control_demo_example_5' returned '0': CMAKE_PREFIX_PATH=${CMAKE_PREFIX_PATH}:/opt/ros/iron /usr/bin/cmake --build /home/hans/ros2_ws/build/ros2_control_demo_example_5 -- -j4 -l4
[0.916s] Invoking command in '/home/hans/ros2_ws/build/ros2_control_demo_example_5': CMAKE_PREFIX_PATH=${CMAKE_PREFIX_PATH}:/opt/ros/iron /usr/bin/cmake --install /home/hans/ros2_ws/build/ros2_control_demo_example_5
[0.957s] -- Install configuration: ""
[0.958s] -- Up-to-date: /home/hans/ros2_ws/install/share/ros2_control_demo_example_5/ros2_control_demo_example_5.xml
[0.988s] -- Up-to-date: /home/hans/ros2_ws/install/include/ros2_control_demo_example_5
[0.988s] -- Up-to-date: /home/hans/ros2_ws/install/include/ros2_control_demo_example_5/ros2_control_demo_example_5
[0.988s] -- Up-to-date: /home/hans/ros2_ws/install/include/ros2_control_demo_example_5/ros2_control_demo_example_5/external_rrbot_force_torque_sensor.hpp
[0.989s] -- Up-to-date: /home/hans/ros2_ws/install/include/ros2_control_demo_example_5/ros2_control_demo_example_5/rrbot.hpp
[0.989s] -- Up-to-date: /home/hans/ros2_ws/install/share/ros2_control_demo_example_5/launch
[0.989s] -- Up-to-date: /home/hans/ros2_ws/install/share/ros2_control_demo_example_5/launch/view_robot.launch.py
[0.989s] -- Up-to-date: /home/hans/ros2_ws/install/share/ros2_control_demo_example_5/ros2_control
[0.989s] -- Up-to-date: /home/hans/ros2_ws/install/share/ros2_control_demo_example_5/ros2_control/external_rrbot_force_torque_sensor.ros2_control.xacro
[0.990s] -- Up-to-date: /home/hans/ros2_ws/install/share/ros2_control_demo_example_5/ros2_control/rrbot_system_position_only.ros2_control.xacro
[0.990s] -- Up-to-date: /home/hans/ros2_ws/install/share/ros2_control_demo_example_5/urdf
[0.992s] -- Up-to-date: /home/hans/ros2_ws/install/share/ros2_control_demo_example_5/urdf/rrbot_system_with_external_sensor.urdf.xacro
[0.993s] -- Up-to-date: /home/hans/ros2_ws/install/share/ros2_control_demo_example_5/rviz
[0.994s] -- Up-to-date: /home/hans/ros2_ws/install/share/ros2_control_demo_example_5/rviz/rrbot.rviz
[1.016s] -- Up-to-date: /home/hans/ros2_ws/install/share/ros2_control_demo_example_5/launch
[1.016s] -- Up-to-date: /home/hans/ros2_ws/install/share/ros2_control_demo_example_5/launch/test_forward_position_controller.launch.py
[1.016s] -- Up-to-date: /home/hans/ros2_ws/install/share/ros2_control_demo_example_5/launch/rrbot_system_with_external_sensor.launch.py
[1.017s] -- Up-to-date: /home/hans/ros2_ws/install/share/ros2_control_demo_example_5/config
[1.017s] -- Up-to-date: /home/hans/ros2_ws/install/share/ros2_control_demo_example_5/config/rrbot_forward_position_publisher.yaml
[1.017s] -- Up-to-date: /home/hans/ros2_ws/install/share/ros2_control_demo_example_5/config/rrbot_with_external_sensor_controllers.yaml
[1.047s] -- Up-to-date: /home/hans/ros2_ws/install/lib/libros2_control_demo_example_5.so
[1.047s] -- Up-to-date: /home/hans/ros2_ws/install/share/ros2_control_demo_example_5/environment/library_path.sh
[1.047s] -- Up-to-date: /home/hans/ros2_ws/install/share/ros2_control_demo_example_5/environment/library_path.dsv
[1.047s] -- Up-to-date: /home/hans/ros2_ws/install/share/ament_index/resource_index/package_run_dependencies/ros2_control_demo_example_5
[1.048s] -- Up-to-date: /home/hans/ros2_ws/install/share/ament_index/resource_index/parent_prefix_path/ros2_control_demo_example_5
[1.048s] -- Up-to-date: /home/hans/ros2_ws/install/share/ros2_control_demo_example_5/environment/ament_prefix_path.sh
[1.048s] -- Up-to-date: /home/hans/ros2_ws/install/share/ros2_control_demo_example_5/environment/ament_prefix_path.dsv
[1.048s] -- Up-to-date: /home/hans/ros2_ws/install/share/ros2_control_demo_example_5/environment/path.sh
[1.049s] -- Up-to-date: /home/hans/ros2_ws/install/share/ros2_control_demo_example_5/environment/path.dsv
[1.049s] -- Up-to-date: /home/hans/ros2_ws/install/share/ros2_control_demo_example_5/local_setup.bash
[1.049s] -- Up-to-date: /home/hans/ros2_ws/install/share/ros2_control_demo_example_5/local_setup.sh
[1.049s] -- Up-to-date: /home/hans/ros2_ws/install/share/ros2_control_demo_example_5/local_setup.zsh
[1.049s] -- Up-to-date: /home/hans/ros2_ws/install/share/ros2_control_demo_example_5/local_setup.dsv
[1.050s] -- Installing: /home/hans/ros2_ws/install/share/ros2_control_demo_example_5/package.dsv
[1.050s] -- Up-to-date: /home/hans/ros2_ws/install/share/ament_index/resource_index/packages/ros2_control_demo_example_5
[1.050s] -- Up-to-date: /home/hans/ros2_ws/install/share/ament_index/resource_index/hardware_interface__pluginlib__plugin/ros2_control_demo_example_5
[1.050s] -- Up-to-date: /home/hans/ros2_ws/install/share/ros2_control_demo_example_5/cmake/export_ros2_control_demo_example_5Export.cmake
[1.050s] -- Up-to-date: /home/hans/ros2_ws/install/share/ros2_control_demo_example_5/cmake/export_ros2_control_demo_example_5Export-noconfig.cmake
[1.051s] -- Up-to-date: /home/hans/ros2_ws/install/share/ros2_control_demo_example_5/cmake/ament_cmake_export_targets-extras.cmake
[1.051s] -- Up-to-date: /home/hans/ros2_ws/install/share/ros2_control_demo_example_5/cmake/ament_cmake_export_dependencies-extras.cmake
[1.052s] -- Up-to-date: /home/hans/ros2_ws/install/share/ros2_control_demo_example_5/cmake/ros2_control_demo_example_5Config.cmake
[1.052s] -- Up-to-date: /home/hans/ros2_ws/install/share/ros2_control_demo_example_5/cmake/ros2_control_demo_example_5Config-version.cmake
[1.052s] -- Up-to-date: /home/hans/ros2_ws/install/share/ros2_control_demo_example_5/package.xml
[1.057s] Invoked command in '/home/hans/ros2_ws/build/ros2_control_demo_example_5' returned '0': CMAKE_PREFIX_PATH=${CMAKE_PREFIX_PATH}:/opt/ros/iron /usr/bin/cmake --install /home/hans/ros2_ws/build/ros2_control_demo_example_5
