-- The CXX compiler identification is GNU 11.4.0
-- Detecting CXX compiler ABI info
-- Detecting CXX compiler ABI info - done
-- Check for working CXX compiler: /usr/bin/c++ - skipped
-- Detecting CXX compile features
-- Detecting CXX compile features - done
-- Found ament_cmake: 2.0.6 (/opt/ros/iron/share/ament_cmake/cmake)
-- Found Python3: /usr/bin/python3.10 (found version "3.10.12") found components: Interpreter 
-- Found hardware_interface: 3.28.0 (/opt/ros/iron/share/hardware_interface/cmake)
-- Found rosidl_generator_c: 4.0.1 (/opt/ros/iron/share/rosidl_generator_c/cmake)
-- Found rosidl_generator_cpp: 4.0.1 (/opt/ros/iron/share/rosidl_generator_cpp/cmake)
-- Using all available rosidl_typesupport_c: rosidl_typesupport_fastrtps_c;rosidl_typesupport_introspection_c
-- Using all available rosidl_typesupport_cpp: rosidl_typesupport_fastrtps_cpp;rosidl_typesupport_introspection_cpp
-- Found rmw_implementation_cmake: 7.1.0 (/opt/ros/iron/share/rmw_implementation_cmake/cmake)
-- Found rmw_fastrtps_cpp: 7.1.4 (/opt/ros/iron/share/rmw_fastrtps_cpp/cmake)
-- Found TinyXML2 via Config file: TinyXML2_DIR-NOTFOUND
-- Found OpenSSL: /usr/lib/x86_64-linux-gnu/libcrypto.so (found version "3.0.2")  
-- Found TinyXML2 via Config file: TinyXML2_DIR-NOTFOUND
-- Found FastRTPS: /opt/ros/iron/include  
-- Found TinyXML2 via Config file: TinyXML2_DIR-NOTFOUND
-- Found TinyXML2 via Config file: TinyXML2_DIR-NOTFOUND
-- Using RMW implementation 'rmw_fastrtps_cpp' as default
-- Found realtime_tools: 2.6.0 (/opt/ros/iron/share/realtime_tools/cmake)
-- Found ament_cmake_pytest: 2.0.6 (/opt/ros/iron/share/ament_cmake_pytest/cmake)
-- Configuring done
-- Generating done
-- Build files have been written to: /home/hans/ros2_ws/build/ros2_control_demo_example_14
[ 33%] [32mBuilding CXX object CMakeFiles/ros2_control_demo_example_14.dir/hardware/rrbot_actuator_without_feedback.cpp.o[0m
[ 66%] [32mBuilding CXX object CMakeFiles/ros2_control_demo_example_14.dir/hardware/rrbot_sensor_for_position_feedback.cpp.o[0m
[100%] [32m[1mLinking CXX shared library libros2_control_demo_example_14.so[0m
[100%] Built target ros2_control_demo_example_14
-- Install configuration: ""
-- Installing: /home/hans/ros2_ws/install/share/ros2_control_demo_example_14/ros2_control_demo_example_14.xml
-- Installing: /home/hans/ros2_ws/install/include/ros2_control_demo_example_14
-- Installing: /home/hans/ros2_ws/install/include/ros2_control_demo_example_14/ros2_control_demo_example_14
-- Installing: /home/hans/ros2_ws/install/include/ros2_control_demo_example_14/ros2_control_demo_example_14/rrbot_sensor_for_position_feedback.hpp
-- Installing: /home/hans/ros2_ws/install/include/ros2_control_demo_example_14/ros2_control_demo_example_14/rrbot_actuator_without_feedback.hpp
-- Installing: /home/hans/ros2_ws/install/share/ros2_control_demo_example_14/launch
-- Installing: /home/hans/ros2_ws/install/share/ros2_control_demo_example_14/launch/view_robot.launch.py
-- Installing: /home/hans/ros2_ws/install/share/ros2_control_demo_example_14/ros2_control
-- Installing: /home/hans/ros2_ws/install/share/ros2_control_demo_example_14/ros2_control/rrbot_modular_actuators_without_feedback_sensors_for_position_feedback.ros2_control.xacro
-- Installing: /home/hans/ros2_ws/install/share/ros2_control_demo_example_14/urdf
-- Installing: /home/hans/ros2_ws/install/share/ros2_control_demo_example_14/urdf/rrbot_modular_actuators_without_feedback_sensors_for_position_feedback.urdf.xacro
-- Up-to-date: /home/hans/ros2_ws/install/share/ros2_control_demo_example_14/launch
-- Installing: /home/hans/ros2_ws/install/share/ros2_control_demo_example_14/launch/rrbot_modular_actuators_without_feedback_sensors_for_position_feedback.launch.py
-- Installing: /home/hans/ros2_ws/install/share/ros2_control_demo_example_14/config
-- Installing: /home/hans/ros2_ws/install/share/ros2_control_demo_example_14/config/rrbot_modular_actuators_without_feedback_sensors_for_position_feedback.yaml
-- Installing: /home/hans/ros2_ws/install/lib/libros2_control_demo_example_14.so
-- Set runtime path of "/home/hans/ros2_ws/install/lib/libros2_control_demo_example_14.so" to ""
-- Installing: /home/hans/ros2_ws/install/share/ros2_control_demo_example_14/environment/library_path.sh
-- Installing: /home/hans/ros2_ws/install/share/ros2_control_demo_example_14/environment/library_path.dsv
-- Installing: /home/hans/ros2_ws/install/share/ament_index/resource_index/package_run_dependencies/ros2_control_demo_example_14
-- Installing: /home/hans/ros2_ws/install/share/ament_index/resource_index/parent_prefix_path/ros2_control_demo_example_14
-- Installing: /home/hans/ros2_ws/install/share/ros2_control_demo_example_14/environment/ament_prefix_path.sh
-- Installing: /home/hans/ros2_ws/install/share/ros2_control_demo_example_14/environment/ament_prefix_path.dsv
-- Installing: /home/hans/ros2_ws/install/share/ros2_control_demo_example_14/environment/path.sh
-- Installing: /home/hans/ros2_ws/install/share/ros2_control_demo_example_14/environment/path.dsv
-- Installing: /home/hans/ros2_ws/install/share/ros2_control_demo_example_14/local_setup.bash
-- Installing: /home/hans/ros2_ws/install/share/ros2_control_demo_example_14/local_setup.sh
-- Installing: /home/hans/ros2_ws/install/share/ros2_control_demo_example_14/local_setup.zsh
-- Installing: /home/hans/ros2_ws/install/share/ros2_control_demo_example_14/local_setup.dsv
-- Installing: /home/hans/ros2_ws/install/share/ros2_control_demo_example_14/package.dsv
-- Installing: /home/hans/ros2_ws/install/share/ament_index/resource_index/packages/ros2_control_demo_example_14
-- Installing: /home/hans/ros2_ws/install/share/ament_index/resource_index/hardware_interface__pluginlib__plugin/ros2_control_demo_example_14
-- Installing: /home/hans/ros2_ws/install/share/ros2_control_demo_example_14/cmake/export_ros2_control_demo_example_14Export.cmake
-- Installing: /home/hans/ros2_ws/install/share/ros2_control_demo_example_14/cmake/export_ros2_control_demo_example_14Export-noconfig.cmake
-- Installing: /home/hans/ros2_ws/install/share/ros2_control_demo_example_14/cmake/ament_cmake_export_targets-extras.cmake
-- Installing: /home/hans/ros2_ws/install/share/ros2_control_demo_example_14/cmake/ament_cmake_export_dependencies-extras.cmake
-- Installing: /home/hans/ros2_ws/install/share/ros2_control_demo_example_14/cmake/ros2_control_demo_example_14Config.cmake
-- Installing: /home/hans/ros2_ws/install/share/ros2_control_demo_example_14/cmake/ros2_control_demo_example_14Config-version.cmake
-- Installing: /home/hans/ros2_ws/install/share/ros2_control_demo_example_14/package.xml
