[0.009s] Invoking command in '/home/hans/ros2_ws/build/ros2_control_demo_example_14': AMENT_PREFIX_PATH=/home/hans/ros2_ws/install:${AMENT_PREFIX_PATH} CMAKE_PREFIX_PATH=/home/hans/ros2_ws/install:/opt/ros/iron PYTHONPATH=/home/hans/ros2_ws/install/lib/python3.10/site-packages:${PYTHONPATH} /usr/bin/cmake /home/hans/ros2_ws/src/ros2_control_demos/example_14 -DCMAKE_INSTALL_PREFIX=/home/hans/ros2_ws/install
[0.106s] -- The CXX compiler identification is GNU 11.4.0
[0.115s] -- Detecting CXX compiler ABI info
[0.204s] -- Detecting CXX compiler ABI info - done
[0.210s] -- Check for working CXX compiler: /usr/bin/c++ - skipped
[0.211s] -- Detecting CXX compile features
[0.211s] -- Detecting CXX compile features - done
[0.217s] -- Found ament_cmake: 2.0.6 (/opt/ros/iron/share/ament_cmake/cmake)
[0.375s] -- Found Python3: /usr/bin/python3.10 (found version "3.10.12") found components: Interpreter 
[0.454s] -- Found hardware_interface: 3.28.0 (/opt/ros/iron/share/hardware_interface/cmake)
[0.486s] -- Found rosidl_generator_c: 4.0.1 (/opt/ros/iron/share/rosidl_generator_c/cmake)
[0.509s] -- Found rosidl_generator_cpp: 4.0.1 (/opt/ros/iron/share/rosidl_generator_cpp/cmake)
[0.518s] -- Using all available rosidl_typesupport_c: rosidl_typesupport_fastrtps_c;rosidl_typesupport_introspection_c
[0.535s] -- Using all available rosidl_typesupport_cpp: rosidl_typesupport_fastrtps_cpp;rosidl_typesupport_introspection_cpp
[1.260s] -- Found rmw_implementation_cmake: 7.1.0 (/opt/ros/iron/share/rmw_implementation_cmake/cmake)
[1.262s] -- Found rmw_fastrtps_cpp: 7.1.4 (/opt/ros/iron/share/rmw_fastrtps_cpp/cmake)
[1.295s] -- Found TinyXML2 via Config file: TinyXML2_DIR-NOTFOUND
[1.355s] -- Found OpenSSL: /usr/lib/x86_64-linux-gnu/libcrypto.so (found version "3.0.2")  
[1.357s] -- Found TinyXML2 via Config file: TinyXML2_DIR-NOTFOUND
[1.369s] -- Found FastRTPS: /opt/ros/iron/include  
[1.374s] -- Found TinyXML2 via Config file: TinyXML2_DIR-NOTFOUND
[1.389s] -- Found TinyXML2 via Config file: TinyXML2_DIR-NOTFOUND
[1.402s] -- Using RMW implementation 'rmw_fastrtps_cpp' as default
[1.601s] -- Found realtime_tools: 2.6.0 (/opt/ros/iron/share/realtime_tools/cmake)
[1.869s] -- Found ament_cmake_pytest: 2.0.6 (/opt/ros/iron/share/ament_cmake_pytest/cmake)
[2.885s] -- Configuring done
[2.900s] -- Generating done
[2.902s] -- Build files have been written to: /home/hans/ros2_ws/build/ros2_control_demo_example_14
[2.912s] Invoked command in '/home/hans/ros2_ws/build/ros2_control_demo_example_14' returned '0': AMENT_PREFIX_PATH=/home/hans/ros2_ws/install:${AMENT_PREFIX_PATH} CMAKE_PREFIX_PATH=/home/hans/ros2_ws/install:/opt/ros/iron PYTHONPATH=/home/hans/ros2_ws/install/lib/python3.10/site-packages:${PYTHONPATH} /usr/bin/cmake /home/hans/ros2_ws/src/ros2_control_demos/example_14 -DCMAKE_INSTALL_PREFIX=/home/hans/ros2_ws/install
[2.913s] Invoking command in '/home/hans/ros2_ws/build/ros2_control_demo_example_14': AMENT_PREFIX_PATH=/home/hans/ros2_ws/install:${AMENT_PREFIX_PATH} CMAKE_PREFIX_PATH=/home/hans/ros2_ws/install:/opt/ros/iron PYTHONPATH=/home/hans/ros2_ws/install/lib/python3.10/site-packages:${PYTHONPATH} /usr/bin/cmake --build /home/hans/ros2_ws/build/ros2_control_demo_example_14 -- -j1 -l1
[2.977s] [ 33%] [32mBuilding CXX object CMakeFiles/ros2_control_demo_example_14.dir/hardware/rrbot_actuator_without_feedback.cpp.o[0m
[7.918s] [ 66%] [32mBuilding CXX object CMakeFiles/ros2_control_demo_example_14.dir/hardware/rrbot_sensor_for_position_feedback.cpp.o[0m
[12.952s] [100%] [32m[1mLinking CXX shared library libros2_control_demo_example_14.so[0m
[13.131s] [100%] Built target ros2_control_demo_example_14
[13.156s] Invoked command in '/home/hans/ros2_ws/build/ros2_control_demo_example_14' returned '0': AMENT_PREFIX_PATH=/home/hans/ros2_ws/install:${AMENT_PREFIX_PATH} CMAKE_PREFIX_PATH=/home/hans/ros2_ws/install:/opt/ros/iron PYTHONPATH=/home/hans/ros2_ws/install/lib/python3.10/site-packages:${PYTHONPATH} /usr/bin/cmake --build /home/hans/ros2_ws/build/ros2_control_demo_example_14 -- -j1 -l1
[13.185s] Invoking command in '/home/hans/ros2_ws/build/ros2_control_demo_example_14': AMENT_PREFIX_PATH=/home/hans/ros2_ws/install:${AMENT_PREFIX_PATH} CMAKE_PREFIX_PATH=/home/hans/ros2_ws/install:/opt/ros/iron PYTHONPATH=/home/hans/ros2_ws/install/lib/python3.10/site-packages:${PYTHONPATH} /usr/bin/cmake --install /home/hans/ros2_ws/build/ros2_control_demo_example_14
[13.192s] -- Install configuration: ""
[13.192s] -- Installing: /home/hans/ros2_ws/install/share/ros2_control_demo_example_14/ros2_control_demo_example_14.xml
[13.194s] -- Installing: /home/hans/ros2_ws/install/include/ros2_control_demo_example_14
[13.195s] -- Installing: /home/hans/ros2_ws/install/include/ros2_control_demo_example_14/ros2_control_demo_example_14
[13.195s] -- Installing: /home/hans/ros2_ws/install/include/ros2_control_demo_example_14/ros2_control_demo_example_14/rrbot_sensor_for_position_feedback.hpp
[13.195s] -- Installing: /home/hans/ros2_ws/install/include/ros2_control_demo_example_14/ros2_control_demo_example_14/rrbot_actuator_without_feedback.hpp
[13.195s] -- Installing: /home/hans/ros2_ws/install/share/ros2_control_demo_example_14/launch
[13.195s] -- Installing: /home/hans/ros2_ws/install/share/ros2_control_demo_example_14/launch/view_robot.launch.py
[13.196s] -- Installing: /home/hans/ros2_ws/install/share/ros2_control_demo_example_14/ros2_control
[13.196s] -- Installing: /home/hans/ros2_ws/install/share/ros2_control_demo_example_14/ros2_control/rrbot_modular_actuators_without_feedback_sensors_for_position_feedback.ros2_control.xacro
[13.196s] -- Installing: /home/hans/ros2_ws/install/share/ros2_control_demo_example_14/urdf
[13.196s] -- Installing: /home/hans/ros2_ws/install/share/ros2_control_demo_example_14/urdf/rrbot_modular_actuators_without_feedback_sensors_for_position_feedback.urdf.xacro
[13.197s] -- Up-to-date: /home/hans/ros2_ws/install/share/ros2_control_demo_example_14/launch
[13.197s] -- Installing: /home/hans/ros2_ws/install/share/ros2_control_demo_example_14/launch/rrbot_modular_actuators_without_feedback_sensors_for_position_feedback.launch.py
[13.197s] -- Installing: /home/hans/ros2_ws/install/share/ros2_control_demo_example_14/config
[13.198s] -- Installing: /home/hans/ros2_ws/install/share/ros2_control_demo_example_14/config/rrbot_modular_actuators_without_feedback_sensors_for_position_feedback.yaml
[13.198s] -- Installing: /home/hans/ros2_ws/install/lib/libros2_control_demo_example_14.so
[13.200s] -- Set runtime path of "/home/hans/ros2_ws/install/lib/libros2_control_demo_example_14.so" to ""
[13.200s] -- Installing: /home/hans/ros2_ws/install/share/ros2_control_demo_example_14/environment/library_path.sh
[13.200s] -- Installing: /home/hans/ros2_ws/install/share/ros2_control_demo_example_14/environment/library_path.dsv
[13.200s] -- Installing: /home/hans/ros2_ws/install/share/ament_index/resource_index/package_run_dependencies/ros2_control_demo_example_14
[13.201s] -- Installing: /home/hans/ros2_ws/install/share/ament_index/resource_index/parent_prefix_path/ros2_control_demo_example_14
[13.201s] -- Installing: /home/hans/ros2_ws/install/share/ros2_control_demo_example_14/environment/ament_prefix_path.sh
[13.201s] -- Installing: /home/hans/ros2_ws/install/share/ros2_control_demo_example_14/environment/ament_prefix_path.dsv
[13.202s] -- Installing: /home/hans/ros2_ws/install/share/ros2_control_demo_example_14/environment/path.sh
[13.202s] -- Installing: /home/hans/ros2_ws/install/share/ros2_control_demo_example_14/environment/path.dsv
[13.202s] -- Installing: /home/hans/ros2_ws/install/share/ros2_control_demo_example_14/local_setup.bash
[13.203s] -- Installing: /home/hans/ros2_ws/install/share/ros2_control_demo_example_14/local_setup.sh
[13.203s] -- Installing: /home/hans/ros2_ws/install/share/ros2_control_demo_example_14/local_setup.zsh
[13.203s] -- Installing: /home/hans/ros2_ws/install/share/ros2_control_demo_example_14/local_setup.dsv
[13.203s] -- Installing: /home/hans/ros2_ws/install/share/ros2_control_demo_example_14/package.dsv
[13.204s] -- Installing: /home/hans/ros2_ws/install/share/ament_index/resource_index/packages/ros2_control_demo_example_14
[13.204s] -- Installing: /home/hans/ros2_ws/install/share/ament_index/resource_index/hardware_interface__pluginlib__plugin/ros2_control_demo_example_14
[13.205s] -- Installing: /home/hans/ros2_ws/install/share/ros2_control_demo_example_14/cmake/export_ros2_control_demo_example_14Export.cmake
[13.205s] -- Installing: /home/hans/ros2_ws/install/share/ros2_control_demo_example_14/cmake/export_ros2_control_demo_example_14Export-noconfig.cmake
[13.205s] -- Installing: /home/hans/ros2_ws/install/share/ros2_control_demo_example_14/cmake/ament_cmake_export_targets-extras.cmake
[13.206s] -- Installing: /home/hans/ros2_ws/install/share/ros2_control_demo_example_14/cmake/ament_cmake_export_dependencies-extras.cmake
[13.206s] -- Installing: /home/hans/ros2_ws/install/share/ros2_control_demo_example_14/cmake/ros2_control_demo_example_14Config.cmake
[13.206s] -- Installing: /home/hans/ros2_ws/install/share/ros2_control_demo_example_14/cmake/ros2_control_demo_example_14Config-version.cmake
[13.206s] -- Installing: /home/hans/ros2_ws/install/share/ros2_control_demo_example_14/package.xml
[13.209s] Invoked command in '/home/hans/ros2_ws/build/ros2_control_demo_example_14' returned '0': AMENT_PREFIX_PATH=/home/hans/ros2_ws/install:${AMENT_PREFIX_PATH} CMAKE_PREFIX_PATH=/home/hans/ros2_ws/install:/opt/ros/iron PYTHONPATH=/home/hans/ros2_ws/install/lib/python3.10/site-packages:${PYTHONPATH} /usr/bin/cmake --install /home/hans/ros2_ws/build/ros2_control_demo_example_14
