[0.068s] Invoking command in '/home/hans/ros2_ws/build/ros2_control_demos': AMENT_PREFIX_PATH=/home/hans/ros2_ws/install:${AMENT_PREFIX_PATH} CMAKE_PREFIX_PATH=/home/hans/ros2_ws/install:/opt/ros/iron LD_LIBRARY_PATH=/home/hans/ros2_ws/install/lib:${LD_LIBRARY_PATH} PYTHONPATH=/home/hans/ros2_ws/install/lib/python3.10/site-packages:${PYTHONPATH} /usr/bin/cmake --build /home/hans/ros2_ws/build/ros2_control_demos -- -j1 -l1
[0.120s] Invoked command in '/home/hans/ros2_ws/build/ros2_control_demos' returned '0': AMENT_PREFIX_PATH=/home/hans/ros2_ws/install:${AMENT_PREFIX_PATH} CMAKE_PREFIX_PATH=/home/hans/ros2_ws/install:/opt/ros/iron LD_LIBRARY_PATH=/home/hans/ros2_ws/install/lib:${LD_LIBRARY_PATH} PYTHONPATH=/home/hans/ros2_ws/install/lib/python3.10/site-packages:${PYTHONPATH} /usr/bin/cmake --build /home/hans/ros2_ws/build/ros2_control_demos -- -j1 -l1
[0.166s] Invoking command in '/home/hans/ros2_ws/build/ros2_control_demos': AMENT_PREFIX_PATH=/home/hans/ros2_ws/install:${AMENT_PREFIX_PATH} CMAKE_PREFIX_PATH=/home/hans/ros2_ws/install:/opt/ros/iron LD_LIBRARY_PATH=/home/hans/ros2_ws/install/lib:${LD_LIBRARY_PATH} PYTHONPATH=/home/hans/ros2_ws/install/lib/python3.10/site-packages:${PYTHONPATH} /usr/bin/cmake --install /home/hans/ros2_ws/build/ros2_control_demos
[0.177s] -- Install configuration: ""
[0.177s] -- Up-to-date: /home/hans/ros2_ws/install/share/ament_index/resource_index/package_run_dependencies/ros2_control_demos
[0.177s] -- Up-to-date: /home/hans/ros2_ws/install/share/ament_index/resource_index/parent_prefix_path/ros2_control_demos
[0.178s] -- Up-to-date: /home/hans/ros2_ws/install/share/ros2_control_demos/environment/ament_prefix_path.sh
[0.178s] -- Up-to-date: /home/hans/ros2_ws/install/share/ros2_control_demos/environment/ament_prefix_path.dsv
[0.178s] -- Up-to-date: /home/hans/ros2_ws/install/share/ros2_control_demos/environment/path.sh
[0.178s] -- Up-to-date: /home/hans/ros2_ws/install/share/ros2_control_demos/environment/path.dsv
[0.178s] -- Up-to-date: /home/hans/ros2_ws/install/share/ros2_control_demos/local_setup.bash
[0.179s] -- Up-to-date: /home/hans/ros2_ws/install/share/ros2_control_demos/local_setup.sh
[0.179s] -- Up-to-date: /home/hans/ros2_ws/install/share/ros2_control_demos/local_setup.zsh
[0.179s] -- Up-to-date: /home/hans/ros2_ws/install/share/ros2_control_demos/local_setup.dsv
[0.179s] -- Installing: /home/hans/ros2_ws/install/share/ros2_control_demos/package.dsv
[0.181s] -- Up-to-date: /home/hans/ros2_ws/install/share/ament_index/resource_index/packages/ros2_control_demos
[0.181s] -- Up-to-date: /home/hans/ros2_ws/install/share/ros2_control_demos/cmake/ros2_control_demosConfig.cmake
[0.181s] -- Up-to-date: /home/hans/ros2_ws/install/share/ros2_control_demos/cmake/ros2_control_demosConfig-version.cmake
[0.182s] -- Up-to-date: /home/hans/ros2_ws/install/share/ros2_control_demos/package.xml
[0.184s] Invoked command in '/home/hans/ros2_ws/build/ros2_control_demos' returned '0': AMENT_PREFIX_PATH=/home/hans/ros2_ws/install:${AMENT_PREFIX_PATH} CMAKE_PREFIX_PATH=/home/hans/ros2_ws/install:/opt/ros/iron LD_LIBRARY_PATH=/home/hans/ros2_ws/install/lib:${LD_LIBRARY_PATH} PYTHONPATH=/home/hans/ros2_ws/install/lib/python3.10/site-packages:${PYTHONPATH} /usr/bin/cmake --install /home/hans/ros2_ws/build/ros2_control_demos
