[0.059s] Invoking command in '/home/hans/ros2_ws/build/ros2_control_demos': CMAKE_PREFIX_PATH=${CMAKE_PREFIX_PATH}:/opt/ros/iron /usr/bin/cmake --build /home/hans/ros2_ws/build/ros2_control_demos -- -j4 -l4
[0.127s] Invoked command in '/home/hans/ros2_ws/build/ros2_control_demos' returned '0': CMAKE_PREFIX_PATH=${CMAKE_PREFIX_PATH}:/opt/ros/iron /usr/bin/cmake --build /home/hans/ros2_ws/build/ros2_control_demos -- -j4 -l4
[0.155s] Invoking command in '/home/hans/ros2_ws/build/ros2_control_demos': CMAKE_PREFIX_PATH=${CMAKE_PREFIX_PATH}:/opt/ros/iron /usr/bin/cmake --install /home/hans/ros2_ws/build/ros2_control_demos
[0.165s] -- Install configuration: ""
[0.165s] -- Up-to-date: /home/hans/ros2_ws/install/share/ament_index/resource_index/package_run_dependencies/ros2_control_demos
[0.165s] -- Up-to-date: /home/hans/ros2_ws/install/share/ament_index/resource_index/parent_prefix_path/ros2_control_demos
[0.165s] -- Up-to-date: /home/hans/ros2_ws/install/share/ros2_control_demos/environment/ament_prefix_path.sh
[0.166s] -- Up-to-date: /home/hans/ros2_ws/install/share/ros2_control_demos/environment/ament_prefix_path.dsv
[0.166s] -- Up-to-date: /home/hans/ros2_ws/install/share/ros2_control_demos/environment/path.sh
[0.166s] -- Up-to-date: /home/hans/ros2_ws/install/share/ros2_control_demos/environment/path.dsv
[0.167s] -- Up-to-date: /home/hans/ros2_ws/install/share/ros2_control_demos/local_setup.bash
[0.168s] -- Up-to-date: /home/hans/ros2_ws/install/share/ros2_control_demos/local_setup.sh
[0.168s] -- Up-to-date: /home/hans/ros2_ws/install/share/ros2_control_demos/local_setup.zsh
[0.168s] -- Up-to-date: /home/hans/ros2_ws/install/share/ros2_control_demos/local_setup.dsv
[0.168s] -- Installing: /home/hans/ros2_ws/install/share/ros2_control_demos/package.dsv
[0.168s] -- Up-to-date: /home/hans/ros2_ws/install/share/ament_index/resource_index/packages/ros2_control_demos
[0.168s] -- Up-to-date: /home/hans/ros2_ws/install/share/ros2_control_demos/cmake/ros2_control_demosConfig.cmake
[0.168s] -- Up-to-date: /home/hans/ros2_ws/install/share/ros2_control_demos/cmake/ros2_control_demosConfig-version.cmake
[0.169s] -- Up-to-date: /home/hans/ros2_ws/install/share/ros2_control_demos/package.xml
[0.169s] Invoked command in '/home/hans/ros2_ws/build/ros2_control_demos' returned '0': CMAKE_PREFIX_PATH=${CMAKE_PREFIX_PATH}:/opt/ros/iron /usr/bin/cmake --install /home/hans/ros2_ws/build/ros2_control_demos
