[0.119s] Invoking command in '/home/hans/ros2_ws/build/thur': CMAKE_PREFIX_PATH=${CMAKE_PREFIX_PATH}:/opt/ros/iron /usr/bin/cmake --build /home/hans/ros2_ws/build/thur -- -j4 -l4
[0.365s] [35m[1mConsolidate compiler generated dependencies of target thur[0m
[0.524s] [100%] Built target thur
[0.577s] Invoked command in '/home/hans/ros2_ws/build/thur' returned '0': CMAKE_PREFIX_PATH=${CMAKE_PREFIX_PATH}:/opt/ros/iron /usr/bin/cmake --build /home/hans/ros2_ws/build/thur -- -j4 -l4
[0.779s] Invoking command in '/home/hans/ros2_ws/build/thur': CMAKE_PREFIX_PATH=${CMAKE_PREFIX_PATH}:/opt/ros/iron /usr/bin/cmake --install /home/hans/ros2_ws/build/thur
[0.804s] -- Install configuration: ""
[0.804s] -- Up-to-date: /home/hans/ros2_ws/install/share/thur/thur.xml
[0.804s] -- Up-to-date: /home/hans/ros2_ws/install/include/thur
[0.805s] -- Up-to-date: /home/hans/ros2_ws/install/include/thur/serial.hpp
[0.826s] -- Up-to-date: /home/hans/ros2_ws/install/include/thur/thur
[0.826s] -- Up-to-date: /home/hans/ros2_ws/install/include/thur/thur/thur_diff.hpp
[0.826s] -- Up-to-date: /home/hans/ros2_ws/install/share/thur/launch
[0.826s] -- Up-to-date: /home/hans/ros2_ws/install/share/thur/launch/view_robot.launch.py
[0.826s] -- Up-to-date: /home/hans/ros2_ws/install/share/thur/ros2_control
[0.827s] -- Installing: /home/hans/ros2_ws/install/share/thur/ros2_control/thur.ros2_control.xacro
[0.827s] -- Up-to-date: /home/hans/ros2_ws/install/share/thur/urdf
[0.827s] -- Up-to-date: /home/hans/ros2_ws/install/share/thur/urdf/thur.urdf.xacro
[0.827s] -- Up-to-date: /home/hans/ros2_ws/install/share/thur/launch
[0.827s] -- Up-to-date: /home/hans/ros2_ws/install/share/thur/launch/thur.launch.py
[0.827s] -- Up-to-date: /home/hans/ros2_ws/install/share/thur/config
[0.827s] -- Up-to-date: /home/hans/ros2_ws/install/share/thur/config/thur_controllers.yaml
[0.828s] -- Up-to-date: /home/hans/ros2_ws/install/lib/libthur.so
[0.828s] -- Up-to-date: /home/hans/ros2_ws/install/share/thur/environment/library_path.sh
[0.828s] -- Up-to-date: /home/hans/ros2_ws/install/share/thur/environment/library_path.dsv
[0.828s] -- Up-to-date: /home/hans/ros2_ws/install/share/ament_index/resource_index/package_run_dependencies/thur
[0.831s] -- Up-to-date: /home/hans/ros2_ws/install/share/ament_index/resource_index/parent_prefix_path/thur
[0.831s] -- Up-to-date: /home/hans/ros2_ws/install/share/thur/environment/ament_prefix_path.sh
[0.831s] -- Up-to-date: /home/hans/ros2_ws/install/share/thur/environment/ament_prefix_path.dsv
[0.834s] -- Up-to-date: /home/hans/ros2_ws/install/share/thur/environment/path.sh
[0.835s] -- Up-to-date: /home/hans/ros2_ws/install/share/thur/environment/path.dsv
[0.835s] -- Up-to-date: /home/hans/ros2_ws/install/share/thur/local_setup.bash
[0.835s] -- Up-to-date: /home/hans/ros2_ws/install/share/thur/local_setup.sh
[0.835s] -- Up-to-date: /home/hans/ros2_ws/install/share/thur/local_setup.zsh
[0.835s] -- Up-to-date: /home/hans/ros2_ws/install/share/thur/local_setup.dsv
[0.839s] -- Installing: /home/hans/ros2_ws/install/share/thur/package.dsv
[0.839s] -- Up-to-date: /home/hans/ros2_ws/install/share/ament_index/resource_index/packages/thur
[0.839s] -- Up-to-date: /home/hans/ros2_ws/install/share/ament_index/resource_index/hardware_interface__pluginlib__plugin/thur
[0.840s] -- Up-to-date: /home/hans/ros2_ws/install/share/thur/cmake/export_thurExport.cmake
[0.840s] -- Up-to-date: /home/hans/ros2_ws/install/share/thur/cmake/export_thurExport-noconfig.cmake
[0.840s] -- Up-to-date: /home/hans/ros2_ws/install/share/thur/cmake/ament_cmake_export_targets-extras.cmake
[0.840s] -- Up-to-date: /home/hans/ros2_ws/install/share/thur/cmake/ament_cmake_export_dependencies-extras.cmake
[0.840s] -- Up-to-date: /home/hans/ros2_ws/install/share/thur/cmake/thurConfig.cmake
[0.840s] -- Up-to-date: /home/hans/ros2_ws/install/share/thur/cmake/thurConfig-version.cmake
[0.841s] -- Up-to-date: /home/hans/ros2_ws/install/share/thur/package.xml
[0.863s] Invoked command in '/home/hans/ros2_ws/build/thur' returned '0': CMAKE_PREFIX_PATH=${CMAKE_PREFIX_PATH}:/opt/ros/iron /usr/bin/cmake --install /home/hans/ros2_ws/build/thur
