[0.239s] Invoking command in '/home/hans/ros2_ws/build/ros2_control_demo_example_14': CMAKE_PREFIX_PATH=${CMAKE_PREFIX_PATH}:/opt/ros/iron /usr/bin/cmake --build /home/hans/ros2_ws/build/ros2_control_demo_example_14 -- -j4 -l4
[0.648s] [100%] Built target ros2_control_demo_example_14
[0.726s] Invoked command in '/home/hans/ros2_ws/build/ros2_control_demo_example_14' returned '0': CMAKE_PREFIX_PATH=${CMAKE_PREFIX_PATH}:/opt/ros/iron /usr/bin/cmake --build /home/hans/ros2_ws/build/ros2_control_demo_example_14 -- -j4 -l4
[0.873s] Invoking command in '/home/hans/ros2_ws/build/ros2_control_demo_example_14': CMAKE_PREFIX_PATH=${CMAKE_PREFIX_PATH}:/opt/ros/iron /usr/bin/cmake --install /home/hans/ros2_ws/build/ros2_control_demo_example_14
[0.911s] -- Install configuration: ""
[0.927s] -- Up-to-date: /home/hans/ros2_ws/install/share/ros2_control_demo_example_14/ros2_control_demo_example_14.xml
[0.927s] -- Up-to-date: /home/hans/ros2_ws/install/include/ros2_control_demo_example_14
[0.929s] -- Up-to-date: /home/hans/ros2_ws/install/include/ros2_control_demo_example_14/ros2_control_demo_example_14
[0.930s] -- Up-to-date: /home/hans/ros2_ws/install/include/ros2_control_demo_example_14/ros2_control_demo_example_14/rrbot_sensor_for_position_feedback.hpp
[0.930s] -- Up-to-date: /home/hans/ros2_ws/install/include/ros2_control_demo_example_14/ros2_control_demo_example_14/rrbot_actuator_without_feedback.hpp
[0.930s] -- Up-to-date: /home/hans/ros2_ws/install/share/ros2_control_demo_example_14/launch
[0.956s] -- Up-to-date: /home/hans/ros2_ws/install/share/ros2_control_demo_example_14/launch/view_robot.launch.py
[0.963s] -- Up-to-date: /home/hans/ros2_ws/install/share/ros2_control_demo_example_14/ros2_control
[0.965s] -- Up-to-date: /home/hans/ros2_ws/install/share/ros2_control_demo_example_14/ros2_control/rrbot_modular_actuators_without_feedback_sensors_for_position_feedback.ros2_control.xacro
[0.967s] -- Up-to-date: /home/hans/ros2_ws/install/share/ros2_control_demo_example_14/urdf
[0.967s] -- Up-to-date: /home/hans/ros2_ws/install/share/ros2_control_demo_example_14/urdf/rrbot_modular_actuators_without_feedback_sensors_for_position_feedback.urdf.xacro
[0.967s] -- Up-to-date: /home/hans/ros2_ws/install/share/ros2_control_demo_example_14/launch
[0.967s] -- Up-to-date: /home/hans/ros2_ws/install/share/ros2_control_demo_example_14/launch/rrbot_modular_actuators_without_feedback_sensors_for_position_feedback.launch.py
[0.968s] -- Up-to-date: /home/hans/ros2_ws/install/share/ros2_control_demo_example_14/config
[0.968s] -- Up-to-date: /home/hans/ros2_ws/install/share/ros2_control_demo_example_14/config/rrbot_modular_actuators_without_feedback_sensors_for_position_feedback.yaml
[0.978s] -- Up-to-date: /home/hans/ros2_ws/install/lib/libros2_control_demo_example_14.so
[0.979s] -- Up-to-date: /home/hans/ros2_ws/install/share/ros2_control_demo_example_14/environment/library_path.sh
[0.979s] -- Up-to-date: /home/hans/ros2_ws/install/share/ros2_control_demo_example_14/environment/library_path.dsv
[0.979s] -- Up-to-date: /home/hans/ros2_ws/install/share/ament_index/resource_index/package_run_dependencies/ros2_control_demo_example_14
[0.979s] -- Up-to-date: /home/hans/ros2_ws/install/share/ament_index/resource_index/parent_prefix_path/ros2_control_demo_example_14
[0.979s] -- Up-to-date: /home/hans/ros2_ws/install/share/ros2_control_demo_example_14/environment/ament_prefix_path.sh
[1.000s] -- Up-to-date: /home/hans/ros2_ws/install/share/ros2_control_demo_example_14/environment/ament_prefix_path.dsv
[1.002s] -- Up-to-date: /home/hans/ros2_ws/install/share/ros2_control_demo_example_14/environment/path.sh
[1.002s] -- Up-to-date: /home/hans/ros2_ws/install/share/ros2_control_demo_example_14/environment/path.dsv
[1.003s] -- Up-to-date: /home/hans/ros2_ws/install/share/ros2_control_demo_example_14/local_setup.bash
[1.003s] -- Up-to-date: /home/hans/ros2_ws/install/share/ros2_control_demo_example_14/local_setup.sh
[1.003s] -- Up-to-date: /home/hans/ros2_ws/install/share/ros2_control_demo_example_14/local_setup.zsh
[1.004s] -- Up-to-date: /home/hans/ros2_ws/install/share/ros2_control_demo_example_14/local_setup.dsv
[1.005s] -- Installing: /home/hans/ros2_ws/install/share/ros2_control_demo_example_14/package.dsv
[1.005s] -- Up-to-date: /home/hans/ros2_ws/install/share/ament_index/resource_index/packages/ros2_control_demo_example_14
[1.005s] -- Up-to-date: /home/hans/ros2_ws/install/share/ament_index/resource_index/hardware_interface__pluginlib__plugin/ros2_control_demo_example_14
[1.005s] -- Up-to-date: /home/hans/ros2_ws/install/share/ros2_control_demo_example_14/cmake/export_ros2_control_demo_example_14Export.cmake
[1.006s] -- Up-to-date: /home/hans/ros2_ws/install/share/ros2_control_demo_example_14/cmake/export_ros2_control_demo_example_14Export-noconfig.cmake
[1.006s] -- Up-to-date: /home/hans/ros2_ws/install/share/ros2_control_demo_example_14/cmake/ament_cmake_export_targets-extras.cmake
[1.008s] -- Up-to-date: /home/hans/ros2_ws/install/share/ros2_control_demo_example_14/cmake/ament_cmake_export_dependencies-extras.cmake
[1.008s] -- Up-to-date: /home/hans/ros2_ws/install/share/ros2_control_demo_example_14/cmake/ros2_control_demo_example_14Config.cmake
[1.009s] -- Up-to-date: /home/hans/ros2_ws/install/share/ros2_control_demo_example_14/cmake/ros2_control_demo_example_14Config-version.cmake
[1.013s] -- Up-to-date: /home/hans/ros2_ws/install/share/ros2_control_demo_example_14/package.xml
[1.035s] Invoked command in '/home/hans/ros2_ws/build/ros2_control_demo_example_14' returned '0': CMAKE_PREFIX_PATH=${CMAKE_PREFIX_PATH}:/opt/ros/iron /usr/bin/cmake --install /home/hans/ros2_ws/build/ros2_control_demo_example_14
