-- The CXX compiler identification is GNU 11.4.0
-- Detecting CXX compiler ABI info
-- Detecting CXX compiler ABI info - done
-- Check for working CXX compiler: /usr/bin/c++ - skipped
-- Detecting CXX compile features
-- Detecting CXX compile features - done
-- Found ament_cmake: 2.0.6 (/opt/ros/iron/share/ament_cmake/cmake)
-- Found Python3: /usr/bin/python3.10 (found version "3.10.12") found components: Interpreter 
-- Found pluginlib: 5.2.2 (/opt/ros/iron/share/pluginlib/cmake)
-- Found hardware_interface: 3.28.0 (/opt/ros/iron/share/hardware_interface/cmake)
-- Found rosidl_generator_c: 4.0.1 (/opt/ros/iron/share/rosidl_generator_c/cmake)
-- Found rosidl_generator_cpp: 4.0.1 (/opt/ros/iron/share/rosidl_generator_cpp/cmake)
-- Using all available rosidl_typesupport_c: rosidl_typesupport_fastrtps_c;rosidl_typesupport_introspection_c
-- Using all available rosidl_typesupport_cpp: rosidl_typesupport_fastrtps_cpp;rosidl_typesupport_introspection_cpp
-- Found rmw_implementation_cmake: 7.1.0 (/opt/ros/iron/share/rmw_implementation_cmake/cmake)
-- Found rmw_fastrtps_cpp: 7.1.4 (/opt/ros/iron/share/rmw_fastrtps_cpp/cmake)
-- Found TinyXML2 via Config file: TinyXML2_DIR-NOTFOUND
-- Found OpenSSL: /usr/lib/x86_64-linux-gnu/libcrypto.so (found version "3.0.2")  
-- Found TinyXML2 via Config file: TinyXML2_DIR-NOTFOUND
-- Found FastRTPS: /opt/ros/iron/include  
-- Found TinyXML2 via Config file: TinyXML2_DIR-NOTFOUND
-- Found TinyXML2 via Config file: TinyXML2_DIR-NOTFOUND
-- Using RMW implementation 'rmw_fastrtps_cpp' as default
-- Found kdl_parser: 2.9.0 (/opt/ros/iron/share/kdl_parser/cmake)
-- Found eigen3_cmake_module: 0.2.2 (/opt/ros/iron/share/eigen3_cmake_module/cmake)
-- Found Eigen3: TRUE (found version "3.4.0") 
-- Ensuring Eigen3 include directory is part of orocos-kdl CMake target
-- Found controller_interface: 3.28.0 (/opt/ros/iron/share/controller_interface/cmake)
-- Found realtime_tools: 2.6.0 (/opt/ros/iron/share/realtime_tools/cmake)
-- Found ament_cmake_pytest: 2.0.6 (/opt/ros/iron/share/ament_cmake_pytest/cmake)
-- Configuring done
-- Generating done
-- Build files have been written to: /home/hans/ros2_ws/build/ros2_control_demo_example_7
[ 20%] [32mBuilding CXX object CMakeFiles/send_trajectory.dir/reference_generator/send_trajectory.cpp.o[0m
[ 40%] [32m[1mLinking CXX executable send_trajectory[0m
[ 40%] Built target send_trajectory
[ 60%] [32mBuilding CXX object CMakeFiles/ros2_control_demo_example_7.dir/hardware/r6bot_hardware.cpp.o[0m
[ 80%] [32mBuilding CXX object CMakeFiles/ros2_control_demo_example_7.dir/controller/r6bot_controller.cpp.o[0m
[100%] [32m[1mLinking CXX shared library libros2_control_demo_example_7.so[0m
[100%] Built target ros2_control_demo_example_7
-- Install configuration: ""
-- Installing: /home/hans/ros2_ws/install/share/ros2_control_demo_example_7/ros2_control_demo_example_7.xml
-- Up-to-date: /home/hans/ros2_ws/install/share/ros2_control_demo_example_7/ros2_control_demo_example_7.xml
-- Installing: /home/hans/ros2_ws/install/include/ros2_control_demo_example_7
-- Installing: /home/hans/ros2_ws/install/include/ros2_control_demo_example_7/ros2_control_demo_example_7
-- Installing: /home/hans/ros2_ws/install/include/ros2_control_demo_example_7/ros2_control_demo_example_7/r6bot_hardware.hpp
-- Installing: /home/hans/ros2_ws/install/share/ros2_control_demo_example_7/launch
-- Installing: /home/hans/ros2_ws/install/share/ros2_control_demo_example_7/launch/view_r6bot.launch.py
-- Installing: /home/hans/ros2_ws/install/share/ros2_control_demo_example_7/ros2_control
-- Installing: /home/hans/ros2_ws/install/share/ros2_control_demo_example_7/ros2_control/r6bot.ros2_control.xacro
-- Installing: /home/hans/ros2_ws/install/share/ros2_control_demo_example_7/urdf
-- Installing: /home/hans/ros2_ws/install/share/ros2_control_demo_example_7/urdf/r6bot.urdf.xacro
-- Up-to-date: /home/hans/ros2_ws/install/share/ros2_control_demo_example_7/launch
-- Installing: /home/hans/ros2_ws/install/share/ros2_control_demo_example_7/launch/send_trajectory.launch.py
-- Installing: /home/hans/ros2_ws/install/share/ros2_control_demo_example_7/launch/r6bot_controller.launch.py
-- Installing: /home/hans/ros2_ws/install/share/ros2_control_demo_example_7/config
-- Installing: /home/hans/ros2_ws/install/share/ros2_control_demo_example_7/config/r6bot_controller.yaml
-- Installing: /home/hans/ros2_ws/install/lib/ros2_control_demo_example_7/send_trajectory
-- Set runtime path of "/home/hans/ros2_ws/install/lib/ros2_control_demo_example_7/send_trajectory" to ""
-- Installing: /home/hans/ros2_ws/install/lib/libros2_control_demo_example_7.so
-- Set runtime path of "/home/hans/ros2_ws/install/lib/libros2_control_demo_example_7.so" to ""
-- Installing: /home/hans/ros2_ws/install/share/ros2_control_demo_example_7/environment/library_path.sh
-- Installing: /home/hans/ros2_ws/install/share/ros2_control_demo_example_7/environment/library_path.dsv
-- Installing: /home/hans/ros2_ws/install/share/ament_index/resource_index/package_run_dependencies/ros2_control_demo_example_7
-- Installing: /home/hans/ros2_ws/install/share/ament_index/resource_index/parent_prefix_path/ros2_control_demo_example_7
-- Installing: /home/hans/ros2_ws/install/share/ros2_control_demo_example_7/environment/ament_prefix_path.sh
-- Installing: /home/hans/ros2_ws/install/share/ros2_control_demo_example_7/environment/ament_prefix_path.dsv
-- Installing: /home/hans/ros2_ws/install/share/ros2_control_demo_example_7/environment/path.sh
-- Installing: /home/hans/ros2_ws/install/share/ros2_control_demo_example_7/environment/path.dsv
-- Installing: /home/hans/ros2_ws/install/share/ros2_control_demo_example_7/local_setup.bash
-- Installing: /home/hans/ros2_ws/install/share/ros2_control_demo_example_7/local_setup.sh
-- Installing: /home/hans/ros2_ws/install/share/ros2_control_demo_example_7/local_setup.zsh
-- Installing: /home/hans/ros2_ws/install/share/ros2_control_demo_example_7/local_setup.dsv
-- Installing: /home/hans/ros2_ws/install/share/ros2_control_demo_example_7/package.dsv
-- Installing: /home/hans/ros2_ws/install/share/ament_index/resource_index/packages/ros2_control_demo_example_7
-- Installing: /home/hans/ros2_ws/install/share/ament_index/resource_index/hardware_interface__pluginlib__plugin/ros2_control_demo_example_7
-- Installing: /home/hans/ros2_ws/install/share/ament_index/resource_index/controller_interface__pluginlib__plugin/ros2_control_demo_example_7
-- Installing: /home/hans/ros2_ws/install/share/ros2_control_demo_example_7/cmake/export_ros2_control_demo_example_7Export.cmake
-- Installing: /home/hans/ros2_ws/install/share/ros2_control_demo_example_7/cmake/export_ros2_control_demo_example_7Export-noconfig.cmake
-- Installing: /home/hans/ros2_ws/install/share/ros2_control_demo_example_7/cmake/ament_cmake_export_targets-extras.cmake
-- Installing: /home/hans/ros2_ws/install/share/ros2_control_demo_example_7/cmake/ament_cmake_export_dependencies-extras.cmake
-- Installing: /home/hans/ros2_ws/install/share/ros2_control_demo_example_7/cmake/ros2_control_demo_example_7Config.cmake
-- Installing: /home/hans/ros2_ws/install/share/ros2_control_demo_example_7/cmake/ros2_control_demo_example_7Config-version.cmake
-- Installing: /home/hans/ros2_ws/install/share/ros2_control_demo_example_7/package.xml
