[0.115s] Invoking command in '/home/hans/ros2_ws/build/thur': CMAKE_PREFIX_PATH=${CMAKE_PREFIX_PATH}:/opt/ros/iron /usr/bin/cmake --build /home/hans/ros2_ws/build/thur -- -j4 -l4
[0.334s] [35m[1mConsolidate compiler generated dependencies of target thur[0m
[0.494s] [ 33%] [32mBuilding CXX object CMakeFiles/thur.dir/hardware/thur_diff.cpp.o[0m
[7.984s] [01m[K/home/hans/ros2_ws/src/ros2_control_demos/thur/hardware/thur_diff.cpp:[m[K In member function ‘[01m[Kvirtual hardware_interface::return_type thur::ThurSystemHardware::read(const rclcpp::Time&, const rclcpp::Duration&)[m[K’:
[7.984s] [01m[K/home/hans/ros2_ws/src/ros2_control_demos/thur/hardware/thur_diff.cpp:194:59:[m[K [01;35m[Kwarning: [m[Kunused parameter ‘[01m[Kperiod[m[K’ [[01;35m[K]8;;https://gcc.gnu.org/onlinedocs/gcc/Warning-Options.html#index-Wunused-parameter-Wunused-parameter]8;;[m[K]
[7.984s]   194 |   const rclcpp::Time & /*time*/, [01;35m[Kconst rclcpp::Duration & period[m[K)
[7.984s]       |                                  [01;35m[K~~~~~~~~~~~~~~~~~~~~~~~~~^~~~~~[m[K
[12.244s] [ 66%] [32m[1mLinking CXX shared library libthur.so[0m
[12.792s] [100%] Built target thur
[12.818s] Invoked command in '/home/hans/ros2_ws/build/thur' returned '0': CMAKE_PREFIX_PATH=${CMAKE_PREFIX_PATH}:/opt/ros/iron /usr/bin/cmake --build /home/hans/ros2_ws/build/thur -- -j4 -l4
[12.887s] Invoking command in '/home/hans/ros2_ws/build/thur': CMAKE_PREFIX_PATH=${CMAKE_PREFIX_PATH}:/opt/ros/iron /usr/bin/cmake --install /home/hans/ros2_ws/build/thur
[12.904s] -- Install configuration: ""
[12.904s] -- Up-to-date: /home/hans/ros2_ws/install/share/thur/thur.xml
[12.905s] -- Up-to-date: /home/hans/ros2_ws/install/include/thur
[12.905s] -- Up-to-date: /home/hans/ros2_ws/install/include/thur/serial.hpp
[12.905s] -- Up-to-date: /home/hans/ros2_ws/install/include/thur/thur
[12.905s] -- Up-to-date: /home/hans/ros2_ws/install/include/thur/thur/thur_diff.hpp
[12.905s] -- Up-to-date: /home/hans/ros2_ws/install/share/thur/launch
[12.905s] -- Up-to-date: /home/hans/ros2_ws/install/share/thur/launch/view_robot.launch.py
[12.906s] -- Up-to-date: /home/hans/ros2_ws/install/share/thur/ros2_control
[12.906s] -- Up-to-date: /home/hans/ros2_ws/install/share/thur/ros2_control/thur.ros2_control.xacro
[12.906s] -- Up-to-date: /home/hans/ros2_ws/install/share/thur/urdf
[12.906s] -- Up-to-date: /home/hans/ros2_ws/install/share/thur/urdf/thur.urdf.xacro
[12.906s] -- Up-to-date: /home/hans/ros2_ws/install/share/thur/launch
[12.906s] -- Up-to-date: /home/hans/ros2_ws/install/share/thur/launch/thur.launch.py
[12.907s] -- Up-to-date: /home/hans/ros2_ws/install/share/thur/config
[12.907s] -- Up-to-date: /home/hans/ros2_ws/install/share/thur/config/thur_controllers.yaml
[12.907s] -- Installing: /home/hans/ros2_ws/install/lib/libthur.so
[12.909s] -- Set runtime path of "/home/hans/ros2_ws/install/lib/libthur.so" to ""
[12.910s] -- Up-to-date: /home/hans/ros2_ws/install/share/thur/environment/library_path.sh
[12.910s] -- Up-to-date: /home/hans/ros2_ws/install/share/thur/environment/library_path.dsv
[12.910s] -- Up-to-date: /home/hans/ros2_ws/install/share/ament_index/resource_index/package_run_dependencies/thur
[12.911s] -- Up-to-date: /home/hans/ros2_ws/install/share/ament_index/resource_index/parent_prefix_path/thur
[12.911s] -- Up-to-date: /home/hans/ros2_ws/install/share/thur/environment/ament_prefix_path.sh
[12.911s] -- Up-to-date: /home/hans/ros2_ws/install/share/thur/environment/ament_prefix_path.dsv
[12.911s] -- Up-to-date: /home/hans/ros2_ws/install/share/thur/environment/path.sh
[12.911s] -- Up-to-date: /home/hans/ros2_ws/install/share/thur/environment/path.dsv
[12.912s] -- Up-to-date: /home/hans/ros2_ws/install/share/thur/local_setup.bash
[12.912s] -- Up-to-date: /home/hans/ros2_ws/install/share/thur/local_setup.sh
[12.912s] -- Up-to-date: /home/hans/ros2_ws/install/share/thur/local_setup.zsh
[12.912s] -- Up-to-date: /home/hans/ros2_ws/install/share/thur/local_setup.dsv
[12.912s] -- Installing: /home/hans/ros2_ws/install/share/thur/package.dsv
[12.912s] -- Up-to-date: /home/hans/ros2_ws/install/share/ament_index/resource_index/packages/thur
[12.913s] -- Up-to-date: /home/hans/ros2_ws/install/share/ament_index/resource_index/hardware_interface__pluginlib__plugin/thur
[12.913s] -- Up-to-date: /home/hans/ros2_ws/install/share/thur/cmake/export_thurExport.cmake
[12.913s] -- Up-to-date: /home/hans/ros2_ws/install/share/thur/cmake/export_thurExport-noconfig.cmake
[12.913s] -- Up-to-date: /home/hans/ros2_ws/install/share/thur/cmake/ament_cmake_export_targets-extras.cmake
[12.913s] -- Up-to-date: /home/hans/ros2_ws/install/share/thur/cmake/ament_cmake_export_dependencies-extras.cmake
[12.913s] -- Up-to-date: /home/hans/ros2_ws/install/share/thur/cmake/thurConfig.cmake
[12.914s] -- Up-to-date: /home/hans/ros2_ws/install/share/thur/cmake/thurConfig-version.cmake
[12.914s] -- Up-to-date: /home/hans/ros2_ws/install/share/thur/package.xml
[12.917s] Invoked command in '/home/hans/ros2_ws/build/thur' returned '0': CMAKE_PREFIX_PATH=${CMAKE_PREFIX_PATH}:/opt/ros/iron /usr/bin/cmake --install /home/hans/ros2_ws/build/thur
